2018-04-01 19:26:46,732 [main] INFO  org.apache.axis2.deployment.ClusterBuilder  - Clustering has been disabled
2018-04-01 19:26:46,778 [main] WARN  org.apache.axis2.deployment.util.Utils  - Exception extracting jars into temporary directory : java.io.IOException: No such file or directory : switching to alternate class loading mechanism
2018-04-01 19:26:46,792 [main] INFO  org.apache.axis2.deployment.ModuleDeployer  - Deploying module: soapmonitor-1.7.7 - file:/home/indika/speevol/apache-tomcat-9.0.6_sdsn/webapps/axis2/WEB-INF/modules/soapmonitor-1.7.7.mar
2018-04-01 19:26:46,792 [main] WARN  org.apache.axis2.deployment.util.Utils  - Exception extracting jars into temporary directory : java.io.IOException: No such file or directory : switching to alternate class loading mechanism
2018-04-01 19:26:46,794 [main] INFO  org.apache.axis2.deployment.ModuleDeployer  - Deploying module: script-1.7.7 - file:/home/indika/speevol/apache-tomcat-9.0.6_sdsn/webapps/axis2/WEB-INF/modules/scripting-1.7.7.mar
2018-04-01 19:26:46,794 [main] WARN  org.apache.axis2.deployment.util.Utils  - Exception extracting jars into temporary directory : java.io.IOException: No such file or directory : switching to alternate class loading mechanism
2018-04-01 19:26:46,798 [main] INFO  org.apache.axis2.deployment.ModuleDeployer  - Deploying module: mtompolicy-1.7.7 - file:/home/indika/speevol/apache-tomcat-9.0.6_sdsn/webapps/axis2/WEB-INF/modules/mtompolicy-1.7.7.mar
2018-04-01 19:26:46,798 [main] WARN  org.apache.axis2.deployment.util.Utils  - Exception extracting jars into temporary directory : java.io.IOException: No such file or directory : switching to alternate class loading mechanism
2018-04-01 19:26:46,806 [main] INFO  org.apache.axis2.deployment.ModuleDeployer  - Deploying module: metadataExchange-1.7.7 - file:/home/indika/speevol/apache-tomcat-9.0.6_sdsn/webapps/axis2/WEB-INF/modules/mex-1.7.7.mar
2018-04-01 19:26:46,806 [main] WARN  org.apache.axis2.deployment.util.Utils  - Exception extracting jars into temporary directory : java.io.IOException: No such file or directory : switching to alternate class loading mechanism
2018-04-01 19:26:46,808 [main] INFO  org.apache.axis2.deployment.ModuleDeployer  - Deploying module: ping-1.7.7 - file:/home/indika/speevol/apache-tomcat-9.0.6_sdsn/webapps/axis2/WEB-INF/modules/ping-1.7.7.mar
2018-04-01 19:26:46,808 [main] WARN  org.apache.axis2.deployment.util.Utils  - Exception extracting jars into temporary directory : java.io.IOException: No such file or directory : switching to alternate class loading mechanism
2018-04-01 19:26:46,810 [main] INFO  org.apache.axis2.deployment.ModuleDeployer  - Deploying module: ROADModule - file:/home/indika/speevol/apache-tomcat-9.0.6_sdsn/webapps/axis2/WEB-INF/modules/roadmodule.mar
2018-04-01 19:26:46,811 [main] WARN  org.apache.axis2.deployment.util.Utils  - Exception extracting jars into temporary directory : java.io.IOException: No such file or directory : switching to alternate class loading mechanism
2018-04-01 19:26:46,814 [main] INFO  org.apache.axis2.deployment.ModuleDeployer  - Deploying module: jaxws-1.7.7 - file:/home/indika/speevol/apache-tomcat-9.0.6_sdsn/webapps/axis2/WEB-INF/modules/axis2-jaxws-mar-1.7.7.mar
2018-04-01 19:26:46,814 [main] WARN  org.apache.axis2.deployment.util.Utils  - Exception extracting jars into temporary directory : java.io.IOException: No such file or directory : switching to alternate class loading mechanism
2018-04-01 19:26:46,823 [main] INFO  org.apache.axis2.deployment.ModuleDeployer  - Deploying module: addressing-1.7.7 - file:/home/indika/speevol/apache-tomcat-9.0.6_sdsn/webapps/axis2/WEB-INF/modules/addressing-1.7.7.mar
2018-04-01 19:26:46,839 [main] WARN  org.apache.axis2.deployment.util.Utils  - Exception extracting jars into temporary directory : java.io.IOException: No such file or directory : switching to alternate class loading mechanism
2018-04-01 19:26:46,858 [main] INFO  org.apache.axis2.deployment.DeploymentEngine  - No services directory was found under /home/indika/speevol/apache-tomcat-9.0.6_sdsn/webapps/axis2/WEB-INF/conf/axis2.xml.
2018-04-01 19:26:46,858 [main] INFO  org.apache.axis2.deployment.DeploymentEngine  - No modules directory was found under /home/indika/speevol/apache-tomcat-9.0.6_sdsn/webapps/axis2/WEB-INF/conf/axis2.xml.
2018-04-01 19:26:46,892 [main] WARN  org.apache.axis2.deployment.util.Utils  - Exception extracting jars into temporary directory : java.io.IOException: No such file or directory : switching to alternate class loading mechanism
2018-04-01 19:26:46,941 [main] INFO  org.apache.axis2.deployment.DeploymentEngine  - Deploying Web service: version-1.7.7.aar - file:/home/indika/speevol/apache-tomcat-9.0.6_sdsn/webapps/axis2/WEB-INF/services/version-1.7.7.aar
2018-04-01 19:27:26,942 [Timer-2] INFO  au.swin.ict.research.cs3.road.road4ws.core.deployer.ROADDeployer  - [ROAD4WS] Deploying composite from the file : /home/indika/speevol/apache-tomcat-9.0.6_sdsn/webapps/axis2/WEB-INF/road_composites/smc_source.xml
2018-04-01 19:27:26,944 [Timer-2] INFO  au.swin.ict.research.cs3.road.road4ws.core.deployer.ROADDeployer  - Loading SMC from /home/indika/speevol/apache-tomcat-9.0.6_sdsn/webapps/axis2/WEB-INF/road_composites/smc_source.xml
2018-04-01 19:27:26,944 [Timer-2] INFO  au.edu.swin.ict.road.demarshalling.CompositeDemarshaller  - Starting instantiation of /home/indika/speevol/apache-tomcat-9.0.6_sdsn/webapps/axis2/WEB-INF/road_composites/smc_source.xml
2018-04-01 19:27:27,652 [Timer-2] INFO  au.edu.swin.ict.road.demarshalling.CompositeDemarshaller  - Starting instantiation of /home/indika/speevol/apache-tomcat-9.0.6_sdsn/webapps/axis2/WEB-INF/road_composites/smc_source.xml
2018-04-01 19:27:27,679 [Timer-2] INFO  au.edu.swin.ict.serendip.util.BenchUtil  - Bench mark OFF
2018-04-01 19:27:27,683 [Timer-2] INFO  au.edu.swin.ict.road.common.DroolsRules  - Reading KB from roadside_global.drl
2018-04-01 19:27:27,736 [Timer-2] WARN  org.kie.scanner.embedder.MavenSettings  - Environment variable M2_HOME is not set
2018-04-01 19:27:27,769 [Timer-2] INFO  org.kie.scanner.embedder.MavenEmbedderUtils  - Not in OSGi: using plexus based maven parser
2018-04-01 19:27:29,201 [Timer-2] INFO  org.kie.internal.utils.ServiceDiscovery  - Discovered kie.conf url=jar:file:/home/indika/speevol/apache-tomcat-9.0.6_sdsn/webapps/axis2/WEB-INF/lib/drools-beliefs-6.3.0.Final.jar!/META-INF/kie.conf 
2018-04-01 19:27:29,245 [Timer-2] INFO  org.kie.internal.utils.ServiceDiscovery  - Adding Assembler org.drools.beliefs.bayes.assembler.BayesAssemblerService 
2018-04-01 19:27:29,245 [Timer-2] INFO  org.kie.internal.utils.ServiceDiscovery  - Adding Weaver org.kie.internal.weaver.KieWeaversImpl 
2018-04-01 19:27:29,245 [Timer-2] INFO  org.kie.internal.utils.ServiceDiscovery  - Adding Runtime org.drools.beliefs.bayes.runtime.BayesRuntime 
2018-04-01 19:27:30,126 [Timer-2] INFO  org.drools.compiler.kie.builder.impl.KieRepositoryImpl  - KieModule was added: MemoryKieModule[releaseId=roadside_global.drl:road-rep:1.0.0]
2018-04-01 19:27:30,214 [Timer-2] INFO  au.edu.swin.ict.serendip.core.SerendipEngine  - Creating the synchronization engine
2018-04-01 19:27:30,216 [Timer-2] INFO  au.edu.swin.ict.serendip.core.ModelProviderFactory  - Instantiating the MPF
2018-04-01 19:27:30,216 [Timer-2] ERROR au.edu.swin.ict.serendip.core.ModelProviderFactory  - serendip.properties file is missing. It should be in the same directory as the executable. e.g., if you are using TOMCAT+AXIS2 the file should be in TOMCAT_HOME/bin.
2018-04-01 19:27:30,228 [Timer-2] INFO  au.edu.swin.ict.road.common.DroolsRules  - Reading KB from MM_SYN.drl
2018-04-01 19:27:30,228 [Timer-2] INFO  org.kie.scanner.embedder.MavenEmbedderUtils  - Not in OSGi: using plexus based maven parser
2018-04-01 19:27:30,326 [Timer-2] INFO  org.drools.compiler.kie.builder.impl.KieRepositoryImpl  - KieModule was added: MemoryKieModule[releaseId=MM_SYN.drl:road-rep:1.0.0]
2018-04-01 19:27:30,329 [Timer-2] INFO  au.edu.swin.ict.road.common.DroolsRules  - Reading KB from MM_Routing.drl
2018-04-01 19:27:30,329 [Timer-2] INFO  org.kie.scanner.embedder.MavenEmbedderUtils  - Not in OSGi: using plexus based maven parser
2018-04-01 19:27:30,511 [Timer-2] INFO  org.drools.compiler.kie.builder.impl.KieRepositoryImpl  - KieModule was added: MemoryKieModule[releaseId=MM_Routing.drl:road-rep:1.0.0]
2018-04-01 19:27:30,518 [Timer-2] INFO  au.edu.swin.ict.road.composite.Composite  - Adding role with id 'MM' to composite roadside
2018-04-01 19:27:30,520 [Timer-2] INFO  au.edu.swin.ict.road.common.DroolsRules  - Reading KB from SC_SYN.drl
2018-04-01 19:27:30,521 [Timer-2] INFO  org.kie.scanner.embedder.MavenEmbedderUtils  - Not in OSGi: using plexus based maven parser
2018-04-01 19:27:30,612 [Timer-2] INFO  org.drools.compiler.kie.builder.impl.KieRepositoryImpl  - KieModule was added: MemoryKieModule[releaseId=SC_SYN.drl:road-rep:1.0.0]
2018-04-01 19:27:30,615 [Timer-2] INFO  au.edu.swin.ict.road.common.DroolsRules  - Reading KB from SC_Routing.drl
2018-04-01 19:27:30,616 [Timer-2] INFO  org.kie.scanner.embedder.MavenEmbedderUtils  - Not in OSGi: using plexus based maven parser
2018-04-01 19:27:30,704 [Timer-2] INFO  org.drools.compiler.kie.builder.impl.KieRepositoryImpl  - KieModule was added: MemoryKieModule[releaseId=SC_Routing.drl:road-rep:1.0.0]
2018-04-01 19:27:30,708 [Timer-2] INFO  au.edu.swin.ict.road.composite.Composite  - Adding role with id 'SC' to composite roadside
2018-04-01 19:27:30,708 [Timer-2] INFO  au.edu.swin.ict.road.common.DroolsRules  - Reading KB from GC1_SYN.drl
2018-04-01 19:27:30,709 [Timer-2] INFO  org.kie.scanner.embedder.MavenEmbedderUtils  - Not in OSGi: using plexus based maven parser
2018-04-01 19:27:30,832 [Timer-2] INFO  org.drools.compiler.kie.builder.impl.KieRepositoryImpl  - KieModule was added: MemoryKieModule[releaseId=GC1_SYN.drl:road-rep:1.0.0]
2018-04-01 19:27:30,836 [Timer-2] INFO  au.edu.swin.ict.road.common.DroolsRules  - Reading KB from GC1_Routing.drl
2018-04-01 19:27:30,837 [Timer-2] INFO  org.kie.scanner.embedder.MavenEmbedderUtils  - Not in OSGi: using plexus based maven parser
2018-04-01 19:27:30,969 [Timer-2] INFO  org.drools.compiler.kie.builder.impl.KieRepositoryImpl  - KieModule was added: MemoryKieModule[releaseId=GC1_Routing.drl:road-rep:1.0.0]
2018-04-01 19:27:30,974 [Timer-2] INFO  au.edu.swin.ict.road.composite.Composite  - Adding role with id 'GC1' to composite roadside
2018-04-01 19:27:30,974 [Timer-2] INFO  au.edu.swin.ict.road.common.DroolsRules  - Reading KB from FD_SYN.drl
2018-04-01 19:27:30,975 [Timer-2] INFO  org.kie.scanner.embedder.MavenEmbedderUtils  - Not in OSGi: using plexus based maven parser
2018-04-01 19:27:31,057 [Timer-2] INFO  org.drools.compiler.kie.builder.impl.KieRepositoryImpl  - KieModule was added: MemoryKieModule[releaseId=FD_SYN.drl:road-rep:1.0.0]
2018-04-01 19:27:31,060 [Timer-2] INFO  au.edu.swin.ict.road.common.DroolsRules  - Reading KB from FD_Routing.drl
2018-04-01 19:27:31,061 [Timer-2] INFO  org.kie.scanner.embedder.MavenEmbedderUtils  - Not in OSGi: using plexus based maven parser
2018-04-01 19:27:31,129 [Timer-2] INFO  org.drools.compiler.kie.builder.impl.KieRepositoryImpl  - KieModule was added: MemoryKieModule[releaseId=FD_Routing.drl:road-rep:1.0.0]
2018-04-01 19:27:31,131 [Timer-2] INFO  au.edu.swin.ict.road.composite.Composite  - Adding role with id 'FD' to composite roadside
2018-04-01 19:27:31,131 [Timer-2] INFO  au.edu.swin.ict.road.common.DroolsRules  - Reading KB from TC2_SYN.drl
2018-04-01 19:27:31,132 [Timer-2] INFO  org.kie.scanner.embedder.MavenEmbedderUtils  - Not in OSGi: using plexus based maven parser
2018-04-01 19:27:31,192 [Timer-2] INFO  org.drools.compiler.kie.builder.impl.KieRepositoryImpl  - KieModule was added: MemoryKieModule[releaseId=TC2_SYN.drl:road-rep:1.0.0]
2018-04-01 19:27:31,196 [Timer-2] INFO  au.edu.swin.ict.road.common.DroolsRules  - Reading KB from TC2_Routing.drl
2018-04-01 19:27:31,197 [Timer-2] INFO  org.kie.scanner.embedder.MavenEmbedderUtils  - Not in OSGi: using plexus based maven parser
2018-04-01 19:27:31,261 [Timer-2] INFO  org.drools.compiler.kie.builder.impl.KieRepositoryImpl  - KieModule was added: MemoryKieModule[releaseId=TC2_Routing.drl:road-rep:1.0.0]
2018-04-01 19:27:31,264 [Timer-2] INFO  au.edu.swin.ict.road.composite.Composite  - Adding role with id 'TC2' to composite roadside
2018-04-01 19:27:31,264 [Timer-2] INFO  au.edu.swin.ict.road.common.DroolsRules  - Reading KB from PS_SYN.drl
2018-04-01 19:27:31,264 [Timer-2] INFO  org.kie.scanner.embedder.MavenEmbedderUtils  - Not in OSGi: using plexus based maven parser
2018-04-01 19:27:31,323 [Timer-2] INFO  org.drools.compiler.kie.builder.impl.KieRepositoryImpl  - KieModule was added: MemoryKieModule[releaseId=PS_SYN.drl:road-rep:1.0.0]
2018-04-01 19:27:31,325 [Timer-2] INFO  au.edu.swin.ict.road.common.DroolsRules  - Reading KB from PS_Routing.drl
2018-04-01 19:27:31,326 [Timer-2] INFO  org.kie.scanner.embedder.MavenEmbedderUtils  - Not in OSGi: using plexus based maven parser
2018-04-01 19:27:31,388 [Timer-2] INFO  org.drools.compiler.kie.builder.impl.KieRepositoryImpl  - KieModule was added: MemoryKieModule[releaseId=PS_Routing.drl:road-rep:1.0.0]
2018-04-01 19:27:31,391 [Timer-2] INFO  au.edu.swin.ict.road.composite.Composite  - Adding role with id 'PS' to composite roadside
2018-04-01 19:27:31,391 [Timer-2] INFO  au.edu.swin.ict.road.common.DroolsRules  - Reading KB from AS_SYN.drl
2018-04-01 19:27:31,392 [Timer-2] INFO  org.kie.scanner.embedder.MavenEmbedderUtils  - Not in OSGi: using plexus based maven parser
2018-04-01 19:27:31,449 [Timer-2] INFO  org.drools.compiler.kie.builder.impl.KieRepositoryImpl  - KieModule was added: MemoryKieModule[releaseId=AS_SYN.drl:road-rep:1.0.0]
2018-04-01 19:27:31,451 [Timer-2] INFO  au.edu.swin.ict.road.common.DroolsRules  - Reading KB from AS_Routing.drl
2018-04-01 19:27:31,451 [Timer-2] INFO  org.kie.scanner.embedder.MavenEmbedderUtils  - Not in OSGi: using plexus based maven parser
2018-04-01 19:27:31,510 [Timer-2] INFO  org.drools.compiler.kie.builder.impl.KieRepositoryImpl  - KieModule was added: MemoryKieModule[releaseId=AS_Routing.drl:road-rep:1.0.0]
2018-04-01 19:27:31,512 [Timer-2] INFO  au.edu.swin.ict.road.composite.Composite  - Adding role with id 'AS' to composite roadside
2018-04-01 19:27:31,512 [Timer-2] INFO  au.edu.swin.ict.road.common.DroolsRules  - Reading KB from LF_SYN.drl
2018-04-01 19:27:31,513 [Timer-2] INFO  org.kie.scanner.embedder.MavenEmbedderUtils  - Not in OSGi: using plexus based maven parser
2018-04-01 19:27:31,593 [Timer-2] INFO  org.drools.compiler.kie.builder.impl.KieRepositoryImpl  - KieModule was added: MemoryKieModule[releaseId=LF_SYN.drl:road-rep:1.0.0]
2018-04-01 19:27:31,596 [Timer-2] INFO  au.edu.swin.ict.road.common.DroolsRules  - Reading KB from LF_Routing.drl
2018-04-01 19:27:31,596 [Timer-2] INFO  org.kie.scanner.embedder.MavenEmbedderUtils  - Not in OSGi: using plexus based maven parser
2018-04-01 19:27:31,659 [Timer-2] INFO  org.drools.compiler.kie.builder.impl.KieRepositoryImpl  - KieModule was added: MemoryKieModule[releaseId=LF_Routing.drl:road-rep:1.0.0]
2018-04-01 19:27:31,662 [Timer-2] INFO  au.edu.swin.ict.road.composite.Composite  - Adding role with id 'LF' to composite roadside
2018-04-01 19:27:31,664 [Timer-2] INFO  au.edu.swin.ict.road.common.DroolsRules  - Reading KB from SC-MM.drl
2018-04-01 19:27:31,665 [Timer-2] INFO  org.kie.scanner.embedder.MavenEmbedderUtils  - Not in OSGi: using plexus based maven parser
2018-04-01 19:27:31,734 [Timer-2] INFO  org.drools.compiler.kie.builder.impl.KieRepositoryImpl  - KieModule was added: MemoryKieModule[releaseId=SC-MM.drl:road-rep:1.0.0]
2018-04-01 19:27:31,738 [Timer-2] INFO  au.edu.swin.ict.road.composite.Composite  - Adding contract SC-MM to composite roadside
2018-04-01 19:27:31,738 [Timer-2] INFO  au.edu.swin.ict.road.common.DroolsRules  - Reading KB from MM-FD.drl
2018-04-01 19:27:31,739 [Timer-2] INFO  org.kie.scanner.embedder.MavenEmbedderUtils  - Not in OSGi: using plexus based maven parser
2018-04-01 19:27:31,853 [Timer-2] INFO  org.drools.compiler.kie.builder.impl.KieRepositoryImpl  - KieModule was added: MemoryKieModule[releaseId=MM-FD.drl:road-rep:1.0.0]
2018-04-01 19:27:31,856 [Timer-2] INFO  au.edu.swin.ict.road.composite.Composite  - Adding contract MM-FD to composite roadside
2018-04-01 19:27:31,856 [Timer-2] INFO  au.edu.swin.ict.road.common.DroolsRules  - Reading KB from SC-TC2.drl
2018-04-01 19:27:31,857 [Timer-2] INFO  org.kie.scanner.embedder.MavenEmbedderUtils  - Not in OSGi: using plexus based maven parser
2018-04-01 19:27:31,925 [Timer-2] INFO  org.drools.compiler.kie.builder.impl.KieRepositoryImpl  - KieModule was added: MemoryKieModule[releaseId=SC-TC2.drl:road-rep:1.0.0]
2018-04-01 19:27:31,929 [Timer-2] INFO  au.edu.swin.ict.road.composite.Composite  - Adding contract SC-TC2 to composite roadside
2018-04-01 19:27:31,929 [Timer-2] INFO  au.edu.swin.ict.road.common.DroolsRules  - Reading KB from GC1-TC2.drl
2018-04-01 19:27:31,929 [Timer-2] INFO  org.kie.scanner.embedder.MavenEmbedderUtils  - Not in OSGi: using plexus based maven parser
2018-04-01 19:27:31,991 [Timer-2] INFO  org.drools.compiler.kie.builder.impl.KieRepositoryImpl  - KieModule was added: MemoryKieModule[releaseId=GC1-TC2.drl:road-rep:1.0.0]
2018-04-01 19:27:31,993 [Timer-2] INFO  au.edu.swin.ict.road.composite.Composite  - Adding contract GC1-TC2 to composite roadside
2018-04-01 19:27:31,993 [Timer-2] INFO  au.edu.swin.ict.road.common.DroolsRules  - Reading KB from SC-GC1.drl
2018-04-01 19:27:31,994 [Timer-2] INFO  org.kie.scanner.embedder.MavenEmbedderUtils  - Not in OSGi: using plexus based maven parser
2018-04-01 19:27:32,057 [Timer-2] INFO  org.drools.compiler.kie.builder.impl.KieRepositoryImpl  - KieModule was added: MemoryKieModule[releaseId=SC-GC1.drl:road-rep:1.0.0]
2018-04-01 19:27:32,059 [Timer-2] INFO  au.edu.swin.ict.road.composite.Composite  - Adding contract SC-GC1 to composite roadside
2018-04-01 19:27:32,059 [Timer-2] INFO  au.edu.swin.ict.road.common.DroolsRules  - Reading KB from GC1-PS.drl
2018-04-01 19:27:32,060 [Timer-2] INFO  org.kie.scanner.embedder.MavenEmbedderUtils  - Not in OSGi: using plexus based maven parser
2018-04-01 19:27:32,119 [Timer-2] INFO  org.drools.compiler.kie.builder.impl.KieRepositoryImpl  - KieModule was added: MemoryKieModule[releaseId=GC1-PS.drl:road-rep:1.0.0]
2018-04-01 19:27:32,122 [Timer-2] INFO  au.edu.swin.ict.road.composite.Composite  - Adding contract GC1-PS to composite roadside
2018-04-01 19:27:32,122 [Timer-2] INFO  au.edu.swin.ict.road.common.DroolsRules  - Reading KB from PS-SC.drl
2018-04-01 19:27:32,122 [Timer-2] INFO  org.kie.scanner.embedder.MavenEmbedderUtils  - Not in OSGi: using plexus based maven parser
2018-04-01 19:27:32,183 [Timer-2] INFO  org.drools.compiler.kie.builder.impl.KieRepositoryImpl  - KieModule was added: MemoryKieModule[releaseId=PS-SC.drl:road-rep:1.0.0]
2018-04-01 19:27:32,185 [Timer-2] INFO  au.edu.swin.ict.road.composite.Composite  - Adding contract PS-SC to composite roadside
2018-04-01 19:27:32,185 [Timer-2] INFO  au.edu.swin.ict.road.common.DroolsRules  - Reading KB from GC1-AS.drl
2018-04-01 19:27:32,186 [Timer-2] INFO  org.kie.scanner.embedder.MavenEmbedderUtils  - Not in OSGi: using plexus based maven parser
2018-04-01 19:27:32,303 [Timer-2] INFO  org.drools.compiler.kie.builder.impl.KieRepositoryImpl  - KieModule was added: MemoryKieModule[releaseId=GC1-AS.drl:road-rep:1.0.0]
2018-04-01 19:27:32,307 [Timer-2] INFO  au.edu.swin.ict.road.composite.Composite  - Adding contract GC1-AS to composite roadside
2018-04-01 19:27:32,307 [Timer-2] INFO  au.edu.swin.ict.road.common.DroolsRules  - Reading KB from AS-SC.drl
2018-04-01 19:27:32,308 [Timer-2] INFO  org.kie.scanner.embedder.MavenEmbedderUtils  - Not in OSGi: using plexus based maven parser
2018-04-01 19:27:32,394 [Timer-2] INFO  org.drools.compiler.kie.builder.impl.KieRepositoryImpl  - KieModule was added: MemoryKieModule[releaseId=AS-SC.drl:road-rep:1.0.0]
2018-04-01 19:27:32,397 [Timer-2] INFO  au.edu.swin.ict.road.composite.Composite  - Adding contract AS-SC to composite roadside
2018-04-01 19:27:32,397 [Timer-2] INFO  au.edu.swin.ict.road.common.DroolsRules  - Reading KB from SC-LF.drl
2018-04-01 19:27:32,398 [Timer-2] INFO  org.kie.scanner.embedder.MavenEmbedderUtils  - Not in OSGi: using plexus based maven parser
2018-04-01 19:27:32,464 [Timer-2] INFO  org.drools.compiler.kie.builder.impl.KieRepositoryImpl  - KieModule was added: MemoryKieModule[releaseId=SC-LF.drl:road-rep:1.0.0]
2018-04-01 19:27:32,467 [Timer-2] INFO  au.edu.swin.ict.road.composite.Composite  - Adding contract SC-LF to composite roadside
2018-04-01 19:27:32,467 [Timer-2] INFO  au.edu.swin.ict.road.common.DroolsRules  - Reading KB from LF-TC2.drl
2018-04-01 19:27:32,467 [Timer-2] INFO  org.kie.scanner.embedder.MavenEmbedderUtils  - Not in OSGi: using plexus based maven parser
2018-04-01 19:27:32,521 [Timer-2] INFO  org.drools.compiler.kie.builder.impl.KieRepositoryImpl  - KieModule was added: MemoryKieModule[releaseId=LF-TC2.drl:road-rep:1.0.0]
2018-04-01 19:27:32,523 [Timer-2] INFO  au.edu.swin.ict.road.composite.Composite  - Adding contract LF-TC2 to composite roadside
2018-04-01 19:27:32,526 [Timer-2] INFO  au.edu.swin.ict.road.composite.Composite  - Deploying the regulation policy for the VSN : HappyTours as [ruAdmissionV1, ruCreateVsnInstance, ruDrop]
2018-04-01 19:27:32,526 [Timer-2] INFO  au.edu.swin.ict.road.composite.Composite  - Deploying the process HappyToursP1 of the VSN : HappyTours
2018-04-01 19:27:32,528 [Timer-2] INFO  au.edu.swin.ict.road.composite.Composite  - Deploying regulation policy of the process HappyToursP1 of the VSN : HappyTours as [CaseHandling, Reimbursement, TowingByTomTow, RepairingByMacRepair, PartsSupplyByJack, VehicleAssessment, LegalAssistance]
2018-04-01 19:27:32,528 [Timer-2] INFO  au.edu.swin.ict.road.composite.Composite  - Deploying regulation policy of the process HappyToursP1 of the VSN : HappyTours as [ruTerminateV1, ruActivateV1]
2018-04-01 19:27:32,528 [Timer-2] INFO  au.edu.swin.ict.serendip.core.SerendipEngine  - MM subscribed to the engine
2018-04-01 19:27:32,528 [Timer-2] INFO  au.edu.swin.ict.serendip.core.SerendipEngine  - SC subscribed to the engine
2018-04-01 19:27:32,528 [Timer-2] INFO  au.edu.swin.ict.serendip.core.SerendipEngine  - TC2 subscribed to the engine
2018-04-01 19:27:32,528 [Timer-2] INFO  au.edu.swin.ict.serendip.core.SerendipEngine  - AS subscribed to the engine
2018-04-01 19:27:32,528 [Timer-2] INFO  au.edu.swin.ict.serendip.core.SerendipEngine  - PS subscribed to the engine
2018-04-01 19:27:32,528 [Timer-2] INFO  au.edu.swin.ict.serendip.core.SerendipEngine  - GC1 subscribed to the engine
2018-04-01 19:27:32,528 [Timer-2] INFO  au.edu.swin.ict.serendip.core.SerendipEngine  - LF subscribed to the engine
2018-04-01 19:27:32,528 [Timer-2] INFO  au.edu.swin.ict.serendip.core.SerendipEngine  - FD subscribed to the engine
2018-04-01 19:27:32,528 [Timer-2] INFO  au.edu.swin.ict.road.composite.Composite  - Deployment complete
2018-04-01 19:27:32,528 [Timer-2] INFO  au.edu.swin.ict.road.demarshalling.CompositeDemarshaller  - Serendip adminview disabled. SERENDIP_SHOW_ADMIN_VIEWProperty not found.If you need to monitor processes set SERENDIP_SHOW_ADMIN_VIEW=TRUEin serendip.properties file
2018-04-01 19:27:32,528 [Timer-2] INFO  au.edu.swin.ict.road.demarshalling.CompositeDemarshaller  - Finished instantiation of /home/indika/speevol/apache-tomcat-9.0.6_sdsn/webapps/axis2/WEB-INF/road_composites/smc_source.xml
2018-04-01 19:27:32,532 [Thread-12] INFO  au.edu.swin.ict.road.composite.Composite  - Composite is now running...
2018-04-01 19:27:32,563 [Timer-2] INFO  au.swin.ict.research.cs3.road.road4ws.core.deployer.OrganizerDeployer  - http://www.w3.org/ns/wsdl/in-out->setOrganizerBinding
2018-04-01 19:27:32,564 [Timer-2] INFO  au.swin.ict.research.cs3.road.road4ws.core.deployer.OrganizerDeployer  - http://www.w3.org/ns/wsdl/in-out->removeVSN
2018-04-01 19:27:32,564 [Timer-2] INFO  au.swin.ict.research.cs3.road.road4ws.core.deployer.OrganizerDeployer  - http://www.w3.org/ns/wsdl/in-out->getName
2018-04-01 19:27:32,564 [Timer-2] INFO  au.swin.ict.research.cs3.road.road4ws.core.deployer.OrganizerDeployer  - http://www.w3.org/ns/wsdl/in-out->updateRole
2018-04-01 19:27:32,564 [Timer-2] INFO  au.swin.ict.research.cs3.road.road4ws.core.deployer.OrganizerDeployer  - http://www.w3.org/ns/wsdl/in-out->addVSN
2018-04-01 19:27:32,564 [Timer-2] INFO  au.swin.ict.research.cs3.road.road4ws.core.deployer.OrganizerDeployer  - http://www.w3.org/ns/wsdl/in-out->updateTerm
2018-04-01 19:27:32,564 [Timer-2] INFO  au.swin.ict.research.cs3.road.road4ws.core.deployer.OrganizerDeployer  - http://www.w3.org/ns/wsdl/in-out->deployProcessConfigDesignAsXML
2018-04-01 19:27:32,564 [Timer-2] INFO  au.swin.ict.research.cs3.road.road4ws.core.deployer.OrganizerDeployer  - http://www.w3.org/ns/wsdl/in-out->setServiceBinding
2018-04-01 19:27:32,564 [Timer-2] INFO  au.swin.ict.research.cs3.road.road4ws.core.deployer.OrganizerDeployer  - http://www.w3.org/ns/wsdl/in-out->setTermOperation
2018-04-01 19:27:32,564 [Timer-2] INFO  au.swin.ict.research.cs3.road.road4ws.core.deployer.OrganizerDeployer  - http://www.w3.org/ns/wsdl/in-out->replaceBehaviorUnitOfProcess
2018-04-01 19:27:32,564 [Timer-2] INFO  au.swin.ict.research.cs3.road.road4ws.core.deployer.OrganizerDeployer  - http://www.w3.org/ns/wsdl/in-out->enactOrganizationalManagementPolicy
2018-04-01 19:27:32,564 [Timer-2] INFO  au.swin.ict.research.cs3.road.road4ws.core.deployer.OrganizerDeployer  - http://www.w3.org/ns/wsdl/in-out->addTask
2018-04-01 19:27:32,564 [Timer-2] INFO  au.swin.ict.research.cs3.road.road4ws.core.deployer.OrganizerDeployer  - http://www.w3.org/ns/wsdl/in-out->removeTaskFromBehaviorUnit
2018-04-01 19:27:32,564 [Timer-2] INFO  au.swin.ict.research.cs3.road.road4ws.core.deployer.OrganizerDeployer  - http://www.w3.org/ns/wsdl/in-out->addTaskToBehaviorUnit
2018-04-01 19:27:32,564 [Timer-2] INFO  au.swin.ict.research.cs3.road.road4ws.core.deployer.OrganizerDeployer  - http://www.w3.org/ns/wsdl/in-out->removeTask
2018-04-01 19:27:32,564 [Timer-2] INFO  au.swin.ict.research.cs3.road.road4ws.core.deployer.OrganizerDeployer  - http://www.w3.org/ns/wsdl/in-out->updateTaskOfBehaviorUnit
2018-04-01 19:27:32,564 [Timer-2] INFO  au.swin.ict.research.cs3.road.road4ws.core.deployer.OrganizerDeployer  - http://www.w3.org/ns/wsdl/in-out->updateVSN
2018-04-01 19:27:32,564 [Timer-2] INFO  au.swin.ict.research.cs3.road.road4ws.core.deployer.OrganizerDeployer  - http://www.w3.org/ns/wsdl/in-out->removeProcessFromVSN
2018-04-01 19:27:32,564 [Timer-2] INFO  au.swin.ict.research.cs3.road.road4ws.core.deployer.OrganizerDeployer  - http://www.w3.org/ns/wsdl/in-out->removeBehaviorUnit
2018-04-01 19:27:32,564 [Timer-2] INFO  au.swin.ict.research.cs3.road.road4ws.core.deployer.OrganizerDeployer  - http://www.w3.org/ns/wsdl/in-out->addProcessToVSN
2018-04-01 19:27:32,564 [Timer-2] INFO  au.swin.ict.research.cs3.road.road4ws.core.deployer.OrganizerDeployer  - http://www.w3.org/ns/wsdl/in-out->removeContract
2018-04-01 19:27:32,564 [Timer-2] INFO  au.swin.ict.research.cs3.road.road4ws.core.deployer.OrganizerDeployer  - http://www.w3.org/ns/wsdl/in-out->deployVSNAsXML
2018-04-01 19:27:32,565 [Timer-2] INFO  au.swin.ict.research.cs3.road.road4ws.core.deployer.OrganizerDeployer  - http://www.w3.org/ns/wsdl/in-out->setTaskInMessage
2018-04-01 19:27:32,565 [Timer-2] INFO  au.swin.ict.research.cs3.road.road4ws.core.deployer.OrganizerDeployer  - http://www.w3.org/ns/wsdl/in-out->removeRole
2018-04-01 19:27:32,565 [Timer-2] INFO  au.swin.ict.research.cs3.road.road4ws.core.deployer.OrganizerDeployer  - http://www.w3.org/ns/wsdl/in-out->getNextManagementMessageBlocking
2018-04-01 19:27:32,565 [Timer-2] INFO  au.swin.ict.research.cs3.road.road4ws.core.deployer.OrganizerDeployer  - http://www.w3.org/ns/wsdl/in-out->addTerm
2018-04-01 19:27:32,565 [Timer-2] INFO  au.swin.ict.research.cs3.road.road4ws.core.deployer.OrganizerDeployer  - http://www.w3.org/ns/wsdl/in-out->addBehaviorUnit
2018-04-01 19:27:32,565 [Timer-2] INFO  au.swin.ict.research.cs3.road.road4ws.core.deployer.OrganizerDeployer  - http://www.w3.org/ns/wsdl/in-out->updateContract
2018-04-01 19:27:32,565 [Timer-2] INFO  au.swin.ict.research.cs3.road.road4ws.core.deployer.OrganizerDeployer  - http://www.w3.org/ns/wsdl/in-out->addBehaviorUnitsToProcess
2018-04-01 19:27:32,565 [Timer-2] INFO  au.swin.ict.research.cs3.road.road4ws.core.deployer.OrganizerDeployer  - http://www.w3.org/ns/wsdl/in-out->removeTerm
2018-04-01 19:27:32,565 [Timer-2] INFO  au.swin.ict.research.cs3.road.road4ws.core.deployer.OrganizerDeployer  - http://www.w3.org/ns/wsdl/in-out->updateServiceBinding
2018-04-01 19:27:32,565 [Timer-2] INFO  au.swin.ict.research.cs3.road.road4ws.core.deployer.OrganizerDeployer  - http://www.w3.org/ns/wsdl/in-out->setTaskMessage
2018-04-01 19:27:32,565 [Timer-2] INFO  au.swin.ict.research.cs3.road.road4ws.core.deployer.OrganizerDeployer  - http://www.w3.org/ns/wsdl/in-out->removeBehaviorUnitFromProcess
2018-04-01 19:27:32,565 [Timer-2] INFO  au.swin.ict.research.cs3.road.road4ws.core.deployer.OrganizerDeployer  - http://www.w3.org/ns/wsdl/in-out->addContract
2018-04-01 19:27:32,565 [Timer-2] INFO  au.swin.ict.research.cs3.road.road4ws.core.deployer.OrganizerDeployer  - http://www.w3.org/ns/wsdl/in-out->updateTask
2018-04-01 19:27:32,565 [Timer-2] INFO  au.swin.ict.research.cs3.road.road4ws.core.deployer.OrganizerDeployer  - http://www.w3.org/ns/wsdl/in-out->deployProcessAsXML
2018-04-01 19:27:32,565 [Timer-2] INFO  au.swin.ict.research.cs3.road.road4ws.core.deployer.OrganizerDeployer  - http://www.w3.org/ns/wsdl/in-out->setTaskOutMessage
2018-04-01 19:27:32,565 [Timer-2] INFO  au.swin.ict.research.cs3.road.road4ws.core.deployer.OrganizerDeployer  - http://www.w3.org/ns/wsdl/in-out->setTaskQoS
2018-04-01 19:27:32,565 [Timer-2] INFO  au.swin.ict.research.cs3.road.road4ws.core.deployer.OrganizerDeployer  - http://www.w3.org/ns/wsdl/in-out->updateProcessOfVSN
2018-04-01 19:27:32,565 [Timer-2] INFO  au.swin.ict.research.cs3.road.road4ws.core.deployer.OrganizerDeployer  - http://www.w3.org/ns/wsdl/in-out->addBehaviorUnitToProcess
2018-04-01 19:27:32,565 [Timer-2] INFO  au.swin.ict.research.cs3.road.road4ws.core.deployer.OrganizerDeployer  - http://www.w3.org/ns/wsdl/in-out->updateBehaviorUnit
2018-04-01 19:27:32,565 [Timer-2] INFO  au.swin.ict.research.cs3.road.road4ws.core.deployer.OrganizerDeployer  - http://www.w3.org/ns/wsdl/in-out->enactOrganizationalManagementPolicyRemote
2018-04-01 19:27:32,565 [Timer-2] INFO  au.swin.ict.research.cs3.road.road4ws.core.deployer.OrganizerDeployer  - http://www.w3.org/ns/wsdl/in-out->getNextManagementMessage
2018-04-01 19:27:32,565 [Timer-2] INFO  au.swin.ict.research.cs3.road.road4ws.core.deployer.OrganizerDeployer  - http://www.w3.org/ns/wsdl/in-out->addRole
2018-04-01 19:27:32,565 [Timer-2] INFO  au.swin.ict.research.cs3.road.road4ws.core.deployer.OrganizerDeployer  - http://www.w3.org/ns/wsdl/in-out->subscribeToManagementMessages
2018-04-01 19:27:32,567 [Timer-2] INFO  au.swin.ict.research.cs3.road.road4ws.core.deployer.OrganizerDeployer  - Organizer role added to composite roadside
2018-04-01 19:27:32,586 [Timer-2] INFO  au.swin.ict.research.cs3.road.road4ws.core.deployer.OperationalManagerDeployer  - http://www.w3.org/ns/wsdl/in-out->addPassthroughRule
2018-04-01 19:27:32,587 [Timer-2] INFO  au.swin.ict.research.cs3.road.road4ws.core.deployer.OperationalManagerDeployer  - http://www.w3.org/ns/wsdl/in-out->updateRegulationUnitsOfProcessRegulationPolicy
2018-04-01 19:27:32,587 [Timer-2] INFO  au.swin.ict.research.cs3.road.road4ws.core.deployer.OperationalManagerDeployer  - http://www.w3.org/ns/wsdl/in-out->removeRoutingRulesFromRegulationUnit
2018-04-01 19:27:32,587 [Timer-2] INFO  au.swin.ict.research.cs3.road.road4ws.core.deployer.OperationalManagerDeployer  - http://www.w3.org/ns/wsdl/in-out->addRoutingRulesToRegulationUnit
2018-04-01 19:27:32,587 [Timer-2] INFO  au.swin.ict.research.cs3.road.road4ws.core.deployer.OperationalManagerDeployer  - http://www.w3.org/ns/wsdl/in-out->addRoutingRulesToInterVSNRegulationUnit
2018-04-01 19:27:32,587 [Timer-2] INFO  au.swin.ict.research.cs3.road.road4ws.core.deployer.OperationalManagerDeployer  - http://www.w3.org/ns/wsdl/in-out->removeGlobalRulesFromInterVSNRegulationUnit
2018-04-01 19:27:32,587 [Timer-2] INFO  au.swin.ict.research.cs3.road.road4ws.core.deployer.OperationalManagerDeployer  - http://www.w3.org/ns/wsdl/in-out->enactOperationalManagementPolicy
2018-04-01 19:27:32,587 [Timer-2] INFO  au.swin.ict.research.cs3.road.road4ws.core.deployer.OperationalManagerDeployer  - http://www.w3.org/ns/wsdl/in-out->addRegulationUnit
2018-04-01 19:27:32,587 [Timer-2] INFO  au.swin.ict.research.cs3.road.road4ws.core.deployer.OperationalManagerDeployer  - http://www.w3.org/ns/wsdl/in-out->addPassthroughRegulationUnitToProcessRegulationPolicyAt
2018-04-01 19:27:32,587 [Timer-2] INFO  au.swin.ict.research.cs3.road.road4ws.core.deployer.OperationalManagerDeployer  - http://www.w3.org/ns/wsdl/in-out->addInterProcessRegulationUnit
2018-04-01 19:27:32,587 [Timer-2] INFO  au.swin.ict.research.cs3.road.road4ws.core.deployer.OperationalManagerDeployer  - http://www.w3.org/ns/wsdl/in-out->setOperationalManagerBinding
2018-04-01 19:27:32,587 [Timer-2] INFO  au.swin.ict.research.cs3.road.road4ws.core.deployer.OperationalManagerDeployer  - http://www.w3.org/ns/wsdl/in-out->removePassthroughRegulationUnitFromProcessRegulationPolicyAt
2018-04-01 19:27:32,587 [Timer-2] INFO  au.swin.ict.research.cs3.road.road4ws.core.deployer.OperationalManagerDeployer  - http://www.w3.org/ns/wsdl/in-out->enactOperationalManagementPolicyRemote
2018-04-01 19:27:32,587 [Timer-2] INFO  au.swin.ict.research.cs3.road.road4ws.core.deployer.OperationalManagerDeployer  - http://www.w3.org/ns/wsdl/in-out->addRoutingRulesToInterCollaborationRegulationUnit
2018-04-01 19:27:32,587 [Timer-2] INFO  au.swin.ict.research.cs3.road.road4ws.core.deployer.OperationalManagerDeployer  - http://www.w3.org/ns/wsdl/in-out->addGlobalRulesToInterCollaborationRegulationUnit
2018-04-01 19:27:32,587 [Timer-2] INFO  au.swin.ict.research.cs3.road.road4ws.core.deployer.OperationalManagerDeployer  - http://www.w3.org/ns/wsdl/in-out->updateServiceNetworkStateImplementation
2018-04-01 19:27:32,587 [Timer-2] INFO  au.swin.ict.research.cs3.road.road4ws.core.deployer.OperationalManagerDeployer  - http://www.w3.org/ns/wsdl/in-out->addGlobalRulesToInterVSNRegulationUnit
2018-04-01 19:27:32,587 [Timer-2] INFO  au.swin.ict.research.cs3.road.road4ws.core.deployer.OperationalManagerDeployer  - http://www.w3.org/ns/wsdl/in-out->updateServiceNetworkRegulationPolicy
2018-04-01 19:27:32,587 [Timer-2] INFO  au.swin.ict.research.cs3.road.road4ws.core.deployer.OperationalManagerDeployer  - http://www.w3.org/ns/wsdl/in-out->addSynchronizationRule
2018-04-01 19:27:32,587 [Timer-2] INFO  au.swin.ict.research.cs3.road.road4ws.core.deployer.OperationalManagerDeployer  - http://www.w3.org/ns/wsdl/in-out->removeRoutingRulesFromInterProcessRegulationUnit
2018-04-01 19:27:32,587 [Timer-2] INFO  au.swin.ict.research.cs3.road.road4ws.core.deployer.OperationalManagerDeployer  - http://www.w3.org/ns/wsdl/in-out->addServiceNetworkStateImplementation
2018-04-01 19:27:32,587 [Timer-2] INFO  au.swin.ict.research.cs3.road.road4ws.core.deployer.OperationalManagerDeployer  - http://www.w3.org/ns/wsdl/in-out->addRegulationUnitsToVSNRegulationPolicy
2018-04-01 19:27:32,587 [Timer-2] INFO  au.swin.ict.research.cs3.road.road4ws.core.deployer.OperationalManagerDeployer  - http://www.w3.org/ns/wsdl/in-out->updateServiceNetworkEvent
2018-04-01 19:27:32,587 [Timer-2] INFO  au.swin.ict.research.cs3.road.road4ws.core.deployer.OperationalManagerDeployer  - http://www.w3.org/ns/wsdl/in-out->removeRegulationMechanism
2018-04-01 19:27:32,587 [Timer-2] INFO  au.swin.ict.research.cs3.road.road4ws.core.deployer.OperationalManagerDeployer  - http://www.w3.org/ns/wsdl/in-out->addPassthroughRulesToRegulationUnit
2018-04-01 19:27:32,587 [Timer-2] INFO  au.swin.ict.research.cs3.road.road4ws.core.deployer.OperationalManagerDeployer  - http://www.w3.org/ns/wsdl/in-out->addRoutingRulesToInterProcessRegulationUnit
2018-04-01 19:27:32,587 [Timer-2] INFO  au.swin.ict.research.cs3.road.road4ws.core.deployer.OperationalManagerDeployer  - http://www.w3.org/ns/wsdl/in-out->updateSynchronizationRule
2018-04-01 19:27:32,587 [Timer-2] INFO  au.swin.ict.research.cs3.road.road4ws.core.deployer.OperationalManagerDeployer  - http://www.w3.org/ns/wsdl/in-out->removeInterProcessRegulationUnit
2018-04-01 19:27:32,587 [Timer-2] INFO  au.swin.ict.research.cs3.road.road4ws.core.deployer.OperationalManagerDeployer  - http://www.w3.org/ns/wsdl/in-out->addRegulationUnitsToProcessRegulationPolicy
2018-04-01 19:27:32,587 [Timer-2] INFO  au.swin.ict.research.cs3.road.road4ws.core.deployer.OperationalManagerDeployer  - http://www.w3.org/ns/wsdl/in-out->removeServiceNetworkState
2018-04-01 19:27:32,587 [Timer-2] INFO  au.swin.ict.research.cs3.road.road4ws.core.deployer.OperationalManagerDeployer  - http://www.w3.org/ns/wsdl/in-out->updateRegulationUnitsOfVSNRegulationPolicy
2018-04-01 19:27:32,587 [Timer-2] INFO  au.swin.ict.research.cs3.road.road4ws.core.deployer.OperationalManagerDeployer  - http://www.w3.org/ns/wsdl/in-out->removeRoutingRule
2018-04-01 19:27:32,587 [Timer-2] INFO  au.swin.ict.research.cs3.road.road4ws.core.deployer.OperationalManagerDeployer  - http://www.w3.org/ns/wsdl/in-out->getNextManagementMessageBlocking
2018-04-01 19:27:32,587 [Timer-2] INFO  au.swin.ict.research.cs3.road.road4ws.core.deployer.OperationalManagerDeployer  - http://www.w3.org/ns/wsdl/in-out->updateGlobalRule
2018-04-01 19:27:32,587 [Timer-2] INFO  au.swin.ict.research.cs3.road.road4ws.core.deployer.OperationalManagerDeployer  - http://www.w3.org/ns/wsdl/in-out->addRegulationMechanism
2018-04-01 19:27:32,587 [Timer-2] INFO  au.swin.ict.research.cs3.road.road4ws.core.deployer.OperationalManagerDeployer  - http://www.w3.org/ns/wsdl/in-out->setInterVSNRegulation
2018-04-01 19:27:32,587 [Timer-2] INFO  au.swin.ict.research.cs3.road.road4ws.core.deployer.OperationalManagerDeployer  - http://www.w3.org/ns/wsdl/in-out->removeRegulationUnitsFromProcessRegulationPolicy
2018-04-01 19:27:32,587 [Timer-2] INFO  au.swin.ict.research.cs3.road.road4ws.core.deployer.OperationalManagerDeployer  - http://www.w3.org/ns/wsdl/in-out->removeInterCollaborationRegulationUnit
2018-04-01 19:27:32,587 [Timer-2] INFO  au.swin.ict.research.cs3.road.road4ws.core.deployer.OperationalManagerDeployer  - http://www.w3.org/ns/wsdl/in-out->addGlobalRulesToInterProcessRegulationUnit
2018-04-01 19:27:32,587 [Timer-2] INFO  au.swin.ict.research.cs3.road.road4ws.core.deployer.OperationalManagerDeployer  - http://www.w3.org/ns/wsdl/in-out->addPassthroughRulesToInterProcessRegulationUnit
2018-04-01 19:27:32,587 [Timer-2] INFO  au.swin.ict.research.cs3.road.road4ws.core.deployer.OperationalManagerDeployer  - http://www.w3.org/ns/wsdl/in-out->addSynchronizationRulesToInterProcessRegulationUnit
2018-04-01 19:27:32,587 [Timer-2] INFO  au.swin.ict.research.cs3.road.road4ws.core.deployer.OperationalManagerDeployer  - http://www.w3.org/ns/wsdl/in-out->updateRegulationUnit
2018-04-01 19:27:32,587 [Timer-2] INFO  au.swin.ict.research.cs3.road.road4ws.core.deployer.OperationalManagerDeployer  - http://www.w3.org/ns/wsdl/in-out->removePassthroughRulesFromRegulationUnit
2018-04-01 19:27:32,587 [Timer-2] INFO  au.swin.ict.research.cs3.road.road4ws.core.deployer.OperationalManagerDeployer  - http://www.w3.org/ns/wsdl/in-out->addGlobalRule
2018-04-01 19:27:32,587 [Timer-2] INFO  au.swin.ict.research.cs3.road.road4ws.core.deployer.OperationalManagerDeployer  - http://www.w3.org/ns/wsdl/in-out->addPassthroughRulesToInterCollaborationRegulationUnit
2018-04-01 19:27:32,587 [Timer-2] INFO  au.swin.ict.research.cs3.road.road4ws.core.deployer.OperationalManagerDeployer  - http://www.w3.org/ns/wsdl/in-out->removePassthroughRule
2018-04-01 19:27:32,587 [Timer-2] INFO  au.swin.ict.research.cs3.road.road4ws.core.deployer.OperationalManagerDeployer  - http://www.w3.org/ns/wsdl/in-out->addServiceNetworkState
2018-04-01 19:27:32,587 [Timer-2] INFO  au.swin.ict.research.cs3.road.road4ws.core.deployer.OperationalManagerDeployer  - http://www.w3.org/ns/wsdl/in-out->removeRoutingRulesFromInterVSNRegulationUnit
2018-04-01 19:27:32,587 [Timer-2] INFO  au.swin.ict.research.cs3.road.road4ws.core.deployer.OperationalManagerDeployer  - http://www.w3.org/ns/wsdl/in-out->addSynchronizationRulesToRegulationUnit
2018-04-01 19:27:32,587 [Timer-2] INFO  au.swin.ict.research.cs3.road.road4ws.core.deployer.OperationalManagerDeployer  - http://www.w3.org/ns/wsdl/in-out->removeSynchronizationRule
2018-04-01 19:27:32,587 [Timer-2] INFO  au.swin.ict.research.cs3.road.road4ws.core.deployer.OperationalManagerDeployer  - http://www.w3.org/ns/wsdl/in-out->removeInterVSNRegulation
2018-04-01 19:27:32,587 [Timer-2] INFO  au.swin.ict.research.cs3.road.road4ws.core.deployer.OperationalManagerDeployer  - http://www.w3.org/ns/wsdl/in-out->addSynchronizationRulesToInterCollaborationRegulationUnit
2018-04-01 19:27:32,587 [Timer-2] INFO  au.swin.ict.research.cs3.road.road4ws.core.deployer.OperationalManagerDeployer  - http://www.w3.org/ns/wsdl/in-out->removeServiceNetworkEvent
2018-04-01 19:27:32,587 [Timer-2] INFO  au.swin.ict.research.cs3.road.road4ws.core.deployer.OperationalManagerDeployer  - http://www.w3.org/ns/wsdl/in-out->removeSynchronizationRulesFromRegulationUnit
2018-04-01 19:27:32,587 [Timer-2] INFO  au.swin.ict.research.cs3.road.road4ws.core.deployer.OperationalManagerDeployer  - http://www.w3.org/ns/wsdl/in-out->updateRegulationMechanism
2018-04-01 19:27:32,587 [Timer-2] INFO  au.swin.ict.research.cs3.road.road4ws.core.deployer.OperationalManagerDeployer  - http://www.w3.org/ns/wsdl/in-out->addInterCollaborationRegulationUnit
2018-04-01 19:27:32,587 [Timer-2] INFO  au.swin.ict.research.cs3.road.road4ws.core.deployer.OperationalManagerDeployer  - http://www.w3.org/ns/wsdl/in-out->updateRoutingRule
2018-04-01 19:27:32,587 [Timer-2] INFO  au.swin.ict.research.cs3.road.road4ws.core.deployer.OperationalManagerDeployer  - http://www.w3.org/ns/wsdl/in-out->updateServiceNetworkState
2018-04-01 19:27:32,587 [Timer-2] INFO  au.swin.ict.research.cs3.road.road4ws.core.deployer.OperationalManagerDeployer  - http://www.w3.org/ns/wsdl/in-out->removeSynchronizationRegulationUnitFromProcessRegulationPolicyAt
2018-04-01 19:27:32,587 [Timer-2] INFO  au.swin.ict.research.cs3.road.road4ws.core.deployer.OperationalManagerDeployer  - http://www.w3.org/ns/wsdl/in-out->addGlobalRulesToRegulationUnit
2018-04-01 19:27:32,588 [Timer-2] INFO  au.swin.ict.research.cs3.road.road4ws.core.deployer.OperationalManagerDeployer  - http://www.w3.org/ns/wsdl/in-out->removeGlobalRule
2018-04-01 19:27:32,588 [Timer-2] INFO  au.swin.ict.research.cs3.road.road4ws.core.deployer.OperationalManagerDeployer  - http://www.w3.org/ns/wsdl/in-out->addSynchronizationRulesToInterVSNRegulationUnit
2018-04-01 19:27:32,588 [Timer-2] INFO  au.swin.ict.research.cs3.road.road4ws.core.deployer.OperationalManagerDeployer  - http://www.w3.org/ns/wsdl/in-out->removeRegulationUnitsFromVSNRegulationPolicy
2018-04-01 19:27:32,588 [Timer-2] INFO  au.swin.ict.research.cs3.road.road4ws.core.deployer.OperationalManagerDeployer  - http://www.w3.org/ns/wsdl/in-out->updateRegulationUnitOfVSNRegulationPolicy
2018-04-01 19:27:32,588 [Timer-2] INFO  au.swin.ict.research.cs3.road.road4ws.core.deployer.OperationalManagerDeployer  - http://www.w3.org/ns/wsdl/in-out->addSynchronizationRegulationUnitToProcessRegulationPolicyAt
2018-04-01 19:27:32,588 [Timer-2] INFO  au.swin.ict.research.cs3.road.road4ws.core.deployer.OperationalManagerDeployer  - http://www.w3.org/ns/wsdl/in-out->updatePassthroughRule
2018-04-01 19:27:32,588 [Timer-2] INFO  au.swin.ict.research.cs3.road.road4ws.core.deployer.OperationalManagerDeployer  - http://www.w3.org/ns/wsdl/in-out->removeRegulationUnit
2018-04-01 19:27:32,588 [Timer-2] INFO  au.swin.ict.research.cs3.road.road4ws.core.deployer.OperationalManagerDeployer  - http://www.w3.org/ns/wsdl/in-out->removeGlobalRulesFromRegulationUnit
2018-04-01 19:27:32,588 [Timer-2] INFO  au.swin.ict.research.cs3.road.road4ws.core.deployer.OperationalManagerDeployer  - http://www.w3.org/ns/wsdl/in-out->addRoutingRegulationUnitToProcessRegulationPolicyAt
2018-04-01 19:27:32,588 [Timer-2] INFO  au.swin.ict.research.cs3.road.road4ws.core.deployer.OperationalManagerDeployer  - http://www.w3.org/ns/wsdl/in-out->removeServiceNetworkStateImplementation
2018-04-01 19:27:32,588 [Timer-2] INFO  au.swin.ict.research.cs3.road.road4ws.core.deployer.OperationalManagerDeployer  - http://www.w3.org/ns/wsdl/in-out->removeRoutingRegulationUnitFromProcessRegulationPolicyAt
2018-04-01 19:27:32,588 [Timer-2] INFO  au.swin.ict.research.cs3.road.road4ws.core.deployer.OperationalManagerDeployer  - http://www.w3.org/ns/wsdl/in-out->addPassthroughRulesToInterVSNRegulationUnit
2018-04-01 19:27:32,588 [Timer-2] INFO  au.swin.ict.research.cs3.road.road4ws.core.deployer.OperationalManagerDeployer  - http://www.w3.org/ns/wsdl/in-out->updateRegulationUnitOfProcessRegulationPolicy
2018-04-01 19:27:32,588 [Timer-2] INFO  au.swin.ict.research.cs3.road.road4ws.core.deployer.OperationalManagerDeployer  - http://www.w3.org/ns/wsdl/in-out->removeGlobalRulesFromInterCollaborationRegulationUnit
2018-04-01 19:27:32,588 [Timer-2] INFO  au.swin.ict.research.cs3.road.road4ws.core.deployer.OperationalManagerDeployer  - http://www.w3.org/ns/wsdl/in-out->addServiceNetworkEvent
2018-04-01 19:27:32,588 [Timer-2] INFO  au.swin.ict.research.cs3.road.road4ws.core.deployer.OperationalManagerDeployer  - http://www.w3.org/ns/wsdl/in-out->getNextManagementMessage
2018-04-01 19:27:32,588 [Timer-2] INFO  au.swin.ict.research.cs3.road.road4ws.core.deployer.OperationalManagerDeployer  - http://www.w3.org/ns/wsdl/in-out->addRoutingRule
2018-04-01 19:27:32,588 [Timer-2] INFO  au.swin.ict.research.cs3.road.road4ws.core.deployer.OperationalManagerDeployer  - http://www.w3.org/ns/wsdl/in-out->addParameterizedRegulationUnitToVSNRegulationPolicy
2018-04-01 19:27:32,588 [Timer-2] INFO  au.swin.ict.research.cs3.road.road4ws.core.deployer.OperationalManagerDeployer  - http://www.w3.org/ns/wsdl/in-out->subscribeToManagementMessages
2018-04-01 19:27:32,590 [Timer-2] INFO  au.swin.ict.research.cs3.road.road4ws.core.deployer.OperationalManagerDeployer  - Operational Manager role added to composite roadside
2018-04-01 19:27:32,590 [Timer-2] INFO  au.swin.ict.research.cs3.road.road4ws.core.deployer.ROADDeployer  - Adding composite to the axis config roadside
2018-04-01 19:27:32,596 [Timer-2] INFO  SN  - 5653
2018-04-01 19:28:06,942 [Timer-2] INFO  au.swin.ict.research.cs3.road.road4ws.core.deployer.MgtPolicyDeployer  - [ROAD4WS] Deploying management policies from the file : /home/indika/speevol/apache-tomcat-9.0.6_sdsn/webapps/axis2/WEB-INF/road_mgt/ms8mgt.xml
2018-04-01 19:28:06,942 [Timer-2] INFO  au.swin.ict.research.cs3.road.road4ws.core.deployer.MgtPolicyDeployer  - Loading VSNs conf from /home/indika/speevol/apache-tomcat-9.0.6_sdsn/webapps/axis2/WEB-INF/road_mgt/ms8mgt.xml
2018-04-01 19:28:06,954 [Thread-13] INFO  au.edu.swin.ict.road.composite.OrganiserRole  - Got a management policy to admit 
es8_org_add.drl
2018-04-01 19:28:06,958 [Thread-14] INFO  au.edu.swin.ict.road.composite.OperationalManagerRole  - Got a management policyto admit 
es8_opr_add.drl
2018-04-01 19:28:06,958 [Thread-13] INFO  au.edu.swin.ict.road.common.DroolsRules  - Reading KB from es8_org_add.drl
2018-04-01 19:28:06,960 [Thread-14] INFO  au.edu.swin.ict.road.common.DroolsRules  - Reading KB from es8_opr_add.drl
2018-04-01 19:28:06,961 [Thread-13] INFO  org.kie.scanner.embedder.MavenEmbedderUtils  - Not in OSGi: using plexus based maven parser
2018-04-01 19:28:06,961 [Thread-14] INFO  org.kie.scanner.embedder.MavenEmbedderUtils  - Not in OSGi: using plexus based maven parser
2018-04-01 19:28:07,343 [Thread-14] INFO  org.drools.compiler.kie.builder.impl.KieRepositoryImpl  - KieModule was added: MemoryKieModule[releaseId=es8_opr_add.drl:road-rep:1.0.0]
2018-04-01 19:28:07,354 [Thread-13] INFO  org.drools.compiler.kie.builder.impl.KieRepositoryImpl  - KieModule was added: MemoryKieModule[releaseId=es8_org_add.drl:road-rep:1.0.0]
2018-04-01 19:28:07,365 [Thread-14] INFO  au.edu.swin.ict.road.common.OrganiserMgtOpResult  - Management policy applied in .404586060nanoseconds
2018-04-01 19:28:07,365 [Thread-13] INFO  au.edu.swin.ict.road.common.OrganiserMgtOpResult  - Management policy applied in .410364679nanoseconds
2018-04-01 19:28:07,558 [ManamentPolicyExecutorWorker-2] INFO  MGT  - 1522603687558
2018-04-01 19:28:07,559 [ManamentPolicyExecutorWorker-2] INFO  au.edu.swin.ict.road.composite.OrganiserRole  - Organiser: addRole, roleId: HC
2018-04-01 19:28:07,559 [ManamentPolicyExecutorWorker-2] INFO  au.edu.swin.ict.serendip.core.SerendipEngine  - HC subscribed to the engine
2018-04-01 19:28:07,560 [ManamentPolicyExecutorWorker-2] INFO  au.edu.swin.ict.road.composite.Composite  - Adding role with id 'HC' to composite roadside
2018-04-01 19:28:07,560 [ManamentPolicyExecutorWorker-2] INFO  au.edu.swin.ict.road.common.OrganiserMgtOpResult  - New role HC added successfully
2018-04-01 19:28:07,561 [ManamentPolicyExecutorWorker-2] INFO  au.edu.swin.ict.road.common.OrganiserMgtOpResult  - Added a Task : RentRoom
2018-04-01 19:28:07,561 [ManamentPolicyExecutorWorker-2] INFO  au.edu.swin.ict.road.composite.OrganiserRole  - Organiser: setInMessageType
2018-04-01 19:28:07,561 [ManamentPolicyExecutorWorker-2] INFO  au.edu.swin.ict.road.common.OrganiserMgtOpResult  - Updated the in message : RentRoom
2018-04-01 19:28:07,561 [ManamentPolicyExecutorWorker-2] INFO  au.edu.swin.ict.road.composite.OrganiserRole  - Organiser: setOutMessageType
2018-04-01 19:28:07,561 [ManamentPolicyExecutorWorker-2] INFO  au.edu.swin.ict.road.common.OrganiserMgtOpResult  - Updated the out message : RentRoom
2018-04-01 19:28:07,561 [ManamentPolicyExecutorWorker-2] INFO  au.edu.swin.ict.road.common.OrganiserMgtOpResult  - Added a Task : EndRoomRent
2018-04-01 19:28:07,561 [ManamentPolicyExecutorWorker-2] INFO  au.edu.swin.ict.road.composite.OrganiserRole  - Organiser: setInMessageType
2018-04-01 19:28:07,561 [ManamentPolicyExecutorWorker-2] INFO  au.edu.swin.ict.road.common.OrganiserMgtOpResult  - Updated the in message : EndRoomRent
2018-04-01 19:28:07,561 [ManamentPolicyExecutorWorker-2] INFO  au.edu.swin.ict.road.composite.OrganiserRole  - Organiser: setOutMessageType
2018-04-01 19:28:07,561 [ManamentPolicyExecutorWorker-2] INFO  au.edu.swin.ict.road.common.OrganiserMgtOpResult  - Updated the out message : EndRoomRent
2018-04-01 19:28:07,561 [ManamentPolicyExecutorWorker-2] INFO  au.edu.swin.ict.road.common.OrganiserMgtOpResult  - New PlayerBinding HC_SB added successfully
2018-04-01 19:28:07,561 [ManamentPolicyExecutorWorker-2] INFO  au.edu.swin.ict.road.common.OrganiserMgtOpResult  - SetServiceBinding HC_SB successful for the role HC
2018-04-01 19:28:07,561 [ManamentPolicyExecutorWorker-2] INFO  au.edu.swin.ict.road.common.OrganiserMgtOpResult  - Added a Task : PayHC
2018-04-01 19:28:07,562 [ManamentPolicyExecutorWorker-2] INFO  au.edu.swin.ict.road.composite.OrganiserRole  - Organiser: setInMessageType
2018-04-01 19:28:07,562 [ManamentPolicyExecutorWorker-2] INFO  au.edu.swin.ict.road.common.OrganiserMgtOpResult  - Updated the in message : PayHC
2018-04-01 19:28:07,562 [ManamentPolicyExecutorWorker-2] INFO  au.edu.swin.ict.road.composite.OrganiserRole  - Organiser: setOutMessageType
2018-04-01 19:28:07,562 [ManamentPolicyExecutorWorker-2] INFO  au.edu.swin.ict.road.common.OrganiserMgtOpResult  - Updated the out message : PayHC
2018-04-01 19:28:07,562 [ManamentPolicyExecutorWorker-2] INFO  au.edu.swin.ict.road.common.OrganiserMgtOpResult  - Updated the task : PayGC of the role :SC
2018-04-01 19:28:07,562 [ManamentPolicyExecutorWorker-2] INFO  au.edu.swin.ict.road.common.OrganiserMgtOpResult  - Updated the task : Analyze of the role :SC
2018-04-01 19:28:07,562 [ManamentPolicyExecutorWorker-2] INFO  au.edu.swin.ict.road.composite.OrganiserRole  - Organiser: addNewContract, contractId: SC-HC
2018-04-01 19:28:07,562 [ManamentPolicyExecutorWorker-2] INFO  au.swin.ict.research.cs3.road.road4ws.core.deployer.ROADDeployer  - Service removed from Axis2
2018-04-01 19:28:07,563 [ManamentPolicyExecutorWorker-2] INFO  au.swin.ict.research.cs3.road.road4ws.core.deployer.ROADDeployer  - Service removed from Axis2
2018-04-01 19:28:07,563 [ManamentPolicyExecutorWorker-2] INFO  au.edu.swin.ict.road.composite.Composite  - Adding contract SC-HC to composite roadside
2018-04-01 19:28:07,563 [ManamentPolicyExecutorWorker-2] INFO  au.edu.swin.ict.road.common.OrganiserMgtOpResult  - Contract SC-HC was successfully added
2018-04-01 19:28:07,563 [ManamentPolicyExecutorWorker-2] INFO  au.edu.swin.ict.road.composite.OrganiserRole  - Organiser: addwTerm, contractId: SC-HC
2018-04-01 19:28:07,563 [ManamentPolicyExecutorWorker-2] INFO  au.swin.ict.research.cs3.road.road4ws.core.deployer.ROADDeployer  - Service removed from Axis2
2018-04-01 19:28:07,564 [ManamentPolicyExecutorWorker-2] INFO  au.swin.ict.research.cs3.road.road4ws.core.deployer.ROADDeployer  - Service removed from Axis2
2018-04-01 19:28:07,564 [ManamentPolicyExecutorWorker-2] INFO  au.edu.swin.ict.road.composite.Composite  - New term with id 'rentRoom' has been added to the contract with the id 'SC-HC'
2018-04-01 19:28:07,564 [ManamentPolicyExecutorWorker-2] INFO  au.edu.swin.ict.road.common.OrganiserMgtOpResult  - Term rentRoom was successfully added
2018-04-01 19:28:07,564 [ManamentPolicyExecutorWorker-2] INFO  au.edu.swin.ict.road.composite.OrganiserRole  - Organiser: addNewOperation
2018-04-01 19:28:07,565 [ManamentPolicyExecutorWorker-2] INFO  au.swin.ict.research.cs3.road.road4ws.core.deployer.ROADDeployer  - Service removed from Axis2
2018-04-01 19:28:07,565 [ManamentPolicyExecutorWorker-2] INFO  au.swin.ict.research.cs3.road.road4ws.core.deployer.ROADDeployer  - Service removed from Axis2
2018-04-01 19:28:07,565 [ManamentPolicyExecutorWorker-2] INFO  au.edu.swin.ict.road.common.OrganiserMgtOpResult  - Operation successfully added
2018-04-01 19:28:07,566 [ManamentPolicyExecutorWorker-2] INFO  au.edu.swin.ict.road.composite.OrganiserRole  - Organiser: addwTerm, contractId: SC-HC
2018-04-01 19:28:07,566 [ManamentPolicyExecutorWorker-2] INFO  au.swin.ict.research.cs3.road.road4ws.core.deployer.ROADDeployer  - Service removed from Axis2
2018-04-01 19:28:07,566 [ManamentPolicyExecutorWorker-2] INFO  au.swin.ict.research.cs3.road.road4ws.core.deployer.ROADDeployer  - Service removed from Axis2
2018-04-01 19:28:07,566 [ManamentPolicyExecutorWorker-2] INFO  au.edu.swin.ict.road.composite.Composite  - New term with id 'endRoomRent' has been added to the contract with the id 'SC-HC'
2018-04-01 19:28:07,566 [ManamentPolicyExecutorWorker-2] INFO  au.edu.swin.ict.road.common.OrganiserMgtOpResult  - Term endRoomRent was successfully added
2018-04-01 19:28:07,566 [ManamentPolicyExecutorWorker-2] INFO  au.edu.swin.ict.road.composite.OrganiserRole  - Organiser: addNewOperation
2018-04-01 19:28:07,567 [ManamentPolicyExecutorWorker-2] INFO  au.swin.ict.research.cs3.road.road4ws.core.deployer.ROADDeployer  - Service removed from Axis2
2018-04-01 19:28:07,567 [ManamentPolicyExecutorWorker-2] INFO  au.swin.ict.research.cs3.road.road4ws.core.deployer.ROADDeployer  - Service removed from Axis2
2018-04-01 19:28:07,567 [ManamentPolicyExecutorWorker-2] INFO  au.edu.swin.ict.road.common.OrganiserMgtOpResult  - Operation successfully added
2018-04-01 19:28:07,567 [ManamentPolicyExecutorWorker-2] INFO  au.edu.swin.ict.road.composite.OrganiserRole  - Organiser: addwTerm, contractId: SC-HC
2018-04-01 19:28:07,568 [ManamentPolicyExecutorWorker-2] INFO  au.swin.ict.research.cs3.road.road4ws.core.deployer.ROADDeployer  - Service removed from Axis2
2018-04-01 19:28:07,568 [ManamentPolicyExecutorWorker-2] INFO  au.swin.ict.research.cs3.road.road4ws.core.deployer.ROADDeployer  - Service removed from Axis2
2018-04-01 19:28:07,568 [ManamentPolicyExecutorWorker-2] INFO  au.edu.swin.ict.road.composite.Composite  - New term with id 'payRoomRent' has been added to the contract with the id 'SC-HC'
2018-04-01 19:28:07,568 [ManamentPolicyExecutorWorker-2] INFO  au.edu.swin.ict.road.common.OrganiserMgtOpResult  - Term payRoomRent was successfully added
2018-04-01 19:28:07,568 [ManamentPolicyExecutorWorker-2] INFO  au.edu.swin.ict.road.composite.OrganiserRole  - Organiser: addNewOperation
2018-04-01 19:28:07,569 [ManamentPolicyExecutorWorker-2] INFO  au.swin.ict.research.cs3.road.road4ws.core.deployer.ROADDeployer  - Service removed from Axis2
2018-04-01 19:28:07,569 [ManamentPolicyExecutorWorker-2] INFO  au.swin.ict.research.cs3.road.road4ws.core.deployer.ROADDeployer  - Service removed from Axis2
2018-04-01 19:28:07,569 [ManamentPolicyExecutorWorker-2] INFO  au.edu.swin.ict.road.common.OrganiserMgtOpResult  - Operation successfully added
2018-04-01 19:28:07,569 [ManamentPolicyExecutorWorker-2] INFO  au.edu.swin.ict.road.common.OrganiserMgtOpResult  -  Task updated from SC.Analyze behavior CaseHandling
2018-04-01 19:28:07,569 [ManamentPolicyExecutorWorker-2] INFO  au.edu.swin.ict.road.common.OrganiserMgtOpResult  -  Task updated from SC.PayGC behavior RepairingByMacRepair
2018-04-01 19:28:07,570 [ManamentPolicyExecutorWorker-2] INFO  au.edu.swin.ict.road.common.OrganiserMgtOpResult  - BehaviorUnit RentingRoom has been added
2018-04-01 19:28:07,570 [ManamentPolicyExecutorWorker-2] INFO  au.edu.swin.ict.road.common.OrganiserMgtOpResult  - Task ref  HC.RentRoom added to RentingRoom
2018-04-01 19:28:07,570 [ManamentPolicyExecutorWorker-2] INFO  au.edu.swin.ict.road.common.OrganiserMgtOpResult  - Task ref  HC.EndRoomRent added to RentingRoom
2018-04-01 19:28:07,570 [ManamentPolicyExecutorWorker-2] INFO  au.edu.swin.ict.road.common.OrganiserMgtOpResult  - Task ref  SC.PayHC added to RentingRoom
2018-04-01 19:28:07,570 [ManamentPolicyExecutorWorker-2] INFO  au.edu.swin.ict.road.composite.OrganiserRole  - Organiser: add a behavior unit RentingRoom to the configuration design of the process : HappyToursP1
2018-04-01 19:28:07,570 [ManamentPolicyExecutorWorker-2] INFO  au.edu.swin.ict.road.common.OrganiserMgtOpResult  - Configuration design for the process  HappyToursP1 hss been updated with behavior unit : RentingRoom
2018-04-01 19:28:07,570 [ManamentPolicyExecutorWorker-2] INFO  au.edu.swin.ict.road.composite.OrganiserRole  - Organiser: Update a process : HappyToursP1
2018-04-01 19:28:07,570 [ManamentPolicyExecutorWorker-2] INFO  au.edu.swin.ict.road.common.OrganiserMgtOpResult  - ProcessDefinition HappyToursP1 hss been updated. property : CoT value : eMMNotify * eReimbursed * eTerminated
2018-04-01 19:28:07,590 [ManamentPolicyExecutorWorker-3] INFO  au.edu.swin.ict.road.composite.OperationalManagerRole  - Operational Manager : add sync regulation rule @ HC
2018-04-01 19:28:07,591 [ManamentPolicyExecutorWorker-3] INFO  au.edu.swin.ict.road.common.DroolsRules  - Reading KB from HC_SYN.drl
2018-04-01 19:28:07,591 [ManamentPolicyExecutorWorker-3] INFO  org.kie.scanner.embedder.MavenEmbedderUtils  - Not in OSGi: using plexus based maven parser
2018-04-01 19:28:07,725 [ManamentPolicyExecutorWorker-3] INFO  org.drools.compiler.kie.builder.impl.KieRepositoryImpl  - KieModule was added: MemoryKieModule[releaseId=HC_SYN.drl:road-rep:1.0.0]
2018-04-01 19:28:07,729 [ManamentPolicyExecutorWorker-3] INFO  au.edu.swin.ict.road.common.OperationalMgtOpResult  - The sync regulation rule @HChas been added.
2018-04-01 19:28:07,729 [ManamentPolicyExecutorWorker-3] INFO  au.edu.swin.ict.road.composite.OperationalManagerRole  - Operational Manager : add sync regulation rule @ SC
2018-04-01 19:28:07,729 [ManamentPolicyExecutorWorker-3] INFO  au.edu.swin.ict.road.common.DroolsRules  - Reading KB from SC_SYN_Diff.drl
2018-04-01 19:28:07,730 [ManamentPolicyExecutorWorker-3] INFO  org.kie.scanner.embedder.MavenEmbedderUtils  - Not in OSGi: using plexus based maven parser
2018-04-01 19:28:07,823 [ManamentPolicyExecutorWorker-3] INFO  org.drools.compiler.kie.builder.impl.KieRepositoryImpl  - KieModule was added: MemoryKieModule[releaseId=SC_SYN_Diff.drl:road-rep:1.0.0]
2018-04-01 19:28:07,827 [ManamentPolicyExecutorWorker-3] INFO  au.edu.swin.ict.road.common.OperationalMgtOpResult  - The sync regulation rule @SChas been added.
2018-04-01 19:28:07,827 [ManamentPolicyExecutorWorker-3] INFO  au.edu.swin.ict.road.composite.OperationalManagerRole  - Operational Manager : update regulation rule : notify
2018-04-01 19:28:07,827 [ManamentPolicyExecutorWorker-3] INFO  au.edu.swin.ict.road.common.DroolsRules  - Reading KB from MM_SYN_Diff_Replace.drl
2018-04-01 19:28:07,828 [ManamentPolicyExecutorWorker-3] INFO  org.kie.scanner.embedder.MavenEmbedderUtils  - Not in OSGi: using plexus based maven parser
2018-04-01 19:28:07,899 [ManamentPolicyExecutorWorker-3] INFO  org.drools.compiler.kie.builder.impl.KieRepositoryImpl  - KieModule was added: MemoryKieModule[releaseId=MM_SYN_Diff_Replace.drl:road-rep:1.0.0]
2018-04-01 19:28:07,906 [ManamentPolicyExecutorWorker-3] INFO  au.edu.swin.ict.road.common.OperationalMgtOpResult  - The sync regulation rulenotifyhas been updated.
2018-04-01 19:28:07,906 [ManamentPolicyExecutorWorker-3] INFO  au.edu.swin.ict.road.composite.OperationalManagerRole  - Operational Manager : add routing regulation rule @ HC
2018-04-01 19:28:07,906 [ManamentPolicyExecutorWorker-3] INFO  au.edu.swin.ict.road.common.DroolsRules  - Reading KB from HC_Routing.drl
2018-04-01 19:28:07,906 [ManamentPolicyExecutorWorker-3] INFO  org.kie.scanner.embedder.MavenEmbedderUtils  - Not in OSGi: using plexus based maven parser
2018-04-01 19:28:07,977 [ManamentPolicyExecutorWorker-3] INFO  org.drools.compiler.kie.builder.impl.KieRepositoryImpl  - KieModule was added: MemoryKieModule[releaseId=HC_Routing.drl:road-rep:1.0.0]
2018-04-01 19:28:07,980 [ManamentPolicyExecutorWorker-3] INFO  au.edu.swin.ict.road.common.OperationalMgtOpResult  - The routing regulation rule @HChas been added.
2018-04-01 19:28:07,980 [ManamentPolicyExecutorWorker-3] INFO  au.edu.swin.ict.road.composite.OperationalManagerRole  - Operational Manager : update routing rule : analyzeResponse,payGCResponse
2018-04-01 19:28:07,980 [ManamentPolicyExecutorWorker-3] INFO  au.edu.swin.ict.road.common.DroolsRules  - Reading KB from SC_Routing_Diff_Replace.drl
2018-04-01 19:28:07,980 [ManamentPolicyExecutorWorker-3] INFO  org.kie.scanner.embedder.MavenEmbedderUtils  - Not in OSGi: using plexus based maven parser
2018-04-01 19:28:08,051 [ManamentPolicyExecutorWorker-3] INFO  org.drools.compiler.kie.builder.impl.KieRepositoryImpl  - KieModule was added: MemoryKieModule[releaseId=SC_Routing_Diff_Replace.drl:road-rep:1.0.0]
2018-04-01 19:28:08,059 [ManamentPolicyExecutorWorker-3] INFO  au.edu.swin.ict.road.common.OperationalMgtOpResult  - The routing regulation ruleanalyzeResponse,payGCResponsehas been updated.
2018-04-01 19:28:08,059 [ManamentPolicyExecutorWorker-3] INFO  au.edu.swin.ict.road.composite.OperationalManagerRole  - Operational Manager : add routing regulation rule @ SC
2018-04-01 19:28:08,059 [ManamentPolicyExecutorWorker-3] INFO  au.edu.swin.ict.road.common.DroolsRules  - Reading KB from SC_Routing_Diff.drl
2018-04-01 19:28:08,060 [ManamentPolicyExecutorWorker-3] INFO  org.kie.scanner.embedder.MavenEmbedderUtils  - Not in OSGi: using plexus based maven parser
2018-04-01 19:28:08,164 [ManamentPolicyExecutorWorker-3] INFO  org.drools.compiler.kie.builder.impl.KieRepositoryImpl  - KieModule was added: MemoryKieModule[releaseId=SC_Routing_Diff.drl:road-rep:1.0.0]
2018-04-01 19:28:08,168 [ManamentPolicyExecutorWorker-3] INFO  au.edu.swin.ict.road.common.OperationalMgtOpResult  - The routing regulation rule @SChas been added.
2018-04-01 19:28:08,168 [ManamentPolicyExecutorWorker-3] INFO  au.edu.swin.ict.road.composite.OperationalManagerRole  - Operational Manager : add passthrough regulation rule @ SC-HC
2018-04-01 19:28:08,168 [ManamentPolicyExecutorWorker-3] INFO  au.edu.swin.ict.road.common.DroolsRules  - Reading KB from SC-HC.drl
2018-04-01 19:28:08,169 [ManamentPolicyExecutorWorker-3] INFO  org.kie.scanner.embedder.MavenEmbedderUtils  - Not in OSGi: using plexus based maven parser
2018-04-01 19:28:08,272 [ManamentPolicyExecutorWorker-3] INFO  org.drools.compiler.kie.builder.impl.KieRepositoryImpl  - KieModule was added: MemoryKieModule[releaseId=SC-HC.drl:road-rep:1.0.0]
2018-04-01 19:28:08,276 [ManamentPolicyExecutorWorker-3] INFO  au.edu.swin.ict.road.common.OperationalMgtOpResult  - The passthrough regulation rule @SC-HChas been added.
2018-04-01 19:28:08,276 [ManamentPolicyExecutorWorker-3] INFO  au.edu.swin.ict.road.composite.OperationalManagerRole  - Operational Manager : update  global rule : terminateV1
2018-04-01 19:28:08,276 [ManamentPolicyExecutorWorker-3] INFO  au.edu.swin.ict.road.common.DroolsRules  - Reading KB from roadside_global_diff_replace.drl
2018-04-01 19:28:08,277 [ManamentPolicyExecutorWorker-3] INFO  org.kie.scanner.embedder.MavenEmbedderUtils  - Not in OSGi: using plexus based maven parser
2018-04-01 19:28:08,341 [ManamentPolicyExecutorWorker-3] INFO  org.drools.compiler.kie.builder.impl.KieRepositoryImpl  - KieModule was added: MemoryKieModule[releaseId=roadside_global_diff_replace.drl:road-rep:1.0.0]
2018-04-01 19:28:08,345 [ManamentPolicyExecutorWorker-3] INFO  au.edu.swin.ict.road.common.OperationalMgtOpResult  - The global regulation ruleterminateV1has been updated.
2018-04-01 19:28:08,345 [ManamentPolicyExecutorWorker-3] INFO  au.edu.swin.ict.road.composite.OperationalManagerRole  - Operational Manager : add regulation unit : RentingRoom
2018-04-01 19:28:08,345 [ManamentPolicyExecutorWorker-3] INFO  au.edu.swin.ict.road.common.OperationalMgtOpResult  - The regulation unit RentingRoomhas been added.
2018-04-01 19:28:08,345 [ManamentPolicyExecutorWorker-3] INFO  au.edu.swin.ict.road.composite.OperationalManagerRole  - Operational Manager : add  sync rules to the regulation unit : RentingRoom
2018-04-01 19:28:08,345 [ManamentPolicyExecutorWorker-3] INFO  au.edu.swin.ict.road.common.OperationalMgtOpResult  - The sync rules to the regulation unit RentingRoomhave been added.
2018-04-01 19:28:08,345 [ManamentPolicyExecutorWorker-3] INFO  au.edu.swin.ict.road.composite.OperationalManagerRole  - Operational Manager : add routing rules to the regulation unit : RentingRoom
2018-04-01 19:28:08,345 [ManamentPolicyExecutorWorker-3] INFO  au.edu.swin.ict.road.common.OperationalMgtOpResult  - The routing rules to the regulation unit RentingRoomhave been added.
2018-04-01 19:28:08,345 [ManamentPolicyExecutorWorker-3] INFO  au.edu.swin.ict.road.composite.OperationalManagerRole  - Operational Manager : add passthrough rules to the regulation unit : RentingRoom
2018-04-01 19:28:08,345 [ManamentPolicyExecutorWorker-3] INFO  au.edu.swin.ict.road.common.OperationalMgtOpResult  - The passthrough rules to the regulation unit RentingRoomhave been added.
2018-04-01 19:28:08,346 [ManamentPolicyExecutorWorker-3] INFO  au.edu.swin.ict.road.composite.OperationalManagerRole  - Operational Manager : add regulation units RentingRoom to the process : HappyToursP1
2018-04-01 19:28:08,346 [ManamentPolicyExecutorWorker-3] INFO  au.edu.swin.ict.road.composite.Composite  - Deploying regulation policy of the process HappyToursP1 of the VSN : HappyTours as []
2018-04-01 19:28:08,346 [ManamentPolicyExecutorWorker-3] INFO  au.edu.swin.ict.road.composite.Composite  - Deploying regulation policy of the process HappyToursP1 of the VSN : HappyTours as [RentingRoom]
2018-04-01 19:28:08,346 [ManamentPolicyExecutorWorker-3] INFO  au.edu.swin.ict.road.common.OperationalMgtOpResult  - The regulation units to the process HappyToursP1have been added.
2018-04-01 19:28:08,346 [ManamentPolicyExecutorWorker-3] INFO  au.edu.swin.ict.road.composite.OperationalManagerRole  - Operational Manager : remove regulation unit : RentingRoom
2018-04-01 19:28:08,346 [ManamentPolicyExecutorWorker-3] INFO  au.edu.swin.ict.road.common.OperationalMgtOpResult  - The regulation unit RentingRoomhas been removed.
2018-04-01 19:28:08,346 [ManamentPolicyExecutorWorker-3] INFO  au.edu.swin.ict.road.composite.OperationalManagerRole  - Operational Manager : update regulation units RentingRoom of the process : HappyToursP1 property : state value : active
2018-04-01 19:28:08,346 [ManamentPolicyExecutorWorker-3] INFO  au.edu.swin.ict.road.common.OperationalMgtOpResult  - The regulation unit of the process HappyToursP1have been updated. property : state value : active
2018-04-01 19:28:08,358 [ManamentPolicyExecutorWorker-5] INFO  au.edu.swin.ict.road.composite.OrganiserRole  - Organiser: updateRole, roleId: HC
2018-04-01 19:28:08,358 [ManamentPolicyExecutorWorker-5] INFO  au.edu.swin.ict.road.common.OrganiserMgtOpResult  - Property stateof RoleHC was successfully updated with value active
2018-04-01 19:28:08,359 [ManamentPolicyExecutorWorker-5] INFO  au.edu.swin.ict.road.composite.OrganiserRole  - Organiser: update contract , contractId: SC-HC
2018-04-01 19:28:08,360 [ManamentPolicyExecutorWorker-5] INFO  au.edu.swin.ict.road.common.OrganiserMgtOpResult  - Update property state of BehaviorUnitRentingRoom is done
2018-04-01 19:28:08,360 [ManamentPolicyExecutorWorker-5] INFO  MGT  - 1522603688360
2018-04-01 19:29:46,942 [Timer-2] INFO  au.swin.ict.research.cs3.road.road4ws.core.deployer.MgtPolicyDeployer  - [ROAD4WS] Deploying management policies from the file : /home/indika/speevol/apache-tomcat-9.0.6_sdsn/webapps/axis2/WEB-INF/road_mgt/ms8mgtremove.xml
2018-04-01 19:29:46,943 [Timer-2] INFO  au.swin.ict.research.cs3.road.road4ws.core.deployer.MgtPolicyDeployer  - Loading VSNs conf from /home/indika/speevol/apache-tomcat-9.0.6_sdsn/webapps/axis2/WEB-INF/road_mgt/ms8mgtremove.xml
2018-04-01 19:29:46,947 [Thread-15] INFO  au.edu.swin.ict.road.composite.OrganiserRole  - Got a management policy to admit 
es8_org_remove.drl
2018-04-01 19:29:46,949 [Thread-16] INFO  au.edu.swin.ict.road.composite.OperationalManagerRole  - Got a management policyto admit 
es8_opr_remove.drl
2018-04-01 19:29:46,949 [Thread-15] INFO  au.edu.swin.ict.road.common.DroolsRules  - Reading KB from es8_org_remove.drl
2018-04-01 19:29:46,949 [Thread-16] INFO  au.edu.swin.ict.road.common.DroolsRules  - Reading KB from es8_opr_remove.drl
2018-04-01 19:29:46,951 [Thread-16] INFO  org.kie.scanner.embedder.MavenEmbedderUtils  - Not in OSGi: using plexus based maven parser
2018-04-01 19:29:46,951 [Thread-15] INFO  org.kie.scanner.embedder.MavenEmbedderUtils  - Not in OSGi: using plexus based maven parser
2018-04-01 19:29:47,165 [Thread-16] INFO  org.drools.compiler.kie.builder.impl.KieRepositoryImpl  - KieModule was added: MemoryKieModule[releaseId=es8_opr_remove.drl:road-rep:1.0.0]
2018-04-01 19:29:47,171 [Thread-16] INFO  au.edu.swin.ict.road.common.OrganiserMgtOpResult  - Management policy applied in .221670267nanoseconds
2018-04-01 19:29:47,212 [Thread-15] INFO  org.drools.compiler.kie.builder.impl.KieRepositoryImpl  - KieModule was added: MemoryKieModule[releaseId=es8_org_remove.drl:road-rep:1.0.0]
2018-04-01 19:29:47,216 [ManamentPolicyExecutorWorker-7] INFO  MGT  - 1522603787216
2018-04-01 19:29:47,216 [ManamentPolicyExecutorWorker-7] INFO  au.edu.swin.ict.road.composite.OperationalManagerRole  - Operational Manager : update regulation units RentingRoom of the process : HappyToursP1 property : state value : passive
2018-04-01 19:29:47,227 [Thread-15] INFO  au.edu.swin.ict.road.common.OrganiserMgtOpResult  - Management policy applied in .278133341nanoseconds
2018-04-01 19:29:47,259 [ManamentPolicyExecutorWorker-7] INFO  au.edu.swin.ict.road.common.OperationalMgtOpResult  - The regulation unit of the process HappyToursP1have been updated. property : state value : passive
2018-04-01 19:29:47,288 [ManamentPolicyExecutorWorker-7] INFO  au.edu.swin.ict.road.composite.OperationalManagerRole  - Operational Manager : remove regulation unit : RentingRoom
2018-04-01 19:29:47,288 [ManamentPolicyExecutorWorker-7] INFO  au.edu.swin.ict.road.common.OperationalMgtOpResult  - The regulation unit RentingRoomhas been removed.
2018-04-01 19:29:47,288 [ManamentPolicyExecutorWorker-7] INFO  au.edu.swin.ict.road.composite.OperationalManagerRole  - Operational Manager : remove regulation units RentingRoom from the process : HappyToursP1
2018-04-01 19:29:47,288 [ManamentPolicyExecutorWorker-7] INFO  au.edu.swin.ict.road.common.OperationalMgtOpResult  - The regulation units from the process HappyToursP1have been removed.
2018-04-01 19:29:47,288 [ManamentPolicyExecutorWorker-7] INFO  au.edu.swin.ict.road.composite.OperationalManagerRole  - Operational Manager : remove  sync rules from the regulation unit : RentingRoom
2018-04-01 19:29:47,288 [ManamentPolicyExecutorWorker-7] INFO  au.edu.swin.ict.road.common.OperationalMgtOpResult  - The sync rules to the regulation unit RentingRoomhave been added.
2018-04-01 19:29:47,288 [ManamentPolicyExecutorWorker-7] INFO  au.edu.swin.ict.road.composite.OperationalManagerRole  - Operational Manager : remove routing rules from the regulation unit : RentingRoom
2018-04-01 19:29:47,288 [ManamentPolicyExecutorWorker-7] INFO  au.edu.swin.ict.road.common.OperationalMgtOpResult  - The routing rules to the regulation unit RentingRoomhave been added.
2018-04-01 19:29:47,288 [ManamentPolicyExecutorWorker-7] INFO  au.edu.swin.ict.road.composite.OperationalManagerRole  - Operational Manager : remove passthrough rules from the regulation unit : RentingRoom
2018-04-01 19:29:47,288 [ManamentPolicyExecutorWorker-7] INFO  au.edu.swin.ict.road.common.OperationalMgtOpResult  - The passthrough rules to the regulation unit RentingRoomhave been added.
2018-04-01 19:29:47,288 [ManamentPolicyExecutorWorker-7] INFO  au.edu.swin.ict.road.composite.OperationalManagerRole  - Operational Manager : remove regulation unit : RentingRoom
2018-04-01 19:29:47,288 [ManamentPolicyExecutorWorker-7] INFO  au.edu.swin.ict.road.common.OperationalMgtOpResult  - The regulation unit RentingRoomhas been removed.
2018-04-01 19:29:47,288 [ManamentPolicyExecutorWorker-7] INFO  au.edu.swin.ict.road.composite.OperationalManagerRole  - Operational Manager : remove sync regulation rule : rentRoom,endRoomRent
2018-04-01 19:29:47,295 [ManamentPolicyExecutorWorker-7] INFO  au.edu.swin.ict.road.common.OperationalMgtOpResult  - The sync regulation rulerentRoom,endRoomRenthas been removed.
2018-04-01 19:29:47,295 [ManamentPolicyExecutorWorker-7] INFO  au.edu.swin.ict.road.composite.OperationalManagerRole  - Operational Manager : remove sync regulation rule : payHC
2018-04-01 19:29:47,295 [ManamentPolicyExecutorWorker-7] INFO  au.edu.swin.ict.road.common.OperationalMgtOpResult  - The sync regulation rulepayHChas been removed.
2018-04-01 19:29:47,295 [ManamentPolicyExecutorWorker-7] INFO  au.edu.swin.ict.road.composite.OperationalManagerRole  - Operational Manager : update regulation rule : notify
2018-04-01 19:29:47,295 [ManamentPolicyExecutorWorker-7] INFO  au.edu.swin.ict.road.common.DroolsRules  - Reading KB from MM_SYN.drl
2018-04-01 19:29:47,295 [ManamentPolicyExecutorWorker-7] INFO  org.kie.scanner.embedder.MavenEmbedderUtils  - Not in OSGi: using plexus based maven parser
2018-04-01 19:29:47,449 [ManamentPolicyExecutorWorker-7] INFO  org.drools.compiler.kie.builder.impl.KieRepositoryImpl  - KieModule was added: MemoryKieModule[releaseId=MM_SYN.drl:road-rep:1.0.0]
2018-04-01 19:29:47,840 [ManamentPolicyExecutorWorker-7] INFO  au.edu.swin.ict.road.common.OperationalMgtOpResult  - The sync regulation rulenotifyhas been updated.
2018-04-01 19:29:47,841 [ManamentPolicyExecutorWorker-7] INFO  au.edu.swin.ict.road.composite.OperationalManagerRole  - Operational Manager : remove routing regulation rule : rentRoomResponse,endRoomRentResponse
2018-04-01 19:29:47,847 [ManamentPolicyExecutorWorker-7] INFO  au.edu.swin.ict.road.common.OperationalMgtOpResult  - The routing regulation rulerentRoomResponse,endRoomRentResponsehas been removed.
2018-04-01 19:29:47,847 [ManamentPolicyExecutorWorker-7] INFO  au.edu.swin.ict.road.composite.OperationalManagerRole  - Operational Manager : update routing rule : analyzeResponse,payGCResponse
2018-04-01 19:29:47,847 [ManamentPolicyExecutorWorker-7] INFO  au.edu.swin.ict.road.common.DroolsRules  - Reading KB from SC_Routing_Diff_ReplaceV2.drl
2018-04-01 19:29:47,848 [ManamentPolicyExecutorWorker-7] INFO  org.kie.scanner.embedder.MavenEmbedderUtils  - Not in OSGi: using plexus based maven parser
2018-04-01 19:29:47,971 [ManamentPolicyExecutorWorker-7] INFO  org.drools.compiler.kie.builder.impl.KieRepositoryImpl  - KieModule was added: MemoryKieModule[releaseId=SC_Routing_Diff_ReplaceV2.drl:road-rep:1.0.0]
2018-04-01 19:29:47,979 [ManamentPolicyExecutorWorker-7] INFO  au.edu.swin.ict.road.common.OperationalMgtOpResult  - The routing regulation ruleanalyzeResponse,payGCResponsehas been updated.
2018-04-01 19:29:47,979 [ManamentPolicyExecutorWorker-7] INFO  au.edu.swin.ict.road.composite.OperationalManagerRole  - Operational Manager : remove routing regulation rule : payHCResponse
2018-04-01 19:29:47,979 [ManamentPolicyExecutorWorker-7] INFO  au.edu.swin.ict.road.common.OperationalMgtOpResult  - The routing regulation rulepayHCResponsehas been removed.
2018-04-01 19:29:47,980 [ManamentPolicyExecutorWorker-7] INFO  au.edu.swin.ict.road.composite.OperationalManagerRole  - Operational Manager : remove passthrough regulation rule : rentRoom,rentRoomResponse,endRoomRent,endRoomRentResponse,payRoomRent,payRoomRentResponse
2018-04-01 19:29:47,981 [ManamentPolicyExecutorWorker-7] INFO  au.edu.swin.ict.road.common.OperationalMgtOpResult  - The passthrough regulation rulerentRoom,rentRoomResponse,endRoomRent,endRoomRentResponse,payRoomRent,payRoomRentResponsehas been removed.
2018-04-01 19:29:47,981 [ManamentPolicyExecutorWorker-7] INFO  au.edu.swin.ict.road.composite.OperationalManagerRole  - Operational Manager : update  global rule : terminateV1
2018-04-01 19:29:47,981 [ManamentPolicyExecutorWorker-7] INFO  au.edu.swin.ict.road.common.DroolsRules  - Reading KB from roadside_global_diff_replaceV2.drl
2018-04-01 19:29:47,982 [ManamentPolicyExecutorWorker-7] INFO  org.kie.scanner.embedder.MavenEmbedderUtils  - Not in OSGi: using plexus based maven parser
2018-04-01 19:29:48,053 [ManamentPolicyExecutorWorker-7] INFO  org.drools.compiler.kie.builder.impl.KieRepositoryImpl  - KieModule was added: MemoryKieModule[releaseId=roadside_global_diff_replaceV2.drl:road-rep:1.0.0]
2018-04-01 19:29:48,066 [ManamentPolicyExecutorWorker-7] INFO  au.edu.swin.ict.road.common.OperationalMgtOpResult  - The global regulation ruleterminateV1has been updated.
2018-04-01 19:29:48,071 [ManamentPolicyExecutorWorker-15] INFO  au.edu.swin.ict.road.composite.OrganiserRole  - Organiser: updateRole, roleId: HC
2018-04-01 19:29:48,073 [ManamentPolicyExecutorWorker-15] INFO  au.edu.swin.ict.road.common.OrganiserMgtOpResult  - Property stateof RoleHC was successfully updated with value passive
2018-04-01 19:29:48,074 [ManamentPolicyExecutorWorker-15] INFO  au.edu.swin.ict.road.composite.OrganiserRole  - Organiser: update contract , contractId: SC-HC
2018-04-01 19:29:48,074 [ManamentPolicyExecutorWorker-15] INFO  au.edu.swin.ict.road.common.OrganiserMgtOpResult  - Update property state of BehaviorUnitRentingRoom is done
2018-04-01 19:29:48,074 [ManamentPolicyExecutorWorker-15] INFO  au.edu.swin.ict.road.composite.OrganiserRole  - Organiser: remove a behavior unit RentingRoom from the configuration design of the process : HappyToursP1
2018-04-01 19:29:48,074 [ManamentPolicyExecutorWorker-15] INFO  au.edu.swin.ict.road.common.OrganiserMgtOpResult  - Configuration design for the process  HappyToursP1 hss been updated by removing the behavior unit : RentingRoom
2018-04-01 19:29:48,074 [ManamentPolicyExecutorWorker-15] INFO  au.edu.swin.ict.road.common.OrganiserMgtOpResult  -  Task removed from HC.RentRoom behavior RentingRoom
2018-04-01 19:29:48,074 [ManamentPolicyExecutorWorker-15] INFO  au.edu.swin.ict.road.common.OrganiserMgtOpResult  -  Task removed from HC.EndRoomRent behavior RentingRoom
2018-04-01 19:29:48,074 [ManamentPolicyExecutorWorker-15] INFO  au.edu.swin.ict.road.common.OrganiserMgtOpResult  -  Task removed from SC.PayHC behavior RentingRoom
2018-04-01 19:29:48,074 [ManamentPolicyExecutorWorker-15] INFO  au.edu.swin.ict.road.common.OrganiserMgtOpResult  -  Behavior removed RentingRoom
2018-04-01 19:29:48,074 [ManamentPolicyExecutorWorker-15] INFO  au.edu.swin.ict.road.composite.OrganiserRole  - Organiser: removeTerm, termId: rentRoom
2018-04-01 19:29:48,074 [ManamentPolicyExecutorWorker-15] INFO  au.swin.ict.research.cs3.road.road4ws.core.deployer.ROADDeployer  - Service removed from Axis2
2018-04-01 19:29:48,075 [ManamentPolicyExecutorWorker-15] INFO  au.swin.ict.research.cs3.road.road4ws.core.deployer.ROADDeployer  - Service removed from Axis2
2018-04-01 19:29:48,075 [ManamentPolicyExecutorWorker-15] INFO  au.edu.swin.ict.road.composite.Composite  - The term with the id 'rentRoom' has been removed from the contract with the id 'SC-HC'.
2018-04-01 19:29:48,075 [ManamentPolicyExecutorWorker-15] INFO  au.edu.swin.ict.road.common.OrganiserMgtOpResult  - Term rentRoom was successfully removed
2018-04-01 19:29:48,075 [ManamentPolicyExecutorWorker-15] INFO  au.edu.swin.ict.road.composite.OrganiserRole  - Organiser: removeTerm, termId: endRoomRent
2018-04-01 19:29:48,076 [ManamentPolicyExecutorWorker-15] INFO  au.swin.ict.research.cs3.road.road4ws.core.deployer.ROADDeployer  - Service removed from Axis2
2018-04-01 19:29:48,076 [ManamentPolicyExecutorWorker-15] INFO  au.swin.ict.research.cs3.road.road4ws.core.deployer.ROADDeployer  - Service removed from Axis2
2018-04-01 19:29:48,076 [ManamentPolicyExecutorWorker-15] INFO  au.edu.swin.ict.road.composite.Composite  - The term with the id 'endRoomRent' has been removed from the contract with the id 'SC-HC'.
2018-04-01 19:29:48,076 [ManamentPolicyExecutorWorker-15] INFO  au.edu.swin.ict.road.common.OrganiserMgtOpResult  - Term endRoomRent was successfully removed
2018-04-01 19:29:48,076 [ManamentPolicyExecutorWorker-15] INFO  au.edu.swin.ict.road.composite.OrganiserRole  - Organiser: removeTerm, termId: payRoomRent
2018-04-01 19:29:48,077 [ManamentPolicyExecutorWorker-15] INFO  au.swin.ict.research.cs3.road.road4ws.core.deployer.ROADDeployer  - Service removed from Axis2
2018-04-01 19:29:48,077 [ManamentPolicyExecutorWorker-15] INFO  au.swin.ict.research.cs3.road.road4ws.core.deployer.ROADDeployer  - Service removed from Axis2
2018-04-01 19:29:48,077 [ManamentPolicyExecutorWorker-15] INFO  au.edu.swin.ict.road.composite.Composite  - The term with the id 'payRoomRent' has been removed from the contract with the id 'SC-HC'.
2018-04-01 19:29:48,077 [ManamentPolicyExecutorWorker-15] INFO  au.edu.swin.ict.road.common.OrganiserMgtOpResult  - Term payRoomRent was successfully removed
2018-04-01 19:29:48,077 [ManamentPolicyExecutorWorker-15] INFO  au.edu.swin.ict.road.composite.OrganiserRole  - Organiser: removeContract, contractId: SC-HC
2018-04-01 19:29:48,078 [ManamentPolicyExecutorWorker-15] INFO  au.swin.ict.research.cs3.road.road4ws.core.deployer.ROADDeployer  - Service removed from Axis2
2018-04-01 19:29:48,078 [ManamentPolicyExecutorWorker-15] INFO  au.swin.ict.research.cs3.road.road4ws.core.deployer.ROADDeployer  - Service removed from Axis2
2018-04-01 19:29:48,078 [ManamentPolicyExecutorWorker-15] INFO  au.edu.swin.ict.road.composite.Composite  - Contract with the id 'SC-HC' has been removed from the composite
2018-04-01 19:29:48,078 [ManamentPolicyExecutorWorker-15] INFO  au.edu.swin.ict.road.composite.Composite  - Contract with the id 'SC-HC' was not removed as it could not be found
2018-04-01 19:29:48,078 [ManamentPolicyExecutorWorker-15] INFO  au.edu.swin.ict.road.common.OrganiserMgtOpResult  - Contract with the id 'SC-HC' has been removed from thcomposite
2018-04-01 19:29:48,078 [ManamentPolicyExecutorWorker-15] INFO  au.edu.swin.ict.road.common.OrganiserMgtOpResult  -  Task removed from RentRoom role HC
2018-04-01 19:29:48,078 [ManamentPolicyExecutorWorker-15] INFO  au.edu.swin.ict.road.common.OrganiserMgtOpResult  -  Task removed from EndRoomRent role HC
2018-04-01 19:29:48,078 [ManamentPolicyExecutorWorker-15] INFO  au.edu.swin.ict.road.composite.OrganiserRole  - Organiser: remove, roleId: HC
2018-04-01 19:29:48,078 [ManamentPolicyExecutorWorker-15] INFO  au.edu.swin.ict.road.composite.Composite  - Role with id 'HC' has been removed from this composite.
2018-04-01 19:29:48,079 [ManamentPolicyExecutorWorker-15] INFO  au.swin.ict.research.cs3.road.road4ws.core.deployer.ROADDeployer  - Service removed from Axis2
2018-04-01 19:29:48,079 [ManamentPolicyExecutorWorker-15] INFO  au.edu.swin.ict.road.common.OrganiserMgtOpResult  - RoleHC has been sucessfully removed
2018-04-01 19:29:48,079 [ManamentPolicyExecutorWorker-15] INFO  au.edu.swin.ict.road.common.OrganiserMgtOpResult  -  Task removed from PayHC role SC
2018-04-01 19:29:48,079 [ManamentPolicyExecutorWorker-15] INFO  au.edu.swin.ict.road.common.OrganiserMgtOpResult  - Updated the task : PayGC of the role :SC
2018-04-01 19:29:48,079 [ManamentPolicyExecutorWorker-15] INFO  au.edu.swin.ict.road.common.OrganiserMgtOpResult  - Updated the task : Analyze of the role :SC
2018-04-01 19:29:48,079 [ManamentPolicyExecutorWorker-15] INFO  au.edu.swin.ict.road.common.OrganiserMgtOpResult  -  Task updated from SC.Analyze behavior CaseHandling
2018-04-01 19:29:48,079 [ManamentPolicyExecutorWorker-15] INFO  au.edu.swin.ict.road.common.OrganiserMgtOpResult  -  Task updated from SC.PayGC behavior RepairingByMacRepair
2018-04-01 19:29:48,079 [ManamentPolicyExecutorWorker-15] INFO  au.edu.swin.ict.road.composite.OrganiserRole  - Organiser: Update a process : HappyToursP1
2018-04-01 19:29:48,079 [ManamentPolicyExecutorWorker-15] INFO  au.edu.swin.ict.road.common.OrganiserMgtOpResult  - ProcessDefinition HappyToursP1 hss been updated. property : CoT value : eMMNotify * eReimbursed
2018-04-01 19:29:48,079 [ManamentPolicyExecutorWorker-15] INFO  MGT  - 1522603788079
