01-Apr-2018 23:11:10.097 SEVERE [main] org.apache.catalina.startup.Catalina.initDirs Cannot find specified temporary folder at [/home/indika/speevol/apache-tomcat-9.0.6_sdsn/temp]
01-Apr-2018 23:11:10.474 INFO [main] org.apache.catalina.startup.VersionLoggerListener.log Server version:        Apache Tomcat/9.0.6
01-Apr-2018 23:11:10.474 INFO [main] org.apache.catalina.startup.VersionLoggerListener.log Server built:          Mar 5 2018 09:34:35 UTC
01-Apr-2018 23:11:10.474 INFO [main] org.apache.catalina.startup.VersionLoggerListener.log Server number:         9.0.6.0
01-Apr-2018 23:11:10.474 INFO [main] org.apache.catalina.startup.VersionLoggerListener.log OS Name:               Linux
01-Apr-2018 23:11:10.474 INFO [main] org.apache.catalina.startup.VersionLoggerListener.log OS Version:            4.4.0-116-generic
01-Apr-2018 23:11:10.474 INFO [main] org.apache.catalina.startup.VersionLoggerListener.log Architecture:          amd64
01-Apr-2018 23:11:10.475 INFO [main] org.apache.catalina.startup.VersionLoggerListener.log Java Home:             /usr/lib/jvm/java-8-oracle/jre
01-Apr-2018 23:11:10.475 INFO [main] org.apache.catalina.startup.VersionLoggerListener.log JVM Version:           1.8.0_161-b12
01-Apr-2018 23:11:10.475 INFO [main] org.apache.catalina.startup.VersionLoggerListener.log JVM Vendor:            Oracle Corporation
01-Apr-2018 23:11:10.475 INFO [main] org.apache.catalina.startup.VersionLoggerListener.log CATALINA_BASE:         /home/indika/speevol/apache-tomcat-9.0.6_sdsn
01-Apr-2018 23:11:10.475 INFO [main] org.apache.catalina.startup.VersionLoggerListener.log CATALINA_HOME:         /home/indika/speevol/apache-tomcat-9.0.6_sdsn
01-Apr-2018 23:11:10.476 INFO [main] org.apache.catalina.startup.VersionLoggerListener.log Command line argument: -Djava.util.logging.config.file=/home/indika/speevol/apache-tomcat-9.0.6_sdsn/conf/logging.properties
01-Apr-2018 23:11:10.476 INFO [main] org.apache.catalina.startup.VersionLoggerListener.log Command line argument: -Djava.util.logging.manager=org.apache.juli.ClassLoaderLogManager
01-Apr-2018 23:11:10.476 INFO [main] org.apache.catalina.startup.VersionLoggerListener.log Command line argument: -Djdk.tls.ephemeralDHKeySize=2048
01-Apr-2018 23:11:10.476 INFO [main] org.apache.catalina.startup.VersionLoggerListener.log Command line argument: -Djava.protocol.handler.pkgs=org.apache.catalina.webresources
01-Apr-2018 23:11:10.476 INFO [main] org.apache.catalina.startup.VersionLoggerListener.log Command line argument: -Xms256m
01-Apr-2018 23:11:10.476 INFO [main] org.apache.catalina.startup.VersionLoggerListener.log Command line argument: -Xmx2048m
01-Apr-2018 23:11:10.477 INFO [main] org.apache.catalina.startup.VersionLoggerListener.log Command line argument: -Dignore.endorsed.dirs=
01-Apr-2018 23:11:10.477 INFO [main] org.apache.catalina.startup.VersionLoggerListener.log Command line argument: -Dcatalina.base=/home/indika/speevol/apache-tomcat-9.0.6_sdsn
01-Apr-2018 23:11:10.477 INFO [main] org.apache.catalina.startup.VersionLoggerListener.log Command line argument: -Dcatalina.home=/home/indika/speevol/apache-tomcat-9.0.6_sdsn
01-Apr-2018 23:11:10.477 INFO [main] org.apache.catalina.startup.VersionLoggerListener.log Command line argument: -Djava.io.tmpdir=/home/indika/speevol/apache-tomcat-9.0.6_sdsn/temp
01-Apr-2018 23:11:10.477 INFO [main] org.apache.catalina.core.AprLifecycleListener.lifecycleEvent The APR based Apache Tomcat Native library which allows optimal performance in production environments was not found on the java.library.path: [/usr/java/packages/lib/amd64:/usr/lib64:/lib64:/lib:/usr/lib]
01-Apr-2018 23:11:10.650 INFO [main] org.apache.coyote.AbstractProtocol.init Initializing ProtocolHandler ["http-nio-8080"]
01-Apr-2018 23:11:10.661 INFO [main] org.apache.tomcat.util.net.NioSelectorPool.getSharedSelector Using a shared selector for servlet write/read
01-Apr-2018 23:11:10.667 INFO [main] org.apache.coyote.AbstractProtocol.init Initializing ProtocolHandler ["ajp-nio-8009"]
01-Apr-2018 23:11:10.670 INFO [main] org.apache.tomcat.util.net.NioSelectorPool.getSharedSelector Using a shared selector for servlet write/read
01-Apr-2018 23:11:10.671 INFO [main] org.apache.catalina.startup.Catalina.load Initialization processed in 574 ms
01-Apr-2018 23:11:10.694 INFO [main] org.apache.catalina.core.StandardService.startInternal Starting service [Catalina]
01-Apr-2018 23:11:10.695 INFO [main] org.apache.catalina.core.StandardEngine.startInternal Starting Servlet Engine: Apache Tomcat/9.0.6
01-Apr-2018 23:11:10.711 INFO [main] org.apache.catalina.startup.HostConfig.deployWAR Deploying web application archive [/home/indika/speevol/apache-tomcat-9.0.6_sdsn/webapps/axis2.war]
01-Apr-2018 23:11:15.368 INFO [main] org.apache.jasper.servlet.TldScanner.scanJars At least one JAR was scanned for TLDs yet contained no TLDs. Enable debug logging for this logger for a complete list of JARs that were scanned but no TLDs were found in them. Skipping unneeded JARs during scanning can improve startup time and JSP compilation time.
01-Apr-2018 23:11:18.228 WARNING [main] org.apache.catalina.util.SessionIdGeneratorBase.createSecureRandom Creation of SecureRandom instance for session ID generation using [SHA1PRNG] took [2,850] milliseconds.
01-Apr-2018 23:11:19.410 INFO [main] org.apache.catalina.startup.HostConfig.deployWAR Deployment of web application archive [/home/indika/speevol/apache-tomcat-9.0.6_sdsn/webapps/axis2.war] has finished in [8,699] ms
01-Apr-2018 23:11:19.411 INFO [main] org.apache.catalina.startup.HostConfig.deployDirectory Deploying web application directory [/home/indika/speevol/apache-tomcat-9.0.6_sdsn/webapps/ROOT]
01-Apr-2018 23:11:19.428 INFO [main] org.apache.catalina.startup.HostConfig.deployDirectory Deployment of web application directory [/home/indika/speevol/apache-tomcat-9.0.6_sdsn/webapps/ROOT] has finished in [16] ms
01-Apr-2018 23:11:19.428 INFO [main] org.apache.catalina.startup.HostConfig.deployDirectory Deploying web application directory [/home/indika/speevol/apache-tomcat-9.0.6_sdsn/webapps/manager]
01-Apr-2018 23:11:19.454 INFO [main] org.apache.catalina.startup.HostConfig.deployDirectory Deployment of web application directory [/home/indika/speevol/apache-tomcat-9.0.6_sdsn/webapps/manager] has finished in [25] ms
01-Apr-2018 23:11:19.454 INFO [main] org.apache.catalina.startup.HostConfig.deployDirectory Deploying web application directory [/home/indika/speevol/apache-tomcat-9.0.6_sdsn/webapps/docs]
01-Apr-2018 23:11:19.465 INFO [main] org.apache.catalina.startup.HostConfig.deployDirectory Deployment of web application directory [/home/indika/speevol/apache-tomcat-9.0.6_sdsn/webapps/docs] has finished in [11] ms
01-Apr-2018 23:11:19.465 INFO [main] org.apache.catalina.startup.HostConfig.deployDirectory Deploying web application directory [/home/indika/speevol/apache-tomcat-9.0.6_sdsn/webapps/examples]
01-Apr-2018 23:11:19.614 INFO [main] org.apache.catalina.startup.HostConfig.deployDirectory Deployment of web application directory [/home/indika/speevol/apache-tomcat-9.0.6_sdsn/webapps/examples] has finished in [149] ms
01-Apr-2018 23:11:19.615 INFO [main] org.apache.catalina.startup.HostConfig.deployDirectory Deploying web application directory [/home/indika/speevol/apache-tomcat-9.0.6_sdsn/webapps/host-manager]
01-Apr-2018 23:11:19.628 INFO [main] org.apache.catalina.startup.HostConfig.deployDirectory Deployment of web application directory [/home/indika/speevol/apache-tomcat-9.0.6_sdsn/webapps/host-manager] has finished in [13] ms
01-Apr-2018 23:11:19.630 INFO [main] org.apache.coyote.AbstractProtocol.start Starting ProtocolHandler ["http-nio-8080"]
01-Apr-2018 23:11:19.639 INFO [main] org.apache.coyote.AbstractProtocol.start Starting ProtocolHandler ["ajp-nio-8009"]
01-Apr-2018 23:11:19.642 INFO [main] org.apache.catalina.startup.Catalina.start Server startup in 8970 ms
[INFO] 4346
[INFO] 1522617300089
Organizational management policy es4_org_stage1 has been started.
Organizational management policy es4_org_stage1 has been completed successfully.
Operational management policy es4_opr_stage1 has been started.
Operational management policy es4_opr_stage1 has been completed successfully.
Organizational management policy es4_org_stage2 has been started.
Organizational management policy es4_org_stage2 has been completed successfully.
[INFO] 1522617301028
