2018-04-01 21:37:26,830 [main] INFO  org.apache.axis2.deployment.ClusterBuilder  - Clustering has been disabled
2018-04-01 21:37:26,920 [main] WARN  org.apache.axis2.deployment.util.Utils  - Exception extracting jars into temporary directory : java.io.IOException: No such file or directory : switching to alternate class loading mechanism
2018-04-01 21:37:26,947 [main] INFO  org.apache.axis2.deployment.ModuleDeployer  - Deploying module: soapmonitor-1.7.7 - file:/home/indika/speevol/apache-tomcat-9.0.6_sdsn/webapps/axis2/WEB-INF/modules/soapmonitor-1.7.7.mar
2018-04-01 21:37:26,948 [main] WARN  org.apache.axis2.deployment.util.Utils  - Exception extracting jars into temporary directory : java.io.IOException: No such file or directory : switching to alternate class loading mechanism
2018-04-01 21:37:26,952 [main] INFO  org.apache.axis2.deployment.ModuleDeployer  - Deploying module: script-1.7.7 - file:/home/indika/speevol/apache-tomcat-9.0.6_sdsn/webapps/axis2/WEB-INF/modules/scripting-1.7.7.mar
2018-04-01 21:37:26,952 [main] WARN  org.apache.axis2.deployment.util.Utils  - Exception extracting jars into temporary directory : java.io.IOException: No such file or directory : switching to alternate class loading mechanism
2018-04-01 21:37:26,959 [main] INFO  org.apache.axis2.deployment.ModuleDeployer  - Deploying module: mtompolicy-1.7.7 - file:/home/indika/speevol/apache-tomcat-9.0.6_sdsn/webapps/axis2/WEB-INF/modules/mtompolicy-1.7.7.mar
2018-04-01 21:37:26,959 [main] WARN  org.apache.axis2.deployment.util.Utils  - Exception extracting jars into temporary directory : java.io.IOException: No such file or directory : switching to alternate class loading mechanism
2018-04-01 21:37:26,972 [main] INFO  org.apache.axis2.deployment.ModuleDeployer  - Deploying module: metadataExchange-1.7.7 - file:/home/indika/speevol/apache-tomcat-9.0.6_sdsn/webapps/axis2/WEB-INF/modules/mex-1.7.7.mar
2018-04-01 21:37:26,972 [main] WARN  org.apache.axis2.deployment.util.Utils  - Exception extracting jars into temporary directory : java.io.IOException: No such file or directory : switching to alternate class loading mechanism
2018-04-01 21:37:26,976 [main] INFO  org.apache.axis2.deployment.ModuleDeployer  - Deploying module: ping-1.7.7 - file:/home/indika/speevol/apache-tomcat-9.0.6_sdsn/webapps/axis2/WEB-INF/modules/ping-1.7.7.mar
2018-04-01 21:37:26,977 [main] WARN  org.apache.axis2.deployment.util.Utils  - Exception extracting jars into temporary directory : java.io.IOException: No such file or directory : switching to alternate class loading mechanism
2018-04-01 21:37:26,980 [main] INFO  org.apache.axis2.deployment.ModuleDeployer  - Deploying module: ROADModule - file:/home/indika/speevol/apache-tomcat-9.0.6_sdsn/webapps/axis2/WEB-INF/modules/roadmodule.mar
2018-04-01 21:37:26,980 [main] WARN  org.apache.axis2.deployment.util.Utils  - Exception extracting jars into temporary directory : java.io.IOException: No such file or directory : switching to alternate class loading mechanism
2018-04-01 21:37:26,986 [main] INFO  org.apache.axis2.deployment.ModuleDeployer  - Deploying module: jaxws-1.7.7 - file:/home/indika/speevol/apache-tomcat-9.0.6_sdsn/webapps/axis2/WEB-INF/modules/axis2-jaxws-mar-1.7.7.mar
2018-04-01 21:37:26,986 [main] WARN  org.apache.axis2.deployment.util.Utils  - Exception extracting jars into temporary directory : java.io.IOException: No such file or directory : switching to alternate class loading mechanism
2018-04-01 21:37:26,998 [main] INFO  org.apache.axis2.deployment.ModuleDeployer  - Deploying module: addressing-1.7.7 - file:/home/indika/speevol/apache-tomcat-9.0.6_sdsn/webapps/axis2/WEB-INF/modules/addressing-1.7.7.mar
2018-04-01 21:37:27,023 [main] WARN  org.apache.axis2.deployment.util.Utils  - Exception extracting jars into temporary directory : java.io.IOException: No such file or directory : switching to alternate class loading mechanism
2018-04-01 21:37:27,049 [main] INFO  org.apache.axis2.deployment.DeploymentEngine  - No services directory was found under /home/indika/speevol/apache-tomcat-9.0.6_sdsn/webapps/axis2/WEB-INF/conf/axis2.xml.
2018-04-01 21:37:27,049 [main] INFO  org.apache.axis2.deployment.DeploymentEngine  - No modules directory was found under /home/indika/speevol/apache-tomcat-9.0.6_sdsn/webapps/axis2/WEB-INF/conf/axis2.xml.
2018-04-01 21:37:27,077 [main] WARN  org.apache.axis2.deployment.util.Utils  - Exception extracting jars into temporary directory : java.io.IOException: No such file or directory : switching to alternate class loading mechanism
2018-04-01 21:37:27,139 [main] INFO  org.apache.axis2.deployment.DeploymentEngine  - Deploying Web service: version-1.7.7.aar - file:/home/indika/speevol/apache-tomcat-9.0.6_sdsn/webapps/axis2/WEB-INF/services/version-1.7.7.aar
2018-04-01 21:38:17,140 [Timer-2] INFO  au.swin.ict.research.cs3.road.road4ws.core.deployer.ROADDeployer  - [ROAD4WS] Deploying composite from the file : /home/indika/speevol/apache-tomcat-9.0.6_sdsn/webapps/axis2/WEB-INF/road_composites/smc_source.xml
2018-04-01 21:38:17,143 [Timer-2] INFO  au.swin.ict.research.cs3.road.road4ws.core.deployer.ROADDeployer  - Loading SMC from /home/indika/speevol/apache-tomcat-9.0.6_sdsn/webapps/axis2/WEB-INF/road_composites/smc_source.xml
2018-04-01 21:38:17,143 [Timer-2] INFO  au.edu.swin.ict.road.demarshalling.CompositeDemarshaller  - Starting instantiation of /home/indika/speevol/apache-tomcat-9.0.6_sdsn/webapps/axis2/WEB-INF/road_composites/smc_source.xml
2018-04-01 21:38:17,910 [Timer-2] INFO  au.edu.swin.ict.road.demarshalling.CompositeDemarshaller  - Starting instantiation of /home/indika/speevol/apache-tomcat-9.0.6_sdsn/webapps/axis2/WEB-INF/road_composites/smc_source.xml
2018-04-01 21:38:17,944 [Timer-2] INFO  au.edu.swin.ict.serendip.util.BenchUtil  - Bench mark OFF
2018-04-01 21:38:17,954 [Timer-2] INFO  au.edu.swin.ict.road.common.DroolsRules  - Reading KB from roadside_global.drl
2018-04-01 21:38:18,045 [Timer-2] WARN  org.kie.scanner.embedder.MavenSettings  - Environment variable M2_HOME is not set
2018-04-01 21:38:18,083 [Timer-2] INFO  org.kie.scanner.embedder.MavenEmbedderUtils  - Not in OSGi: using plexus based maven parser
2018-04-01 21:38:19,276 [Timer-2] INFO  org.kie.internal.utils.ServiceDiscovery  - Discovered kie.conf url=jar:file:/home/indika/speevol/apache-tomcat-9.0.6_sdsn/webapps/axis2/WEB-INF/lib/drools-beliefs-6.3.0.Final.jar!/META-INF/kie.conf 
2018-04-01 21:38:19,330 [Timer-2] INFO  org.kie.internal.utils.ServiceDiscovery  - Adding Assembler org.drools.beliefs.bayes.assembler.BayesAssemblerService 
2018-04-01 21:38:19,331 [Timer-2] INFO  org.kie.internal.utils.ServiceDiscovery  - Adding Weaver org.kie.internal.weaver.KieWeaversImpl 
2018-04-01 21:38:19,331 [Timer-2] INFO  org.kie.internal.utils.ServiceDiscovery  - Adding Runtime org.drools.beliefs.bayes.runtime.BayesRuntime 
2018-04-01 21:38:20,216 [Timer-2] INFO  org.drools.compiler.kie.builder.impl.KieRepositoryImpl  - KieModule was added: MemoryKieModule[releaseId=roadside_global.drl:road-rep:1.0.0]
2018-04-01 21:38:20,303 [Timer-2] INFO  au.edu.swin.ict.serendip.core.SerendipEngine  - Creating the synchronization engine
2018-04-01 21:38:20,306 [Timer-2] INFO  au.edu.swin.ict.serendip.core.ModelProviderFactory  - Instantiating the MPF
2018-04-01 21:38:20,306 [Timer-2] ERROR au.edu.swin.ict.serendip.core.ModelProviderFactory  - serendip.properties file is missing. It should be in the same directory as the executable. e.g., if you are using TOMCAT+AXIS2 the file should be in TOMCAT_HOME/bin.
2018-04-01 21:38:20,317 [Timer-2] INFO  au.edu.swin.ict.road.common.DroolsRules  - Reading KB from MM_SYN.drl
2018-04-01 21:38:20,317 [Timer-2] INFO  org.kie.scanner.embedder.MavenEmbedderUtils  - Not in OSGi: using plexus based maven parser
2018-04-01 21:38:20,420 [Timer-2] INFO  org.drools.compiler.kie.builder.impl.KieRepositoryImpl  - KieModule was added: MemoryKieModule[releaseId=MM_SYN.drl:road-rep:1.0.0]
2018-04-01 21:38:20,422 [Timer-2] INFO  au.edu.swin.ict.road.common.DroolsRules  - Reading KB from MM_Routing.drl
2018-04-01 21:38:20,423 [Timer-2] INFO  org.kie.scanner.embedder.MavenEmbedderUtils  - Not in OSGi: using plexus based maven parser
2018-04-01 21:38:20,614 [Timer-2] INFO  org.drools.compiler.kie.builder.impl.KieRepositoryImpl  - KieModule was added: MemoryKieModule[releaseId=MM_Routing.drl:road-rep:1.0.0]
2018-04-01 21:38:20,620 [Timer-2] INFO  au.edu.swin.ict.road.composite.Composite  - Adding role with id 'MM' to composite roadside
2018-04-01 21:38:20,622 [Timer-2] INFO  au.edu.swin.ict.road.common.DroolsRules  - Reading KB from SC_SYN.drl
2018-04-01 21:38:20,622 [Timer-2] INFO  org.kie.scanner.embedder.MavenEmbedderUtils  - Not in OSGi: using plexus based maven parser
2018-04-01 21:38:20,707 [Timer-2] INFO  org.drools.compiler.kie.builder.impl.KieRepositoryImpl  - KieModule was added: MemoryKieModule[releaseId=SC_SYN.drl:road-rep:1.0.0]
2018-04-01 21:38:20,711 [Timer-2] INFO  au.edu.swin.ict.road.common.DroolsRules  - Reading KB from SC_Routing.drl
2018-04-01 21:38:20,712 [Timer-2] INFO  org.kie.scanner.embedder.MavenEmbedderUtils  - Not in OSGi: using plexus based maven parser
2018-04-01 21:38:20,793 [Timer-2] INFO  org.drools.compiler.kie.builder.impl.KieRepositoryImpl  - KieModule was added: MemoryKieModule[releaseId=SC_Routing.drl:road-rep:1.0.0]
2018-04-01 21:38:20,796 [Timer-2] INFO  au.edu.swin.ict.road.composite.Composite  - Adding role with id 'SC' to composite roadside
2018-04-01 21:38:20,796 [Timer-2] INFO  au.edu.swin.ict.road.common.DroolsRules  - Reading KB from GC1_SYN.drl
2018-04-01 21:38:20,796 [Timer-2] INFO  org.kie.scanner.embedder.MavenEmbedderUtils  - Not in OSGi: using plexus based maven parser
2018-04-01 21:38:20,950 [Timer-2] INFO  org.drools.compiler.kie.builder.impl.KieRepositoryImpl  - KieModule was added: MemoryKieModule[releaseId=GC1_SYN.drl:road-rep:1.0.0]
2018-04-01 21:38:20,955 [Timer-2] INFO  au.edu.swin.ict.road.common.DroolsRules  - Reading KB from GC1_Routing.drl
2018-04-01 21:38:20,955 [Timer-2] INFO  org.kie.scanner.embedder.MavenEmbedderUtils  - Not in OSGi: using plexus based maven parser
2018-04-01 21:38:21,091 [Timer-2] INFO  org.drools.compiler.kie.builder.impl.KieRepositoryImpl  - KieModule was added: MemoryKieModule[releaseId=GC1_Routing.drl:road-rep:1.0.0]
2018-04-01 21:38:21,096 [Timer-2] INFO  au.edu.swin.ict.road.composite.Composite  - Adding role with id 'GC1' to composite roadside
2018-04-01 21:38:21,096 [Timer-2] INFO  au.edu.swin.ict.road.common.DroolsRules  - Reading KB from FD_SYN.drl
2018-04-01 21:38:21,096 [Timer-2] INFO  org.kie.scanner.embedder.MavenEmbedderUtils  - Not in OSGi: using plexus based maven parser
2018-04-01 21:38:21,215 [Timer-2] INFO  org.drools.compiler.kie.builder.impl.KieRepositoryImpl  - KieModule was added: MemoryKieModule[releaseId=FD_SYN.drl:road-rep:1.0.0]
2018-04-01 21:38:21,219 [Timer-2] INFO  au.edu.swin.ict.road.common.DroolsRules  - Reading KB from FD_Routing.drl
2018-04-01 21:38:21,220 [Timer-2] INFO  org.kie.scanner.embedder.MavenEmbedderUtils  - Not in OSGi: using plexus based maven parser
2018-04-01 21:38:21,284 [Timer-2] INFO  org.drools.compiler.kie.builder.impl.KieRepositoryImpl  - KieModule was added: MemoryKieModule[releaseId=FD_Routing.drl:road-rep:1.0.0]
2018-04-01 21:38:21,287 [Timer-2] INFO  au.edu.swin.ict.road.composite.Composite  - Adding role with id 'FD' to composite roadside
2018-04-01 21:38:21,287 [Timer-2] INFO  au.edu.swin.ict.road.common.DroolsRules  - Reading KB from TC2_SYN.drl
2018-04-01 21:38:21,287 [Timer-2] INFO  org.kie.scanner.embedder.MavenEmbedderUtils  - Not in OSGi: using plexus based maven parser
2018-04-01 21:38:21,348 [Timer-2] INFO  org.drools.compiler.kie.builder.impl.KieRepositoryImpl  - KieModule was added: MemoryKieModule[releaseId=TC2_SYN.drl:road-rep:1.0.0]
2018-04-01 21:38:21,351 [Timer-2] INFO  au.edu.swin.ict.road.common.DroolsRules  - Reading KB from TC2_Routing.drl
2018-04-01 21:38:21,351 [Timer-2] INFO  org.kie.scanner.embedder.MavenEmbedderUtils  - Not in OSGi: using plexus based maven parser
2018-04-01 21:38:21,413 [Timer-2] INFO  org.drools.compiler.kie.builder.impl.KieRepositoryImpl  - KieModule was added: MemoryKieModule[releaseId=TC2_Routing.drl:road-rep:1.0.0]
2018-04-01 21:38:21,416 [Timer-2] INFO  au.edu.swin.ict.road.composite.Composite  - Adding role with id 'TC2' to composite roadside
2018-04-01 21:38:21,416 [Timer-2] INFO  au.edu.swin.ict.road.common.DroolsRules  - Reading KB from PS_SYN.drl
2018-04-01 21:38:21,416 [Timer-2] INFO  org.kie.scanner.embedder.MavenEmbedderUtils  - Not in OSGi: using plexus based maven parser
2018-04-01 21:38:21,474 [Timer-2] INFO  org.drools.compiler.kie.builder.impl.KieRepositoryImpl  - KieModule was added: MemoryKieModule[releaseId=PS_SYN.drl:road-rep:1.0.0]
2018-04-01 21:38:21,476 [Timer-2] INFO  au.edu.swin.ict.road.common.DroolsRules  - Reading KB from PS_Routing.drl
2018-04-01 21:38:21,476 [Timer-2] INFO  org.kie.scanner.embedder.MavenEmbedderUtils  - Not in OSGi: using plexus based maven parser
2018-04-01 21:38:21,537 [Timer-2] INFO  org.drools.compiler.kie.builder.impl.KieRepositoryImpl  - KieModule was added: MemoryKieModule[releaseId=PS_Routing.drl:road-rep:1.0.0]
2018-04-01 21:38:21,539 [Timer-2] INFO  au.edu.swin.ict.road.composite.Composite  - Adding role with id 'PS' to composite roadside
2018-04-01 21:38:21,542 [Timer-2] INFO  au.edu.swin.ict.road.common.DroolsRules  - Reading KB from SC-MM.drl
2018-04-01 21:38:21,542 [Timer-2] INFO  org.kie.scanner.embedder.MavenEmbedderUtils  - Not in OSGi: using plexus based maven parser
2018-04-01 21:38:21,633 [Timer-2] INFO  org.drools.compiler.kie.builder.impl.KieRepositoryImpl  - KieModule was added: MemoryKieModule[releaseId=SC-MM.drl:road-rep:1.0.0]
2018-04-01 21:38:21,637 [Timer-2] INFO  au.edu.swin.ict.road.composite.Composite  - Adding contract SC-MM to composite roadside
2018-04-01 21:38:21,637 [Timer-2] INFO  au.edu.swin.ict.road.common.DroolsRules  - Reading KB from MM-FD.drl
2018-04-01 21:38:21,638 [Timer-2] INFO  org.kie.scanner.embedder.MavenEmbedderUtils  - Not in OSGi: using plexus based maven parser
2018-04-01 21:38:21,705 [Timer-2] INFO  org.drools.compiler.kie.builder.impl.KieRepositoryImpl  - KieModule was added: MemoryKieModule[releaseId=MM-FD.drl:road-rep:1.0.0]
2018-04-01 21:38:21,708 [Timer-2] INFO  au.edu.swin.ict.road.composite.Composite  - Adding contract MM-FD to composite roadside
2018-04-01 21:38:21,708 [Timer-2] INFO  au.edu.swin.ict.road.common.DroolsRules  - Reading KB from SC-TC2.drl
2018-04-01 21:38:21,708 [Timer-2] INFO  org.kie.scanner.embedder.MavenEmbedderUtils  - Not in OSGi: using plexus based maven parser
2018-04-01 21:38:21,798 [Timer-2] INFO  org.drools.compiler.kie.builder.impl.KieRepositoryImpl  - KieModule was added: MemoryKieModule[releaseId=SC-TC2.drl:road-rep:1.0.0]
2018-04-01 21:38:21,801 [Timer-2] INFO  au.edu.swin.ict.road.composite.Composite  - Adding contract SC-TC2 to composite roadside
2018-04-01 21:38:21,801 [Timer-2] INFO  au.edu.swin.ict.road.common.DroolsRules  - Reading KB from GC1-TC2.drl
2018-04-01 21:38:21,802 [Timer-2] INFO  org.kie.scanner.embedder.MavenEmbedderUtils  - Not in OSGi: using plexus based maven parser
2018-04-01 21:38:21,869 [Timer-2] INFO  org.drools.compiler.kie.builder.impl.KieRepositoryImpl  - KieModule was added: MemoryKieModule[releaseId=GC1-TC2.drl:road-rep:1.0.0]
2018-04-01 21:38:21,872 [Timer-2] INFO  au.edu.swin.ict.road.composite.Composite  - Adding contract GC1-TC2 to composite roadside
2018-04-01 21:38:21,872 [Timer-2] INFO  au.edu.swin.ict.road.common.DroolsRules  - Reading KB from SC-GC1.drl
2018-04-01 21:38:21,872 [Timer-2] INFO  org.kie.scanner.embedder.MavenEmbedderUtils  - Not in OSGi: using plexus based maven parser
2018-04-01 21:38:21,939 [Timer-2] INFO  org.drools.compiler.kie.builder.impl.KieRepositoryImpl  - KieModule was added: MemoryKieModule[releaseId=SC-GC1.drl:road-rep:1.0.0]
2018-04-01 21:38:21,945 [Timer-2] INFO  au.edu.swin.ict.road.composite.Composite  - Adding contract SC-GC1 to composite roadside
2018-04-01 21:38:21,945 [Timer-2] INFO  au.edu.swin.ict.road.common.DroolsRules  - Reading KB from GC1-PS.drl
2018-04-01 21:38:21,945 [Timer-2] INFO  org.kie.scanner.embedder.MavenEmbedderUtils  - Not in OSGi: using plexus based maven parser
2018-04-01 21:38:22,051 [Timer-2] INFO  org.drools.compiler.kie.builder.impl.KieRepositoryImpl  - KieModule was added: MemoryKieModule[releaseId=GC1-PS.drl:road-rep:1.0.0]
2018-04-01 21:38:22,053 [Timer-2] INFO  au.edu.swin.ict.road.composite.Composite  - Adding contract GC1-PS to composite roadside
2018-04-01 21:38:22,053 [Timer-2] INFO  au.edu.swin.ict.road.common.DroolsRules  - Reading KB from PS-SC.drl
2018-04-01 21:38:22,054 [Timer-2] INFO  org.kie.scanner.embedder.MavenEmbedderUtils  - Not in OSGi: using plexus based maven parser
2018-04-01 21:38:22,113 [Timer-2] INFO  org.drools.compiler.kie.builder.impl.KieRepositoryImpl  - KieModule was added: MemoryKieModule[releaseId=PS-SC.drl:road-rep:1.0.0]
2018-04-01 21:38:22,116 [Timer-2] INFO  au.edu.swin.ict.road.composite.Composite  - Adding contract PS-SC to composite roadside
2018-04-01 21:38:22,119 [Timer-2] INFO  au.edu.swin.ict.road.composite.Composite  - Deploying the regulation policy for the VSN : HappyTours as [ruAdmissionV1, ruCreateVsnInstance, ruDrop]
2018-04-01 21:38:22,119 [Timer-2] INFO  au.edu.swin.ict.road.composite.Composite  - Deploying the process HappyToursP1 of the VSN : HappyTours
2018-04-01 21:38:22,120 [Timer-2] INFO  au.edu.swin.ict.road.composite.Composite  - Deploying regulation policy of the process HappyToursP1 of the VSN : HappyTours as [CaseHandling, Reimbursement, TowingByTomTow, RepairingByMacRepair, PartsSupplyByJack]
2018-04-01 21:38:22,121 [Timer-2] INFO  au.edu.swin.ict.road.composite.Composite  - Deploying regulation policy of the process HappyToursP1 of the VSN : HappyTours as [ruTerminateV1, ruActivateV1]
2018-04-01 21:38:22,121 [Timer-2] INFO  au.edu.swin.ict.serendip.core.SerendipEngine  - MM subscribed to the engine
2018-04-01 21:38:22,121 [Timer-2] INFO  au.edu.swin.ict.serendip.core.SerendipEngine  - SC subscribed to the engine
2018-04-01 21:38:22,121 [Timer-2] INFO  au.edu.swin.ict.serendip.core.SerendipEngine  - TC2 subscribed to the engine
2018-04-01 21:38:22,121 [Timer-2] INFO  au.edu.swin.ict.serendip.core.SerendipEngine  - PS subscribed to the engine
2018-04-01 21:38:22,121 [Timer-2] INFO  au.edu.swin.ict.serendip.core.SerendipEngine  - GC1 subscribed to the engine
2018-04-01 21:38:22,121 [Timer-2] INFO  au.edu.swin.ict.serendip.core.SerendipEngine  - FD subscribed to the engine
2018-04-01 21:38:22,121 [Timer-2] INFO  au.edu.swin.ict.road.composite.Composite  - Deployment complete
2018-04-01 21:38:22,121 [Timer-2] INFO  au.edu.swin.ict.road.demarshalling.CompositeDemarshaller  - Serendip adminview disabled. SERENDIP_SHOW_ADMIN_VIEWProperty not found.If you need to monitor processes set SERENDIP_SHOW_ADMIN_VIEW=TRUEin serendip.properties file
2018-04-01 21:38:22,121 [Timer-2] INFO  au.edu.swin.ict.road.demarshalling.CompositeDemarshaller  - Finished instantiation of /home/indika/speevol/apache-tomcat-9.0.6_sdsn/webapps/axis2/WEB-INF/road_composites/smc_source.xml
2018-04-01 21:38:22,127 [Thread-12] INFO  au.edu.swin.ict.road.composite.Composite  - Composite is now running...
2018-04-01 21:38:22,140 [Timer-2] INFO  au.swin.ict.research.cs3.road.road4ws.core.deployer.OrganizerDeployer  - http://www.w3.org/ns/wsdl/in-out->setOrganizerBinding
2018-04-01 21:38:22,141 [Timer-2] INFO  au.swin.ict.research.cs3.road.road4ws.core.deployer.OrganizerDeployer  - http://www.w3.org/ns/wsdl/in-out->removeVSN
2018-04-01 21:38:22,141 [Timer-2] INFO  au.swin.ict.research.cs3.road.road4ws.core.deployer.OrganizerDeployer  - http://www.w3.org/ns/wsdl/in-out->getName
2018-04-01 21:38:22,141 [Timer-2] INFO  au.swin.ict.research.cs3.road.road4ws.core.deployer.OrganizerDeployer  - http://www.w3.org/ns/wsdl/in-out->updateRole
2018-04-01 21:38:22,141 [Timer-2] INFO  au.swin.ict.research.cs3.road.road4ws.core.deployer.OrganizerDeployer  - http://www.w3.org/ns/wsdl/in-out->addVSN
2018-04-01 21:38:22,141 [Timer-2] INFO  au.swin.ict.research.cs3.road.road4ws.core.deployer.OrganizerDeployer  - http://www.w3.org/ns/wsdl/in-out->updateTerm
2018-04-01 21:38:22,142 [Timer-2] INFO  au.swin.ict.research.cs3.road.road4ws.core.deployer.OrganizerDeployer  - http://www.w3.org/ns/wsdl/in-out->deployProcessConfigDesignAsXML
2018-04-01 21:38:22,142 [Timer-2] INFO  au.swin.ict.research.cs3.road.road4ws.core.deployer.OrganizerDeployer  - http://www.w3.org/ns/wsdl/in-out->setServiceBinding
2018-04-01 21:38:22,142 [Timer-2] INFO  au.swin.ict.research.cs3.road.road4ws.core.deployer.OrganizerDeployer  - http://www.w3.org/ns/wsdl/in-out->setTermOperation
2018-04-01 21:38:22,142 [Timer-2] INFO  au.swin.ict.research.cs3.road.road4ws.core.deployer.OrganizerDeployer  - http://www.w3.org/ns/wsdl/in-out->replaceBehaviorUnitOfProcess
2018-04-01 21:38:22,142 [Timer-2] INFO  au.swin.ict.research.cs3.road.road4ws.core.deployer.OrganizerDeployer  - http://www.w3.org/ns/wsdl/in-out->enactOrganizationalManagementPolicy
2018-04-01 21:38:22,142 [Timer-2] INFO  au.swin.ict.research.cs3.road.road4ws.core.deployer.OrganizerDeployer  - http://www.w3.org/ns/wsdl/in-out->addTask
2018-04-01 21:38:22,142 [Timer-2] INFO  au.swin.ict.research.cs3.road.road4ws.core.deployer.OrganizerDeployer  - http://www.w3.org/ns/wsdl/in-out->removeTaskFromBehaviorUnit
2018-04-01 21:38:22,142 [Timer-2] INFO  au.swin.ict.research.cs3.road.road4ws.core.deployer.OrganizerDeployer  - http://www.w3.org/ns/wsdl/in-out->addTaskToBehaviorUnit
2018-04-01 21:38:22,142 [Timer-2] INFO  au.swin.ict.research.cs3.road.road4ws.core.deployer.OrganizerDeployer  - http://www.w3.org/ns/wsdl/in-out->removeTask
2018-04-01 21:38:22,142 [Timer-2] INFO  au.swin.ict.research.cs3.road.road4ws.core.deployer.OrganizerDeployer  - http://www.w3.org/ns/wsdl/in-out->updateTaskOfBehaviorUnit
2018-04-01 21:38:22,142 [Timer-2] INFO  au.swin.ict.research.cs3.road.road4ws.core.deployer.OrganizerDeployer  - http://www.w3.org/ns/wsdl/in-out->updateVSN
2018-04-01 21:38:22,142 [Timer-2] INFO  au.swin.ict.research.cs3.road.road4ws.core.deployer.OrganizerDeployer  - http://www.w3.org/ns/wsdl/in-out->removeProcessFromVSN
2018-04-01 21:38:22,142 [Timer-2] INFO  au.swin.ict.research.cs3.road.road4ws.core.deployer.OrganizerDeployer  - http://www.w3.org/ns/wsdl/in-out->removeBehaviorUnit
2018-04-01 21:38:22,142 [Timer-2] INFO  au.swin.ict.research.cs3.road.road4ws.core.deployer.OrganizerDeployer  - http://www.w3.org/ns/wsdl/in-out->addProcessToVSN
2018-04-01 21:38:22,142 [Timer-2] INFO  au.swin.ict.research.cs3.road.road4ws.core.deployer.OrganizerDeployer  - http://www.w3.org/ns/wsdl/in-out->removeContract
2018-04-01 21:38:22,142 [Timer-2] INFO  au.swin.ict.research.cs3.road.road4ws.core.deployer.OrganizerDeployer  - http://www.w3.org/ns/wsdl/in-out->deployVSNAsXML
2018-04-01 21:38:22,142 [Timer-2] INFO  au.swin.ict.research.cs3.road.road4ws.core.deployer.OrganizerDeployer  - http://www.w3.org/ns/wsdl/in-out->setTaskInMessage
2018-04-01 21:38:22,142 [Timer-2] INFO  au.swin.ict.research.cs3.road.road4ws.core.deployer.OrganizerDeployer  - http://www.w3.org/ns/wsdl/in-out->removeRole
2018-04-01 21:38:22,142 [Timer-2] INFO  au.swin.ict.research.cs3.road.road4ws.core.deployer.OrganizerDeployer  - http://www.w3.org/ns/wsdl/in-out->getNextManagementMessageBlocking
2018-04-01 21:38:22,142 [Timer-2] INFO  au.swin.ict.research.cs3.road.road4ws.core.deployer.OrganizerDeployer  - http://www.w3.org/ns/wsdl/in-out->addTerm
2018-04-01 21:38:22,142 [Timer-2] INFO  au.swin.ict.research.cs3.road.road4ws.core.deployer.OrganizerDeployer  - http://www.w3.org/ns/wsdl/in-out->addBehaviorUnit
2018-04-01 21:38:22,142 [Timer-2] INFO  au.swin.ict.research.cs3.road.road4ws.core.deployer.OrganizerDeployer  - http://www.w3.org/ns/wsdl/in-out->updateContract
2018-04-01 21:38:22,142 [Timer-2] INFO  au.swin.ict.research.cs3.road.road4ws.core.deployer.OrganizerDeployer  - http://www.w3.org/ns/wsdl/in-out->addBehaviorUnitsToProcess
2018-04-01 21:38:22,142 [Timer-2] INFO  au.swin.ict.research.cs3.road.road4ws.core.deployer.OrganizerDeployer  - http://www.w3.org/ns/wsdl/in-out->removeTerm
2018-04-01 21:38:22,142 [Timer-2] INFO  au.swin.ict.research.cs3.road.road4ws.core.deployer.OrganizerDeployer  - http://www.w3.org/ns/wsdl/in-out->updateServiceBinding
2018-04-01 21:38:22,142 [Timer-2] INFO  au.swin.ict.research.cs3.road.road4ws.core.deployer.OrganizerDeployer  - http://www.w3.org/ns/wsdl/in-out->setTaskMessage
2018-04-01 21:38:22,142 [Timer-2] INFO  au.swin.ict.research.cs3.road.road4ws.core.deployer.OrganizerDeployer  - http://www.w3.org/ns/wsdl/in-out->removeBehaviorUnitFromProcess
2018-04-01 21:38:22,142 [Timer-2] INFO  au.swin.ict.research.cs3.road.road4ws.core.deployer.OrganizerDeployer  - http://www.w3.org/ns/wsdl/in-out->addContract
2018-04-01 21:38:22,142 [Timer-2] INFO  au.swin.ict.research.cs3.road.road4ws.core.deployer.OrganizerDeployer  - http://www.w3.org/ns/wsdl/in-out->updateTask
2018-04-01 21:38:22,142 [Timer-2] INFO  au.swin.ict.research.cs3.road.road4ws.core.deployer.OrganizerDeployer  - http://www.w3.org/ns/wsdl/in-out->deployProcessAsXML
2018-04-01 21:38:22,142 [Timer-2] INFO  au.swin.ict.research.cs3.road.road4ws.core.deployer.OrganizerDeployer  - http://www.w3.org/ns/wsdl/in-out->setTaskOutMessage
2018-04-01 21:38:22,142 [Timer-2] INFO  au.swin.ict.research.cs3.road.road4ws.core.deployer.OrganizerDeployer  - http://www.w3.org/ns/wsdl/in-out->setTaskQoS
2018-04-01 21:38:22,142 [Timer-2] INFO  au.swin.ict.research.cs3.road.road4ws.core.deployer.OrganizerDeployer  - http://www.w3.org/ns/wsdl/in-out->updateProcessOfVSN
2018-04-01 21:38:22,142 [Timer-2] INFO  au.swin.ict.research.cs3.road.road4ws.core.deployer.OrganizerDeployer  - http://www.w3.org/ns/wsdl/in-out->addBehaviorUnitToProcess
2018-04-01 21:38:22,142 [Timer-2] INFO  au.swin.ict.research.cs3.road.road4ws.core.deployer.OrganizerDeployer  - http://www.w3.org/ns/wsdl/in-out->updateBehaviorUnit
2018-04-01 21:38:22,142 [Timer-2] INFO  au.swin.ict.research.cs3.road.road4ws.core.deployer.OrganizerDeployer  - http://www.w3.org/ns/wsdl/in-out->enactOrganizationalManagementPolicyRemote
2018-04-01 21:38:22,142 [Timer-2] INFO  au.swin.ict.research.cs3.road.road4ws.core.deployer.OrganizerDeployer  - http://www.w3.org/ns/wsdl/in-out->getNextManagementMessage
2018-04-01 21:38:22,142 [Timer-2] INFO  au.swin.ict.research.cs3.road.road4ws.core.deployer.OrganizerDeployer  - http://www.w3.org/ns/wsdl/in-out->addRole
2018-04-01 21:38:22,142 [Timer-2] INFO  au.swin.ict.research.cs3.road.road4ws.core.deployer.OrganizerDeployer  - http://www.w3.org/ns/wsdl/in-out->subscribeToManagementMessages
2018-04-01 21:38:22,144 [Timer-2] INFO  au.swin.ict.research.cs3.road.road4ws.core.deployer.OrganizerDeployer  - Organizer role added to composite roadside
2018-04-01 21:38:22,161 [Timer-2] INFO  au.swin.ict.research.cs3.road.road4ws.core.deployer.OperationalManagerDeployer  - http://www.w3.org/ns/wsdl/in-out->addPassthroughRule
2018-04-01 21:38:22,162 [Timer-2] INFO  au.swin.ict.research.cs3.road.road4ws.core.deployer.OperationalManagerDeployer  - http://www.w3.org/ns/wsdl/in-out->updateRegulationUnitsOfProcessRegulationPolicy
2018-04-01 21:38:22,162 [Timer-2] INFO  au.swin.ict.research.cs3.road.road4ws.core.deployer.OperationalManagerDeployer  - http://www.w3.org/ns/wsdl/in-out->removeRoutingRulesFromRegulationUnit
2018-04-01 21:38:22,162 [Timer-2] INFO  au.swin.ict.research.cs3.road.road4ws.core.deployer.OperationalManagerDeployer  - http://www.w3.org/ns/wsdl/in-out->addRoutingRulesToRegulationUnit
2018-04-01 21:38:22,162 [Timer-2] INFO  au.swin.ict.research.cs3.road.road4ws.core.deployer.OperationalManagerDeployer  - http://www.w3.org/ns/wsdl/in-out->addRoutingRulesToInterVSNRegulationUnit
2018-04-01 21:38:22,162 [Timer-2] INFO  au.swin.ict.research.cs3.road.road4ws.core.deployer.OperationalManagerDeployer  - http://www.w3.org/ns/wsdl/in-out->removeGlobalRulesFromInterVSNRegulationUnit
2018-04-01 21:38:22,162 [Timer-2] INFO  au.swin.ict.research.cs3.road.road4ws.core.deployer.OperationalManagerDeployer  - http://www.w3.org/ns/wsdl/in-out->enactOperationalManagementPolicy
2018-04-01 21:38:22,162 [Timer-2] INFO  au.swin.ict.research.cs3.road.road4ws.core.deployer.OperationalManagerDeployer  - http://www.w3.org/ns/wsdl/in-out->addRegulationUnit
2018-04-01 21:38:22,162 [Timer-2] INFO  au.swin.ict.research.cs3.road.road4ws.core.deployer.OperationalManagerDeployer  - http://www.w3.org/ns/wsdl/in-out->addPassthroughRegulationUnitToProcessRegulationPolicyAt
2018-04-01 21:38:22,162 [Timer-2] INFO  au.swin.ict.research.cs3.road.road4ws.core.deployer.OperationalManagerDeployer  - http://www.w3.org/ns/wsdl/in-out->addInterProcessRegulationUnit
2018-04-01 21:38:22,162 [Timer-2] INFO  au.swin.ict.research.cs3.road.road4ws.core.deployer.OperationalManagerDeployer  - http://www.w3.org/ns/wsdl/in-out->setOperationalManagerBinding
2018-04-01 21:38:22,162 [Timer-2] INFO  au.swin.ict.research.cs3.road.road4ws.core.deployer.OperationalManagerDeployer  - http://www.w3.org/ns/wsdl/in-out->removePassthroughRegulationUnitFromProcessRegulationPolicyAt
2018-04-01 21:38:22,162 [Timer-2] INFO  au.swin.ict.research.cs3.road.road4ws.core.deployer.OperationalManagerDeployer  - http://www.w3.org/ns/wsdl/in-out->enactOperationalManagementPolicyRemote
2018-04-01 21:38:22,162 [Timer-2] INFO  au.swin.ict.research.cs3.road.road4ws.core.deployer.OperationalManagerDeployer  - http://www.w3.org/ns/wsdl/in-out->addRoutingRulesToInterCollaborationRegulationUnit
2018-04-01 21:38:22,162 [Timer-2] INFO  au.swin.ict.research.cs3.road.road4ws.core.deployer.OperationalManagerDeployer  - http://www.w3.org/ns/wsdl/in-out->addGlobalRulesToInterCollaborationRegulationUnit
2018-04-01 21:38:22,162 [Timer-2] INFO  au.swin.ict.research.cs3.road.road4ws.core.deployer.OperationalManagerDeployer  - http://www.w3.org/ns/wsdl/in-out->updateServiceNetworkStateImplementation
2018-04-01 21:38:22,162 [Timer-2] INFO  au.swin.ict.research.cs3.road.road4ws.core.deployer.OperationalManagerDeployer  - http://www.w3.org/ns/wsdl/in-out->addGlobalRulesToInterVSNRegulationUnit
2018-04-01 21:38:22,162 [Timer-2] INFO  au.swin.ict.research.cs3.road.road4ws.core.deployer.OperationalManagerDeployer  - http://www.w3.org/ns/wsdl/in-out->updateServiceNetworkRegulationPolicy
2018-04-01 21:38:22,162 [Timer-2] INFO  au.swin.ict.research.cs3.road.road4ws.core.deployer.OperationalManagerDeployer  - http://www.w3.org/ns/wsdl/in-out->addSynchronizationRule
2018-04-01 21:38:22,162 [Timer-2] INFO  au.swin.ict.research.cs3.road.road4ws.core.deployer.OperationalManagerDeployer  - http://www.w3.org/ns/wsdl/in-out->removeRoutingRulesFromInterProcessRegulationUnit
2018-04-01 21:38:22,162 [Timer-2] INFO  au.swin.ict.research.cs3.road.road4ws.core.deployer.OperationalManagerDeployer  - http://www.w3.org/ns/wsdl/in-out->addServiceNetworkStateImplementation
2018-04-01 21:38:22,162 [Timer-2] INFO  au.swin.ict.research.cs3.road.road4ws.core.deployer.OperationalManagerDeployer  - http://www.w3.org/ns/wsdl/in-out->addRegulationUnitsToVSNRegulationPolicy
2018-04-01 21:38:22,162 [Timer-2] INFO  au.swin.ict.research.cs3.road.road4ws.core.deployer.OperationalManagerDeployer  - http://www.w3.org/ns/wsdl/in-out->updateServiceNetworkEvent
2018-04-01 21:38:22,162 [Timer-2] INFO  au.swin.ict.research.cs3.road.road4ws.core.deployer.OperationalManagerDeployer  - http://www.w3.org/ns/wsdl/in-out->removeRegulationMechanism
2018-04-01 21:38:22,162 [Timer-2] INFO  au.swin.ict.research.cs3.road.road4ws.core.deployer.OperationalManagerDeployer  - http://www.w3.org/ns/wsdl/in-out->addPassthroughRulesToRegulationUnit
2018-04-01 21:38:22,162 [Timer-2] INFO  au.swin.ict.research.cs3.road.road4ws.core.deployer.OperationalManagerDeployer  - http://www.w3.org/ns/wsdl/in-out->addRoutingRulesToInterProcessRegulationUnit
2018-04-01 21:38:22,162 [Timer-2] INFO  au.swin.ict.research.cs3.road.road4ws.core.deployer.OperationalManagerDeployer  - http://www.w3.org/ns/wsdl/in-out->updateSynchronizationRule
2018-04-01 21:38:22,162 [Timer-2] INFO  au.swin.ict.research.cs3.road.road4ws.core.deployer.OperationalManagerDeployer  - http://www.w3.org/ns/wsdl/in-out->removeInterProcessRegulationUnit
2018-04-01 21:38:22,162 [Timer-2] INFO  au.swin.ict.research.cs3.road.road4ws.core.deployer.OperationalManagerDeployer  - http://www.w3.org/ns/wsdl/in-out->addRegulationUnitsToProcessRegulationPolicy
2018-04-01 21:38:22,162 [Timer-2] INFO  au.swin.ict.research.cs3.road.road4ws.core.deployer.OperationalManagerDeployer  - http://www.w3.org/ns/wsdl/in-out->removeServiceNetworkState
2018-04-01 21:38:22,162 [Timer-2] INFO  au.swin.ict.research.cs3.road.road4ws.core.deployer.OperationalManagerDeployer  - http://www.w3.org/ns/wsdl/in-out->updateRegulationUnitsOfVSNRegulationPolicy
2018-04-01 21:38:22,162 [Timer-2] INFO  au.swin.ict.research.cs3.road.road4ws.core.deployer.OperationalManagerDeployer  - http://www.w3.org/ns/wsdl/in-out->removeRoutingRule
2018-04-01 21:38:22,162 [Timer-2] INFO  au.swin.ict.research.cs3.road.road4ws.core.deployer.OperationalManagerDeployer  - http://www.w3.org/ns/wsdl/in-out->getNextManagementMessageBlocking
2018-04-01 21:38:22,162 [Timer-2] INFO  au.swin.ict.research.cs3.road.road4ws.core.deployer.OperationalManagerDeployer  - http://www.w3.org/ns/wsdl/in-out->updateGlobalRule
2018-04-01 21:38:22,162 [Timer-2] INFO  au.swin.ict.research.cs3.road.road4ws.core.deployer.OperationalManagerDeployer  - http://www.w3.org/ns/wsdl/in-out->addRegulationMechanism
2018-04-01 21:38:22,162 [Timer-2] INFO  au.swin.ict.research.cs3.road.road4ws.core.deployer.OperationalManagerDeployer  - http://www.w3.org/ns/wsdl/in-out->setInterVSNRegulation
2018-04-01 21:38:22,162 [Timer-2] INFO  au.swin.ict.research.cs3.road.road4ws.core.deployer.OperationalManagerDeployer  - http://www.w3.org/ns/wsdl/in-out->removeRegulationUnitsFromProcessRegulationPolicy
2018-04-01 21:38:22,162 [Timer-2] INFO  au.swin.ict.research.cs3.road.road4ws.core.deployer.OperationalManagerDeployer  - http://www.w3.org/ns/wsdl/in-out->removeInterCollaborationRegulationUnit
2018-04-01 21:38:22,162 [Timer-2] INFO  au.swin.ict.research.cs3.road.road4ws.core.deployer.OperationalManagerDeployer  - http://www.w3.org/ns/wsdl/in-out->addGlobalRulesToInterProcessRegulationUnit
2018-04-01 21:38:22,162 [Timer-2] INFO  au.swin.ict.research.cs3.road.road4ws.core.deployer.OperationalManagerDeployer  - http://www.w3.org/ns/wsdl/in-out->addPassthroughRulesToInterProcessRegulationUnit
2018-04-01 21:38:22,162 [Timer-2] INFO  au.swin.ict.research.cs3.road.road4ws.core.deployer.OperationalManagerDeployer  - http://www.w3.org/ns/wsdl/in-out->addSynchronizationRulesToInterProcessRegulationUnit
2018-04-01 21:38:22,162 [Timer-2] INFO  au.swin.ict.research.cs3.road.road4ws.core.deployer.OperationalManagerDeployer  - http://www.w3.org/ns/wsdl/in-out->updateRegulationUnit
2018-04-01 21:38:22,162 [Timer-2] INFO  au.swin.ict.research.cs3.road.road4ws.core.deployer.OperationalManagerDeployer  - http://www.w3.org/ns/wsdl/in-out->removePassthroughRulesFromRegulationUnit
2018-04-01 21:38:22,162 [Timer-2] INFO  au.swin.ict.research.cs3.road.road4ws.core.deployer.OperationalManagerDeployer  - http://www.w3.org/ns/wsdl/in-out->addGlobalRule
2018-04-01 21:38:22,162 [Timer-2] INFO  au.swin.ict.research.cs3.road.road4ws.core.deployer.OperationalManagerDeployer  - http://www.w3.org/ns/wsdl/in-out->addPassthroughRulesToInterCollaborationRegulationUnit
2018-04-01 21:38:22,162 [Timer-2] INFO  au.swin.ict.research.cs3.road.road4ws.core.deployer.OperationalManagerDeployer  - http://www.w3.org/ns/wsdl/in-out->removePassthroughRule
2018-04-01 21:38:22,162 [Timer-2] INFO  au.swin.ict.research.cs3.road.road4ws.core.deployer.OperationalManagerDeployer  - http://www.w3.org/ns/wsdl/in-out->addServiceNetworkState
2018-04-01 21:38:22,162 [Timer-2] INFO  au.swin.ict.research.cs3.road.road4ws.core.deployer.OperationalManagerDeployer  - http://www.w3.org/ns/wsdl/in-out->removeRoutingRulesFromInterVSNRegulationUnit
2018-04-01 21:38:22,162 [Timer-2] INFO  au.swin.ict.research.cs3.road.road4ws.core.deployer.OperationalManagerDeployer  - http://www.w3.org/ns/wsdl/in-out->addSynchronizationRulesToRegulationUnit
2018-04-01 21:38:22,163 [Timer-2] INFO  au.swin.ict.research.cs3.road.road4ws.core.deployer.OperationalManagerDeployer  - http://www.w3.org/ns/wsdl/in-out->removeSynchronizationRule
2018-04-01 21:38:22,163 [Timer-2] INFO  au.swin.ict.research.cs3.road.road4ws.core.deployer.OperationalManagerDeployer  - http://www.w3.org/ns/wsdl/in-out->removeInterVSNRegulation
2018-04-01 21:38:22,163 [Timer-2] INFO  au.swin.ict.research.cs3.road.road4ws.core.deployer.OperationalManagerDeployer  - http://www.w3.org/ns/wsdl/in-out->addSynchronizationRulesToInterCollaborationRegulationUnit
2018-04-01 21:38:22,163 [Timer-2] INFO  au.swin.ict.research.cs3.road.road4ws.core.deployer.OperationalManagerDeployer  - http://www.w3.org/ns/wsdl/in-out->removeServiceNetworkEvent
2018-04-01 21:38:22,163 [Timer-2] INFO  au.swin.ict.research.cs3.road.road4ws.core.deployer.OperationalManagerDeployer  - http://www.w3.org/ns/wsdl/in-out->removeSynchronizationRulesFromRegulationUnit
2018-04-01 21:38:22,163 [Timer-2] INFO  au.swin.ict.research.cs3.road.road4ws.core.deployer.OperationalManagerDeployer  - http://www.w3.org/ns/wsdl/in-out->updateRegulationMechanism
2018-04-01 21:38:22,163 [Timer-2] INFO  au.swin.ict.research.cs3.road.road4ws.core.deployer.OperationalManagerDeployer  - http://www.w3.org/ns/wsdl/in-out->addInterCollaborationRegulationUnit
2018-04-01 21:38:22,163 [Timer-2] INFO  au.swin.ict.research.cs3.road.road4ws.core.deployer.OperationalManagerDeployer  - http://www.w3.org/ns/wsdl/in-out->updateRoutingRule
2018-04-01 21:38:22,163 [Timer-2] INFO  au.swin.ict.research.cs3.road.road4ws.core.deployer.OperationalManagerDeployer  - http://www.w3.org/ns/wsdl/in-out->updateServiceNetworkState
2018-04-01 21:38:22,163 [Timer-2] INFO  au.swin.ict.research.cs3.road.road4ws.core.deployer.OperationalManagerDeployer  - http://www.w3.org/ns/wsdl/in-out->removeSynchronizationRegulationUnitFromProcessRegulationPolicyAt
2018-04-01 21:38:22,163 [Timer-2] INFO  au.swin.ict.research.cs3.road.road4ws.core.deployer.OperationalManagerDeployer  - http://www.w3.org/ns/wsdl/in-out->addGlobalRulesToRegulationUnit
2018-04-01 21:38:22,163 [Timer-2] INFO  au.swin.ict.research.cs3.road.road4ws.core.deployer.OperationalManagerDeployer  - http://www.w3.org/ns/wsdl/in-out->removeGlobalRule
2018-04-01 21:38:22,163 [Timer-2] INFO  au.swin.ict.research.cs3.road.road4ws.core.deployer.OperationalManagerDeployer  - http://www.w3.org/ns/wsdl/in-out->addSynchronizationRulesToInterVSNRegulationUnit
2018-04-01 21:38:22,163 [Timer-2] INFO  au.swin.ict.research.cs3.road.road4ws.core.deployer.OperationalManagerDeployer  - http://www.w3.org/ns/wsdl/in-out->removeRegulationUnitsFromVSNRegulationPolicy
2018-04-01 21:38:22,163 [Timer-2] INFO  au.swin.ict.research.cs3.road.road4ws.core.deployer.OperationalManagerDeployer  - http://www.w3.org/ns/wsdl/in-out->updateRegulationUnitOfVSNRegulationPolicy
2018-04-01 21:38:22,163 [Timer-2] INFO  au.swin.ict.research.cs3.road.road4ws.core.deployer.OperationalManagerDeployer  - http://www.w3.org/ns/wsdl/in-out->addSynchronizationRegulationUnitToProcessRegulationPolicyAt
2018-04-01 21:38:22,163 [Timer-2] INFO  au.swin.ict.research.cs3.road.road4ws.core.deployer.OperationalManagerDeployer  - http://www.w3.org/ns/wsdl/in-out->updatePassthroughRule
2018-04-01 21:38:22,163 [Timer-2] INFO  au.swin.ict.research.cs3.road.road4ws.core.deployer.OperationalManagerDeployer  - http://www.w3.org/ns/wsdl/in-out->removeRegulationUnit
2018-04-01 21:38:22,163 [Timer-2] INFO  au.swin.ict.research.cs3.road.road4ws.core.deployer.OperationalManagerDeployer  - http://www.w3.org/ns/wsdl/in-out->removeGlobalRulesFromRegulationUnit
2018-04-01 21:38:22,163 [Timer-2] INFO  au.swin.ict.research.cs3.road.road4ws.core.deployer.OperationalManagerDeployer  - http://www.w3.org/ns/wsdl/in-out->addRoutingRegulationUnitToProcessRegulationPolicyAt
2018-04-01 21:38:22,163 [Timer-2] INFO  au.swin.ict.research.cs3.road.road4ws.core.deployer.OperationalManagerDeployer  - http://www.w3.org/ns/wsdl/in-out->removeServiceNetworkStateImplementation
2018-04-01 21:38:22,163 [Timer-2] INFO  au.swin.ict.research.cs3.road.road4ws.core.deployer.OperationalManagerDeployer  - http://www.w3.org/ns/wsdl/in-out->removeRoutingRegulationUnitFromProcessRegulationPolicyAt
2018-04-01 21:38:22,163 [Timer-2] INFO  au.swin.ict.research.cs3.road.road4ws.core.deployer.OperationalManagerDeployer  - http://www.w3.org/ns/wsdl/in-out->addPassthroughRulesToInterVSNRegulationUnit
2018-04-01 21:38:22,163 [Timer-2] INFO  au.swin.ict.research.cs3.road.road4ws.core.deployer.OperationalManagerDeployer  - http://www.w3.org/ns/wsdl/in-out->updateRegulationUnitOfProcessRegulationPolicy
2018-04-01 21:38:22,163 [Timer-2] INFO  au.swin.ict.research.cs3.road.road4ws.core.deployer.OperationalManagerDeployer  - http://www.w3.org/ns/wsdl/in-out->removeGlobalRulesFromInterCollaborationRegulationUnit
2018-04-01 21:38:22,163 [Timer-2] INFO  au.swin.ict.research.cs3.road.road4ws.core.deployer.OperationalManagerDeployer  - http://www.w3.org/ns/wsdl/in-out->addServiceNetworkEvent
2018-04-01 21:38:22,163 [Timer-2] INFO  au.swin.ict.research.cs3.road.road4ws.core.deployer.OperationalManagerDeployer  - http://www.w3.org/ns/wsdl/in-out->getNextManagementMessage
2018-04-01 21:38:22,163 [Timer-2] INFO  au.swin.ict.research.cs3.road.road4ws.core.deployer.OperationalManagerDeployer  - http://www.w3.org/ns/wsdl/in-out->addRoutingRule
2018-04-01 21:38:22,163 [Timer-2] INFO  au.swin.ict.research.cs3.road.road4ws.core.deployer.OperationalManagerDeployer  - http://www.w3.org/ns/wsdl/in-out->addParameterizedRegulationUnitToVSNRegulationPolicy
2018-04-01 21:38:22,163 [Timer-2] INFO  au.swin.ict.research.cs3.road.road4ws.core.deployer.OperationalManagerDeployer  - http://www.w3.org/ns/wsdl/in-out->subscribeToManagementMessages
2018-04-01 21:38:22,165 [Timer-2] INFO  au.swin.ict.research.cs3.road.road4ws.core.deployer.OperationalManagerDeployer  - Operational Manager role added to composite roadside
2018-04-01 21:38:22,165 [Timer-2] INFO  au.swin.ict.research.cs3.road.road4ws.core.deployer.ROADDeployer  - Adding composite to the axis config roadside
2018-04-01 21:38:22,171 [Timer-2] INFO  SN  - 5031
2018-04-01 21:45:07,140 [Timer-2] INFO  au.swin.ict.research.cs3.road.road4ws.core.deployer.MgtPolicyDeployer  - [ROAD4WS] Deploying management policies from the file : /home/indika/speevol/apache-tomcat-9.0.6_sdsn/webapps/axis2/WEB-INF/road_mgt/ms6mgt.xml
2018-04-01 21:45:07,141 [Timer-2] INFO  au.swin.ict.research.cs3.road.road4ws.core.deployer.MgtPolicyDeployer  - Loading VSNs conf from /home/indika/speevol/apache-tomcat-9.0.6_sdsn/webapps/axis2/WEB-INF/road_mgt/ms6mgt.xml
2018-04-01 21:45:07,159 [Thread-13] INFO  au.edu.swin.ict.road.composite.OrganiserRole  - Got a management policy to admit 
es6_org_add.drl
2018-04-01 21:45:07,163 [Thread-14] INFO  au.edu.swin.ict.road.composite.OperationalManagerRole  - Got a management policyto admit 
es6_opr_add.drl
2018-04-01 21:45:07,166 [Thread-13] INFO  au.edu.swin.ict.road.common.DroolsRules  - Reading KB from es6_org_add.drl
2018-04-01 21:45:07,166 [Thread-14] INFO  au.edu.swin.ict.road.common.DroolsRules  - Reading KB from es6_opr_add.drl
2018-04-01 21:45:07,168 [Thread-13] INFO  org.kie.scanner.embedder.MavenEmbedderUtils  - Not in OSGi: using plexus based maven parser
2018-04-01 21:45:07,189 [Thread-14] INFO  org.kie.scanner.embedder.MavenEmbedderUtils  - Not in OSGi: using plexus based maven parser
2018-04-01 21:45:07,571 [Thread-14] INFO  org.drools.compiler.kie.builder.impl.KieRepositoryImpl  - KieModule was added: MemoryKieModule[releaseId=es6_opr_add.drl:road-rep:1.0.0]
2018-04-01 21:45:07,584 [Thread-13] INFO  org.drools.compiler.kie.builder.impl.KieRepositoryImpl  - KieModule was added: MemoryKieModule[releaseId=es6_org_add.drl:road-rep:1.0.0]
2018-04-01 21:45:07,590 [Thread-13] INFO  au.edu.swin.ict.road.common.OrganiserMgtOpResult  - Management policy applied in .427113004nanoseconds
2018-04-01 21:45:07,594 [Thread-14] INFO  au.edu.swin.ict.road.common.OrganiserMgtOpResult  - Management policy applied in .430065931nanoseconds
2018-04-01 21:45:07,782 [ManamentPolicyExecutorWorker-1] INFO  MGT  - 1522611907782
2018-04-01 21:45:07,785 [ManamentPolicyExecutorWorker-1] INFO  au.edu.swin.ict.road.composite.OrganiserRole  - Organiser: addRole, roleId: AS
2018-04-01 21:45:07,786 [ManamentPolicyExecutorWorker-1] INFO  au.edu.swin.ict.serendip.core.SerendipEngine  - AS subscribed to the engine
2018-04-01 21:45:07,788 [ManamentPolicyExecutorWorker-1] INFO  au.edu.swin.ict.road.composite.Composite  - Adding role with id 'AS' to composite roadside
2018-04-01 21:45:07,789 [ManamentPolicyExecutorWorker-1] INFO  au.edu.swin.ict.road.common.OrganiserMgtOpResult  - New role AS added successfully
2018-04-01 21:45:07,790 [ManamentPolicyExecutorWorker-1] INFO  au.edu.swin.ict.road.common.OrganiserMgtOpResult  - Added a Task : AssessRepair
2018-04-01 21:45:07,790 [ManamentPolicyExecutorWorker-1] INFO  au.edu.swin.ict.road.composite.OrganiserRole  - Organiser: setInMessageType
2018-04-01 21:45:07,790 [ManamentPolicyExecutorWorker-1] INFO  au.edu.swin.ict.road.common.OrganiserMgtOpResult  - Updated the in message : AssessRepair
2018-04-01 21:45:07,790 [ManamentPolicyExecutorWorker-1] INFO  au.edu.swin.ict.road.composite.OrganiserRole  - Organiser: setOutMessageType
2018-04-01 21:45:07,790 [ManamentPolicyExecutorWorker-1] INFO  au.edu.swin.ict.road.common.OrganiserMgtOpResult  - Updated the out message : AssessRepair
2018-04-01 21:45:07,791 [ManamentPolicyExecutorWorker-1] INFO  au.edu.swin.ict.road.common.OrganiserMgtOpResult  - New PlayerBinding AS_SB added successfully
2018-04-01 21:45:07,791 [ManamentPolicyExecutorWorker-1] INFO  au.edu.swin.ict.road.common.OrganiserMgtOpResult  - SetServiceBinding AS_SB successful for the role AS
2018-04-01 21:45:07,791 [ManamentPolicyExecutorWorker-1] INFO  au.edu.swin.ict.road.common.OrganiserMgtOpResult  - Added a Task : ReceiveExternalAssessment
2018-04-01 21:45:07,791 [ManamentPolicyExecutorWorker-1] INFO  au.edu.swin.ict.road.composite.OrganiserRole  - Organiser: setInMessageType
2018-04-01 21:45:07,791 [ManamentPolicyExecutorWorker-1] INFO  au.edu.swin.ict.road.common.OrganiserMgtOpResult  - Updated the in message : ReceiveExternalAssessment
2018-04-01 21:45:07,791 [ManamentPolicyExecutorWorker-1] INFO  au.edu.swin.ict.road.composite.OrganiserRole  - Organiser: setOutMessageType
2018-04-01 21:45:07,791 [ManamentPolicyExecutorWorker-1] INFO  au.edu.swin.ict.road.common.OrganiserMgtOpResult  - Updated the out message : ReceiveExternalAssessment
2018-04-01 21:45:07,791 [ManamentPolicyExecutorWorker-1] INFO  au.edu.swin.ict.road.common.OrganiserMgtOpResult  - Added a Task : PayAS
2018-04-01 21:45:07,791 [ManamentPolicyExecutorWorker-1] INFO  au.edu.swin.ict.road.composite.OrganiserRole  - Organiser: setInMessageType
2018-04-01 21:45:07,791 [ManamentPolicyExecutorWorker-1] INFO  au.edu.swin.ict.road.common.OrganiserMgtOpResult  - Updated the in message : PayAS
2018-04-01 21:45:07,791 [ManamentPolicyExecutorWorker-1] INFO  au.edu.swin.ict.road.composite.OrganiserRole  - Organiser: setOutMessageType
2018-04-01 21:45:07,791 [ManamentPolicyExecutorWorker-1] INFO  au.edu.swin.ict.road.common.OrganiserMgtOpResult  - Updated the out message : PayAS
2018-04-01 21:45:07,791 [ManamentPolicyExecutorWorker-1] INFO  au.edu.swin.ict.road.common.OrganiserMgtOpResult  - Updated the task : AssessRepair of the role :GC1
2018-04-01 21:45:07,791 [ManamentPolicyExecutorWorker-1] INFO  au.edu.swin.ict.road.common.OrganiserMgtOpResult  - Updated the task : AssessRepair of the role :GC1
2018-04-01 21:45:07,791 [ManamentPolicyExecutorWorker-1] INFO  au.edu.swin.ict.road.composite.OrganiserRole  - Organiser: addNewContract, contractId: AS-SC
2018-04-01 21:45:07,791 [ManamentPolicyExecutorWorker-1] INFO  au.swin.ict.research.cs3.road.road4ws.core.deployer.ROADDeployer  - Service removed from Axis2
2018-04-01 21:45:07,792 [ManamentPolicyExecutorWorker-1] INFO  au.swin.ict.research.cs3.road.road4ws.core.deployer.ROADDeployer  - Service removed from Axis2
2018-04-01 21:45:07,793 [ManamentPolicyExecutorWorker-1] INFO  au.edu.swin.ict.road.composite.Composite  - Adding contract AS-SC to composite roadside
2018-04-01 21:45:07,793 [ManamentPolicyExecutorWorker-1] INFO  au.edu.swin.ict.road.common.OrganiserMgtOpResult  - Contract AS-SC was successfully added
2018-04-01 21:45:07,793 [ManamentPolicyExecutorWorker-1] INFO  au.edu.swin.ict.road.composite.OrganiserRole  - Organiser: addwTerm, contractId: AS-SC
2018-04-01 21:45:07,793 [ManamentPolicyExecutorWorker-1] INFO  au.swin.ict.research.cs3.road.road4ws.core.deployer.ROADDeployer  - Service removed from Axis2
2018-04-01 21:45:07,794 [ManamentPolicyExecutorWorker-1] INFO  au.swin.ict.research.cs3.road.road4ws.core.deployer.ROADDeployer  - Service removed from Axis2
2018-04-01 21:45:07,794 [ManamentPolicyExecutorWorker-1] INFO  au.edu.swin.ict.road.composite.Composite  - New term with id 'payRepairAssessment' has been added to the contract with the id 'AS-SC'
2018-04-01 21:45:07,794 [ManamentPolicyExecutorWorker-1] INFO  au.edu.swin.ict.road.common.OrganiserMgtOpResult  - Term payRepairAssessment was successfully added
2018-04-01 21:45:07,794 [ManamentPolicyExecutorWorker-1] INFO  au.edu.swin.ict.road.composite.OrganiserRole  - Organiser: addNewOperation
2018-04-01 21:45:07,794 [ManamentPolicyExecutorWorker-1] INFO  au.swin.ict.research.cs3.road.road4ws.core.deployer.ROADDeployer  - Service removed from Axis2
2018-04-01 21:45:07,795 [ManamentPolicyExecutorWorker-1] INFO  au.swin.ict.research.cs3.road.road4ws.core.deployer.ROADDeployer  - Service removed from Axis2
2018-04-01 21:45:07,795 [ManamentPolicyExecutorWorker-1] INFO  au.edu.swin.ict.road.common.OrganiserMgtOpResult  - Operation successfully added
2018-04-01 21:45:07,795 [ManamentPolicyExecutorWorker-1] INFO  au.edu.swin.ict.road.composite.OrganiserRole  - Organiser: addNewContract, contractId: GC1-AS
2018-04-01 21:45:07,796 [ManamentPolicyExecutorWorker-1] INFO  au.swin.ict.research.cs3.road.road4ws.core.deployer.ROADDeployer  - Service removed from Axis2
2018-04-01 21:45:07,796 [ManamentPolicyExecutorWorker-1] INFO  au.swin.ict.research.cs3.road.road4ws.core.deployer.ROADDeployer  - Service removed from Axis2
2018-04-01 21:45:07,796 [ManamentPolicyExecutorWorker-1] INFO  au.edu.swin.ict.road.composite.Composite  - Adding contract GC1-AS to composite roadside
2018-04-01 21:45:07,796 [ManamentPolicyExecutorWorker-1] INFO  au.edu.swin.ict.road.common.OrganiserMgtOpResult  - Contract GC1-AS was successfully added
2018-04-01 21:45:07,796 [ManamentPolicyExecutorWorker-1] INFO  au.edu.swin.ict.road.composite.OrganiserRole  - Organiser: addwTerm, contractId: GC1-AS
2018-04-01 21:45:07,796 [ManamentPolicyExecutorWorker-1] INFO  au.swin.ict.research.cs3.road.road4ws.core.deployer.ROADDeployer  - Service removed from Axis2
2018-04-01 21:45:07,797 [ManamentPolicyExecutorWorker-1] INFO  au.swin.ict.research.cs3.road.road4ws.core.deployer.ROADDeployer  - Service removed from Axis2
2018-04-01 21:45:07,797 [ManamentPolicyExecutorWorker-1] INFO  au.edu.swin.ict.road.composite.Composite  - New term with id 'orderRepairAssessment' has been added to the contract with the id 'GC1-AS'
2018-04-01 21:45:07,797 [ManamentPolicyExecutorWorker-1] INFO  au.edu.swin.ict.road.common.OrganiserMgtOpResult  - Term orderRepairAssessment was successfully added
2018-04-01 21:45:07,797 [ManamentPolicyExecutorWorker-1] INFO  au.edu.swin.ict.road.composite.OrganiserRole  - Organiser: addNewOperation
2018-04-01 21:45:07,797 [ManamentPolicyExecutorWorker-1] INFO  au.swin.ict.research.cs3.road.road4ws.core.deployer.ROADDeployer  - Service removed from Axis2
2018-04-01 21:45:07,798 [ManamentPolicyExecutorWorker-1] INFO  au.swin.ict.research.cs3.road.road4ws.core.deployer.ROADDeployer  - Service removed from Axis2
2018-04-01 21:45:07,798 [ManamentPolicyExecutorWorker-1] INFO  au.edu.swin.ict.road.common.OrganiserMgtOpResult  - Operation successfully added
2018-04-01 21:45:07,798 [ManamentPolicyExecutorWorker-1] INFO  au.edu.swin.ict.road.common.OrganiserMgtOpResult  -  Task updated from GC1.DoRepair behavior RepairingByMacRepair
2018-04-01 21:45:07,798 [ManamentPolicyExecutorWorker-1] INFO  au.edu.swin.ict.road.common.OrganiserMgtOpResult  -  Task updated from GC1.AssessRepair behavior RepairingByMacRepair
2018-04-01 21:45:07,798 [ManamentPolicyExecutorWorker-1] INFO  au.edu.swin.ict.road.common.OrganiserMgtOpResult  - BehaviorUnit VehicleAssessment has been added
2018-04-01 21:45:07,798 [ManamentPolicyExecutorWorker-1] INFO  au.edu.swin.ict.road.common.OrganiserMgtOpResult  - Task ref  AS.AssessRepair added to VehicleAssessment
2018-04-01 21:45:07,798 [ManamentPolicyExecutorWorker-1] INFO  au.edu.swin.ict.road.common.OrganiserMgtOpResult  - Task ref  GC1.ReceiveExternalAssessment added to VehicleAssessment
2018-04-01 21:45:07,798 [ManamentPolicyExecutorWorker-1] INFO  au.edu.swin.ict.road.common.OrganiserMgtOpResult  - Task ref  SC.PayAS added to VehicleAssessment
2018-04-01 21:45:07,798 [ManamentPolicyExecutorWorker-1] INFO  au.edu.swin.ict.road.composite.OrganiserRole  - Organiser: add a behavior unit VehicleAssessment to the configuration design of the process : HappyToursP1
2018-04-01 21:45:07,799 [ManamentPolicyExecutorWorker-1] INFO  au.edu.swin.ict.road.common.OrganiserMgtOpResult  - Configuration design for the process  HappyToursP1 hss been updated with behavior unit : VehicleAssessment
2018-04-01 21:45:07,806 [ManamentPolicyExecutorWorker-3] INFO  au.edu.swin.ict.road.composite.OperationalManagerRole  - Operational Manager : add sync regulation rule @ AS
2018-04-01 21:45:07,807 [ManamentPolicyExecutorWorker-3] INFO  au.edu.swin.ict.road.common.DroolsRules  - Reading KB from AS_SYN.drl
2018-04-01 21:45:07,807 [ManamentPolicyExecutorWorker-3] INFO  org.kie.scanner.embedder.MavenEmbedderUtils  - Not in OSGi: using plexus based maven parser
2018-04-01 21:45:07,965 [ManamentPolicyExecutorWorker-3] INFO  org.drools.compiler.kie.builder.impl.KieRepositoryImpl  - KieModule was added: MemoryKieModule[releaseId=AS_SYN.drl:road-rep:1.0.0]
2018-04-01 21:45:07,968 [ManamentPolicyExecutorWorker-3] INFO  au.edu.swin.ict.road.common.OperationalMgtOpResult  - The sync regulation rule @AShas been added.
2018-04-01 21:45:07,968 [ManamentPolicyExecutorWorker-3] INFO  au.edu.swin.ict.road.composite.OperationalManagerRole  - Operational Manager : add sync regulation rule @ GC1
2018-04-01 21:45:07,968 [ManamentPolicyExecutorWorker-3] INFO  au.edu.swin.ict.road.common.DroolsRules  - Reading KB from GC1_SYN_Diff.drl
2018-04-01 21:45:07,969 [ManamentPolicyExecutorWorker-3] INFO  org.kie.scanner.embedder.MavenEmbedderUtils  - Not in OSGi: using plexus based maven parser
2018-04-01 21:45:08,127 [ManamentPolicyExecutorWorker-3] INFO  org.drools.compiler.kie.builder.impl.KieRepositoryImpl  - KieModule was added: MemoryKieModule[releaseId=GC1_SYN_Diff.drl:road-rep:1.0.0]
2018-04-01 21:45:08,135 [ManamentPolicyExecutorWorker-3] INFO  au.edu.swin.ict.road.common.OperationalMgtOpResult  - The sync regulation rule @GC1has been added.
2018-04-01 21:45:08,135 [ManamentPolicyExecutorWorker-3] INFO  au.edu.swin.ict.road.composite.OperationalManagerRole  - Operational Manager : add sync regulation rule @ SC
2018-04-01 21:45:08,135 [ManamentPolicyExecutorWorker-3] INFO  au.edu.swin.ict.road.common.DroolsRules  - Reading KB from SC_SYN_Diff.drl
2018-04-01 21:45:08,135 [ManamentPolicyExecutorWorker-3] INFO  org.kie.scanner.embedder.MavenEmbedderUtils  - Not in OSGi: using plexus based maven parser
2018-04-01 21:45:08,247 [ManamentPolicyExecutorWorker-3] INFO  org.drools.compiler.kie.builder.impl.KieRepositoryImpl  - KieModule was added: MemoryKieModule[releaseId=SC_SYN_Diff.drl:road-rep:1.0.0]
2018-04-01 21:45:08,255 [ManamentPolicyExecutorWorker-3] INFO  au.edu.swin.ict.road.common.OperationalMgtOpResult  - The sync regulation rule @SChas been added.
2018-04-01 21:45:08,255 [ManamentPolicyExecutorWorker-3] INFO  au.edu.swin.ict.road.composite.OperationalManagerRole  - Operational Manager : add routing regulation rule @ AS
2018-04-01 21:45:08,255 [ManamentPolicyExecutorWorker-3] INFO  au.edu.swin.ict.road.common.DroolsRules  - Reading KB from AS_Routing.drl
2018-04-01 21:45:08,256 [ManamentPolicyExecutorWorker-3] INFO  org.kie.scanner.embedder.MavenEmbedderUtils  - Not in OSGi: using plexus based maven parser
2018-04-01 21:45:08,398 [ManamentPolicyExecutorWorker-3] INFO  org.drools.compiler.kie.builder.impl.KieRepositoryImpl  - KieModule was added: MemoryKieModule[releaseId=AS_Routing.drl:road-rep:1.0.0]
2018-04-01 21:45:08,401 [ManamentPolicyExecutorWorker-3] INFO  au.edu.swin.ict.road.common.OperationalMgtOpResult  - The routing regulation rule @AShas been added.
2018-04-01 21:45:08,401 [ManamentPolicyExecutorWorker-3] INFO  au.edu.swin.ict.road.composite.OperationalManagerRole  - Operational Manager : add routing regulation rule @ GC1
2018-04-01 21:45:08,401 [ManamentPolicyExecutorWorker-3] INFO  au.edu.swin.ict.road.common.DroolsRules  - Reading KB from GC1_Routing_Diff.drl
2018-04-01 21:45:08,402 [ManamentPolicyExecutorWorker-3] INFO  org.kie.scanner.embedder.MavenEmbedderUtils  - Not in OSGi: using plexus based maven parser
2018-04-01 21:45:08,502 [ManamentPolicyExecutorWorker-3] INFO  org.drools.compiler.kie.builder.impl.KieRepositoryImpl  - KieModule was added: MemoryKieModule[releaseId=GC1_Routing_Diff.drl:road-rep:1.0.0]
2018-04-01 21:45:08,507 [ManamentPolicyExecutorWorker-3] INFO  au.edu.swin.ict.road.common.OperationalMgtOpResult  - The routing regulation rule @GC1has been added.
2018-04-01 21:45:08,507 [ManamentPolicyExecutorWorker-3] INFO  au.edu.swin.ict.road.composite.OperationalManagerRole  - Operational Manager : update routing rule : assessRepairResponse
2018-04-01 21:45:08,507 [ManamentPolicyExecutorWorker-3] INFO  au.edu.swin.ict.road.common.DroolsRules  - Reading KB from GC1_Routing_Diff_Replace.drl
2018-04-01 21:45:08,507 [ManamentPolicyExecutorWorker-3] INFO  org.kie.scanner.embedder.MavenEmbedderUtils  - Not in OSGi: using plexus based maven parser
2018-04-01 21:45:08,578 [ManamentPolicyExecutorWorker-3] INFO  org.drools.compiler.kie.builder.impl.KieRepositoryImpl  - KieModule was added: MemoryKieModule[releaseId=GC1_Routing_Diff_Replace.drl:road-rep:1.0.0]
2018-04-01 21:45:08,582 [ManamentPolicyExecutorWorker-3] INFO  au.edu.swin.ict.road.common.OperationalMgtOpResult  - The routing regulation ruleassessRepairResponsehas been updated.
2018-04-01 21:45:08,582 [ManamentPolicyExecutorWorker-3] INFO  au.edu.swin.ict.road.composite.OperationalManagerRole  - Operational Manager : add routing regulation rule @ SC
2018-04-01 21:45:08,582 [ManamentPolicyExecutorWorker-3] INFO  au.edu.swin.ict.road.common.DroolsRules  - Reading KB from SC_Routing_Diff.drl
2018-04-01 21:45:08,583 [ManamentPolicyExecutorWorker-3] INFO  org.kie.scanner.embedder.MavenEmbedderUtils  - Not in OSGi: using plexus based maven parser
2018-04-01 21:45:08,665 [ManamentPolicyExecutorWorker-3] INFO  org.drools.compiler.kie.builder.impl.KieRepositoryImpl  - KieModule was added: MemoryKieModule[releaseId=SC_Routing_Diff.drl:road-rep:1.0.0]
2018-04-01 21:45:08,669 [ManamentPolicyExecutorWorker-3] INFO  au.edu.swin.ict.road.common.OperationalMgtOpResult  - The routing regulation rule @SChas been added.
2018-04-01 21:45:08,669 [ManamentPolicyExecutorWorker-3] INFO  au.edu.swin.ict.road.composite.OperationalManagerRole  - Operational Manager : add passthrough regulation rule @ AS-SC
2018-04-01 21:45:08,669 [ManamentPolicyExecutorWorker-3] INFO  au.edu.swin.ict.road.common.DroolsRules  - Reading KB from AS-SC.drl
2018-04-01 21:45:08,670 [ManamentPolicyExecutorWorker-3] INFO  org.kie.scanner.embedder.MavenEmbedderUtils  - Not in OSGi: using plexus based maven parser
2018-04-01 21:45:08,891 [ManamentPolicyExecutorWorker-3] INFO  org.drools.compiler.kie.builder.impl.KieRepositoryImpl  - KieModule was added: MemoryKieModule[releaseId=AS-SC.drl:road-rep:1.0.0]
2018-04-01 21:45:08,896 [ManamentPolicyExecutorWorker-3] INFO  au.edu.swin.ict.road.common.OperationalMgtOpResult  - The passthrough regulation rule @AS-SChas been added.
2018-04-01 21:45:08,896 [ManamentPolicyExecutorWorker-3] INFO  au.edu.swin.ict.road.composite.OperationalManagerRole  - Operational Manager : add passthrough regulation rule @ GC1-AS
2018-04-01 21:45:08,896 [ManamentPolicyExecutorWorker-3] INFO  au.edu.swin.ict.road.common.DroolsRules  - Reading KB from GC1-AS.drl
2018-04-01 21:45:08,897 [ManamentPolicyExecutorWorker-3] INFO  org.kie.scanner.embedder.MavenEmbedderUtils  - Not in OSGi: using plexus based maven parser
2018-04-01 21:45:09,008 [ManamentPolicyExecutorWorker-3] INFO  org.drools.compiler.kie.builder.impl.KieRepositoryImpl  - KieModule was added: MemoryKieModule[releaseId=GC1-AS.drl:road-rep:1.0.0]
2018-04-01 21:45:09,011 [ManamentPolicyExecutorWorker-3] INFO  au.edu.swin.ict.road.common.OperationalMgtOpResult  - The passthrough regulation rule @GC1-AShas been added.
2018-04-01 21:45:09,011 [ManamentPolicyExecutorWorker-3] INFO  au.edu.swin.ict.road.composite.OperationalManagerRole  - Operational Manager : add regulation unit : VehicleAssessment
2018-04-01 21:45:09,011 [ManamentPolicyExecutorWorker-3] INFO  au.edu.swin.ict.road.common.OperationalMgtOpResult  - The regulation unit VehicleAssessmenthas been added.
2018-04-01 21:45:09,011 [ManamentPolicyExecutorWorker-3] INFO  au.edu.swin.ict.road.composite.OperationalManagerRole  - Operational Manager : add  sync rules to the regulation unit : VehicleAssessment
2018-04-01 21:45:09,011 [ManamentPolicyExecutorWorker-3] INFO  au.edu.swin.ict.road.common.OperationalMgtOpResult  - The sync rules to the regulation unit VehicleAssessmenthave been added.
2018-04-01 21:45:09,011 [ManamentPolicyExecutorWorker-3] INFO  au.edu.swin.ict.road.composite.OperationalManagerRole  - Operational Manager : add routing rules to the regulation unit : VehicleAssessment
2018-04-01 21:45:09,011 [ManamentPolicyExecutorWorker-3] INFO  au.edu.swin.ict.road.common.OperationalMgtOpResult  - The routing rules to the regulation unit VehicleAssessmenthave been added.
2018-04-01 21:45:09,011 [ManamentPolicyExecutorWorker-3] INFO  au.edu.swin.ict.road.composite.OperationalManagerRole  - Operational Manager : add passthrough rules to the regulation unit : VehicleAssessment
2018-04-01 21:45:09,011 [ManamentPolicyExecutorWorker-3] INFO  au.edu.swin.ict.road.common.OperationalMgtOpResult  - The passthrough rules to the regulation unit VehicleAssessmenthave been added.
2018-04-01 21:45:09,011 [ManamentPolicyExecutorWorker-3] INFO  au.edu.swin.ict.road.composite.OperationalManagerRole  - Operational Manager : add regulation units VehicleAssessment to the process : HappyToursP1
2018-04-01 21:45:09,012 [ManamentPolicyExecutorWorker-3] INFO  au.edu.swin.ict.road.composite.Composite  - Deploying regulation policy of the process HappyToursP1 of the VSN : HappyTours as []
2018-04-01 21:45:09,012 [ManamentPolicyExecutorWorker-3] INFO  au.edu.swin.ict.road.composite.Composite  - Deploying regulation policy of the process HappyToursP1 of the VSN : HappyTours as [VehicleAssessment]
2018-04-01 21:45:09,012 [ManamentPolicyExecutorWorker-3] INFO  au.edu.swin.ict.road.common.OperationalMgtOpResult  - The regulation units to the process HappyToursP1have been added.
2018-04-01 21:45:09,012 [ManamentPolicyExecutorWorker-3] INFO  au.edu.swin.ict.road.composite.OperationalManagerRole  - Operational Manager : remove regulation unit : VehicleAssessment
2018-04-01 21:45:09,012 [ManamentPolicyExecutorWorker-3] INFO  au.edu.swin.ict.road.common.OperationalMgtOpResult  - The regulation unit VehicleAssessmenthas been removed.
2018-04-01 21:45:09,012 [ManamentPolicyExecutorWorker-3] INFO  au.edu.swin.ict.road.composite.OperationalManagerRole  - Operational Manager : update regulation units VehicleAssessment of the process : HappyToursP1 property : state value : active
2018-04-01 21:45:09,012 [ManamentPolicyExecutorWorker-3] INFO  au.edu.swin.ict.road.common.OperationalMgtOpResult  - The regulation unit of the process HappyToursP1have been updated. property : state value : active
2018-04-01 21:45:09,021 [ManamentPolicyExecutorWorker-5] INFO  au.edu.swin.ict.road.composite.OrganiserRole  - Organiser: updateRole, roleId: AS
2018-04-01 21:45:09,033 [ManamentPolicyExecutorWorker-5] INFO  au.edu.swin.ict.road.common.OrganiserMgtOpResult  - Property stateof RoleAS was successfully updated with value active
2018-04-01 21:45:09,033 [ManamentPolicyExecutorWorker-5] INFO  au.edu.swin.ict.road.composite.OrganiserRole  - Organiser: update contract , contractId: GC1-AS
2018-04-01 21:45:09,033 [ManamentPolicyExecutorWorker-5] INFO  au.edu.swin.ict.road.composite.OrganiserRole  - Organiser: update contract , contractId: AS-SC
2018-04-01 21:45:09,033 [ManamentPolicyExecutorWorker-5] INFO  au.edu.swin.ict.road.common.OrganiserMgtOpResult  - Update property state of BehaviorUnitVehicleAssessment is done
2018-04-01 21:45:09,034 [ManamentPolicyExecutorWorker-5] INFO  MGT  - 1522611909034
2018-04-01 21:45:57,139 [Timer-2] INFO  au.swin.ict.research.cs3.road.road4ws.core.deployer.MgtPolicyDeployer  - [ROAD4WS] Deploying management policies from the file : /home/indika/speevol/apache-tomcat-9.0.6_sdsn/webapps/axis2/WEB-INF/road_mgt/ms6mgtremove.xml
2018-04-01 21:45:57,140 [Timer-2] INFO  au.swin.ict.research.cs3.road.road4ws.core.deployer.MgtPolicyDeployer  - Loading VSNs conf from /home/indika/speevol/apache-tomcat-9.0.6_sdsn/webapps/axis2/WEB-INF/road_mgt/ms6mgtremove.xml
2018-04-01 21:45:57,144 [Thread-15] INFO  au.edu.swin.ict.road.composite.OrganiserRole  - Got a management policy to admit 
es6_org_remove.drl
2018-04-01 21:45:57,147 [Thread-15] INFO  au.edu.swin.ict.road.common.DroolsRules  - Reading KB from es6_org_remove.drl
2018-04-01 21:45:57,147 [Thread-16] INFO  au.edu.swin.ict.road.composite.OperationalManagerRole  - Got a management policyto admit 
es6_opr_remove.drl
2018-04-01 21:45:57,148 [Thread-15] INFO  org.kie.scanner.embedder.MavenEmbedderUtils  - Not in OSGi: using plexus based maven parser
2018-04-01 21:45:57,149 [Thread-16] INFO  au.edu.swin.ict.road.common.DroolsRules  - Reading KB from es6_opr_remove.drl
2018-04-01 21:45:57,149 [Thread-16] INFO  org.kie.scanner.embedder.MavenEmbedderUtils  - Not in OSGi: using plexus based maven parser
2018-04-01 21:45:57,354 [Thread-15] INFO  org.drools.compiler.kie.builder.impl.KieRepositoryImpl  - KieModule was added: MemoryKieModule[releaseId=es6_org_remove.drl:road-rep:1.0.0]
2018-04-01 21:45:57,361 [Thread-16] INFO  org.drools.compiler.kie.builder.impl.KieRepositoryImpl  - KieModule was added: MemoryKieModule[releaseId=es6_opr_remove.drl:road-rep:1.0.0]
2018-04-01 21:45:57,364 [Thread-15] INFO  au.edu.swin.ict.road.common.OrganiserMgtOpResult  - Management policy applied in .216652073nanoseconds
2018-04-01 21:45:57,364 [Thread-16] INFO  au.edu.swin.ict.road.common.OrganiserMgtOpResult  - Management policy applied in .214907773nanoseconds
2018-04-01 21:45:57,388 [ManamentPolicyExecutorWorker-8] INFO  MGT  - 1522611957388
2018-04-01 21:45:57,389 [ManamentPolicyExecutorWorker-8] INFO  au.edu.swin.ict.road.composite.OperationalManagerRole  - Operational Manager : update regulation units VehicleAssessment of the process : HappyToursP1 property : state value : passive
2018-04-01 21:45:57,401 [ManamentPolicyExecutorWorker-10] INFO  au.edu.swin.ict.road.composite.OrganiserRole  - Organiser: updateRole, roleId: AS
2018-04-01 21:45:57,412 [ManamentPolicyExecutorWorker-10] INFO  au.edu.swin.ict.road.common.OrganiserMgtOpResult  - Property stateof RoleAS was successfully updated with value passive
2018-04-01 21:45:57,412 [ManamentPolicyExecutorWorker-10] INFO  au.edu.swin.ict.road.composite.OrganiserRole  - Organiser: update contract , contractId: GC1-AS
2018-04-01 21:45:57,412 [ManamentPolicyExecutorWorker-10] INFO  au.edu.swin.ict.road.composite.OrganiserRole  - Organiser: update contract , contractId: AS-SC
2018-04-01 21:45:57,412 [ManamentPolicyExecutorWorker-10] INFO  au.edu.swin.ict.road.common.OrganiserMgtOpResult  - Update property state of BehaviorUnitVehicleAssessment is done
2018-04-01 21:45:57,412 [ManamentPolicyExecutorWorker-10] INFO  au.edu.swin.ict.road.composite.OrganiserRole  - Organiser: remove a behavior unit VehicleAssessment from the configuration design of the process : HappyToursP1
2018-04-01 21:45:57,413 [ManamentPolicyExecutorWorker-10] INFO  au.edu.swin.ict.road.common.OrganiserMgtOpResult  - Configuration design for the process  HappyToursP1 hss been updated by removing the behavior unit : VehicleAssessment
2018-04-01 21:45:57,413 [ManamentPolicyExecutorWorker-10] INFO  au.edu.swin.ict.road.common.OrganiserMgtOpResult  -  Task removed from AS.AssessRepair behavior VehicleAssessment
2018-04-01 21:45:57,413 [ManamentPolicyExecutorWorker-10] INFO  au.edu.swin.ict.road.common.OrganiserMgtOpResult  -  Task removed from GC1.ReceiveExternalAssessment behavior VehicleAssessment
2018-04-01 21:45:57,413 [ManamentPolicyExecutorWorker-10] INFO  au.edu.swin.ict.road.common.OrganiserMgtOpResult  -  Task removed from SC.PayAS behavior VehicleAssessment
2018-04-01 21:45:57,413 [ManamentPolicyExecutorWorker-10] INFO  au.edu.swin.ict.road.common.OrganiserMgtOpResult  -  Behavior removed VehicleAssessment
2018-04-01 21:45:57,413 [ManamentPolicyExecutorWorker-10] INFO  au.edu.swin.ict.road.composite.OrganiserRole  - Organiser: removeTerm, termId: payRepairAssessment
2018-04-01 21:45:57,413 [ManamentPolicyExecutorWorker-10] INFO  au.swin.ict.research.cs3.road.road4ws.core.deployer.ROADDeployer  - Service removed from Axis2
2018-04-01 21:45:57,413 [ManamentPolicyExecutorWorker-10] INFO  au.swin.ict.research.cs3.road.road4ws.core.deployer.ROADDeployer  - Service removed from Axis2
2018-04-01 21:45:57,414 [ManamentPolicyExecutorWorker-10] INFO  au.edu.swin.ict.road.composite.Composite  - The term with the id 'payRepairAssessment' has been removed from the contract with the id 'AS-SC'.
2018-04-01 21:45:57,414 [ManamentPolicyExecutorWorker-10] INFO  au.edu.swin.ict.road.common.OrganiserMgtOpResult  - Term payRepairAssessment was successfully removed
2018-04-01 21:45:57,414 [ManamentPolicyExecutorWorker-10] INFO  au.edu.swin.ict.road.composite.OrganiserRole  - Organiser: removeContract, contractId: AS-SC
2018-04-01 21:45:57,414 [ManamentPolicyExecutorWorker-10] INFO  au.swin.ict.research.cs3.road.road4ws.core.deployer.ROADDeployer  - Service removed from Axis2
2018-04-01 21:45:57,414 [ManamentPolicyExecutorWorker-10] INFO  au.swin.ict.research.cs3.road.road4ws.core.deployer.ROADDeployer  - Service removed from Axis2
2018-04-01 21:45:57,415 [ManamentPolicyExecutorWorker-10] INFO  au.edu.swin.ict.road.composite.Composite  - Contract with the id 'AS-SC' has been removed from the composite
2018-04-01 21:45:57,415 [ManamentPolicyExecutorWorker-10] INFO  au.edu.swin.ict.road.composite.Composite  - Contract with the id 'AS-SC' was not removed as it could not be found
2018-04-01 21:45:57,415 [ManamentPolicyExecutorWorker-10] INFO  au.edu.swin.ict.road.common.OrganiserMgtOpResult  - Contract with the id 'AS-SC' has been removed from thcomposite
2018-04-01 21:45:57,415 [ManamentPolicyExecutorWorker-10] INFO  au.edu.swin.ict.road.composite.OrganiserRole  - Organiser: removeTerm, termId: orderRepairAssessment
2018-04-01 21:45:57,415 [ManamentPolicyExecutorWorker-10] INFO  au.swin.ict.research.cs3.road.road4ws.core.deployer.ROADDeployer  - Service removed from Axis2
2018-04-01 21:45:57,415 [ManamentPolicyExecutorWorker-10] INFO  au.swin.ict.research.cs3.road.road4ws.core.deployer.ROADDeployer  - Service removed from Axis2
2018-04-01 21:45:57,415 [ManamentPolicyExecutorWorker-10] INFO  au.edu.swin.ict.road.composite.Composite  - The term with the id 'orderRepairAssessment' has been removed from the contract with the id 'GC1-AS'.
2018-04-01 21:45:57,415 [ManamentPolicyExecutorWorker-10] INFO  au.edu.swin.ict.road.common.OrganiserMgtOpResult  - Term orderRepairAssessment was successfully removed
2018-04-01 21:45:57,415 [ManamentPolicyExecutorWorker-10] INFO  au.edu.swin.ict.road.composite.OrganiserRole  - Organiser: removeContract, contractId: GC1-AS
2018-04-01 21:45:57,415 [ManamentPolicyExecutorWorker-10] INFO  au.swin.ict.research.cs3.road.road4ws.core.deployer.ROADDeployer  - Service removed from Axis2
2018-04-01 21:45:57,416 [ManamentPolicyExecutorWorker-10] INFO  au.swin.ict.research.cs3.road.road4ws.core.deployer.ROADDeployer  - Service removed from Axis2
2018-04-01 21:45:57,416 [ManamentPolicyExecutorWorker-10] INFO  au.edu.swin.ict.road.composite.Composite  - Contract with the id 'GC1-AS' has been removed from the composite
2018-04-01 21:45:57,416 [ManamentPolicyExecutorWorker-10] INFO  au.edu.swin.ict.road.composite.Composite  - Contract with the id 'GC1-AS' was not removed as it could not be found
2018-04-01 21:45:57,416 [ManamentPolicyExecutorWorker-10] INFO  au.edu.swin.ict.road.common.OrganiserMgtOpResult  - Contract with the id 'GC1-AS' has been removed from thcomposite
2018-04-01 21:45:57,416 [ManamentPolicyExecutorWorker-10] INFO  au.edu.swin.ict.road.common.OrganiserMgtOpResult  -  Task removed from AssessRepair role AS
2018-04-01 21:45:57,416 [ManamentPolicyExecutorWorker-10] INFO  au.edu.swin.ict.road.composite.OrganiserRole  - Organiser: remove, roleId: AS
2018-04-01 21:45:57,416 [ManamentPolicyExecutorWorker-10] INFO  au.edu.swin.ict.road.composite.Composite  - Role with id 'AS' has been removed from this composite.
2018-04-01 21:45:57,416 [ManamentPolicyExecutorWorker-10] INFO  au.swin.ict.research.cs3.road.road4ws.core.deployer.ROADDeployer  - Service removed from Axis2
2018-04-01 21:45:57,416 [ManamentPolicyExecutorWorker-10] INFO  au.edu.swin.ict.road.common.OrganiserMgtOpResult  - RoleAS has been sucessfully removed
2018-04-01 21:45:57,416 [ManamentPolicyExecutorWorker-10] INFO  au.edu.swin.ict.road.common.OrganiserMgtOpResult  -  Task removed from ReceiveExternalAssessment role GC1
2018-04-01 21:45:57,416 [ManamentPolicyExecutorWorker-10] INFO  au.edu.swin.ict.road.common.OrganiserMgtOpResult  -  Task removed from PayAS role SC
2018-04-01 21:45:57,416 [ManamentPolicyExecutorWorker-10] INFO  au.edu.swin.ict.road.common.OrganiserMgtOpResult  - Updated the task : AssessRepair of the role :GC1
2018-04-01 21:45:57,416 [ManamentPolicyExecutorWorker-10] INFO  au.edu.swin.ict.road.common.OrganiserMgtOpResult  - Updated the task : AssessRepair of the role :GC1
2018-04-01 21:45:57,416 [ManamentPolicyExecutorWorker-10] INFO  au.edu.swin.ict.road.common.OrganiserMgtOpResult  -  Task updated from GC1.DoRepair behavior RepairingByMacRepair
2018-04-01 21:45:57,416 [ManamentPolicyExecutorWorker-10] INFO  au.edu.swin.ict.road.common.OrganiserMgtOpResult  -  Task updated from GC1.AssessRepair behavior RepairingByMacRepair
2018-04-01 21:45:57,416 [ManamentPolicyExecutorWorker-10] INFO  MGT  - 1522611957416
