2018-04-01 23:52:02,842 [main] INFO  org.apache.axis2.deployment.ClusterBuilder  - Clustering has been disabled
2018-04-01 23:52:02,898 [main] WARN  org.apache.axis2.deployment.util.Utils  - Exception extracting jars into temporary directory : java.io.IOException: No such file or directory : switching to alternate class loading mechanism
2018-04-01 23:52:02,914 [main] INFO  org.apache.axis2.deployment.ModuleDeployer  - Deploying module: soapmonitor-1.7.7 - file:/home/indika/speevol/apache-tomcat-9.0.6_sdsn/webapps/axis2/WEB-INF/modules/soapmonitor-1.7.7.mar
2018-04-01 23:52:02,914 [main] WARN  org.apache.axis2.deployment.util.Utils  - Exception extracting jars into temporary directory : java.io.IOException: No such file or directory : switching to alternate class loading mechanism
2018-04-01 23:52:02,917 [main] INFO  org.apache.axis2.deployment.ModuleDeployer  - Deploying module: script-1.7.7 - file:/home/indika/speevol/apache-tomcat-9.0.6_sdsn/webapps/axis2/WEB-INF/modules/scripting-1.7.7.mar
2018-04-01 23:52:02,917 [main] WARN  org.apache.axis2.deployment.util.Utils  - Exception extracting jars into temporary directory : java.io.IOException: No such file or directory : switching to alternate class loading mechanism
2018-04-01 23:52:02,921 [main] INFO  org.apache.axis2.deployment.ModuleDeployer  - Deploying module: mtompolicy-1.7.7 - file:/home/indika/speevol/apache-tomcat-9.0.6_sdsn/webapps/axis2/WEB-INF/modules/mtompolicy-1.7.7.mar
2018-04-01 23:52:02,921 [main] WARN  org.apache.axis2.deployment.util.Utils  - Exception extracting jars into temporary directory : java.io.IOException: No such file or directory : switching to alternate class loading mechanism
2018-04-01 23:52:02,930 [main] INFO  org.apache.axis2.deployment.ModuleDeployer  - Deploying module: metadataExchange-1.7.7 - file:/home/indika/speevol/apache-tomcat-9.0.6_sdsn/webapps/axis2/WEB-INF/modules/mex-1.7.7.mar
2018-04-01 23:52:02,930 [main] WARN  org.apache.axis2.deployment.util.Utils  - Exception extracting jars into temporary directory : java.io.IOException: No such file or directory : switching to alternate class loading mechanism
2018-04-01 23:52:02,933 [main] INFO  org.apache.axis2.deployment.ModuleDeployer  - Deploying module: ping-1.7.7 - file:/home/indika/speevol/apache-tomcat-9.0.6_sdsn/webapps/axis2/WEB-INF/modules/ping-1.7.7.mar
2018-04-01 23:52:02,933 [main] WARN  org.apache.axis2.deployment.util.Utils  - Exception extracting jars into temporary directory : java.io.IOException: No such file or directory : switching to alternate class loading mechanism
2018-04-01 23:52:02,935 [main] INFO  org.apache.axis2.deployment.ModuleDeployer  - Deploying module: ROADModule - file:/home/indika/speevol/apache-tomcat-9.0.6_sdsn/webapps/axis2/WEB-INF/modules/roadmodule.mar
2018-04-01 23:52:02,936 [main] WARN  org.apache.axis2.deployment.util.Utils  - Exception extracting jars into temporary directory : java.io.IOException: No such file or directory : switching to alternate class loading mechanism
2018-04-01 23:52:02,939 [main] INFO  org.apache.axis2.deployment.ModuleDeployer  - Deploying module: jaxws-1.7.7 - file:/home/indika/speevol/apache-tomcat-9.0.6_sdsn/webapps/axis2/WEB-INF/modules/axis2-jaxws-mar-1.7.7.mar
2018-04-01 23:52:02,939 [main] WARN  org.apache.axis2.deployment.util.Utils  - Exception extracting jars into temporary directory : java.io.IOException: No such file or directory : switching to alternate class loading mechanism
2018-04-01 23:52:02,948 [main] INFO  org.apache.axis2.deployment.ModuleDeployer  - Deploying module: addressing-1.7.7 - file:/home/indika/speevol/apache-tomcat-9.0.6_sdsn/webapps/axis2/WEB-INF/modules/addressing-1.7.7.mar
2018-04-01 23:52:02,965 [main] WARN  org.apache.axis2.deployment.util.Utils  - Exception extracting jars into temporary directory : java.io.IOException: No such file or directory : switching to alternate class loading mechanism
2018-04-01 23:52:02,986 [main] INFO  org.apache.axis2.deployment.DeploymentEngine  - No services directory was found under /home/indika/speevol/apache-tomcat-9.0.6_sdsn/webapps/axis2/WEB-INF/conf/axis2.xml.
2018-04-01 23:52:02,986 [main] INFO  org.apache.axis2.deployment.DeploymentEngine  - No modules directory was found under /home/indika/speevol/apache-tomcat-9.0.6_sdsn/webapps/axis2/WEB-INF/conf/axis2.xml.
2018-04-01 23:52:03,008 [main] WARN  org.apache.axis2.deployment.util.Utils  - Exception extracting jars into temporary directory : java.io.IOException: No such file or directory : switching to alternate class loading mechanism
2018-04-01 23:52:03,060 [main] INFO  org.apache.axis2.deployment.DeploymentEngine  - Deploying Web service: version-1.7.7.aar - file:/home/indika/speevol/apache-tomcat-9.0.6_sdsn/webapps/axis2/WEB-INF/services/version-1.7.7.aar
2018-04-01 23:52:33,061 [Timer-2] INFO  au.swin.ict.research.cs3.road.road4ws.core.deployer.ROADDeployer  - [ROAD4WS] Deploying composite from the file : /home/indika/speevol/apache-tomcat-9.0.6_sdsn/webapps/axis2/WEB-INF/road_composites/smc_source.xml
2018-04-01 23:52:33,063 [Timer-2] INFO  au.swin.ict.research.cs3.road.road4ws.core.deployer.ROADDeployer  - Loading SMC from /home/indika/speevol/apache-tomcat-9.0.6_sdsn/webapps/axis2/WEB-INF/road_composites/smc_source.xml
2018-04-01 23:52:33,063 [Timer-2] INFO  au.edu.swin.ict.road.demarshalling.CompositeDemarshaller  - Starting instantiation of /home/indika/speevol/apache-tomcat-9.0.6_sdsn/webapps/axis2/WEB-INF/road_composites/smc_source.xml
2018-04-01 23:52:33,795 [Timer-2] INFO  au.edu.swin.ict.road.demarshalling.CompositeDemarshaller  - Starting instantiation of /home/indika/speevol/apache-tomcat-9.0.6_sdsn/webapps/axis2/WEB-INF/road_composites/smc_source.xml
2018-04-01 23:52:33,809 [Timer-2] INFO  au.edu.swin.ict.serendip.util.BenchUtil  - Bench mark OFF
2018-04-01 23:52:33,812 [Timer-2] INFO  au.edu.swin.ict.road.common.DroolsRules  - Reading KB from roadside_global.drl
2018-04-01 23:52:33,855 [Timer-2] WARN  org.kie.scanner.embedder.MavenSettings  - Environment variable M2_HOME is not set
2018-04-01 23:52:33,885 [Timer-2] INFO  org.kie.scanner.embedder.MavenEmbedderUtils  - Not in OSGi: using plexus based maven parser
2018-04-01 23:52:35,171 [Timer-2] INFO  org.kie.internal.utils.ServiceDiscovery  - Discovered kie.conf url=jar:file:/home/indika/speevol/apache-tomcat-9.0.6_sdsn/webapps/axis2/WEB-INF/lib/drools-beliefs-6.3.0.Final.jar!/META-INF/kie.conf 
2018-04-01 23:52:35,210 [Timer-2] INFO  org.kie.internal.utils.ServiceDiscovery  - Adding Assembler org.drools.beliefs.bayes.assembler.BayesAssemblerService 
2018-04-01 23:52:35,210 [Timer-2] INFO  org.kie.internal.utils.ServiceDiscovery  - Adding Weaver org.kie.internal.weaver.KieWeaversImpl 
2018-04-01 23:52:35,210 [Timer-2] INFO  org.kie.internal.utils.ServiceDiscovery  - Adding Runtime org.drools.beliefs.bayes.runtime.BayesRuntime 
2018-04-01 23:52:36,118 [Timer-2] INFO  org.drools.compiler.kie.builder.impl.KieRepositoryImpl  - KieModule was added: MemoryKieModule[releaseId=roadside_global.drl:road-rep:1.0.0]
2018-04-01 23:52:36,201 [Timer-2] INFO  au.edu.swin.ict.serendip.core.SerendipEngine  - Creating the synchronization engine
2018-04-01 23:52:36,203 [Timer-2] INFO  au.edu.swin.ict.serendip.core.ModelProviderFactory  - Instantiating the MPF
2018-04-01 23:52:36,203 [Timer-2] ERROR au.edu.swin.ict.serendip.core.ModelProviderFactory  - serendip.properties file is missing. It should be in the same directory as the executable. e.g., if you are using TOMCAT+AXIS2 the file should be in TOMCAT_HOME/bin.
2018-04-01 23:52:36,214 [Timer-2] INFO  au.edu.swin.ict.road.common.DroolsRules  - Reading KB from MM_SYN.drl
2018-04-01 23:52:36,215 [Timer-2] INFO  org.kie.scanner.embedder.MavenEmbedderUtils  - Not in OSGi: using plexus based maven parser
2018-04-01 23:52:36,312 [Timer-2] INFO  org.drools.compiler.kie.builder.impl.KieRepositoryImpl  - KieModule was added: MemoryKieModule[releaseId=MM_SYN.drl:road-rep:1.0.0]
2018-04-01 23:52:36,314 [Timer-2] INFO  au.edu.swin.ict.road.common.DroolsRules  - Reading KB from MM_Routing.drl
2018-04-01 23:52:36,314 [Timer-2] INFO  org.kie.scanner.embedder.MavenEmbedderUtils  - Not in OSGi: using plexus based maven parser
2018-04-01 23:52:36,424 [Timer-2] INFO  org.drools.compiler.kie.builder.impl.KieRepositoryImpl  - KieModule was added: MemoryKieModule[releaseId=MM_Routing.drl:road-rep:1.0.0]
2018-04-01 23:52:36,430 [Timer-2] INFO  au.edu.swin.ict.road.composite.Composite  - Adding role with id 'MM' to composite roadside
2018-04-01 23:52:36,432 [Timer-2] INFO  au.edu.swin.ict.road.common.DroolsRules  - Reading KB from SC_SYN.drl
2018-04-01 23:52:36,432 [Timer-2] INFO  org.kie.scanner.embedder.MavenEmbedderUtils  - Not in OSGi: using plexus based maven parser
2018-04-01 23:52:36,595 [Timer-2] INFO  org.drools.compiler.kie.builder.impl.KieRepositoryImpl  - KieModule was added: MemoryKieModule[releaseId=SC_SYN.drl:road-rep:1.0.0]
2018-04-01 23:52:36,601 [Timer-2] INFO  au.edu.swin.ict.road.common.DroolsRules  - Reading KB from SC_Routing.drl
2018-04-01 23:52:36,602 [Timer-2] INFO  org.kie.scanner.embedder.MavenEmbedderUtils  - Not in OSGi: using plexus based maven parser
2018-04-01 23:52:36,733 [Timer-2] INFO  org.drools.compiler.kie.builder.impl.KieRepositoryImpl  - KieModule was added: MemoryKieModule[releaseId=SC_Routing.drl:road-rep:1.0.0]
2018-04-01 23:52:36,737 [Timer-2] INFO  au.edu.swin.ict.road.composite.Composite  - Adding role with id 'SC' to composite roadside
2018-04-01 23:52:36,740 [Timer-2] INFO  au.edu.swin.ict.road.common.DroolsRules  - Reading KB from SC-MM.drl
2018-04-01 23:52:36,740 [Timer-2] INFO  org.kie.scanner.embedder.MavenEmbedderUtils  - Not in OSGi: using plexus based maven parser
2018-04-01 23:52:36,900 [Timer-2] INFO  org.drools.compiler.kie.builder.impl.KieRepositoryImpl  - KieModule was added: MemoryKieModule[releaseId=SC-MM.drl:road-rep:1.0.0]
2018-04-01 23:52:36,906 [Timer-2] INFO  au.edu.swin.ict.road.composite.Composite  - Adding contract SC-MM to composite roadside
2018-04-01 23:52:36,911 [Timer-2] INFO  au.edu.swin.ict.road.composite.Composite  - Deploying the regulation policy for the VSN : HappyTours as [ruAdmissionV1, ruCreateVsnInstance, ruDrop]
2018-04-01 23:52:36,911 [Timer-2] INFO  au.edu.swin.ict.road.composite.Composite  - Deploying the process HappyToursP1 of the VSN : HappyTours
2018-04-01 23:52:36,913 [Timer-2] INFO  au.edu.swin.ict.road.composite.Composite  - Deploying regulation policy of the process HappyToursP1 of the VSN : HappyTours as [CaseHandling]
2018-04-01 23:52:36,913 [Timer-2] INFO  au.edu.swin.ict.road.composite.Composite  - Deploying regulation policy of the process HappyToursP1 of the VSN : HappyTours as [ruTerminateV1, ruActivateV1]
2018-04-01 23:52:36,913 [Timer-2] INFO  au.edu.swin.ict.serendip.core.SerendipEngine  - MM subscribed to the engine
2018-04-01 23:52:36,913 [Timer-2] INFO  au.edu.swin.ict.serendip.core.SerendipEngine  - SC subscribed to the engine
2018-04-01 23:52:36,913 [Timer-2] INFO  au.edu.swin.ict.road.composite.Composite  - Deployment complete
2018-04-01 23:52:36,913 [Timer-2] INFO  au.edu.swin.ict.road.demarshalling.CompositeDemarshaller  - Serendip adminview disabled. SERENDIP_SHOW_ADMIN_VIEWProperty not found.If you need to monitor processes set SERENDIP_SHOW_ADMIN_VIEW=TRUEin serendip.properties file
2018-04-01 23:52:36,913 [Timer-2] INFO  au.edu.swin.ict.road.demarshalling.CompositeDemarshaller  - Finished instantiation of /home/indika/speevol/apache-tomcat-9.0.6_sdsn/webapps/axis2/WEB-INF/road_composites/smc_source.xml
2018-04-01 23:52:36,915 [Thread-12] INFO  au.edu.swin.ict.road.composite.Composite  - Composite is now running...
2018-04-01 23:52:36,937 [Timer-2] INFO  au.swin.ict.research.cs3.road.road4ws.core.deployer.OrganizerDeployer  - http://www.w3.org/ns/wsdl/in-out->setOrganizerBinding
2018-04-01 23:52:36,939 [Timer-2] INFO  au.swin.ict.research.cs3.road.road4ws.core.deployer.OrganizerDeployer  - http://www.w3.org/ns/wsdl/in-out->removeVSN
2018-04-01 23:52:36,939 [Timer-2] INFO  au.swin.ict.research.cs3.road.road4ws.core.deployer.OrganizerDeployer  - http://www.w3.org/ns/wsdl/in-out->getName
2018-04-01 23:52:36,939 [Timer-2] INFO  au.swin.ict.research.cs3.road.road4ws.core.deployer.OrganizerDeployer  - http://www.w3.org/ns/wsdl/in-out->updateRole
2018-04-01 23:52:36,939 [Timer-2] INFO  au.swin.ict.research.cs3.road.road4ws.core.deployer.OrganizerDeployer  - http://www.w3.org/ns/wsdl/in-out->addVSN
2018-04-01 23:52:36,939 [Timer-2] INFO  au.swin.ict.research.cs3.road.road4ws.core.deployer.OrganizerDeployer  - http://www.w3.org/ns/wsdl/in-out->updateTerm
2018-04-01 23:52:36,939 [Timer-2] INFO  au.swin.ict.research.cs3.road.road4ws.core.deployer.OrganizerDeployer  - http://www.w3.org/ns/wsdl/in-out->deployProcessConfigDesignAsXML
2018-04-01 23:52:36,939 [Timer-2] INFO  au.swin.ict.research.cs3.road.road4ws.core.deployer.OrganizerDeployer  - http://www.w3.org/ns/wsdl/in-out->setServiceBinding
2018-04-01 23:52:36,939 [Timer-2] INFO  au.swin.ict.research.cs3.road.road4ws.core.deployer.OrganizerDeployer  - http://www.w3.org/ns/wsdl/in-out->setTermOperation
2018-04-01 23:52:36,939 [Timer-2] INFO  au.swin.ict.research.cs3.road.road4ws.core.deployer.OrganizerDeployer  - http://www.w3.org/ns/wsdl/in-out->replaceBehaviorUnitOfProcess
2018-04-01 23:52:36,939 [Timer-2] INFO  au.swin.ict.research.cs3.road.road4ws.core.deployer.OrganizerDeployer  - http://www.w3.org/ns/wsdl/in-out->enactOrganizationalManagementPolicy
2018-04-01 23:52:36,939 [Timer-2] INFO  au.swin.ict.research.cs3.road.road4ws.core.deployer.OrganizerDeployer  - http://www.w3.org/ns/wsdl/in-out->addTask
2018-04-01 23:52:36,939 [Timer-2] INFO  au.swin.ict.research.cs3.road.road4ws.core.deployer.OrganizerDeployer  - http://www.w3.org/ns/wsdl/in-out->removeTaskFromBehaviorUnit
2018-04-01 23:52:36,939 [Timer-2] INFO  au.swin.ict.research.cs3.road.road4ws.core.deployer.OrganizerDeployer  - http://www.w3.org/ns/wsdl/in-out->addTaskToBehaviorUnit
2018-04-01 23:52:36,939 [Timer-2] INFO  au.swin.ict.research.cs3.road.road4ws.core.deployer.OrganizerDeployer  - http://www.w3.org/ns/wsdl/in-out->removeTask
2018-04-01 23:52:36,939 [Timer-2] INFO  au.swin.ict.research.cs3.road.road4ws.core.deployer.OrganizerDeployer  - http://www.w3.org/ns/wsdl/in-out->updateTaskOfBehaviorUnit
2018-04-01 23:52:36,939 [Timer-2] INFO  au.swin.ict.research.cs3.road.road4ws.core.deployer.OrganizerDeployer  - http://www.w3.org/ns/wsdl/in-out->updateVSN
2018-04-01 23:52:36,939 [Timer-2] INFO  au.swin.ict.research.cs3.road.road4ws.core.deployer.OrganizerDeployer  - http://www.w3.org/ns/wsdl/in-out->removeProcessFromVSN
2018-04-01 23:52:36,939 [Timer-2] INFO  au.swin.ict.research.cs3.road.road4ws.core.deployer.OrganizerDeployer  - http://www.w3.org/ns/wsdl/in-out->removeBehaviorUnit
2018-04-01 23:52:36,939 [Timer-2] INFO  au.swin.ict.research.cs3.road.road4ws.core.deployer.OrganizerDeployer  - http://www.w3.org/ns/wsdl/in-out->addProcessToVSN
2018-04-01 23:52:36,939 [Timer-2] INFO  au.swin.ict.research.cs3.road.road4ws.core.deployer.OrganizerDeployer  - http://www.w3.org/ns/wsdl/in-out->removeContract
2018-04-01 23:52:36,939 [Timer-2] INFO  au.swin.ict.research.cs3.road.road4ws.core.deployer.OrganizerDeployer  - http://www.w3.org/ns/wsdl/in-out->deployVSNAsXML
2018-04-01 23:52:36,939 [Timer-2] INFO  au.swin.ict.research.cs3.road.road4ws.core.deployer.OrganizerDeployer  - http://www.w3.org/ns/wsdl/in-out->setTaskInMessage
2018-04-01 23:52:36,939 [Timer-2] INFO  au.swin.ict.research.cs3.road.road4ws.core.deployer.OrganizerDeployer  - http://www.w3.org/ns/wsdl/in-out->removeRole
2018-04-01 23:52:36,939 [Timer-2] INFO  au.swin.ict.research.cs3.road.road4ws.core.deployer.OrganizerDeployer  - http://www.w3.org/ns/wsdl/in-out->getNextManagementMessageBlocking
2018-04-01 23:52:36,939 [Timer-2] INFO  au.swin.ict.research.cs3.road.road4ws.core.deployer.OrganizerDeployer  - http://www.w3.org/ns/wsdl/in-out->addTerm
2018-04-01 23:52:36,939 [Timer-2] INFO  au.swin.ict.research.cs3.road.road4ws.core.deployer.OrganizerDeployer  - http://www.w3.org/ns/wsdl/in-out->addBehaviorUnit
2018-04-01 23:52:36,939 [Timer-2] INFO  au.swin.ict.research.cs3.road.road4ws.core.deployer.OrganizerDeployer  - http://www.w3.org/ns/wsdl/in-out->updateContract
2018-04-01 23:52:36,939 [Timer-2] INFO  au.swin.ict.research.cs3.road.road4ws.core.deployer.OrganizerDeployer  - http://www.w3.org/ns/wsdl/in-out->addBehaviorUnitsToProcess
2018-04-01 23:52:36,939 [Timer-2] INFO  au.swin.ict.research.cs3.road.road4ws.core.deployer.OrganizerDeployer  - http://www.w3.org/ns/wsdl/in-out->removeTerm
2018-04-01 23:52:36,939 [Timer-2] INFO  au.swin.ict.research.cs3.road.road4ws.core.deployer.OrganizerDeployer  - http://www.w3.org/ns/wsdl/in-out->updateServiceBinding
2018-04-01 23:52:36,939 [Timer-2] INFO  au.swin.ict.research.cs3.road.road4ws.core.deployer.OrganizerDeployer  - http://www.w3.org/ns/wsdl/in-out->setTaskMessage
2018-04-01 23:52:36,940 [Timer-2] INFO  au.swin.ict.research.cs3.road.road4ws.core.deployer.OrganizerDeployer  - http://www.w3.org/ns/wsdl/in-out->removeBehaviorUnitFromProcess
2018-04-01 23:52:36,940 [Timer-2] INFO  au.swin.ict.research.cs3.road.road4ws.core.deployer.OrganizerDeployer  - http://www.w3.org/ns/wsdl/in-out->addContract
2018-04-01 23:52:36,940 [Timer-2] INFO  au.swin.ict.research.cs3.road.road4ws.core.deployer.OrganizerDeployer  - http://www.w3.org/ns/wsdl/in-out->updateTask
2018-04-01 23:52:36,940 [Timer-2] INFO  au.swin.ict.research.cs3.road.road4ws.core.deployer.OrganizerDeployer  - http://www.w3.org/ns/wsdl/in-out->deployProcessAsXML
2018-04-01 23:52:36,940 [Timer-2] INFO  au.swin.ict.research.cs3.road.road4ws.core.deployer.OrganizerDeployer  - http://www.w3.org/ns/wsdl/in-out->setTaskOutMessage
2018-04-01 23:52:36,940 [Timer-2] INFO  au.swin.ict.research.cs3.road.road4ws.core.deployer.OrganizerDeployer  - http://www.w3.org/ns/wsdl/in-out->setTaskQoS
2018-04-01 23:52:36,940 [Timer-2] INFO  au.swin.ict.research.cs3.road.road4ws.core.deployer.OrganizerDeployer  - http://www.w3.org/ns/wsdl/in-out->updateProcessOfVSN
2018-04-01 23:52:36,940 [Timer-2] INFO  au.swin.ict.research.cs3.road.road4ws.core.deployer.OrganizerDeployer  - http://www.w3.org/ns/wsdl/in-out->addBehaviorUnitToProcess
2018-04-01 23:52:36,940 [Timer-2] INFO  au.swin.ict.research.cs3.road.road4ws.core.deployer.OrganizerDeployer  - http://www.w3.org/ns/wsdl/in-out->updateBehaviorUnit
2018-04-01 23:52:36,940 [Timer-2] INFO  au.swin.ict.research.cs3.road.road4ws.core.deployer.OrganizerDeployer  - http://www.w3.org/ns/wsdl/in-out->enactOrganizationalManagementPolicyRemote
2018-04-01 23:52:36,940 [Timer-2] INFO  au.swin.ict.research.cs3.road.road4ws.core.deployer.OrganizerDeployer  - http://www.w3.org/ns/wsdl/in-out->getNextManagementMessage
2018-04-01 23:52:36,940 [Timer-2] INFO  au.swin.ict.research.cs3.road.road4ws.core.deployer.OrganizerDeployer  - http://www.w3.org/ns/wsdl/in-out->addRole
2018-04-01 23:52:36,940 [Timer-2] INFO  au.swin.ict.research.cs3.road.road4ws.core.deployer.OrganizerDeployer  - http://www.w3.org/ns/wsdl/in-out->subscribeToManagementMessages
2018-04-01 23:52:36,943 [Timer-2] INFO  au.swin.ict.research.cs3.road.road4ws.core.deployer.OrganizerDeployer  - Organizer role added to composite roadside
2018-04-01 23:52:36,970 [Timer-2] INFO  au.swin.ict.research.cs3.road.road4ws.core.deployer.OperationalManagerDeployer  - http://www.w3.org/ns/wsdl/in-out->addPassthroughRule
2018-04-01 23:52:36,970 [Timer-2] INFO  au.swin.ict.research.cs3.road.road4ws.core.deployer.OperationalManagerDeployer  - http://www.w3.org/ns/wsdl/in-out->updateRegulationUnitsOfProcessRegulationPolicy
2018-04-01 23:52:36,971 [Timer-2] INFO  au.swin.ict.research.cs3.road.road4ws.core.deployer.OperationalManagerDeployer  - http://www.w3.org/ns/wsdl/in-out->removeRoutingRulesFromRegulationUnit
2018-04-01 23:52:36,971 [Timer-2] INFO  au.swin.ict.research.cs3.road.road4ws.core.deployer.OperationalManagerDeployer  - http://www.w3.org/ns/wsdl/in-out->addRoutingRulesToRegulationUnit
2018-04-01 23:52:36,971 [Timer-2] INFO  au.swin.ict.research.cs3.road.road4ws.core.deployer.OperationalManagerDeployer  - http://www.w3.org/ns/wsdl/in-out->addRoutingRulesToInterVSNRegulationUnit
2018-04-01 23:52:36,971 [Timer-2] INFO  au.swin.ict.research.cs3.road.road4ws.core.deployer.OperationalManagerDeployer  - http://www.w3.org/ns/wsdl/in-out->removeGlobalRulesFromInterVSNRegulationUnit
2018-04-01 23:52:36,971 [Timer-2] INFO  au.swin.ict.research.cs3.road.road4ws.core.deployer.OperationalManagerDeployer  - http://www.w3.org/ns/wsdl/in-out->enactOperationalManagementPolicy
2018-04-01 23:52:36,971 [Timer-2] INFO  au.swin.ict.research.cs3.road.road4ws.core.deployer.OperationalManagerDeployer  - http://www.w3.org/ns/wsdl/in-out->addRegulationUnit
2018-04-01 23:52:36,971 [Timer-2] INFO  au.swin.ict.research.cs3.road.road4ws.core.deployer.OperationalManagerDeployer  - http://www.w3.org/ns/wsdl/in-out->addPassthroughRegulationUnitToProcessRegulationPolicyAt
2018-04-01 23:52:36,971 [Timer-2] INFO  au.swin.ict.research.cs3.road.road4ws.core.deployer.OperationalManagerDeployer  - http://www.w3.org/ns/wsdl/in-out->addInterProcessRegulationUnit
2018-04-01 23:52:36,971 [Timer-2] INFO  au.swin.ict.research.cs3.road.road4ws.core.deployer.OperationalManagerDeployer  - http://www.w3.org/ns/wsdl/in-out->setOperationalManagerBinding
2018-04-01 23:52:36,971 [Timer-2] INFO  au.swin.ict.research.cs3.road.road4ws.core.deployer.OperationalManagerDeployer  - http://www.w3.org/ns/wsdl/in-out->removePassthroughRegulationUnitFromProcessRegulationPolicyAt
2018-04-01 23:52:36,971 [Timer-2] INFO  au.swin.ict.research.cs3.road.road4ws.core.deployer.OperationalManagerDeployer  - http://www.w3.org/ns/wsdl/in-out->enactOperationalManagementPolicyRemote
2018-04-01 23:52:36,971 [Timer-2] INFO  au.swin.ict.research.cs3.road.road4ws.core.deployer.OperationalManagerDeployer  - http://www.w3.org/ns/wsdl/in-out->addRoutingRulesToInterCollaborationRegulationUnit
2018-04-01 23:52:36,971 [Timer-2] INFO  au.swin.ict.research.cs3.road.road4ws.core.deployer.OperationalManagerDeployer  - http://www.w3.org/ns/wsdl/in-out->addGlobalRulesToInterCollaborationRegulationUnit
2018-04-01 23:52:36,971 [Timer-2] INFO  au.swin.ict.research.cs3.road.road4ws.core.deployer.OperationalManagerDeployer  - http://www.w3.org/ns/wsdl/in-out->updateServiceNetworkStateImplementation
2018-04-01 23:52:36,971 [Timer-2] INFO  au.swin.ict.research.cs3.road.road4ws.core.deployer.OperationalManagerDeployer  - http://www.w3.org/ns/wsdl/in-out->addGlobalRulesToInterVSNRegulationUnit
2018-04-01 23:52:36,971 [Timer-2] INFO  au.swin.ict.research.cs3.road.road4ws.core.deployer.OperationalManagerDeployer  - http://www.w3.org/ns/wsdl/in-out->updateServiceNetworkRegulationPolicy
2018-04-01 23:52:36,971 [Timer-2] INFO  au.swin.ict.research.cs3.road.road4ws.core.deployer.OperationalManagerDeployer  - http://www.w3.org/ns/wsdl/in-out->addSynchronizationRule
2018-04-01 23:52:36,971 [Timer-2] INFO  au.swin.ict.research.cs3.road.road4ws.core.deployer.OperationalManagerDeployer  - http://www.w3.org/ns/wsdl/in-out->removeRoutingRulesFromInterProcessRegulationUnit
2018-04-01 23:52:36,971 [Timer-2] INFO  au.swin.ict.research.cs3.road.road4ws.core.deployer.OperationalManagerDeployer  - http://www.w3.org/ns/wsdl/in-out->addServiceNetworkStateImplementation
2018-04-01 23:52:36,971 [Timer-2] INFO  au.swin.ict.research.cs3.road.road4ws.core.deployer.OperationalManagerDeployer  - http://www.w3.org/ns/wsdl/in-out->addRegulationUnitsToVSNRegulationPolicy
2018-04-01 23:52:36,971 [Timer-2] INFO  au.swin.ict.research.cs3.road.road4ws.core.deployer.OperationalManagerDeployer  - http://www.w3.org/ns/wsdl/in-out->updateServiceNetworkEvent
2018-04-01 23:52:36,971 [Timer-2] INFO  au.swin.ict.research.cs3.road.road4ws.core.deployer.OperationalManagerDeployer  - http://www.w3.org/ns/wsdl/in-out->removeRegulationMechanism
2018-04-01 23:52:36,971 [Timer-2] INFO  au.swin.ict.research.cs3.road.road4ws.core.deployer.OperationalManagerDeployer  - http://www.w3.org/ns/wsdl/in-out->addPassthroughRulesToRegulationUnit
2018-04-01 23:52:36,971 [Timer-2] INFO  au.swin.ict.research.cs3.road.road4ws.core.deployer.OperationalManagerDeployer  - http://www.w3.org/ns/wsdl/in-out->addRoutingRulesToInterProcessRegulationUnit
2018-04-01 23:52:36,971 [Timer-2] INFO  au.swin.ict.research.cs3.road.road4ws.core.deployer.OperationalManagerDeployer  - http://www.w3.org/ns/wsdl/in-out->updateSynchronizationRule
2018-04-01 23:52:36,971 [Timer-2] INFO  au.swin.ict.research.cs3.road.road4ws.core.deployer.OperationalManagerDeployer  - http://www.w3.org/ns/wsdl/in-out->removeInterProcessRegulationUnit
2018-04-01 23:52:36,971 [Timer-2] INFO  au.swin.ict.research.cs3.road.road4ws.core.deployer.OperationalManagerDeployer  - http://www.w3.org/ns/wsdl/in-out->addRegulationUnitsToProcessRegulationPolicy
2018-04-01 23:52:36,971 [Timer-2] INFO  au.swin.ict.research.cs3.road.road4ws.core.deployer.OperationalManagerDeployer  - http://www.w3.org/ns/wsdl/in-out->removeServiceNetworkState
2018-04-01 23:52:36,971 [Timer-2] INFO  au.swin.ict.research.cs3.road.road4ws.core.deployer.OperationalManagerDeployer  - http://www.w3.org/ns/wsdl/in-out->updateRegulationUnitsOfVSNRegulationPolicy
2018-04-01 23:52:36,971 [Timer-2] INFO  au.swin.ict.research.cs3.road.road4ws.core.deployer.OperationalManagerDeployer  - http://www.w3.org/ns/wsdl/in-out->removeRoutingRule
2018-04-01 23:52:36,971 [Timer-2] INFO  au.swin.ict.research.cs3.road.road4ws.core.deployer.OperationalManagerDeployer  - http://www.w3.org/ns/wsdl/in-out->getNextManagementMessageBlocking
2018-04-01 23:52:36,971 [Timer-2] INFO  au.swin.ict.research.cs3.road.road4ws.core.deployer.OperationalManagerDeployer  - http://www.w3.org/ns/wsdl/in-out->updateGlobalRule
2018-04-01 23:52:36,971 [Timer-2] INFO  au.swin.ict.research.cs3.road.road4ws.core.deployer.OperationalManagerDeployer  - http://www.w3.org/ns/wsdl/in-out->addRegulationMechanism
2018-04-01 23:52:36,971 [Timer-2] INFO  au.swin.ict.research.cs3.road.road4ws.core.deployer.OperationalManagerDeployer  - http://www.w3.org/ns/wsdl/in-out->setInterVSNRegulation
2018-04-01 23:52:36,971 [Timer-2] INFO  au.swin.ict.research.cs3.road.road4ws.core.deployer.OperationalManagerDeployer  - http://www.w3.org/ns/wsdl/in-out->removeRegulationUnitsFromProcessRegulationPolicy
2018-04-01 23:52:36,971 [Timer-2] INFO  au.swin.ict.research.cs3.road.road4ws.core.deployer.OperationalManagerDeployer  - http://www.w3.org/ns/wsdl/in-out->removeInterCollaborationRegulationUnit
2018-04-01 23:52:36,971 [Timer-2] INFO  au.swin.ict.research.cs3.road.road4ws.core.deployer.OperationalManagerDeployer  - http://www.w3.org/ns/wsdl/in-out->addGlobalRulesToInterProcessRegulationUnit
2018-04-01 23:52:36,971 [Timer-2] INFO  au.swin.ict.research.cs3.road.road4ws.core.deployer.OperationalManagerDeployer  - http://www.w3.org/ns/wsdl/in-out->addPassthroughRulesToInterProcessRegulationUnit
2018-04-01 23:52:36,972 [Timer-2] INFO  au.swin.ict.research.cs3.road.road4ws.core.deployer.OperationalManagerDeployer  - http://www.w3.org/ns/wsdl/in-out->addSynchronizationRulesToInterProcessRegulationUnit
2018-04-01 23:52:36,972 [Timer-2] INFO  au.swin.ict.research.cs3.road.road4ws.core.deployer.OperationalManagerDeployer  - http://www.w3.org/ns/wsdl/in-out->updateRegulationUnit
2018-04-01 23:52:36,972 [Timer-2] INFO  au.swin.ict.research.cs3.road.road4ws.core.deployer.OperationalManagerDeployer  - http://www.w3.org/ns/wsdl/in-out->removePassthroughRulesFromRegulationUnit
2018-04-01 23:52:36,972 [Timer-2] INFO  au.swin.ict.research.cs3.road.road4ws.core.deployer.OperationalManagerDeployer  - http://www.w3.org/ns/wsdl/in-out->addGlobalRule
2018-04-01 23:52:36,972 [Timer-2] INFO  au.swin.ict.research.cs3.road.road4ws.core.deployer.OperationalManagerDeployer  - http://www.w3.org/ns/wsdl/in-out->addPassthroughRulesToInterCollaborationRegulationUnit
2018-04-01 23:52:36,972 [Timer-2] INFO  au.swin.ict.research.cs3.road.road4ws.core.deployer.OperationalManagerDeployer  - http://www.w3.org/ns/wsdl/in-out->removePassthroughRule
2018-04-01 23:52:36,972 [Timer-2] INFO  au.swin.ict.research.cs3.road.road4ws.core.deployer.OperationalManagerDeployer  - http://www.w3.org/ns/wsdl/in-out->addServiceNetworkState
2018-04-01 23:52:36,972 [Timer-2] INFO  au.swin.ict.research.cs3.road.road4ws.core.deployer.OperationalManagerDeployer  - http://www.w3.org/ns/wsdl/in-out->removeRoutingRulesFromInterVSNRegulationUnit
2018-04-01 23:52:36,972 [Timer-2] INFO  au.swin.ict.research.cs3.road.road4ws.core.deployer.OperationalManagerDeployer  - http://www.w3.org/ns/wsdl/in-out->addSynchronizationRulesToRegulationUnit
2018-04-01 23:52:36,972 [Timer-2] INFO  au.swin.ict.research.cs3.road.road4ws.core.deployer.OperationalManagerDeployer  - http://www.w3.org/ns/wsdl/in-out->removeSynchronizationRule
2018-04-01 23:52:36,972 [Timer-2] INFO  au.swin.ict.research.cs3.road.road4ws.core.deployer.OperationalManagerDeployer  - http://www.w3.org/ns/wsdl/in-out->removeInterVSNRegulation
2018-04-01 23:52:36,972 [Timer-2] INFO  au.swin.ict.research.cs3.road.road4ws.core.deployer.OperationalManagerDeployer  - http://www.w3.org/ns/wsdl/in-out->addSynchronizationRulesToInterCollaborationRegulationUnit
2018-04-01 23:52:36,972 [Timer-2] INFO  au.swin.ict.research.cs3.road.road4ws.core.deployer.OperationalManagerDeployer  - http://www.w3.org/ns/wsdl/in-out->removeServiceNetworkEvent
2018-04-01 23:52:36,972 [Timer-2] INFO  au.swin.ict.research.cs3.road.road4ws.core.deployer.OperationalManagerDeployer  - http://www.w3.org/ns/wsdl/in-out->removeSynchronizationRulesFromRegulationUnit
2018-04-01 23:52:36,972 [Timer-2] INFO  au.swin.ict.research.cs3.road.road4ws.core.deployer.OperationalManagerDeployer  - http://www.w3.org/ns/wsdl/in-out->updateRegulationMechanism
2018-04-01 23:52:36,972 [Timer-2] INFO  au.swin.ict.research.cs3.road.road4ws.core.deployer.OperationalManagerDeployer  - http://www.w3.org/ns/wsdl/in-out->addInterCollaborationRegulationUnit
2018-04-01 23:52:36,972 [Timer-2] INFO  au.swin.ict.research.cs3.road.road4ws.core.deployer.OperationalManagerDeployer  - http://www.w3.org/ns/wsdl/in-out->updateRoutingRule
2018-04-01 23:52:36,972 [Timer-2] INFO  au.swin.ict.research.cs3.road.road4ws.core.deployer.OperationalManagerDeployer  - http://www.w3.org/ns/wsdl/in-out->updateServiceNetworkState
2018-04-01 23:52:36,972 [Timer-2] INFO  au.swin.ict.research.cs3.road.road4ws.core.deployer.OperationalManagerDeployer  - http://www.w3.org/ns/wsdl/in-out->removeSynchronizationRegulationUnitFromProcessRegulationPolicyAt
2018-04-01 23:52:36,972 [Timer-2] INFO  au.swin.ict.research.cs3.road.road4ws.core.deployer.OperationalManagerDeployer  - http://www.w3.org/ns/wsdl/in-out->addGlobalRulesToRegulationUnit
2018-04-01 23:52:36,972 [Timer-2] INFO  au.swin.ict.research.cs3.road.road4ws.core.deployer.OperationalManagerDeployer  - http://www.w3.org/ns/wsdl/in-out->removeGlobalRule
2018-04-01 23:52:36,972 [Timer-2] INFO  au.swin.ict.research.cs3.road.road4ws.core.deployer.OperationalManagerDeployer  - http://www.w3.org/ns/wsdl/in-out->addSynchronizationRulesToInterVSNRegulationUnit
2018-04-01 23:52:36,972 [Timer-2] INFO  au.swin.ict.research.cs3.road.road4ws.core.deployer.OperationalManagerDeployer  - http://www.w3.org/ns/wsdl/in-out->removeRegulationUnitsFromVSNRegulationPolicy
2018-04-01 23:52:36,972 [Timer-2] INFO  au.swin.ict.research.cs3.road.road4ws.core.deployer.OperationalManagerDeployer  - http://www.w3.org/ns/wsdl/in-out->updateRegulationUnitOfVSNRegulationPolicy
2018-04-01 23:52:36,972 [Timer-2] INFO  au.swin.ict.research.cs3.road.road4ws.core.deployer.OperationalManagerDeployer  - http://www.w3.org/ns/wsdl/in-out->addSynchronizationRegulationUnitToProcessRegulationPolicyAt
2018-04-01 23:52:36,972 [Timer-2] INFO  au.swin.ict.research.cs3.road.road4ws.core.deployer.OperationalManagerDeployer  - http://www.w3.org/ns/wsdl/in-out->updatePassthroughRule
2018-04-01 23:52:36,972 [Timer-2] INFO  au.swin.ict.research.cs3.road.road4ws.core.deployer.OperationalManagerDeployer  - http://www.w3.org/ns/wsdl/in-out->removeRegulationUnit
2018-04-01 23:52:36,972 [Timer-2] INFO  au.swin.ict.research.cs3.road.road4ws.core.deployer.OperationalManagerDeployer  - http://www.w3.org/ns/wsdl/in-out->removeGlobalRulesFromRegulationUnit
2018-04-01 23:52:36,972 [Timer-2] INFO  au.swin.ict.research.cs3.road.road4ws.core.deployer.OperationalManagerDeployer  - http://www.w3.org/ns/wsdl/in-out->addRoutingRegulationUnitToProcessRegulationPolicyAt
2018-04-01 23:52:36,972 [Timer-2] INFO  au.swin.ict.research.cs3.road.road4ws.core.deployer.OperationalManagerDeployer  - http://www.w3.org/ns/wsdl/in-out->removeServiceNetworkStateImplementation
2018-04-01 23:52:36,972 [Timer-2] INFO  au.swin.ict.research.cs3.road.road4ws.core.deployer.OperationalManagerDeployer  - http://www.w3.org/ns/wsdl/in-out->removeRoutingRegulationUnitFromProcessRegulationPolicyAt
2018-04-01 23:52:36,972 [Timer-2] INFO  au.swin.ict.research.cs3.road.road4ws.core.deployer.OperationalManagerDeployer  - http://www.w3.org/ns/wsdl/in-out->addPassthroughRulesToInterVSNRegulationUnit
2018-04-01 23:52:36,972 [Timer-2] INFO  au.swin.ict.research.cs3.road.road4ws.core.deployer.OperationalManagerDeployer  - http://www.w3.org/ns/wsdl/in-out->updateRegulationUnitOfProcessRegulationPolicy
2018-04-01 23:52:36,972 [Timer-2] INFO  au.swin.ict.research.cs3.road.road4ws.core.deployer.OperationalManagerDeployer  - http://www.w3.org/ns/wsdl/in-out->removeGlobalRulesFromInterCollaborationRegulationUnit
2018-04-01 23:52:36,972 [Timer-2] INFO  au.swin.ict.research.cs3.road.road4ws.core.deployer.OperationalManagerDeployer  - http://www.w3.org/ns/wsdl/in-out->addServiceNetworkEvent
2018-04-01 23:52:36,972 [Timer-2] INFO  au.swin.ict.research.cs3.road.road4ws.core.deployer.OperationalManagerDeployer  - http://www.w3.org/ns/wsdl/in-out->getNextManagementMessage
2018-04-01 23:52:36,972 [Timer-2] INFO  au.swin.ict.research.cs3.road.road4ws.core.deployer.OperationalManagerDeployer  - http://www.w3.org/ns/wsdl/in-out->addRoutingRule
2018-04-01 23:52:36,972 [Timer-2] INFO  au.swin.ict.research.cs3.road.road4ws.core.deployer.OperationalManagerDeployer  - http://www.w3.org/ns/wsdl/in-out->addParameterizedRegulationUnitToVSNRegulationPolicy
2018-04-01 23:52:36,972 [Timer-2] INFO  au.swin.ict.research.cs3.road.road4ws.core.deployer.OperationalManagerDeployer  - http://www.w3.org/ns/wsdl/in-out->subscribeToManagementMessages
2018-04-01 23:52:36,976 [Timer-2] INFO  au.swin.ict.research.cs3.road.road4ws.core.deployer.OperationalManagerDeployer  - Operational Manager role added to composite roadside
2018-04-01 23:52:36,976 [Timer-2] INFO  au.swin.ict.research.cs3.road.road4ws.core.deployer.ROADDeployer  - Adding composite to the axis config roadside
2018-04-01 23:52:36,981 [Timer-2] INFO  SN  - 3921
2018-04-01 23:53:03,061 [Timer-2] INFO  au.swin.ict.research.cs3.road.road4ws.core.deployer.MgtPolicyDeployer  - [ROAD4WS] Deploying management policies from the file : /home/indika/speevol/apache-tomcat-9.0.6_sdsn/webapps/axis2/WEB-INF/road_mgt/ms2mgt.xml
2018-04-01 23:53:03,062 [Timer-2] INFO  au.swin.ict.research.cs3.road.road4ws.core.deployer.MgtPolicyDeployer  - Loading VSNs conf from /home/indika/speevol/apache-tomcat-9.0.6_sdsn/webapps/axis2/WEB-INF/road_mgt/ms2mgt.xml
2018-04-01 23:53:03,075 [Thread-13] INFO  au.edu.swin.ict.road.composite.OrganiserRole  - Got a management policy to admit 
es2_org_add.drl
2018-04-01 23:53:03,079 [Thread-14] INFO  au.edu.swin.ict.road.composite.OperationalManagerRole  - Got a management policyto admit 
es2_opr_add.drl
2018-04-01 23:53:03,081 [Thread-13] INFO  au.edu.swin.ict.road.common.DroolsRules  - Reading KB from es2_org_add.drl
2018-04-01 23:53:03,081 [Thread-14] INFO  au.edu.swin.ict.road.common.DroolsRules  - Reading KB from es2_opr_add.drl
2018-04-01 23:53:03,083 [Thread-13] INFO  org.kie.scanner.embedder.MavenEmbedderUtils  - Not in OSGi: using plexus based maven parser
2018-04-01 23:53:03,083 [Thread-14] INFO  org.kie.scanner.embedder.MavenEmbedderUtils  - Not in OSGi: using plexus based maven parser
2018-04-01 23:53:03,397 [Thread-14] INFO  org.drools.compiler.kie.builder.impl.KieRepositoryImpl  - KieModule was added: MemoryKieModule[releaseId=es2_opr_add.drl:road-rep:1.0.0]
2018-04-01 23:53:03,403 [Thread-13] INFO  org.drools.compiler.kie.builder.impl.KieRepositoryImpl  - KieModule was added: MemoryKieModule[releaseId=es2_org_add.drl:road-rep:1.0.0]
2018-04-01 23:53:03,408 [Thread-14] INFO  au.edu.swin.ict.road.common.OrganiserMgtOpResult  - Management policy applied in .328249549nanoseconds
2018-04-01 23:53:03,412 [Thread-13] INFO  au.edu.swin.ict.road.common.OrganiserMgtOpResult  - Management policy applied in .334165480nanoseconds
2018-04-01 23:53:03,590 [ManamentPolicyExecutorWorker-2] INFO  MGT  - 1522619583590
2018-04-01 23:53:03,592 [ManamentPolicyExecutorWorker-2] INFO  au.edu.swin.ict.road.composite.OrganiserRole  - Organiser: addRole, roleId: FD
2018-04-01 23:53:03,592 [ManamentPolicyExecutorWorker-2] INFO  au.edu.swin.ict.serendip.core.SerendipEngine  - FD subscribed to the engine
2018-04-01 23:53:03,593 [ManamentPolicyExecutorWorker-2] INFO  au.edu.swin.ict.road.composite.Composite  - Adding role with id 'FD' to composite roadside
2018-04-01 23:53:03,594 [ManamentPolicyExecutorWorker-2] INFO  au.edu.swin.ict.road.common.OrganiserMgtOpResult  - New role FD added successfully
2018-04-01 23:53:03,594 [ManamentPolicyExecutorWorker-2] INFO  au.edu.swin.ict.road.common.OrganiserMgtOpResult  - Added a Task : Reimburse
2018-04-01 23:53:03,594 [ManamentPolicyExecutorWorker-2] INFO  au.edu.swin.ict.road.composite.OrganiserRole  - Organiser: setInMessageType
2018-04-01 23:53:03,594 [ManamentPolicyExecutorWorker-2] INFO  au.edu.swin.ict.road.common.OrganiserMgtOpResult  - Updated the in message : Reimburse
2018-04-01 23:53:03,594 [ManamentPolicyExecutorWorker-2] INFO  au.edu.swin.ict.road.composite.OrganiserRole  - Organiser: setOutMessageType
2018-04-01 23:53:03,595 [ManamentPolicyExecutorWorker-2] INFO  au.edu.swin.ict.road.common.OrganiserMgtOpResult  - Updated the out message : Reimburse
2018-04-01 23:53:03,595 [ManamentPolicyExecutorWorker-2] INFO  au.edu.swin.ict.road.common.OrganiserMgtOpResult  - New PlayerBinding FD_SB added successfully
2018-04-01 23:53:03,595 [ManamentPolicyExecutorWorker-2] INFO  au.edu.swin.ict.road.common.OrganiserMgtOpResult  - SetServiceBinding FD_SB successful for the role FD
2018-04-01 23:53:03,595 [ManamentPolicyExecutorWorker-2] INFO  au.edu.swin.ict.road.common.OrganiserMgtOpResult  - Updated the task : RequestAssist of the role :MM
2018-04-01 23:53:03,595 [ManamentPolicyExecutorWorker-2] INFO  au.edu.swin.ict.road.common.OrganiserMgtOpResult  - Updated the task : Notify of the role :MM
2018-04-01 23:53:03,595 [ManamentPolicyExecutorWorker-2] INFO  au.edu.swin.ict.road.composite.OrganiserRole  - Organiser: addNewContract, contractId: MM-FD
2018-04-01 23:53:03,595 [ManamentPolicyExecutorWorker-2] INFO  au.swin.ict.research.cs3.road.road4ws.core.deployer.ROADDeployer  - Service removed from Axis2
2018-04-01 23:53:03,597 [ManamentPolicyExecutorWorker-2] INFO  au.swin.ict.research.cs3.road.road4ws.core.deployer.ROADDeployer  - Service removed from Axis2
2018-04-01 23:53:03,597 [ManamentPolicyExecutorWorker-2] INFO  au.edu.swin.ict.road.composite.Composite  - Adding contract MM-FD to composite roadside
2018-04-01 23:53:03,597 [ManamentPolicyExecutorWorker-2] INFO  au.edu.swin.ict.road.common.OrganiserMgtOpResult  - Contract MM-FD was successfully added
2018-04-01 23:53:03,597 [ManamentPolicyExecutorWorker-2] INFO  au.edu.swin.ict.road.composite.OrganiserRole  - Organiser: addwTerm, contractId: MM-FD
2018-04-01 23:53:03,597 [ManamentPolicyExecutorWorker-2] INFO  au.swin.ict.research.cs3.road.road4ws.core.deployer.ROADDeployer  - Service removed from Axis2
2018-04-01 23:53:03,598 [ManamentPolicyExecutorWorker-2] INFO  au.swin.ict.research.cs3.road.road4ws.core.deployer.ROADDeployer  - Service removed from Axis2
2018-04-01 23:53:03,599 [ManamentPolicyExecutorWorker-2] INFO  au.edu.swin.ict.road.composite.Composite  - New term with id 'reimburse' has been added to the contract with the id 'MM-FD'
2018-04-01 23:53:03,599 [ManamentPolicyExecutorWorker-2] INFO  au.edu.swin.ict.road.common.OrganiserMgtOpResult  - Term reimburse was successfully added
2018-04-01 23:53:03,599 [ManamentPolicyExecutorWorker-2] INFO  au.edu.swin.ict.road.composite.OrganiserRole  - Organiser: addNewOperation
2018-04-01 23:53:03,599 [ManamentPolicyExecutorWorker-2] INFO  au.swin.ict.research.cs3.road.road4ws.core.deployer.ROADDeployer  - Service removed from Axis2
2018-04-01 23:53:03,600 [ManamentPolicyExecutorWorker-2] INFO  au.swin.ict.research.cs3.road.road4ws.core.deployer.ROADDeployer  - Service removed from Axis2
2018-04-01 23:53:03,601 [ManamentPolicyExecutorWorker-2] INFO  au.edu.swin.ict.road.common.OrganiserMgtOpResult  - Operation successfully added
2018-04-01 23:53:03,601 [ManamentPolicyExecutorWorker-2] INFO  au.edu.swin.ict.road.common.OrganiserMgtOpResult  -  Task updated from MM.RequestAssist behavior CaseHandling
2018-04-01 23:53:03,601 [ManamentPolicyExecutorWorker-2] INFO  au.edu.swin.ict.road.common.OrganiserMgtOpResult  -  Task updated from MM.Notify behavior CaseHandling
2018-04-01 23:53:03,601 [ManamentPolicyExecutorWorker-2] INFO  au.edu.swin.ict.road.common.OrganiserMgtOpResult  - BehaviorUnit Reimbursement has been added
2018-04-01 23:53:03,601 [ManamentPolicyExecutorWorker-2] INFO  au.edu.swin.ict.road.common.OrganiserMgtOpResult  - Task ref  FD.Reimburse added to Reimbursement
2018-04-01 23:53:03,601 [ManamentPolicyExecutorWorker-2] INFO  au.edu.swin.ict.road.composite.OrganiserRole  - Organiser: Update a process : HappyToursP1
2018-04-01 23:53:03,601 [ManamentPolicyExecutorWorker-2] INFO  au.edu.swin.ict.road.common.OrganiserMgtOpResult  - ProcessDefinition HappyToursP1 hss been updated. property : CoT value : eMMNotify * eReimbursed
2018-04-01 23:53:03,601 [ManamentPolicyExecutorWorker-2] INFO  au.edu.swin.ict.road.composite.OrganiserRole  - Organiser: Update a process : HappyToursP1
2018-04-01 23:53:03,601 [ManamentPolicyExecutorWorker-2] INFO  au.edu.swin.ict.road.common.OrganiserMgtOpResult  - ProcessDefinition HappyToursP1 hss been updated. property : CoS value : eAssistReqd * eReimburseReq
2018-04-01 23:53:03,602 [ManamentPolicyExecutorWorker-2] INFO  au.edu.swin.ict.road.composite.OrganiserRole  - Organiser: add a behavior unit Reimbursement to the configuration design of the process : HappyToursP1
2018-04-01 23:53:03,602 [ManamentPolicyExecutorWorker-2] INFO  au.edu.swin.ict.road.common.OrganiserMgtOpResult  - Configuration design for the process  HappyToursP1 hss been updated with behavior unit : Reimbursement
2018-04-01 23:53:03,613 [ManamentPolicyExecutorWorker-3] INFO  au.edu.swin.ict.road.composite.OperationalManagerRole  - Operational Manager : add sync regulation rule @ FD
2018-04-01 23:53:03,614 [ManamentPolicyExecutorWorker-3] INFO  au.edu.swin.ict.road.common.DroolsRules  - Reading KB from FD_SYN.drl
2018-04-01 23:53:03,614 [ManamentPolicyExecutorWorker-3] INFO  org.kie.scanner.embedder.MavenEmbedderUtils  - Not in OSGi: using plexus based maven parser
2018-04-01 23:53:03,734 [ManamentPolicyExecutorWorker-3] INFO  org.drools.compiler.kie.builder.impl.KieRepositoryImpl  - KieModule was added: MemoryKieModule[releaseId=FD_SYN.drl:road-rep:1.0.0]
2018-04-01 23:53:03,738 [ManamentPolicyExecutorWorker-3] INFO  au.edu.swin.ict.road.common.OperationalMgtOpResult  - The sync regulation rule @FDhas been added.
2018-04-01 23:53:03,738 [ManamentPolicyExecutorWorker-3] INFO  au.edu.swin.ict.road.composite.OperationalManagerRole  - Operational Manager : remove sync regulation rule : notify
2018-04-01 23:53:03,741 [ManamentPolicyExecutorWorker-3] INFO  au.edu.swin.ict.road.common.OperationalMgtOpResult  - The sync regulation rulenotifyhas been removed.
2018-04-01 23:53:03,741 [ManamentPolicyExecutorWorker-3] INFO  au.edu.swin.ict.road.composite.OperationalManagerRole  - Operational Manager : add sync regulation rule @ MM
2018-04-01 23:53:03,741 [ManamentPolicyExecutorWorker-3] INFO  au.edu.swin.ict.road.common.DroolsRules  - Reading KB from MM_SYN_Diff_Replace.drl
2018-04-01 23:53:03,741 [ManamentPolicyExecutorWorker-3] INFO  org.kie.scanner.embedder.MavenEmbedderUtils  - Not in OSGi: using plexus based maven parser
2018-04-01 23:53:03,815 [ManamentPolicyExecutorWorker-3] INFO  org.drools.compiler.kie.builder.impl.KieRepositoryImpl  - KieModule was added: MemoryKieModule[releaseId=MM_SYN_Diff_Replace.drl:road-rep:1.0.0]
2018-04-01 23:53:03,819 [ManamentPolicyExecutorWorker-3] INFO  au.edu.swin.ict.road.common.OperationalMgtOpResult  - The sync regulation rule @MMhas been added.
2018-04-01 23:53:03,819 [ManamentPolicyExecutorWorker-3] INFO  au.edu.swin.ict.road.composite.OperationalManagerRole  - Operational Manager : add routing regulation rule @ MM
2018-04-01 23:53:03,819 [ManamentPolicyExecutorWorker-3] INFO  au.edu.swin.ict.road.common.DroolsRules  - Reading KB from MM_Routing_Diff.drl
2018-04-01 23:53:03,819 [ManamentPolicyExecutorWorker-3] INFO  org.kie.scanner.embedder.MavenEmbedderUtils  - Not in OSGi: using plexus based maven parser
2018-04-01 23:53:03,894 [ManamentPolicyExecutorWorker-3] INFO  org.drools.compiler.kie.builder.impl.KieRepositoryImpl  - KieModule was added: MemoryKieModule[releaseId=MM_Routing_Diff.drl:road-rep:1.0.0]
2018-04-01 23:53:03,899 [ManamentPolicyExecutorWorker-3] INFO  au.edu.swin.ict.road.common.OperationalMgtOpResult  - The routing regulation rule @MMhas been added.
2018-04-01 23:53:03,899 [ManamentPolicyExecutorWorker-3] INFO  au.edu.swin.ict.road.composite.OperationalManagerRole  - Operational Manager : add routing regulation rule @ FD
2018-04-01 23:53:03,899 [ManamentPolicyExecutorWorker-3] INFO  au.edu.swin.ict.road.common.DroolsRules  - Reading KB from FD_Routing.drl
2018-04-01 23:53:03,900 [ManamentPolicyExecutorWorker-3] INFO  org.kie.scanner.embedder.MavenEmbedderUtils  - Not in OSGi: using plexus based maven parser
2018-04-01 23:53:03,976 [ManamentPolicyExecutorWorker-3] INFO  org.drools.compiler.kie.builder.impl.KieRepositoryImpl  - KieModule was added: MemoryKieModule[releaseId=FD_Routing.drl:road-rep:1.0.0]
2018-04-01 23:53:03,979 [ManamentPolicyExecutorWorker-3] INFO  au.edu.swin.ict.road.common.OperationalMgtOpResult  - The routing regulation rule @FDhas been added.
2018-04-01 23:53:03,979 [ManamentPolicyExecutorWorker-3] INFO  au.edu.swin.ict.road.composite.OperationalManagerRole  - Operational Manager : add passthrough regulation rule @ MM-FD
2018-04-01 23:53:03,979 [ManamentPolicyExecutorWorker-3] INFO  au.edu.swin.ict.road.common.DroolsRules  - Reading KB from MM-FD.drl
2018-04-01 23:53:03,980 [ManamentPolicyExecutorWorker-3] INFO  org.kie.scanner.embedder.MavenEmbedderUtils  - Not in OSGi: using plexus based maven parser
2018-04-01 23:53:04,065 [ManamentPolicyExecutorWorker-3] INFO  org.drools.compiler.kie.builder.impl.KieRepositoryImpl  - KieModule was added: MemoryKieModule[releaseId=MM-FD.drl:road-rep:1.0.0]
2018-04-01 23:53:04,068 [ManamentPolicyExecutorWorker-3] INFO  au.edu.swin.ict.road.common.OperationalMgtOpResult  - The passthrough regulation rule @MM-FDhas been added.
2018-04-01 23:53:04,069 [ManamentPolicyExecutorWorker-3] INFO  au.edu.swin.ict.road.composite.OperationalManagerRole  - Operational Manager : update  global rule : terminateV1,activateV1
2018-04-01 23:53:04,069 [ManamentPolicyExecutorWorker-3] INFO  au.edu.swin.ict.road.common.DroolsRules  - Reading KB from roadside_global_Diff_Replace.drl
2018-04-01 23:53:04,069 [ManamentPolicyExecutorWorker-3] INFO  org.kie.scanner.embedder.MavenEmbedderUtils  - Not in OSGi: using plexus based maven parser
2018-04-01 23:53:04,136 [ManamentPolicyExecutorWorker-3] INFO  org.drools.compiler.kie.builder.impl.KieRepositoryImpl  - KieModule was added: MemoryKieModule[releaseId=roadside_global_Diff_Replace.drl:road-rep:1.0.0]
2018-04-01 23:53:04,141 [ManamentPolicyExecutorWorker-3] INFO  au.edu.swin.ict.road.common.OperationalMgtOpResult  - The global regulation ruleterminateV1,activateV1has been updated.
2018-04-01 23:53:04,141 [ManamentPolicyExecutorWorker-3] INFO  au.edu.swin.ict.road.composite.OperationalManagerRole  - Operational Manager : add regulation unit : Reimbursement
2018-04-01 23:53:04,141 [ManamentPolicyExecutorWorker-3] INFO  au.edu.swin.ict.road.common.OperationalMgtOpResult  - The regulation unit Reimbursementhas been added.
2018-04-01 23:53:04,141 [ManamentPolicyExecutorWorker-3] INFO  au.edu.swin.ict.road.composite.OperationalManagerRole  - Operational Manager : add  sync rules to the regulation unit : Reimbursement
2018-04-01 23:53:04,141 [ManamentPolicyExecutorWorker-3] INFO  au.edu.swin.ict.road.common.OperationalMgtOpResult  - The sync rules to the regulation unit Reimbursementhave been added.
2018-04-01 23:53:04,141 [ManamentPolicyExecutorWorker-3] INFO  au.edu.swin.ict.road.composite.OperationalManagerRole  - Operational Manager : add routing rules to the regulation unit : Reimbursement
2018-04-01 23:53:04,141 [ManamentPolicyExecutorWorker-3] INFO  au.edu.swin.ict.road.common.OperationalMgtOpResult  - The routing rules to the regulation unit Reimbursementhave been added.
2018-04-01 23:53:04,141 [ManamentPolicyExecutorWorker-3] INFO  au.edu.swin.ict.road.composite.OperationalManagerRole  - Operational Manager : add passthrough rules to the regulation unit : Reimbursement
2018-04-01 23:53:04,141 [ManamentPolicyExecutorWorker-3] INFO  au.edu.swin.ict.road.common.OperationalMgtOpResult  - The passthrough rules to the regulation unit Reimbursementhave been added.
2018-04-01 23:53:04,141 [ManamentPolicyExecutorWorker-3] INFO  au.edu.swin.ict.road.composite.OperationalManagerRole  - Operational Manager : add regulation units Reimbursement to the process : HappyToursP1
2018-04-01 23:53:04,141 [ManamentPolicyExecutorWorker-3] INFO  au.edu.swin.ict.road.composite.Composite  - Deploying regulation policy of the process HappyToursP1 of the VSN : HappyTours as []
2018-04-01 23:53:04,141 [ManamentPolicyExecutorWorker-3] INFO  au.edu.swin.ict.road.composite.Composite  - Deploying regulation policy of the process HappyToursP1 of the VSN : HappyTours as [Reimbursement]
2018-04-01 23:53:04,141 [ManamentPolicyExecutorWorker-3] INFO  au.edu.swin.ict.road.common.OperationalMgtOpResult  - The regulation units to the process HappyToursP1have been added.
2018-04-01 23:53:04,141 [ManamentPolicyExecutorWorker-3] INFO  au.edu.swin.ict.road.composite.OperationalManagerRole  - Operational Manager : remove regulation unit : Reimbursement
2018-04-01 23:53:04,141 [ManamentPolicyExecutorWorker-3] INFO  au.edu.swin.ict.road.common.OperationalMgtOpResult  - The regulation unit Reimbursementhas been removed.
2018-04-01 23:53:04,141 [ManamentPolicyExecutorWorker-3] INFO  au.edu.swin.ict.road.composite.OperationalManagerRole  - Operational Manager : update regulation units Reimbursement of the process : HappyToursP1 property : state value : active
2018-04-01 23:53:04,141 [ManamentPolicyExecutorWorker-3] INFO  au.edu.swin.ict.road.common.OperationalMgtOpResult  - The regulation unit of the process HappyToursP1have been updated. property : state value : active
2018-04-01 23:53:04,149 [ManamentPolicyExecutorWorker-5] INFO  au.edu.swin.ict.road.composite.OrganiserRole  - Organiser: updateRole, roleId: FD
2018-04-01 23:53:04,149 [ManamentPolicyExecutorWorker-5] INFO  au.edu.swin.ict.road.common.OrganiserMgtOpResult  - Property stateof RoleFD was successfully updated with value active
2018-04-01 23:53:04,150 [ManamentPolicyExecutorWorker-5] INFO  au.edu.swin.ict.road.composite.OrganiserRole  - Organiser: update contract , contractId: MM-FD
2018-04-01 23:53:04,150 [ManamentPolicyExecutorWorker-5] INFO  au.edu.swin.ict.road.common.OrganiserMgtOpResult  - Update property state of BehaviorUnitReimbursement is done
2018-04-01 23:53:04,150 [ManamentPolicyExecutorWorker-5] INFO  MGT  - 1522619584150
2018-04-01 23:54:13,061 [Timer-2] INFO  au.swin.ict.research.cs3.road.road4ws.core.deployer.MgtPolicyDeployer  - [ROAD4WS] Deploying management policies from the file : /home/indika/speevol/apache-tomcat-9.0.6_sdsn/webapps/axis2/WEB-INF/road_mgt/ms2mgtremove.xml
2018-04-01 23:54:13,061 [Timer-2] INFO  au.swin.ict.research.cs3.road.road4ws.core.deployer.MgtPolicyDeployer  - Loading VSNs conf from /home/indika/speevol/apache-tomcat-9.0.6_sdsn/webapps/axis2/WEB-INF/road_mgt/ms2mgtremove.xml
2018-04-01 23:54:13,067 [Thread-15] INFO  au.edu.swin.ict.road.composite.OrganiserRole  - Got a management policy to admit 
es2_org_remove.drl
2018-04-01 23:54:13,067 [Thread-16] INFO  au.edu.swin.ict.road.composite.OperationalManagerRole  - Got a management policyto admit 
es2_opr_remove.drl
2018-04-01 23:54:13,071 [Thread-16] INFO  au.edu.swin.ict.road.common.DroolsRules  - Reading KB from es2_opr_remove.drl
2018-04-01 23:54:13,071 [Thread-15] INFO  au.edu.swin.ict.road.common.DroolsRules  - Reading KB from es2_org_remove.drl
2018-04-01 23:54:13,073 [Thread-16] INFO  org.kie.scanner.embedder.MavenEmbedderUtils  - Not in OSGi: using plexus based maven parser
2018-04-01 23:54:13,078 [Thread-15] INFO  org.kie.scanner.embedder.MavenEmbedderUtils  - Not in OSGi: using plexus based maven parser
2018-04-01 23:54:13,329 [Thread-16] INFO  org.drools.compiler.kie.builder.impl.KieRepositoryImpl  - KieModule was added: MemoryKieModule[releaseId=es2_opr_remove.drl:road-rep:1.0.0]
2018-04-01 23:54:13,335 [Thread-16] INFO  au.edu.swin.ict.road.common.OrganiserMgtOpResult  - Management policy applied in .264050420nanoseconds
2018-04-01 23:54:13,348 [ManamentPolicyExecutorWorker-7] INFO  MGT  - 1522619653348
2018-04-01 23:54:13,349 [ManamentPolicyExecutorWorker-7] INFO  au.edu.swin.ict.road.composite.OperationalManagerRole  - Operational Manager : update regulation units Reimbursement of the process : HappyToursP1 property : state value : passive
2018-04-01 23:54:13,353 [ManamentPolicyExecutorWorker-7] INFO  au.edu.swin.ict.road.common.OperationalMgtOpResult  - The regulation unit of the process HappyToursP1have been updated. property : state value : passive
2018-04-01 23:54:13,354 [ManamentPolicyExecutorWorker-7] INFO  au.edu.swin.ict.road.composite.OperationalManagerRole  - Operational Manager : remove regulation unit : Reimbursement
2018-04-01 23:54:13,354 [ManamentPolicyExecutorWorker-7] INFO  au.edu.swin.ict.road.common.OperationalMgtOpResult  - The regulation unit Reimbursementhas been removed.
2018-04-01 23:54:13,354 [ManamentPolicyExecutorWorker-7] INFO  au.edu.swin.ict.road.composite.OperationalManagerRole  - Operational Manager : remove regulation units Reimbursement from the process : HappyToursP1
2018-04-01 23:54:13,354 [ManamentPolicyExecutorWorker-7] INFO  au.edu.swin.ict.road.common.OperationalMgtOpResult  - The regulation units from the process HappyToursP1have been removed.
2018-04-01 23:54:13,354 [ManamentPolicyExecutorWorker-7] INFO  au.edu.swin.ict.road.composite.OperationalManagerRole  - Operational Manager : remove  sync rules from the regulation unit : Reimbursement
2018-04-01 23:54:13,354 [ManamentPolicyExecutorWorker-7] INFO  au.edu.swin.ict.road.common.OperationalMgtOpResult  - The sync rules to the regulation unit Reimbursementhave been added.
2018-04-01 23:54:13,354 [ManamentPolicyExecutorWorker-7] INFO  au.edu.swin.ict.road.composite.OperationalManagerRole  - Operational Manager : remove routing rules from the regulation unit : Reimbursement
2018-04-01 23:54:13,354 [ManamentPolicyExecutorWorker-7] INFO  au.edu.swin.ict.road.common.OperationalMgtOpResult  - The routing rules to the regulation unit Reimbursementhave been added.
2018-04-01 23:54:13,354 [ManamentPolicyExecutorWorker-7] INFO  au.edu.swin.ict.road.composite.OperationalManagerRole  - Operational Manager : remove passthrough rules from the regulation unit : Reimbursement
2018-04-01 23:54:13,354 [ManamentPolicyExecutorWorker-7] INFO  au.edu.swin.ict.road.common.OperationalMgtOpResult  - The passthrough rules to the regulation unit Reimbursementhave been added.
2018-04-01 23:54:13,354 [ManamentPolicyExecutorWorker-7] INFO  au.edu.swin.ict.road.composite.OperationalManagerRole  - Operational Manager : remove regulation unit : Reimbursement
2018-04-01 23:54:13,355 [ManamentPolicyExecutorWorker-7] INFO  au.edu.swin.ict.road.common.OperationalMgtOpResult  - The regulation unit Reimbursementhas been removed.
2018-04-01 23:54:13,355 [ManamentPolicyExecutorWorker-7] INFO  au.edu.swin.ict.road.composite.OperationalManagerRole  - Operational Manager : remove sync regulation rule : reimburse
2018-04-01 23:54:13,356 [ManamentPolicyExecutorWorker-7] INFO  au.edu.swin.ict.road.common.OperationalMgtOpResult  - The sync regulation rulereimbursehas been removed.
2018-04-01 23:54:13,356 [ManamentPolicyExecutorWorker-7] INFO  au.edu.swin.ict.road.composite.OperationalManagerRole  - Operational Manager : remove sync regulation rule : notify
2018-04-01 23:54:13,356 [ManamentPolicyExecutorWorker-7] INFO  au.edu.swin.ict.road.common.OperationalMgtOpResult  - The sync regulation rulenotifyhas been removed.
2018-04-01 23:54:13,356 [ManamentPolicyExecutorWorker-7] INFO  au.edu.swin.ict.road.composite.OperationalManagerRole  - Operational Manager : add sync regulation rule @ MM
2018-04-01 23:54:13,356 [ManamentPolicyExecutorWorker-7] INFO  au.edu.swin.ict.road.common.DroolsRules  - Reading KB from MM_SYN.drl
2018-04-01 23:54:13,356 [ManamentPolicyExecutorWorker-7] INFO  org.kie.scanner.embedder.MavenEmbedderUtils  - Not in OSGi: using plexus based maven parser
2018-04-01 23:54:13,370 [Thread-15] INFO  org.drools.compiler.kie.builder.impl.KieRepositoryImpl  - KieModule was added: MemoryKieModule[releaseId=es2_org_remove.drl:road-rep:1.0.0]
2018-04-01 23:54:13,386 [Thread-15] INFO  au.edu.swin.ict.road.common.OrganiserMgtOpResult  - Management policy applied in .318385176nanoseconds
2018-04-01 23:54:13,494 [ManamentPolicyExecutorWorker-7] INFO  org.drools.compiler.kie.builder.impl.KieRepositoryImpl  - KieModule was added: MemoryKieModule[releaseId=MM_SYN.drl:road-rep:1.0.0]
2018-04-01 23:54:13,497 [ManamentPolicyExecutorWorker-7] INFO  au.edu.swin.ict.road.common.OperationalMgtOpResult  - The sync regulation rule @MMhas been added.
2018-04-01 23:54:13,497 [ManamentPolicyExecutorWorker-7] INFO  au.edu.swin.ict.road.composite.OperationalManagerRole  - Operational Manager : remove routing regulation rule : requestAssistV2
2018-04-01 23:54:13,497 [ManamentPolicyExecutorWorker-7] INFO  au.edu.swin.ict.road.common.OperationalMgtOpResult  - The routing regulation rulerequestAssistV2has been removed.
2018-04-01 23:54:13,497 [ManamentPolicyExecutorWorker-7] INFO  au.edu.swin.ict.road.composite.OperationalManagerRole  - Operational Manager : remove routing regulation rule : reimburseResponse
2018-04-01 23:54:13,498 [ManamentPolicyExecutorWorker-7] INFO  au.edu.swin.ict.road.common.OperationalMgtOpResult  - The routing regulation rulereimburseResponsehas been removed.
2018-04-01 23:54:13,498 [ManamentPolicyExecutorWorker-7] INFO  au.edu.swin.ict.road.composite.OperationalManagerRole  - Operational Manager : remove passthrough regulation rule : reimburse,reimburseResponse
2018-04-01 23:54:13,499 [ManamentPolicyExecutorWorker-7] INFO  au.edu.swin.ict.road.common.OperationalMgtOpResult  - The passthrough regulation rulereimburse,reimburseResponsehas been removed.
2018-04-01 23:54:13,499 [ManamentPolicyExecutorWorker-7] INFO  au.edu.swin.ict.road.composite.OperationalManagerRole  - Operational Manager : update  global rule : terminateV1,activateV1
2018-04-01 23:54:13,499 [ManamentPolicyExecutorWorker-7] INFO  au.edu.swin.ict.road.common.DroolsRules  - Reading KB from roadside_global.drl
2018-04-01 23:54:13,499 [ManamentPolicyExecutorWorker-7] INFO  org.kie.scanner.embedder.MavenEmbedderUtils  - Not in OSGi: using plexus based maven parser
2018-04-01 23:54:13,563 [ManamentPolicyExecutorWorker-7] INFO  org.drools.compiler.kie.builder.impl.KieRepositoryImpl  - KieModule was added: MemoryKieModule[releaseId=roadside_global.drl:road-rep:1.0.0]
2018-04-01 23:54:13,566 [ManamentPolicyExecutorWorker-7] INFO  au.edu.swin.ict.road.common.OperationalMgtOpResult  - The global regulation ruleterminateV1,activateV1has been updated.
2018-04-01 23:54:13,570 [ManamentPolicyExecutorWorker-14] INFO  au.edu.swin.ict.road.composite.OrganiserRole  - Organiser: updateRole, roleId: FD
2018-04-01 23:54:13,570 [ManamentPolicyExecutorWorker-14] INFO  au.edu.swin.ict.road.common.OrganiserMgtOpResult  - Property stateof RoleFD was successfully updated with value passive
2018-04-01 23:54:13,570 [ManamentPolicyExecutorWorker-14] INFO  au.edu.swin.ict.road.composite.OrganiserRole  - Organiser: update contract , contractId: MM-FD
2018-04-01 23:54:13,570 [ManamentPolicyExecutorWorker-14] INFO  au.edu.swin.ict.road.common.OrganiserMgtOpResult  - Update property state of BehaviorUnitReimbursement is done
2018-04-01 23:54:13,570 [ManamentPolicyExecutorWorker-14] INFO  au.edu.swin.ict.road.composite.OrganiserRole  - Organiser: Update a process : HappyToursP1
2018-04-01 23:54:13,570 [ManamentPolicyExecutorWorker-14] INFO  au.edu.swin.ict.road.common.OrganiserMgtOpResult  - ProcessDefinition HappyToursP1 hss been updated. property : CoT value : eMMNotify
2018-04-01 23:54:13,570 [ManamentPolicyExecutorWorker-14] INFO  au.edu.swin.ict.road.composite.OrganiserRole  - Organiser: Update a process : HappyToursP1
2018-04-01 23:54:13,571 [ManamentPolicyExecutorWorker-14] INFO  au.edu.swin.ict.road.common.OrganiserMgtOpResult  - ProcessDefinition HappyToursP1 hss been updated. property : CoS value : eAssistReqd
2018-04-01 23:54:13,571 [ManamentPolicyExecutorWorker-14] INFO  au.edu.swin.ict.road.composite.OrganiserRole  - Organiser: remove a behavior unit Reimbursement from the configuration design of the process : HappyToursP1
2018-04-01 23:54:13,571 [ManamentPolicyExecutorWorker-14] INFO  au.edu.swin.ict.road.common.OrganiserMgtOpResult  - Configuration design for the process  HappyToursP1 hss been updated by removing the behavior unit : Reimbursement
2018-04-01 23:54:13,571 [ManamentPolicyExecutorWorker-14] INFO  au.edu.swin.ict.road.common.OrganiserMgtOpResult  -  Task removed from FD.Reimburse behavior Reimbursement
2018-04-01 23:54:13,571 [ManamentPolicyExecutorWorker-14] INFO  au.edu.swin.ict.road.common.OrganiserMgtOpResult  -  Behavior removed Reimbursement
2018-04-01 23:54:13,579 [ManamentPolicyExecutorWorker-14] INFO  au.edu.swin.ict.road.common.OrganiserMgtOpResult  -  Task updated from MM.RequestAssist behavior CaseHandling
2018-04-01 23:54:13,579 [ManamentPolicyExecutorWorker-14] INFO  au.edu.swin.ict.road.common.OrganiserMgtOpResult  -  Task updated from MM.Notify behavior CaseHandling
2018-04-01 23:54:13,579 [ManamentPolicyExecutorWorker-14] INFO  au.edu.swin.ict.road.composite.OrganiserRole  - Organiser: removeTerm, termId: reimburse
2018-04-01 23:54:13,579 [ManamentPolicyExecutorWorker-14] INFO  au.swin.ict.research.cs3.road.road4ws.core.deployer.ROADDeployer  - Service removed from Axis2
2018-04-01 23:54:13,585 [ManamentPolicyExecutorWorker-14] INFO  au.swin.ict.research.cs3.road.road4ws.core.deployer.ROADDeployer  - Service removed from Axis2
2018-04-01 23:54:13,585 [ManamentPolicyExecutorWorker-14] INFO  au.edu.swin.ict.road.composite.Composite  - The term with the id 'reimburse' has been removed from the contract with the id 'MM-FD'.
2018-04-01 23:54:13,585 [ManamentPolicyExecutorWorker-14] INFO  au.edu.swin.ict.road.common.OrganiserMgtOpResult  - Term reimburse was successfully removed
2018-04-01 23:54:13,585 [ManamentPolicyExecutorWorker-14] INFO  au.edu.swin.ict.road.composite.OrganiserRole  - Organiser: removeContract, contractId: MM-FD
2018-04-01 23:54:13,585 [ManamentPolicyExecutorWorker-14] INFO  au.swin.ict.research.cs3.road.road4ws.core.deployer.ROADDeployer  - Service removed from Axis2
2018-04-01 23:54:13,586 [ManamentPolicyExecutorWorker-14] INFO  au.swin.ict.research.cs3.road.road4ws.core.deployer.ROADDeployer  - Service removed from Axis2
2018-04-01 23:54:13,586 [ManamentPolicyExecutorWorker-14] INFO  au.edu.swin.ict.road.composite.Composite  - Contract with the id 'MM-FD' has been removed from the composite
2018-04-01 23:54:13,586 [ManamentPolicyExecutorWorker-14] INFO  au.edu.swin.ict.road.composite.Composite  - Contract with the id 'MM-FD' was not removed as it could not be found
2018-04-01 23:54:13,586 [ManamentPolicyExecutorWorker-14] INFO  au.edu.swin.ict.road.common.OrganiserMgtOpResult  - Contract with the id 'MM-FD' has been removed from thcomposite
2018-04-01 23:54:13,586 [ManamentPolicyExecutorWorker-14] INFO  au.edu.swin.ict.road.common.OrganiserMgtOpResult  -  Task removed from Reimburse role FD
2018-04-01 23:54:13,586 [ManamentPolicyExecutorWorker-14] INFO  au.edu.swin.ict.road.composite.OrganiserRole  - Organiser: remove, roleId: FD
2018-04-01 23:54:13,586 [ManamentPolicyExecutorWorker-14] INFO  au.edu.swin.ict.road.composite.Composite  - Role with id 'FD' has been removed from this composite.
2018-04-01 23:54:13,586 [ManamentPolicyExecutorWorker-14] INFO  au.swin.ict.research.cs3.road.road4ws.core.deployer.ROADDeployer  - Service removed from Axis2
2018-04-01 23:54:13,586 [ManamentPolicyExecutorWorker-14] INFO  au.edu.swin.ict.road.common.OrganiserMgtOpResult  - RoleFD has been sucessfully removed
2018-04-01 23:54:13,586 [ManamentPolicyExecutorWorker-14] INFO  au.edu.swin.ict.road.common.OrganiserMgtOpResult  - Updated the task : RequestAssist of the role :MM
2018-04-01 23:54:13,586 [ManamentPolicyExecutorWorker-14] INFO  au.edu.swin.ict.road.common.OrganiserMgtOpResult  - Updated the task : Notify of the role :MM
2018-04-01 23:54:13,586 [ManamentPolicyExecutorWorker-14] INFO  MGT  - 1522619653586
