2018-04-01 19:08:57,060 [main] INFO  org.apache.axis2.deployment.ClusterBuilder  - Clustering has been disabled
2018-04-01 19:08:57,113 [main] WARN  org.apache.axis2.deployment.util.Utils  - Exception extracting jars into temporary directory : java.io.IOException: No such file or directory : switching to alternate class loading mechanism
2018-04-01 19:08:57,129 [main] INFO  org.apache.axis2.deployment.ModuleDeployer  - Deploying module: soapmonitor-1.7.7 - file:/home/indika/speevol/apache-tomcat-9.0.6_sdsn/webapps/axis2/WEB-INF/modules/soapmonitor-1.7.7.mar
2018-04-01 19:08:57,129 [main] WARN  org.apache.axis2.deployment.util.Utils  - Exception extracting jars into temporary directory : java.io.IOException: No such file or directory : switching to alternate class loading mechanism
2018-04-01 19:08:57,132 [main] INFO  org.apache.axis2.deployment.ModuleDeployer  - Deploying module: script-1.7.7 - file:/home/indika/speevol/apache-tomcat-9.0.6_sdsn/webapps/axis2/WEB-INF/modules/scripting-1.7.7.mar
2018-04-01 19:08:57,132 [main] WARN  org.apache.axis2.deployment.util.Utils  - Exception extracting jars into temporary directory : java.io.IOException: No such file or directory : switching to alternate class loading mechanism
2018-04-01 19:08:57,136 [main] INFO  org.apache.axis2.deployment.ModuleDeployer  - Deploying module: mtompolicy-1.7.7 - file:/home/indika/speevol/apache-tomcat-9.0.6_sdsn/webapps/axis2/WEB-INF/modules/mtompolicy-1.7.7.mar
2018-04-01 19:08:57,136 [main] WARN  org.apache.axis2.deployment.util.Utils  - Exception extracting jars into temporary directory : java.io.IOException: No such file or directory : switching to alternate class loading mechanism
2018-04-01 19:08:57,145 [main] INFO  org.apache.axis2.deployment.ModuleDeployer  - Deploying module: metadataExchange-1.7.7 - file:/home/indika/speevol/apache-tomcat-9.0.6_sdsn/webapps/axis2/WEB-INF/modules/mex-1.7.7.mar
2018-04-01 19:08:57,145 [main] WARN  org.apache.axis2.deployment.util.Utils  - Exception extracting jars into temporary directory : java.io.IOException: No such file or directory : switching to alternate class loading mechanism
2018-04-01 19:08:57,148 [main] INFO  org.apache.axis2.deployment.ModuleDeployer  - Deploying module: ping-1.7.7 - file:/home/indika/speevol/apache-tomcat-9.0.6_sdsn/webapps/axis2/WEB-INF/modules/ping-1.7.7.mar
2018-04-01 19:08:57,148 [main] WARN  org.apache.axis2.deployment.util.Utils  - Exception extracting jars into temporary directory : java.io.IOException: No such file or directory : switching to alternate class loading mechanism
2018-04-01 19:08:57,150 [main] INFO  org.apache.axis2.deployment.ModuleDeployer  - Deploying module: ROADModule - file:/home/indika/speevol/apache-tomcat-9.0.6_sdsn/webapps/axis2/WEB-INF/modules/roadmodule.mar
2018-04-01 19:08:57,150 [main] WARN  org.apache.axis2.deployment.util.Utils  - Exception extracting jars into temporary directory : java.io.IOException: No such file or directory : switching to alternate class loading mechanism
2018-04-01 19:08:57,154 [main] INFO  org.apache.axis2.deployment.ModuleDeployer  - Deploying module: jaxws-1.7.7 - file:/home/indika/speevol/apache-tomcat-9.0.6_sdsn/webapps/axis2/WEB-INF/modules/axis2-jaxws-mar-1.7.7.mar
2018-04-01 19:08:57,154 [main] WARN  org.apache.axis2.deployment.util.Utils  - Exception extracting jars into temporary directory : java.io.IOException: No such file or directory : switching to alternate class loading mechanism
2018-04-01 19:08:57,162 [main] INFO  org.apache.axis2.deployment.ModuleDeployer  - Deploying module: addressing-1.7.7 - file:/home/indika/speevol/apache-tomcat-9.0.6_sdsn/webapps/axis2/WEB-INF/modules/addressing-1.7.7.mar
2018-04-01 19:08:57,179 [main] WARN  org.apache.axis2.deployment.util.Utils  - Exception extracting jars into temporary directory : java.io.IOException: No such file or directory : switching to alternate class loading mechanism
2018-04-01 19:08:57,198 [main] INFO  org.apache.axis2.deployment.DeploymentEngine  - No services directory was found under /home/indika/speevol/apache-tomcat-9.0.6_sdsn/webapps/axis2/WEB-INF/conf/axis2.xml.
2018-04-01 19:08:57,198 [main] INFO  org.apache.axis2.deployment.DeploymentEngine  - No modules directory was found under /home/indika/speevol/apache-tomcat-9.0.6_sdsn/webapps/axis2/WEB-INF/conf/axis2.xml.
2018-04-01 19:08:57,220 [main] WARN  org.apache.axis2.deployment.util.Utils  - Exception extracting jars into temporary directory : java.io.IOException: No such file or directory : switching to alternate class loading mechanism
2018-04-01 19:08:57,274 [main] INFO  org.apache.axis2.deployment.DeploymentEngine  - Deploying Web service: version-1.7.7.aar - file:/home/indika/speevol/apache-tomcat-9.0.6_sdsn/webapps/axis2/WEB-INF/services/version-1.7.7.aar
2018-04-01 19:09:47,280 [Timer-2] INFO  au.swin.ict.research.cs3.road.road4ws.core.deployer.ROADDeployer  - [ROAD4WS] Deploying composite from the file : /home/indika/speevol/apache-tomcat-9.0.6_sdsn/webapps/axis2/WEB-INF/road_composites/smc_source.xml
2018-04-01 19:09:47,282 [Timer-2] INFO  au.swin.ict.research.cs3.road.road4ws.core.deployer.ROADDeployer  - Loading SMC from /home/indika/speevol/apache-tomcat-9.0.6_sdsn/webapps/axis2/WEB-INF/road_composites/smc_source.xml
2018-04-01 19:09:47,283 [Timer-2] INFO  au.edu.swin.ict.road.demarshalling.CompositeDemarshaller  - Starting instantiation of /home/indika/speevol/apache-tomcat-9.0.6_sdsn/webapps/axis2/WEB-INF/road_composites/smc_source.xml
2018-04-01 19:09:48,002 [Timer-2] INFO  au.edu.swin.ict.road.demarshalling.CompositeDemarshaller  - Starting instantiation of /home/indika/speevol/apache-tomcat-9.0.6_sdsn/webapps/axis2/WEB-INF/road_composites/smc_source.xml
2018-04-01 19:09:48,017 [Timer-2] INFO  au.edu.swin.ict.serendip.util.BenchUtil  - Bench mark OFF
2018-04-01 19:09:48,021 [Timer-2] INFO  au.edu.swin.ict.road.common.DroolsRules  - Reading KB from roadside_global.drl
2018-04-01 19:09:48,077 [Timer-2] WARN  org.kie.scanner.embedder.MavenSettings  - Environment variable M2_HOME is not set
2018-04-01 19:09:48,110 [Timer-2] INFO  org.kie.scanner.embedder.MavenEmbedderUtils  - Not in OSGi: using plexus based maven parser
2018-04-01 19:09:49,309 [Timer-2] INFO  org.kie.internal.utils.ServiceDiscovery  - Discovered kie.conf url=jar:file:/home/indika/speevol/apache-tomcat-9.0.6_sdsn/webapps/axis2/WEB-INF/lib/drools-beliefs-6.3.0.Final.jar!/META-INF/kie.conf 
2018-04-01 19:09:49,356 [Timer-2] INFO  org.kie.internal.utils.ServiceDiscovery  - Adding Assembler org.drools.beliefs.bayes.assembler.BayesAssemblerService 
2018-04-01 19:09:49,356 [Timer-2] INFO  org.kie.internal.utils.ServiceDiscovery  - Adding Weaver org.kie.internal.weaver.KieWeaversImpl 
2018-04-01 19:09:49,356 [Timer-2] INFO  org.kie.internal.utils.ServiceDiscovery  - Adding Runtime org.drools.beliefs.bayes.runtime.BayesRuntime 
2018-04-01 19:09:50,210 [Timer-2] INFO  org.drools.compiler.kie.builder.impl.KieRepositoryImpl  - KieModule was added: MemoryKieModule[releaseId=roadside_global.drl:road-rep:1.0.0]
2018-04-01 19:09:50,302 [Timer-2] INFO  au.edu.swin.ict.serendip.core.SerendipEngine  - Creating the synchronization engine
2018-04-01 19:09:50,305 [Timer-2] INFO  au.edu.swin.ict.serendip.core.ModelProviderFactory  - Instantiating the MPF
2018-04-01 19:09:50,305 [Timer-2] ERROR au.edu.swin.ict.serendip.core.ModelProviderFactory  - serendip.properties file is missing. It should be in the same directory as the executable. e.g., if you are using TOMCAT+AXIS2 the file should be in TOMCAT_HOME/bin.
2018-04-01 19:09:50,316 [Timer-2] INFO  au.edu.swin.ict.road.common.DroolsRules  - Reading KB from MM_SYN.drl
2018-04-01 19:09:50,316 [Timer-2] INFO  org.kie.scanner.embedder.MavenEmbedderUtils  - Not in OSGi: using plexus based maven parser
2018-04-01 19:09:50,493 [Timer-2] INFO  org.drools.compiler.kie.builder.impl.KieRepositoryImpl  - KieModule was added: MemoryKieModule[releaseId=MM_SYN.drl:road-rep:1.0.0]
2018-04-01 19:09:50,495 [Timer-2] INFO  au.edu.swin.ict.road.common.DroolsRules  - Reading KB from MM_Routing.drl
2018-04-01 19:09:50,495 [Timer-2] INFO  org.kie.scanner.embedder.MavenEmbedderUtils  - Not in OSGi: using plexus based maven parser
2018-04-01 19:09:50,611 [Timer-2] INFO  org.drools.compiler.kie.builder.impl.KieRepositoryImpl  - KieModule was added: MemoryKieModule[releaseId=MM_Routing.drl:road-rep:1.0.0]
2018-04-01 19:09:50,617 [Timer-2] INFO  au.edu.swin.ict.road.composite.Composite  - Adding role with id 'MM' to composite roadside
2018-04-01 19:09:50,619 [Timer-2] INFO  au.edu.swin.ict.road.common.DroolsRules  - Reading KB from SC_SYN.drl
2018-04-01 19:09:50,619 [Timer-2] INFO  org.kie.scanner.embedder.MavenEmbedderUtils  - Not in OSGi: using plexus based maven parser
2018-04-01 19:09:50,730 [Timer-2] INFO  org.drools.compiler.kie.builder.impl.KieRepositoryImpl  - KieModule was added: MemoryKieModule[releaseId=SC_SYN.drl:road-rep:1.0.0]
2018-04-01 19:09:50,738 [Timer-2] INFO  au.edu.swin.ict.road.common.DroolsRules  - Reading KB from SC_Routing.drl
2018-04-01 19:09:50,739 [Timer-2] INFO  org.kie.scanner.embedder.MavenEmbedderUtils  - Not in OSGi: using plexus based maven parser
2018-04-01 19:09:50,894 [Timer-2] INFO  org.drools.compiler.kie.builder.impl.KieRepositoryImpl  - KieModule was added: MemoryKieModule[releaseId=SC_Routing.drl:road-rep:1.0.0]
2018-04-01 19:09:50,900 [Timer-2] INFO  au.edu.swin.ict.road.composite.Composite  - Adding role with id 'SC' to composite roadside
2018-04-01 19:09:50,900 [Timer-2] INFO  au.edu.swin.ict.road.common.DroolsRules  - Reading KB from GC1_SYN.drl
2018-04-01 19:09:50,900 [Timer-2] INFO  org.kie.scanner.embedder.MavenEmbedderUtils  - Not in OSGi: using plexus based maven parser
2018-04-01 19:09:51,013 [Timer-2] INFO  org.drools.compiler.kie.builder.impl.KieRepositoryImpl  - KieModule was added: MemoryKieModule[releaseId=GC1_SYN.drl:road-rep:1.0.0]
2018-04-01 19:09:51,017 [Timer-2] INFO  au.edu.swin.ict.road.common.DroolsRules  - Reading KB from GC1_Routing.drl
2018-04-01 19:09:51,017 [Timer-2] INFO  org.kie.scanner.embedder.MavenEmbedderUtils  - Not in OSGi: using plexus based maven parser
2018-04-01 19:09:51,102 [Timer-2] INFO  org.drools.compiler.kie.builder.impl.KieRepositoryImpl  - KieModule was added: MemoryKieModule[releaseId=GC1_Routing.drl:road-rep:1.0.0]
2018-04-01 19:09:51,107 [Timer-2] INFO  au.edu.swin.ict.road.composite.Composite  - Adding role with id 'GC1' to composite roadside
2018-04-01 19:09:51,107 [Timer-2] INFO  au.edu.swin.ict.road.common.DroolsRules  - Reading KB from FD_SYN.drl
2018-04-01 19:09:51,107 [Timer-2] INFO  org.kie.scanner.embedder.MavenEmbedderUtils  - Not in OSGi: using plexus based maven parser
2018-04-01 19:09:51,180 [Timer-2] INFO  org.drools.compiler.kie.builder.impl.KieRepositoryImpl  - KieModule was added: MemoryKieModule[releaseId=FD_SYN.drl:road-rep:1.0.0]
2018-04-01 19:09:51,183 [Timer-2] INFO  au.edu.swin.ict.road.common.DroolsRules  - Reading KB from FD_Routing.drl
2018-04-01 19:09:51,183 [Timer-2] INFO  org.kie.scanner.embedder.MavenEmbedderUtils  - Not in OSGi: using plexus based maven parser
2018-04-01 19:09:51,258 [Timer-2] INFO  org.drools.compiler.kie.builder.impl.KieRepositoryImpl  - KieModule was added: MemoryKieModule[releaseId=FD_Routing.drl:road-rep:1.0.0]
2018-04-01 19:09:51,261 [Timer-2] INFO  au.edu.swin.ict.road.composite.Composite  - Adding role with id 'FD' to composite roadside
2018-04-01 19:09:51,261 [Timer-2] INFO  au.edu.swin.ict.road.common.DroolsRules  - Reading KB from TC2_SYN.drl
2018-04-01 19:09:51,261 [Timer-2] INFO  org.kie.scanner.embedder.MavenEmbedderUtils  - Not in OSGi: using plexus based maven parser
2018-04-01 19:09:51,331 [Timer-2] INFO  org.drools.compiler.kie.builder.impl.KieRepositoryImpl  - KieModule was added: MemoryKieModule[releaseId=TC2_SYN.drl:road-rep:1.0.0]
2018-04-01 19:09:51,335 [Timer-2] INFO  au.edu.swin.ict.road.common.DroolsRules  - Reading KB from TC2_Routing.drl
2018-04-01 19:09:51,335 [Timer-2] INFO  org.kie.scanner.embedder.MavenEmbedderUtils  - Not in OSGi: using plexus based maven parser
2018-04-01 19:09:51,405 [Timer-2] INFO  org.drools.compiler.kie.builder.impl.KieRepositoryImpl  - KieModule was added: MemoryKieModule[releaseId=TC2_Routing.drl:road-rep:1.0.0]
2018-04-01 19:09:51,408 [Timer-2] INFO  au.edu.swin.ict.road.composite.Composite  - Adding role with id 'TC2' to composite roadside
2018-04-01 19:09:51,408 [Timer-2] INFO  au.edu.swin.ict.road.common.DroolsRules  - Reading KB from PS_SYN.drl
2018-04-01 19:09:51,408 [Timer-2] INFO  org.kie.scanner.embedder.MavenEmbedderUtils  - Not in OSGi: using plexus based maven parser
2018-04-01 19:09:51,477 [Timer-2] INFO  org.drools.compiler.kie.builder.impl.KieRepositoryImpl  - KieModule was added: MemoryKieModule[releaseId=PS_SYN.drl:road-rep:1.0.0]
2018-04-01 19:09:51,479 [Timer-2] INFO  au.edu.swin.ict.road.common.DroolsRules  - Reading KB from PS_Routing.drl
2018-04-01 19:09:51,480 [Timer-2] INFO  org.kie.scanner.embedder.MavenEmbedderUtils  - Not in OSGi: using plexus based maven parser
2018-04-01 19:09:51,549 [Timer-2] INFO  org.drools.compiler.kie.builder.impl.KieRepositoryImpl  - KieModule was added: MemoryKieModule[releaseId=PS_Routing.drl:road-rep:1.0.0]
2018-04-01 19:09:51,551 [Timer-2] INFO  au.edu.swin.ict.road.composite.Composite  - Adding role with id 'PS' to composite roadside
2018-04-01 19:09:51,552 [Timer-2] INFO  au.edu.swin.ict.road.common.DroolsRules  - Reading KB from AS_SYN.drl
2018-04-01 19:09:51,552 [Timer-2] INFO  org.kie.scanner.embedder.MavenEmbedderUtils  - Not in OSGi: using plexus based maven parser
2018-04-01 19:09:51,615 [Timer-2] INFO  org.drools.compiler.kie.builder.impl.KieRepositoryImpl  - KieModule was added: MemoryKieModule[releaseId=AS_SYN.drl:road-rep:1.0.0]
2018-04-01 19:09:51,618 [Timer-2] INFO  au.edu.swin.ict.road.common.DroolsRules  - Reading KB from AS_Routing.drl
2018-04-01 19:09:51,618 [Timer-2] INFO  org.kie.scanner.embedder.MavenEmbedderUtils  - Not in OSGi: using plexus based maven parser
2018-04-01 19:09:51,683 [Timer-2] INFO  org.drools.compiler.kie.builder.impl.KieRepositoryImpl  - KieModule was added: MemoryKieModule[releaseId=AS_Routing.drl:road-rep:1.0.0]
2018-04-01 19:09:51,686 [Timer-2] INFO  au.edu.swin.ict.road.composite.Composite  - Adding role with id 'AS' to composite roadside
2018-04-01 19:09:51,686 [Timer-2] INFO  au.edu.swin.ict.road.common.DroolsRules  - Reading KB from LF_SYN.drl
2018-04-01 19:09:51,686 [Timer-2] INFO  org.kie.scanner.embedder.MavenEmbedderUtils  - Not in OSGi: using plexus based maven parser
2018-04-01 19:09:51,772 [Timer-2] INFO  org.drools.compiler.kie.builder.impl.KieRepositoryImpl  - KieModule was added: MemoryKieModule[releaseId=LF_SYN.drl:road-rep:1.0.0]
2018-04-01 19:09:51,775 [Timer-2] INFO  au.edu.swin.ict.road.common.DroolsRules  - Reading KB from LF_Routing.drl
2018-04-01 19:09:51,775 [Timer-2] INFO  org.kie.scanner.embedder.MavenEmbedderUtils  - Not in OSGi: using plexus based maven parser
2018-04-01 19:09:51,830 [Timer-2] INFO  org.drools.compiler.kie.builder.impl.KieRepositoryImpl  - KieModule was added: MemoryKieModule[releaseId=LF_Routing.drl:road-rep:1.0.0]
2018-04-01 19:09:51,832 [Timer-2] INFO  au.edu.swin.ict.road.composite.Composite  - Adding role with id 'LF' to composite roadside
2018-04-01 19:09:51,832 [Timer-2] INFO  au.edu.swin.ict.road.common.DroolsRules  - Reading KB from HC_SYN.drl
2018-04-01 19:09:51,832 [Timer-2] INFO  org.kie.scanner.embedder.MavenEmbedderUtils  - Not in OSGi: using plexus based maven parser
2018-04-01 19:09:51,885 [Timer-2] INFO  org.drools.compiler.kie.builder.impl.KieRepositoryImpl  - KieModule was added: MemoryKieModule[releaseId=HC_SYN.drl:road-rep:1.0.0]
2018-04-01 19:09:51,887 [Timer-2] INFO  au.edu.swin.ict.road.common.DroolsRules  - Reading KB from HC_Routing.drl
2018-04-01 19:09:51,887 [Timer-2] INFO  org.kie.scanner.embedder.MavenEmbedderUtils  - Not in OSGi: using plexus based maven parser
2018-04-01 19:09:52,022 [Timer-2] INFO  org.drools.compiler.kie.builder.impl.KieRepositoryImpl  - KieModule was added: MemoryKieModule[releaseId=HC_Routing.drl:road-rep:1.0.0]
2018-04-01 19:09:52,026 [Timer-2] INFO  au.edu.swin.ict.road.composite.Composite  - Adding role with id 'HC' to composite roadside
2018-04-01 19:09:52,030 [Timer-2] INFO  au.edu.swin.ict.road.common.DroolsRules  - Reading KB from SC-MM.drl
2018-04-01 19:09:52,031 [Timer-2] INFO  org.kie.scanner.embedder.MavenEmbedderUtils  - Not in OSGi: using plexus based maven parser
2018-04-01 19:09:52,125 [Timer-2] INFO  org.drools.compiler.kie.builder.impl.KieRepositoryImpl  - KieModule was added: MemoryKieModule[releaseId=SC-MM.drl:road-rep:1.0.0]
2018-04-01 19:09:52,132 [Timer-2] INFO  au.edu.swin.ict.road.composite.Composite  - Adding contract SC-MM to composite roadside
2018-04-01 19:09:52,132 [Timer-2] INFO  au.edu.swin.ict.road.common.DroolsRules  - Reading KB from MM-FD.drl
2018-04-01 19:09:52,132 [Timer-2] INFO  org.kie.scanner.embedder.MavenEmbedderUtils  - Not in OSGi: using plexus based maven parser
2018-04-01 19:09:52,210 [Timer-2] INFO  org.drools.compiler.kie.builder.impl.KieRepositoryImpl  - KieModule was added: MemoryKieModule[releaseId=MM-FD.drl:road-rep:1.0.0]
2018-04-01 19:09:52,212 [Timer-2] INFO  au.edu.swin.ict.road.composite.Composite  - Adding contract MM-FD to composite roadside
2018-04-01 19:09:52,213 [Timer-2] INFO  au.edu.swin.ict.road.common.DroolsRules  - Reading KB from SC-TC2.drl
2018-04-01 19:09:52,213 [Timer-2] INFO  org.kie.scanner.embedder.MavenEmbedderUtils  - Not in OSGi: using plexus based maven parser
2018-04-01 19:09:52,280 [Timer-2] INFO  org.drools.compiler.kie.builder.impl.KieRepositoryImpl  - KieModule was added: MemoryKieModule[releaseId=SC-TC2.drl:road-rep:1.0.0]
2018-04-01 19:09:52,283 [Timer-2] INFO  au.edu.swin.ict.road.composite.Composite  - Adding contract SC-TC2 to composite roadside
2018-04-01 19:09:52,283 [Timer-2] INFO  au.edu.swin.ict.road.common.DroolsRules  - Reading KB from GC1-TC2.drl
2018-04-01 19:09:52,284 [Timer-2] INFO  org.kie.scanner.embedder.MavenEmbedderUtils  - Not in OSGi: using plexus based maven parser
2018-04-01 19:09:52,348 [Timer-2] INFO  org.drools.compiler.kie.builder.impl.KieRepositoryImpl  - KieModule was added: MemoryKieModule[releaseId=GC1-TC2.drl:road-rep:1.0.0]
2018-04-01 19:09:52,350 [Timer-2] INFO  au.edu.swin.ict.road.composite.Composite  - Adding contract GC1-TC2 to composite roadside
2018-04-01 19:09:52,350 [Timer-2] INFO  au.edu.swin.ict.road.common.DroolsRules  - Reading KB from SC-GC1.drl
2018-04-01 19:09:52,351 [Timer-2] INFO  org.kie.scanner.embedder.MavenEmbedderUtils  - Not in OSGi: using plexus based maven parser
2018-04-01 19:09:52,417 [Timer-2] INFO  org.drools.compiler.kie.builder.impl.KieRepositoryImpl  - KieModule was added: MemoryKieModule[releaseId=SC-GC1.drl:road-rep:1.0.0]
2018-04-01 19:09:52,420 [Timer-2] INFO  au.edu.swin.ict.road.composite.Composite  - Adding contract SC-GC1 to composite roadside
2018-04-01 19:09:52,420 [Timer-2] INFO  au.edu.swin.ict.road.common.DroolsRules  - Reading KB from GC1-PS.drl
2018-04-01 19:09:52,420 [Timer-2] INFO  org.kie.scanner.embedder.MavenEmbedderUtils  - Not in OSGi: using plexus based maven parser
2018-04-01 19:09:52,483 [Timer-2] INFO  org.drools.compiler.kie.builder.impl.KieRepositoryImpl  - KieModule was added: MemoryKieModule[releaseId=GC1-PS.drl:road-rep:1.0.0]
2018-04-01 19:09:52,486 [Timer-2] INFO  au.edu.swin.ict.road.composite.Composite  - Adding contract GC1-PS to composite roadside
2018-04-01 19:09:52,486 [Timer-2] INFO  au.edu.swin.ict.road.common.DroolsRules  - Reading KB from PS-SC.drl
2018-04-01 19:09:52,486 [Timer-2] INFO  org.kie.scanner.embedder.MavenEmbedderUtils  - Not in OSGi: using plexus based maven parser
2018-04-01 19:09:52,550 [Timer-2] INFO  org.drools.compiler.kie.builder.impl.KieRepositoryImpl  - KieModule was added: MemoryKieModule[releaseId=PS-SC.drl:road-rep:1.0.0]
2018-04-01 19:09:52,553 [Timer-2] INFO  au.edu.swin.ict.road.composite.Composite  - Adding contract PS-SC to composite roadside
2018-04-01 19:09:52,553 [Timer-2] INFO  au.edu.swin.ict.road.common.DroolsRules  - Reading KB from GC1-AS.drl
2018-04-01 19:09:52,553 [Timer-2] INFO  org.kie.scanner.embedder.MavenEmbedderUtils  - Not in OSGi: using plexus based maven parser
2018-04-01 19:09:52,615 [Timer-2] INFO  org.drools.compiler.kie.builder.impl.KieRepositoryImpl  - KieModule was added: MemoryKieModule[releaseId=GC1-AS.drl:road-rep:1.0.0]
2018-04-01 19:09:52,618 [Timer-2] INFO  au.edu.swin.ict.road.composite.Composite  - Adding contract GC1-AS to composite roadside
2018-04-01 19:09:52,618 [Timer-2] INFO  au.edu.swin.ict.road.common.DroolsRules  - Reading KB from AS-SC.drl
2018-04-01 19:09:52,618 [Timer-2] INFO  org.kie.scanner.embedder.MavenEmbedderUtils  - Not in OSGi: using plexus based maven parser
2018-04-01 19:09:52,679 [Timer-2] INFO  org.drools.compiler.kie.builder.impl.KieRepositoryImpl  - KieModule was added: MemoryKieModule[releaseId=AS-SC.drl:road-rep:1.0.0]
2018-04-01 19:09:52,682 [Timer-2] INFO  au.edu.swin.ict.road.composite.Composite  - Adding contract AS-SC to composite roadside
2018-04-01 19:09:52,682 [Timer-2] INFO  au.edu.swin.ict.road.common.DroolsRules  - Reading KB from SC-LF.drl
2018-04-01 19:09:52,682 [Timer-2] INFO  org.kie.scanner.embedder.MavenEmbedderUtils  - Not in OSGi: using plexus based maven parser
2018-04-01 19:09:52,746 [Timer-2] INFO  org.drools.compiler.kie.builder.impl.KieRepositoryImpl  - KieModule was added: MemoryKieModule[releaseId=SC-LF.drl:road-rep:1.0.0]
2018-04-01 19:09:52,749 [Timer-2] INFO  au.edu.swin.ict.road.composite.Composite  - Adding contract SC-LF to composite roadside
2018-04-01 19:09:52,749 [Timer-2] INFO  au.edu.swin.ict.road.common.DroolsRules  - Reading KB from LF-TC2.drl
2018-04-01 19:09:52,749 [Timer-2] INFO  org.kie.scanner.embedder.MavenEmbedderUtils  - Not in OSGi: using plexus based maven parser
2018-04-01 19:09:52,807 [Timer-2] INFO  org.drools.compiler.kie.builder.impl.KieRepositoryImpl  - KieModule was added: MemoryKieModule[releaseId=LF-TC2.drl:road-rep:1.0.0]
2018-04-01 19:09:52,809 [Timer-2] INFO  au.edu.swin.ict.road.composite.Composite  - Adding contract LF-TC2 to composite roadside
2018-04-01 19:09:52,809 [Timer-2] INFO  au.edu.swin.ict.road.common.DroolsRules  - Reading KB from SC-HC.drl
2018-04-01 19:09:52,809 [Timer-2] INFO  org.kie.scanner.embedder.MavenEmbedderUtils  - Not in OSGi: using plexus based maven parser
2018-04-01 19:09:52,911 [Timer-2] INFO  org.drools.compiler.kie.builder.impl.KieRepositoryImpl  - KieModule was added: MemoryKieModule[releaseId=SC-HC.drl:road-rep:1.0.0]
2018-04-01 19:09:52,915 [Timer-2] INFO  au.edu.swin.ict.road.composite.Composite  - Adding contract SC-HC to composite roadside
2018-04-01 19:09:52,918 [Timer-2] INFO  au.edu.swin.ict.road.composite.Composite  - Deploying the regulation policy for the VSN : HappyTours as [ruAdmissionV1, ruCreateVsnInstance, ruDrop]
2018-04-01 19:09:52,918 [Timer-2] INFO  au.edu.swin.ict.road.composite.Composite  - Deploying the process HappyToursP1 of the VSN : HappyTours
2018-04-01 19:09:52,920 [Timer-2] INFO  au.edu.swin.ict.road.composite.Composite  - Deploying regulation policy of the process HappyToursP1 of the VSN : HappyTours as [CaseHandling, Reimbursement, TowingByTomTow, RepairingByMacRepair, PartsSupplyByJack, VehicleAssessment, LegalAssistance, RentingRoom]
2018-04-01 19:09:52,920 [Timer-2] INFO  au.edu.swin.ict.road.composite.Composite  - Deploying regulation policy of the process HappyToursP1 of the VSN : HappyTours as [ruTerminateV1, ruActivateV1]
2018-04-01 19:09:52,920 [Timer-2] INFO  au.edu.swin.ict.serendip.core.SerendipEngine  - MM subscribed to the engine
2018-04-01 19:09:52,920 [Timer-2] INFO  au.edu.swin.ict.serendip.core.SerendipEngine  - SC subscribed to the engine
2018-04-01 19:09:52,920 [Timer-2] INFO  au.edu.swin.ict.serendip.core.SerendipEngine  - TC2 subscribed to the engine
2018-04-01 19:09:52,920 [Timer-2] INFO  au.edu.swin.ict.serendip.core.SerendipEngine  - AS subscribed to the engine
2018-04-01 19:09:52,920 [Timer-2] INFO  au.edu.swin.ict.serendip.core.SerendipEngine  - PS subscribed to the engine
2018-04-01 19:09:52,920 [Timer-2] INFO  au.edu.swin.ict.serendip.core.SerendipEngine  - GC1 subscribed to the engine
2018-04-01 19:09:52,920 [Timer-2] INFO  au.edu.swin.ict.serendip.core.SerendipEngine  - LF subscribed to the engine
2018-04-01 19:09:52,920 [Timer-2] INFO  au.edu.swin.ict.serendip.core.SerendipEngine  - HC subscribed to the engine
2018-04-01 19:09:52,920 [Timer-2] INFO  au.edu.swin.ict.serendip.core.SerendipEngine  - FD subscribed to the engine
2018-04-01 19:09:52,920 [Timer-2] INFO  au.edu.swin.ict.road.composite.Composite  - Deployment complete
2018-04-01 19:09:52,920 [Timer-2] INFO  au.edu.swin.ict.road.demarshalling.CompositeDemarshaller  - Serendip adminview disabled. SERENDIP_SHOW_ADMIN_VIEWProperty not found.If you need to monitor processes set SERENDIP_SHOW_ADMIN_VIEW=TRUEin serendip.properties file
2018-04-01 19:09:52,920 [Timer-2] INFO  au.edu.swin.ict.road.demarshalling.CompositeDemarshaller  - Finished instantiation of /home/indika/speevol/apache-tomcat-9.0.6_sdsn/webapps/axis2/WEB-INF/road_composites/smc_source.xml
2018-04-01 19:09:52,921 [Thread-12] INFO  au.edu.swin.ict.road.composite.Composite  - Composite is now running...
2018-04-01 19:09:52,937 [Timer-2] INFO  au.swin.ict.research.cs3.road.road4ws.core.deployer.OrganizerDeployer  - http://www.w3.org/ns/wsdl/in-out->setOrganizerBinding
2018-04-01 19:09:52,938 [Timer-2] INFO  au.swin.ict.research.cs3.road.road4ws.core.deployer.OrganizerDeployer  - http://www.w3.org/ns/wsdl/in-out->removeVSN
2018-04-01 19:09:52,938 [Timer-2] INFO  au.swin.ict.research.cs3.road.road4ws.core.deployer.OrganizerDeployer  - http://www.w3.org/ns/wsdl/in-out->getName
2018-04-01 19:09:52,938 [Timer-2] INFO  au.swin.ict.research.cs3.road.road4ws.core.deployer.OrganizerDeployer  - http://www.w3.org/ns/wsdl/in-out->updateRole
2018-04-01 19:09:52,938 [Timer-2] INFO  au.swin.ict.research.cs3.road.road4ws.core.deployer.OrganizerDeployer  - http://www.w3.org/ns/wsdl/in-out->addVSN
2018-04-01 19:09:52,938 [Timer-2] INFO  au.swin.ict.research.cs3.road.road4ws.core.deployer.OrganizerDeployer  - http://www.w3.org/ns/wsdl/in-out->updateTerm
2018-04-01 19:09:52,938 [Timer-2] INFO  au.swin.ict.research.cs3.road.road4ws.core.deployer.OrganizerDeployer  - http://www.w3.org/ns/wsdl/in-out->deployProcessConfigDesignAsXML
2018-04-01 19:09:52,938 [Timer-2] INFO  au.swin.ict.research.cs3.road.road4ws.core.deployer.OrganizerDeployer  - http://www.w3.org/ns/wsdl/in-out->setServiceBinding
2018-04-01 19:09:52,938 [Timer-2] INFO  au.swin.ict.research.cs3.road.road4ws.core.deployer.OrganizerDeployer  - http://www.w3.org/ns/wsdl/in-out->setTermOperation
2018-04-01 19:09:52,938 [Timer-2] INFO  au.swin.ict.research.cs3.road.road4ws.core.deployer.OrganizerDeployer  - http://www.w3.org/ns/wsdl/in-out->replaceBehaviorUnitOfProcess
2018-04-01 19:09:52,938 [Timer-2] INFO  au.swin.ict.research.cs3.road.road4ws.core.deployer.OrganizerDeployer  - http://www.w3.org/ns/wsdl/in-out->enactOrganizationalManagementPolicy
2018-04-01 19:09:52,938 [Timer-2] INFO  au.swin.ict.research.cs3.road.road4ws.core.deployer.OrganizerDeployer  - http://www.w3.org/ns/wsdl/in-out->addTask
2018-04-01 19:09:52,938 [Timer-2] INFO  au.swin.ict.research.cs3.road.road4ws.core.deployer.OrganizerDeployer  - http://www.w3.org/ns/wsdl/in-out->removeTaskFromBehaviorUnit
2018-04-01 19:09:52,938 [Timer-2] INFO  au.swin.ict.research.cs3.road.road4ws.core.deployer.OrganizerDeployer  - http://www.w3.org/ns/wsdl/in-out->addTaskToBehaviorUnit
2018-04-01 19:09:52,938 [Timer-2] INFO  au.swin.ict.research.cs3.road.road4ws.core.deployer.OrganizerDeployer  - http://www.w3.org/ns/wsdl/in-out->removeTask
2018-04-01 19:09:52,938 [Timer-2] INFO  au.swin.ict.research.cs3.road.road4ws.core.deployer.OrganizerDeployer  - http://www.w3.org/ns/wsdl/in-out->updateTaskOfBehaviorUnit
2018-04-01 19:09:52,938 [Timer-2] INFO  au.swin.ict.research.cs3.road.road4ws.core.deployer.OrganizerDeployer  - http://www.w3.org/ns/wsdl/in-out->updateVSN
2018-04-01 19:09:52,938 [Timer-2] INFO  au.swin.ict.research.cs3.road.road4ws.core.deployer.OrganizerDeployer  - http://www.w3.org/ns/wsdl/in-out->removeProcessFromVSN
2018-04-01 19:09:52,938 [Timer-2] INFO  au.swin.ict.research.cs3.road.road4ws.core.deployer.OrganizerDeployer  - http://www.w3.org/ns/wsdl/in-out->removeBehaviorUnit
2018-04-01 19:09:52,938 [Timer-2] INFO  au.swin.ict.research.cs3.road.road4ws.core.deployer.OrganizerDeployer  - http://www.w3.org/ns/wsdl/in-out->addProcessToVSN
2018-04-01 19:09:52,938 [Timer-2] INFO  au.swin.ict.research.cs3.road.road4ws.core.deployer.OrganizerDeployer  - http://www.w3.org/ns/wsdl/in-out->removeContract
2018-04-01 19:09:52,938 [Timer-2] INFO  au.swin.ict.research.cs3.road.road4ws.core.deployer.OrganizerDeployer  - http://www.w3.org/ns/wsdl/in-out->deployVSNAsXML
2018-04-01 19:09:52,938 [Timer-2] INFO  au.swin.ict.research.cs3.road.road4ws.core.deployer.OrganizerDeployer  - http://www.w3.org/ns/wsdl/in-out->setTaskInMessage
2018-04-01 19:09:52,938 [Timer-2] INFO  au.swin.ict.research.cs3.road.road4ws.core.deployer.OrganizerDeployer  - http://www.w3.org/ns/wsdl/in-out->removeRole
2018-04-01 19:09:52,938 [Timer-2] INFO  au.swin.ict.research.cs3.road.road4ws.core.deployer.OrganizerDeployer  - http://www.w3.org/ns/wsdl/in-out->getNextManagementMessageBlocking
2018-04-01 19:09:52,938 [Timer-2] INFO  au.swin.ict.research.cs3.road.road4ws.core.deployer.OrganizerDeployer  - http://www.w3.org/ns/wsdl/in-out->addTerm
2018-04-01 19:09:52,938 [Timer-2] INFO  au.swin.ict.research.cs3.road.road4ws.core.deployer.OrganizerDeployer  - http://www.w3.org/ns/wsdl/in-out->addBehaviorUnit
2018-04-01 19:09:52,938 [Timer-2] INFO  au.swin.ict.research.cs3.road.road4ws.core.deployer.OrganizerDeployer  - http://www.w3.org/ns/wsdl/in-out->updateContract
2018-04-01 19:09:52,938 [Timer-2] INFO  au.swin.ict.research.cs3.road.road4ws.core.deployer.OrganizerDeployer  - http://www.w3.org/ns/wsdl/in-out->addBehaviorUnitsToProcess
2018-04-01 19:09:52,938 [Timer-2] INFO  au.swin.ict.research.cs3.road.road4ws.core.deployer.OrganizerDeployer  - http://www.w3.org/ns/wsdl/in-out->removeTerm
2018-04-01 19:09:52,938 [Timer-2] INFO  au.swin.ict.research.cs3.road.road4ws.core.deployer.OrganizerDeployer  - http://www.w3.org/ns/wsdl/in-out->updateServiceBinding
2018-04-01 19:09:52,938 [Timer-2] INFO  au.swin.ict.research.cs3.road.road4ws.core.deployer.OrganizerDeployer  - http://www.w3.org/ns/wsdl/in-out->setTaskMessage
2018-04-01 19:09:52,938 [Timer-2] INFO  au.swin.ict.research.cs3.road.road4ws.core.deployer.OrganizerDeployer  - http://www.w3.org/ns/wsdl/in-out->removeBehaviorUnitFromProcess
2018-04-01 19:09:52,938 [Timer-2] INFO  au.swin.ict.research.cs3.road.road4ws.core.deployer.OrganizerDeployer  - http://www.w3.org/ns/wsdl/in-out->addContract
2018-04-01 19:09:52,938 [Timer-2] INFO  au.swin.ict.research.cs3.road.road4ws.core.deployer.OrganizerDeployer  - http://www.w3.org/ns/wsdl/in-out->updateTask
2018-04-01 19:09:52,938 [Timer-2] INFO  au.swin.ict.research.cs3.road.road4ws.core.deployer.OrganizerDeployer  - http://www.w3.org/ns/wsdl/in-out->deployProcessAsXML
2018-04-01 19:09:52,938 [Timer-2] INFO  au.swin.ict.research.cs3.road.road4ws.core.deployer.OrganizerDeployer  - http://www.w3.org/ns/wsdl/in-out->setTaskOutMessage
2018-04-01 19:09:52,938 [Timer-2] INFO  au.swin.ict.research.cs3.road.road4ws.core.deployer.OrganizerDeployer  - http://www.w3.org/ns/wsdl/in-out->setTaskQoS
2018-04-01 19:09:52,939 [Timer-2] INFO  au.swin.ict.research.cs3.road.road4ws.core.deployer.OrganizerDeployer  - http://www.w3.org/ns/wsdl/in-out->updateProcessOfVSN
2018-04-01 19:09:52,939 [Timer-2] INFO  au.swin.ict.research.cs3.road.road4ws.core.deployer.OrganizerDeployer  - http://www.w3.org/ns/wsdl/in-out->addBehaviorUnitToProcess
2018-04-01 19:09:52,939 [Timer-2] INFO  au.swin.ict.research.cs3.road.road4ws.core.deployer.OrganizerDeployer  - http://www.w3.org/ns/wsdl/in-out->updateBehaviorUnit
2018-04-01 19:09:52,939 [Timer-2] INFO  au.swin.ict.research.cs3.road.road4ws.core.deployer.OrganizerDeployer  - http://www.w3.org/ns/wsdl/in-out->enactOrganizationalManagementPolicyRemote
2018-04-01 19:09:52,939 [Timer-2] INFO  au.swin.ict.research.cs3.road.road4ws.core.deployer.OrganizerDeployer  - http://www.w3.org/ns/wsdl/in-out->getNextManagementMessage
2018-04-01 19:09:52,939 [Timer-2] INFO  au.swin.ict.research.cs3.road.road4ws.core.deployer.OrganizerDeployer  - http://www.w3.org/ns/wsdl/in-out->addRole
2018-04-01 19:09:52,939 [Timer-2] INFO  au.swin.ict.research.cs3.road.road4ws.core.deployer.OrganizerDeployer  - http://www.w3.org/ns/wsdl/in-out->subscribeToManagementMessages
2018-04-01 19:09:52,940 [Timer-2] INFO  au.swin.ict.research.cs3.road.road4ws.core.deployer.OrganizerDeployer  - Organizer role added to composite roadside
2018-04-01 19:09:52,958 [Timer-2] INFO  au.swin.ict.research.cs3.road.road4ws.core.deployer.OperationalManagerDeployer  - http://www.w3.org/ns/wsdl/in-out->addPassthroughRule
2018-04-01 19:09:52,959 [Timer-2] INFO  au.swin.ict.research.cs3.road.road4ws.core.deployer.OperationalManagerDeployer  - http://www.w3.org/ns/wsdl/in-out->updateRegulationUnitsOfProcessRegulationPolicy
2018-04-01 19:09:52,959 [Timer-2] INFO  au.swin.ict.research.cs3.road.road4ws.core.deployer.OperationalManagerDeployer  - http://www.w3.org/ns/wsdl/in-out->removeRoutingRulesFromRegulationUnit
2018-04-01 19:09:52,959 [Timer-2] INFO  au.swin.ict.research.cs3.road.road4ws.core.deployer.OperationalManagerDeployer  - http://www.w3.org/ns/wsdl/in-out->addRoutingRulesToRegulationUnit
2018-04-01 19:09:52,959 [Timer-2] INFO  au.swin.ict.research.cs3.road.road4ws.core.deployer.OperationalManagerDeployer  - http://www.w3.org/ns/wsdl/in-out->addRoutingRulesToInterVSNRegulationUnit
2018-04-01 19:09:52,959 [Timer-2] INFO  au.swin.ict.research.cs3.road.road4ws.core.deployer.OperationalManagerDeployer  - http://www.w3.org/ns/wsdl/in-out->removeGlobalRulesFromInterVSNRegulationUnit
2018-04-01 19:09:52,959 [Timer-2] INFO  au.swin.ict.research.cs3.road.road4ws.core.deployer.OperationalManagerDeployer  - http://www.w3.org/ns/wsdl/in-out->enactOperationalManagementPolicy
2018-04-01 19:09:52,959 [Timer-2] INFO  au.swin.ict.research.cs3.road.road4ws.core.deployer.OperationalManagerDeployer  - http://www.w3.org/ns/wsdl/in-out->addRegulationUnit
2018-04-01 19:09:52,959 [Timer-2] INFO  au.swin.ict.research.cs3.road.road4ws.core.deployer.OperationalManagerDeployer  - http://www.w3.org/ns/wsdl/in-out->addPassthroughRegulationUnitToProcessRegulationPolicyAt
2018-04-01 19:09:52,959 [Timer-2] INFO  au.swin.ict.research.cs3.road.road4ws.core.deployer.OperationalManagerDeployer  - http://www.w3.org/ns/wsdl/in-out->addInterProcessRegulationUnit
2018-04-01 19:09:52,959 [Timer-2] INFO  au.swin.ict.research.cs3.road.road4ws.core.deployer.OperationalManagerDeployer  - http://www.w3.org/ns/wsdl/in-out->setOperationalManagerBinding
2018-04-01 19:09:52,959 [Timer-2] INFO  au.swin.ict.research.cs3.road.road4ws.core.deployer.OperationalManagerDeployer  - http://www.w3.org/ns/wsdl/in-out->removePassthroughRegulationUnitFromProcessRegulationPolicyAt
2018-04-01 19:09:52,959 [Timer-2] INFO  au.swin.ict.research.cs3.road.road4ws.core.deployer.OperationalManagerDeployer  - http://www.w3.org/ns/wsdl/in-out->enactOperationalManagementPolicyRemote
2018-04-01 19:09:52,959 [Timer-2] INFO  au.swin.ict.research.cs3.road.road4ws.core.deployer.OperationalManagerDeployer  - http://www.w3.org/ns/wsdl/in-out->addRoutingRulesToInterCollaborationRegulationUnit
2018-04-01 19:09:52,959 [Timer-2] INFO  au.swin.ict.research.cs3.road.road4ws.core.deployer.OperationalManagerDeployer  - http://www.w3.org/ns/wsdl/in-out->addGlobalRulesToInterCollaborationRegulationUnit
2018-04-01 19:09:52,959 [Timer-2] INFO  au.swin.ict.research.cs3.road.road4ws.core.deployer.OperationalManagerDeployer  - http://www.w3.org/ns/wsdl/in-out->updateServiceNetworkStateImplementation
2018-04-01 19:09:52,959 [Timer-2] INFO  au.swin.ict.research.cs3.road.road4ws.core.deployer.OperationalManagerDeployer  - http://www.w3.org/ns/wsdl/in-out->addGlobalRulesToInterVSNRegulationUnit
2018-04-01 19:09:52,959 [Timer-2] INFO  au.swin.ict.research.cs3.road.road4ws.core.deployer.OperationalManagerDeployer  - http://www.w3.org/ns/wsdl/in-out->updateServiceNetworkRegulationPolicy
2018-04-01 19:09:52,959 [Timer-2] INFO  au.swin.ict.research.cs3.road.road4ws.core.deployer.OperationalManagerDeployer  - http://www.w3.org/ns/wsdl/in-out->addSynchronizationRule
2018-04-01 19:09:52,959 [Timer-2] INFO  au.swin.ict.research.cs3.road.road4ws.core.deployer.OperationalManagerDeployer  - http://www.w3.org/ns/wsdl/in-out->removeRoutingRulesFromInterProcessRegulationUnit
2018-04-01 19:09:52,959 [Timer-2] INFO  au.swin.ict.research.cs3.road.road4ws.core.deployer.OperationalManagerDeployer  - http://www.w3.org/ns/wsdl/in-out->addServiceNetworkStateImplementation
2018-04-01 19:09:52,959 [Timer-2] INFO  au.swin.ict.research.cs3.road.road4ws.core.deployer.OperationalManagerDeployer  - http://www.w3.org/ns/wsdl/in-out->addRegulationUnitsToVSNRegulationPolicy
2018-04-01 19:09:52,959 [Timer-2] INFO  au.swin.ict.research.cs3.road.road4ws.core.deployer.OperationalManagerDeployer  - http://www.w3.org/ns/wsdl/in-out->updateServiceNetworkEvent
2018-04-01 19:09:52,959 [Timer-2] INFO  au.swin.ict.research.cs3.road.road4ws.core.deployer.OperationalManagerDeployer  - http://www.w3.org/ns/wsdl/in-out->removeRegulationMechanism
2018-04-01 19:09:52,959 [Timer-2] INFO  au.swin.ict.research.cs3.road.road4ws.core.deployer.OperationalManagerDeployer  - http://www.w3.org/ns/wsdl/in-out->addPassthroughRulesToRegulationUnit
2018-04-01 19:09:52,959 [Timer-2] INFO  au.swin.ict.research.cs3.road.road4ws.core.deployer.OperationalManagerDeployer  - http://www.w3.org/ns/wsdl/in-out->addRoutingRulesToInterProcessRegulationUnit
2018-04-01 19:09:52,959 [Timer-2] INFO  au.swin.ict.research.cs3.road.road4ws.core.deployer.OperationalManagerDeployer  - http://www.w3.org/ns/wsdl/in-out->updateSynchronizationRule
2018-04-01 19:09:52,959 [Timer-2] INFO  au.swin.ict.research.cs3.road.road4ws.core.deployer.OperationalManagerDeployer  - http://www.w3.org/ns/wsdl/in-out->removeInterProcessRegulationUnit
2018-04-01 19:09:52,959 [Timer-2] INFO  au.swin.ict.research.cs3.road.road4ws.core.deployer.OperationalManagerDeployer  - http://www.w3.org/ns/wsdl/in-out->addRegulationUnitsToProcessRegulationPolicy
2018-04-01 19:09:52,959 [Timer-2] INFO  au.swin.ict.research.cs3.road.road4ws.core.deployer.OperationalManagerDeployer  - http://www.w3.org/ns/wsdl/in-out->removeServiceNetworkState
2018-04-01 19:09:52,959 [Timer-2] INFO  au.swin.ict.research.cs3.road.road4ws.core.deployer.OperationalManagerDeployer  - http://www.w3.org/ns/wsdl/in-out->updateRegulationUnitsOfVSNRegulationPolicy
2018-04-01 19:09:52,959 [Timer-2] INFO  au.swin.ict.research.cs3.road.road4ws.core.deployer.OperationalManagerDeployer  - http://www.w3.org/ns/wsdl/in-out->removeRoutingRule
2018-04-01 19:09:52,959 [Timer-2] INFO  au.swin.ict.research.cs3.road.road4ws.core.deployer.OperationalManagerDeployer  - http://www.w3.org/ns/wsdl/in-out->getNextManagementMessageBlocking
2018-04-01 19:09:52,959 [Timer-2] INFO  au.swin.ict.research.cs3.road.road4ws.core.deployer.OperationalManagerDeployer  - http://www.w3.org/ns/wsdl/in-out->updateGlobalRule
2018-04-01 19:09:52,959 [Timer-2] INFO  au.swin.ict.research.cs3.road.road4ws.core.deployer.OperationalManagerDeployer  - http://www.w3.org/ns/wsdl/in-out->addRegulationMechanism
2018-04-01 19:09:52,959 [Timer-2] INFO  au.swin.ict.research.cs3.road.road4ws.core.deployer.OperationalManagerDeployer  - http://www.w3.org/ns/wsdl/in-out->setInterVSNRegulation
2018-04-01 19:09:52,959 [Timer-2] INFO  au.swin.ict.research.cs3.road.road4ws.core.deployer.OperationalManagerDeployer  - http://www.w3.org/ns/wsdl/in-out->removeRegulationUnitsFromProcessRegulationPolicy
2018-04-01 19:09:52,959 [Timer-2] INFO  au.swin.ict.research.cs3.road.road4ws.core.deployer.OperationalManagerDeployer  - http://www.w3.org/ns/wsdl/in-out->removeInterCollaborationRegulationUnit
2018-04-01 19:09:52,959 [Timer-2] INFO  au.swin.ict.research.cs3.road.road4ws.core.deployer.OperationalManagerDeployer  - http://www.w3.org/ns/wsdl/in-out->addGlobalRulesToInterProcessRegulationUnit
2018-04-01 19:09:52,959 [Timer-2] INFO  au.swin.ict.research.cs3.road.road4ws.core.deployer.OperationalManagerDeployer  - http://www.w3.org/ns/wsdl/in-out->addPassthroughRulesToInterProcessRegulationUnit
2018-04-01 19:09:52,959 [Timer-2] INFO  au.swin.ict.research.cs3.road.road4ws.core.deployer.OperationalManagerDeployer  - http://www.w3.org/ns/wsdl/in-out->addSynchronizationRulesToInterProcessRegulationUnit
2018-04-01 19:09:52,959 [Timer-2] INFO  au.swin.ict.research.cs3.road.road4ws.core.deployer.OperationalManagerDeployer  - http://www.w3.org/ns/wsdl/in-out->updateRegulationUnit
2018-04-01 19:09:52,959 [Timer-2] INFO  au.swin.ict.research.cs3.road.road4ws.core.deployer.OperationalManagerDeployer  - http://www.w3.org/ns/wsdl/in-out->removePassthroughRulesFromRegulationUnit
2018-04-01 19:09:52,959 [Timer-2] INFO  au.swin.ict.research.cs3.road.road4ws.core.deployer.OperationalManagerDeployer  - http://www.w3.org/ns/wsdl/in-out->addGlobalRule
2018-04-01 19:09:52,959 [Timer-2] INFO  au.swin.ict.research.cs3.road.road4ws.core.deployer.OperationalManagerDeployer  - http://www.w3.org/ns/wsdl/in-out->addPassthroughRulesToInterCollaborationRegulationUnit
2018-04-01 19:09:52,960 [Timer-2] INFO  au.swin.ict.research.cs3.road.road4ws.core.deployer.OperationalManagerDeployer  - http://www.w3.org/ns/wsdl/in-out->removePassthroughRule
2018-04-01 19:09:52,960 [Timer-2] INFO  au.swin.ict.research.cs3.road.road4ws.core.deployer.OperationalManagerDeployer  - http://www.w3.org/ns/wsdl/in-out->addServiceNetworkState
2018-04-01 19:09:52,960 [Timer-2] INFO  au.swin.ict.research.cs3.road.road4ws.core.deployer.OperationalManagerDeployer  - http://www.w3.org/ns/wsdl/in-out->removeRoutingRulesFromInterVSNRegulationUnit
2018-04-01 19:09:52,960 [Timer-2] INFO  au.swin.ict.research.cs3.road.road4ws.core.deployer.OperationalManagerDeployer  - http://www.w3.org/ns/wsdl/in-out->addSynchronizationRulesToRegulationUnit
2018-04-01 19:09:52,960 [Timer-2] INFO  au.swin.ict.research.cs3.road.road4ws.core.deployer.OperationalManagerDeployer  - http://www.w3.org/ns/wsdl/in-out->removeSynchronizationRule
2018-04-01 19:09:52,960 [Timer-2] INFO  au.swin.ict.research.cs3.road.road4ws.core.deployer.OperationalManagerDeployer  - http://www.w3.org/ns/wsdl/in-out->removeInterVSNRegulation
2018-04-01 19:09:52,960 [Timer-2] INFO  au.swin.ict.research.cs3.road.road4ws.core.deployer.OperationalManagerDeployer  - http://www.w3.org/ns/wsdl/in-out->addSynchronizationRulesToInterCollaborationRegulationUnit
2018-04-01 19:09:52,960 [Timer-2] INFO  au.swin.ict.research.cs3.road.road4ws.core.deployer.OperationalManagerDeployer  - http://www.w3.org/ns/wsdl/in-out->removeServiceNetworkEvent
2018-04-01 19:09:52,960 [Timer-2] INFO  au.swin.ict.research.cs3.road.road4ws.core.deployer.OperationalManagerDeployer  - http://www.w3.org/ns/wsdl/in-out->removeSynchronizationRulesFromRegulationUnit
2018-04-01 19:09:52,960 [Timer-2] INFO  au.swin.ict.research.cs3.road.road4ws.core.deployer.OperationalManagerDeployer  - http://www.w3.org/ns/wsdl/in-out->updateRegulationMechanism
2018-04-01 19:09:52,960 [Timer-2] INFO  au.swin.ict.research.cs3.road.road4ws.core.deployer.OperationalManagerDeployer  - http://www.w3.org/ns/wsdl/in-out->addInterCollaborationRegulationUnit
2018-04-01 19:09:52,960 [Timer-2] INFO  au.swin.ict.research.cs3.road.road4ws.core.deployer.OperationalManagerDeployer  - http://www.w3.org/ns/wsdl/in-out->updateRoutingRule
2018-04-01 19:09:52,960 [Timer-2] INFO  au.swin.ict.research.cs3.road.road4ws.core.deployer.OperationalManagerDeployer  - http://www.w3.org/ns/wsdl/in-out->updateServiceNetworkState
2018-04-01 19:09:52,960 [Timer-2] INFO  au.swin.ict.research.cs3.road.road4ws.core.deployer.OperationalManagerDeployer  - http://www.w3.org/ns/wsdl/in-out->removeSynchronizationRegulationUnitFromProcessRegulationPolicyAt
2018-04-01 19:09:52,960 [Timer-2] INFO  au.swin.ict.research.cs3.road.road4ws.core.deployer.OperationalManagerDeployer  - http://www.w3.org/ns/wsdl/in-out->addGlobalRulesToRegulationUnit
2018-04-01 19:09:52,960 [Timer-2] INFO  au.swin.ict.research.cs3.road.road4ws.core.deployer.OperationalManagerDeployer  - http://www.w3.org/ns/wsdl/in-out->removeGlobalRule
2018-04-01 19:09:52,960 [Timer-2] INFO  au.swin.ict.research.cs3.road.road4ws.core.deployer.OperationalManagerDeployer  - http://www.w3.org/ns/wsdl/in-out->addSynchronizationRulesToInterVSNRegulationUnit
2018-04-01 19:09:52,960 [Timer-2] INFO  au.swin.ict.research.cs3.road.road4ws.core.deployer.OperationalManagerDeployer  - http://www.w3.org/ns/wsdl/in-out->removeRegulationUnitsFromVSNRegulationPolicy
2018-04-01 19:09:52,960 [Timer-2] INFO  au.swin.ict.research.cs3.road.road4ws.core.deployer.OperationalManagerDeployer  - http://www.w3.org/ns/wsdl/in-out->updateRegulationUnitOfVSNRegulationPolicy
2018-04-01 19:09:52,960 [Timer-2] INFO  au.swin.ict.research.cs3.road.road4ws.core.deployer.OperationalManagerDeployer  - http://www.w3.org/ns/wsdl/in-out->addSynchronizationRegulationUnitToProcessRegulationPolicyAt
2018-04-01 19:09:52,960 [Timer-2] INFO  au.swin.ict.research.cs3.road.road4ws.core.deployer.OperationalManagerDeployer  - http://www.w3.org/ns/wsdl/in-out->updatePassthroughRule
2018-04-01 19:09:52,960 [Timer-2] INFO  au.swin.ict.research.cs3.road.road4ws.core.deployer.OperationalManagerDeployer  - http://www.w3.org/ns/wsdl/in-out->removeRegulationUnit
2018-04-01 19:09:52,960 [Timer-2] INFO  au.swin.ict.research.cs3.road.road4ws.core.deployer.OperationalManagerDeployer  - http://www.w3.org/ns/wsdl/in-out->removeGlobalRulesFromRegulationUnit
2018-04-01 19:09:52,960 [Timer-2] INFO  au.swin.ict.research.cs3.road.road4ws.core.deployer.OperationalManagerDeployer  - http://www.w3.org/ns/wsdl/in-out->addRoutingRegulationUnitToProcessRegulationPolicyAt
2018-04-01 19:09:52,960 [Timer-2] INFO  au.swin.ict.research.cs3.road.road4ws.core.deployer.OperationalManagerDeployer  - http://www.w3.org/ns/wsdl/in-out->removeServiceNetworkStateImplementation
2018-04-01 19:09:52,960 [Timer-2] INFO  au.swin.ict.research.cs3.road.road4ws.core.deployer.OperationalManagerDeployer  - http://www.w3.org/ns/wsdl/in-out->removeRoutingRegulationUnitFromProcessRegulationPolicyAt
2018-04-01 19:09:52,960 [Timer-2] INFO  au.swin.ict.research.cs3.road.road4ws.core.deployer.OperationalManagerDeployer  - http://www.w3.org/ns/wsdl/in-out->addPassthroughRulesToInterVSNRegulationUnit
2018-04-01 19:09:52,960 [Timer-2] INFO  au.swin.ict.research.cs3.road.road4ws.core.deployer.OperationalManagerDeployer  - http://www.w3.org/ns/wsdl/in-out->updateRegulationUnitOfProcessRegulationPolicy
2018-04-01 19:09:52,960 [Timer-2] INFO  au.swin.ict.research.cs3.road.road4ws.core.deployer.OperationalManagerDeployer  - http://www.w3.org/ns/wsdl/in-out->removeGlobalRulesFromInterCollaborationRegulationUnit
2018-04-01 19:09:52,960 [Timer-2] INFO  au.swin.ict.research.cs3.road.road4ws.core.deployer.OperationalManagerDeployer  - http://www.w3.org/ns/wsdl/in-out->addServiceNetworkEvent
2018-04-01 19:09:52,960 [Timer-2] INFO  au.swin.ict.research.cs3.road.road4ws.core.deployer.OperationalManagerDeployer  - http://www.w3.org/ns/wsdl/in-out->getNextManagementMessage
2018-04-01 19:09:52,960 [Timer-2] INFO  au.swin.ict.research.cs3.road.road4ws.core.deployer.OperationalManagerDeployer  - http://www.w3.org/ns/wsdl/in-out->addRoutingRule
2018-04-01 19:09:52,960 [Timer-2] INFO  au.swin.ict.research.cs3.road.road4ws.core.deployer.OperationalManagerDeployer  - http://www.w3.org/ns/wsdl/in-out->addParameterizedRegulationUnitToVSNRegulationPolicy
2018-04-01 19:09:52,960 [Timer-2] INFO  au.swin.ict.research.cs3.road.road4ws.core.deployer.OperationalManagerDeployer  - http://www.w3.org/ns/wsdl/in-out->subscribeToManagementMessages
2018-04-01 19:09:52,962 [Timer-2] INFO  au.swin.ict.research.cs3.road.road4ws.core.deployer.OperationalManagerDeployer  - Operational Manager role added to composite roadside
2018-04-01 19:09:52,962 [Timer-2] INFO  au.swin.ict.research.cs3.road.road4ws.core.deployer.ROADDeployer  - Adding composite to the axis config roadside
2018-04-01 19:09:52,967 [Timer-2] INFO  SN  - 5687
2018-04-01 19:10:27,281 [Timer-2] INFO  au.swin.ict.research.cs3.road.road4ws.core.deployer.MgtPolicyDeployer  - [ROAD4WS] Deploying management policies from the file : /home/indika/speevol/apache-tomcat-9.0.6_sdsn/webapps/axis2/WEB-INF/road_mgt/ms9mgt.xml
2018-04-01 19:10:27,281 [Timer-2] INFO  au.swin.ict.research.cs3.road.road4ws.core.deployer.MgtPolicyDeployer  - Loading VSNs conf from /home/indika/speevol/apache-tomcat-9.0.6_sdsn/webapps/axis2/WEB-INF/road_mgt/ms9mgt.xml
2018-04-01 19:10:27,295 [Thread-13] INFO  au.edu.swin.ict.road.composite.OrganiserRole  - Got a management policy to admit 
es9_org_add.drl
2018-04-01 19:10:27,301 [Thread-14] INFO  au.edu.swin.ict.road.composite.OperationalManagerRole  - Got a management policyto admit 
es9_opr_add.drl
2018-04-01 19:10:27,301 [Thread-13] INFO  au.edu.swin.ict.road.common.DroolsRules  - Reading KB from es9_org_add.drl
2018-04-01 19:10:27,303 [Thread-14] INFO  au.edu.swin.ict.road.common.DroolsRules  - Reading KB from es9_opr_add.drl
2018-04-01 19:10:27,306 [Thread-13] INFO  org.kie.scanner.embedder.MavenEmbedderUtils  - Not in OSGi: using plexus based maven parser
2018-04-01 19:10:27,313 [Thread-14] INFO  org.kie.scanner.embedder.MavenEmbedderUtils  - Not in OSGi: using plexus based maven parser
2018-04-01 19:10:27,677 [Thread-13] INFO  org.drools.compiler.kie.builder.impl.KieRepositoryImpl  - KieModule was added: MemoryKieModule[releaseId=es9_org_add.drl:road-rep:1.0.0]
2018-04-01 19:10:27,669 [Thread-14] INFO  org.drools.compiler.kie.builder.impl.KieRepositoryImpl  - KieModule was added: MemoryKieModule[releaseId=es9_opr_add.drl:road-rep:1.0.0]
2018-04-01 19:10:27,697 [Thread-13] INFO  au.edu.swin.ict.road.common.OrganiserMgtOpResult  - Management policy applied in .392289043nanoseconds
2018-04-01 19:10:27,728 [Thread-14] INFO  au.edu.swin.ict.road.common.OrganiserMgtOpResult  - Management policy applied in .425162318nanoseconds
2018-04-01 19:10:27,939 [ManamentPolicyExecutorWorker-1] INFO  MGT  - 1522602627939
2018-04-01 19:10:27,940 [ManamentPolicyExecutorWorker-1] INFO  au.edu.swin.ict.road.composite.OrganiserRole  - Organiser: addRole, roleId: VC
2018-04-01 19:10:27,941 [ManamentPolicyExecutorWorker-1] INFO  au.edu.swin.ict.serendip.core.SerendipEngine  - VC subscribed to the engine
2018-04-01 19:10:27,941 [ManamentPolicyExecutorWorker-1] INFO  au.edu.swin.ict.road.composite.Composite  - Adding role with id 'VC' to composite roadside
2018-04-01 19:10:27,941 [ManamentPolicyExecutorWorker-1] INFO  au.edu.swin.ict.road.common.OrganiserMgtOpResult  - New role VC added successfully
2018-04-01 19:10:27,942 [ManamentPolicyExecutorWorker-1] INFO  au.edu.swin.ict.road.common.OrganiserMgtOpResult  - Added a Task : RentVehicle
2018-04-01 19:10:27,942 [ManamentPolicyExecutorWorker-1] INFO  au.edu.swin.ict.road.composite.OrganiserRole  - Organiser: setInMessageType
2018-04-01 19:10:27,942 [ManamentPolicyExecutorWorker-1] INFO  au.edu.swin.ict.road.common.OrganiserMgtOpResult  - Updated the in message : RentVehicle
2018-04-01 19:10:27,942 [ManamentPolicyExecutorWorker-1] INFO  au.edu.swin.ict.road.composite.OrganiserRole  - Organiser: setOutMessageType
2018-04-01 19:10:27,942 [ManamentPolicyExecutorWorker-1] INFO  au.edu.swin.ict.road.common.OrganiserMgtOpResult  - Updated the out message : RentVehicle
2018-04-01 19:10:27,942 [ManamentPolicyExecutorWorker-1] INFO  au.edu.swin.ict.road.common.OrganiserMgtOpResult  - Added a Task : EndVehicleRent
2018-04-01 19:10:27,942 [ManamentPolicyExecutorWorker-1] INFO  au.edu.swin.ict.road.composite.OrganiserRole  - Organiser: setInMessageType
2018-04-01 19:10:27,942 [ManamentPolicyExecutorWorker-1] INFO  au.edu.swin.ict.road.common.OrganiserMgtOpResult  - Updated the in message : EndVehicleRent
2018-04-01 19:10:27,942 [ManamentPolicyExecutorWorker-1] INFO  au.edu.swin.ict.road.composite.OrganiserRole  - Organiser: setOutMessageType
2018-04-01 19:10:27,942 [ManamentPolicyExecutorWorker-1] INFO  au.edu.swin.ict.road.common.OrganiserMgtOpResult  - Updated the out message : EndVehicleRent
2018-04-01 19:10:27,942 [ManamentPolicyExecutorWorker-1] INFO  au.edu.swin.ict.road.common.OrganiserMgtOpResult  - New PlayerBinding VC_SB added successfully
2018-04-01 19:10:27,942 [ManamentPolicyExecutorWorker-1] INFO  au.edu.swin.ict.road.common.OrganiserMgtOpResult  - SetServiceBinding VC_SB successful for the role VC
2018-04-01 19:10:27,942 [ManamentPolicyExecutorWorker-1] INFO  au.edu.swin.ict.road.common.OrganiserMgtOpResult  - Added a Task : PayVC
2018-04-01 19:10:27,942 [ManamentPolicyExecutorWorker-1] INFO  au.edu.swin.ict.road.composite.OrganiserRole  - Organiser: setInMessageType
2018-04-01 19:10:27,942 [ManamentPolicyExecutorWorker-1] INFO  au.edu.swin.ict.road.common.OrganiserMgtOpResult  - Updated the in message : PayVC
2018-04-01 19:10:27,942 [ManamentPolicyExecutorWorker-1] INFO  au.edu.swin.ict.road.composite.OrganiserRole  - Organiser: setOutMessageType
2018-04-01 19:10:27,942 [ManamentPolicyExecutorWorker-1] INFO  au.edu.swin.ict.road.common.OrganiserMgtOpResult  - Updated the out message : PayVC
2018-04-01 19:10:27,942 [ManamentPolicyExecutorWorker-1] INFO  au.edu.swin.ict.road.common.OrganiserMgtOpResult  - Updated the task : PayGC of the role :SC
2018-04-01 19:10:27,942 [ManamentPolicyExecutorWorker-1] INFO  au.edu.swin.ict.road.common.OrganiserMgtOpResult  - Updated the task : Analyze of the role :SC
2018-04-01 19:10:27,942 [ManamentPolicyExecutorWorker-1] INFO  au.edu.swin.ict.road.composite.OrganiserRole  - Organiser: addNewContract, contractId: SC-VC
2018-04-01 19:10:27,943 [ManamentPolicyExecutorWorker-1] INFO  au.swin.ict.research.cs3.road.road4ws.core.deployer.ROADDeployer  - Service removed from Axis2
2018-04-01 19:10:27,943 [ManamentPolicyExecutorWorker-1] INFO  au.swin.ict.research.cs3.road.road4ws.core.deployer.ROADDeployer  - Service removed from Axis2
2018-04-01 19:10:27,943 [ManamentPolicyExecutorWorker-1] INFO  au.edu.swin.ict.road.composite.Composite  - Adding contract SC-VC to composite roadside
2018-04-01 19:10:27,943 [ManamentPolicyExecutorWorker-1] INFO  au.edu.swin.ict.road.common.OrganiserMgtOpResult  - Contract SC-VC was successfully added
2018-04-01 19:10:27,943 [ManamentPolicyExecutorWorker-1] INFO  au.edu.swin.ict.road.composite.OrganiserRole  - Organiser: addwTerm, contractId: SC-VC
2018-04-01 19:10:27,944 [ManamentPolicyExecutorWorker-1] INFO  au.swin.ict.research.cs3.road.road4ws.core.deployer.ROADDeployer  - Service removed from Axis2
2018-04-01 19:10:27,944 [ManamentPolicyExecutorWorker-1] INFO  au.swin.ict.research.cs3.road.road4ws.core.deployer.ROADDeployer  - Service removed from Axis2
2018-04-01 19:10:27,944 [ManamentPolicyExecutorWorker-1] INFO  au.edu.swin.ict.road.composite.Composite  - New term with id 'rentVehicle' has been added to the contract with the id 'SC-VC'
2018-04-01 19:10:27,944 [ManamentPolicyExecutorWorker-1] INFO  au.edu.swin.ict.road.common.OrganiserMgtOpResult  - Term rentVehicle was successfully added
2018-04-01 19:10:27,944 [ManamentPolicyExecutorWorker-1] INFO  au.edu.swin.ict.road.composite.OrganiserRole  - Organiser: addNewOperation
2018-04-01 19:10:27,944 [ManamentPolicyExecutorWorker-1] INFO  au.swin.ict.research.cs3.road.road4ws.core.deployer.ROADDeployer  - Service removed from Axis2
2018-04-01 19:10:27,944 [ManamentPolicyExecutorWorker-1] INFO  au.swin.ict.research.cs3.road.road4ws.core.deployer.ROADDeployer  - Service removed from Axis2
2018-04-01 19:10:27,945 [ManamentPolicyExecutorWorker-1] INFO  au.edu.swin.ict.road.common.OrganiserMgtOpResult  - Operation successfully added
2018-04-01 19:10:27,945 [ManamentPolicyExecutorWorker-1] INFO  au.edu.swin.ict.road.composite.OrganiserRole  - Organiser: addwTerm, contractId: SC-VC
2018-04-01 19:10:27,945 [ManamentPolicyExecutorWorker-1] INFO  au.swin.ict.research.cs3.road.road4ws.core.deployer.ROADDeployer  - Service removed from Axis2
2018-04-01 19:10:27,945 [ManamentPolicyExecutorWorker-1] INFO  au.swin.ict.research.cs3.road.road4ws.core.deployer.ROADDeployer  - Service removed from Axis2
2018-04-01 19:10:27,945 [ManamentPolicyExecutorWorker-1] INFO  au.edu.swin.ict.road.composite.Composite  - New term with id 'endVehicleRent' has been added to the contract with the id 'SC-VC'
2018-04-01 19:10:27,945 [ManamentPolicyExecutorWorker-1] INFO  au.edu.swin.ict.road.common.OrganiserMgtOpResult  - Term endVehicleRent was successfully added
2018-04-01 19:10:27,945 [ManamentPolicyExecutorWorker-1] INFO  au.edu.swin.ict.road.composite.OrganiserRole  - Organiser: addNewOperation
2018-04-01 19:10:27,945 [ManamentPolicyExecutorWorker-1] INFO  au.swin.ict.research.cs3.road.road4ws.core.deployer.ROADDeployer  - Service removed from Axis2
2018-04-01 19:10:27,945 [ManamentPolicyExecutorWorker-1] INFO  au.swin.ict.research.cs3.road.road4ws.core.deployer.ROADDeployer  - Service removed from Axis2
2018-04-01 19:10:27,946 [ManamentPolicyExecutorWorker-1] INFO  au.edu.swin.ict.road.common.OrganiserMgtOpResult  - Operation successfully added
2018-04-01 19:10:27,946 [ManamentPolicyExecutorWorker-1] INFO  au.edu.swin.ict.road.composite.OrganiserRole  - Organiser: addwTerm, contractId: SC-VC
2018-04-01 19:10:27,946 [ManamentPolicyExecutorWorker-1] INFO  au.swin.ict.research.cs3.road.road4ws.core.deployer.ROADDeployer  - Service removed from Axis2
2018-04-01 19:10:27,946 [ManamentPolicyExecutorWorker-1] INFO  au.swin.ict.research.cs3.road.road4ws.core.deployer.ROADDeployer  - Service removed from Axis2
2018-04-01 19:10:27,946 [ManamentPolicyExecutorWorker-1] INFO  au.edu.swin.ict.road.composite.Composite  - New term with id 'payVehicleRent' has been added to the contract with the id 'SC-VC'
2018-04-01 19:10:27,946 [ManamentPolicyExecutorWorker-1] INFO  au.edu.swin.ict.road.common.OrganiserMgtOpResult  - Term payVehicleRent was successfully added
2018-04-01 19:10:27,946 [ManamentPolicyExecutorWorker-1] INFO  au.edu.swin.ict.road.composite.OrganiserRole  - Organiser: addNewOperation
2018-04-01 19:10:27,946 [ManamentPolicyExecutorWorker-1] INFO  au.swin.ict.research.cs3.road.road4ws.core.deployer.ROADDeployer  - Service removed from Axis2
2018-04-01 19:10:27,946 [ManamentPolicyExecutorWorker-1] INFO  au.swin.ict.research.cs3.road.road4ws.core.deployer.ROADDeployer  - Service removed from Axis2
2018-04-01 19:10:27,947 [ManamentPolicyExecutorWorker-1] INFO  au.edu.swin.ict.road.common.OrganiserMgtOpResult  - Operation successfully added
2018-04-01 19:10:27,947 [ManamentPolicyExecutorWorker-1] INFO  au.edu.swin.ict.road.common.OrganiserMgtOpResult  -  Task updated from SC.Analyze behavior CaseHandling
2018-04-01 19:10:27,947 [ManamentPolicyExecutorWorker-1] INFO  au.edu.swin.ict.road.common.OrganiserMgtOpResult  -  Task updated from SC.PayGC behavior RepairingByMacRepair
2018-04-01 19:10:27,947 [ManamentPolicyExecutorWorker-1] INFO  au.edu.swin.ict.road.common.OrganiserMgtOpResult  - BehaviorUnit RentingVehicle has been added
2018-04-01 19:10:27,947 [ManamentPolicyExecutorWorker-1] INFO  au.edu.swin.ict.road.common.OrganiserMgtOpResult  - Task ref  VC.RentVehicle added to RentingVehicle
2018-04-01 19:10:27,947 [ManamentPolicyExecutorWorker-1] INFO  au.edu.swin.ict.road.common.OrganiserMgtOpResult  - Task ref  VC.EndVehicleRent added to RentingVehicle
2018-04-01 19:10:27,947 [ManamentPolicyExecutorWorker-1] INFO  au.edu.swin.ict.road.common.OrganiserMgtOpResult  - Task ref  SC.PayVC added to RentingVehicle
2018-04-01 19:10:27,947 [ManamentPolicyExecutorWorker-1] INFO  au.edu.swin.ict.road.composite.OrganiserRole  - Organiser: add a behavior unit RentingVehicle to the configuration design of the process : HappyToursP1
2018-04-01 19:10:27,947 [ManamentPolicyExecutorWorker-1] INFO  au.edu.swin.ict.road.common.OrganiserMgtOpResult  - Configuration design for the process  HappyToursP1 hss been updated with behavior unit : RentingVehicle
2018-04-01 19:10:27,984 [ManamentPolicyExecutorWorker-4] INFO  au.edu.swin.ict.road.composite.OperationalManagerRole  - Operational Manager : add sync regulation rule @ VC
2018-04-01 19:10:27,985 [ManamentPolicyExecutorWorker-4] INFO  au.edu.swin.ict.road.common.DroolsRules  - Reading KB from VC_SYN.drl
2018-04-01 19:10:27,985 [ManamentPolicyExecutorWorker-4] INFO  org.kie.scanner.embedder.MavenEmbedderUtils  - Not in OSGi: using plexus based maven parser
2018-04-01 19:10:28,100 [ManamentPolicyExecutorWorker-4] INFO  org.drools.compiler.kie.builder.impl.KieRepositoryImpl  - KieModule was added: MemoryKieModule[releaseId=VC_SYN.drl:road-rep:1.0.0]
2018-04-01 19:10:28,104 [ManamentPolicyExecutorWorker-4] INFO  au.edu.swin.ict.road.common.OperationalMgtOpResult  - The sync regulation rule @VChas been added.
2018-04-01 19:10:28,104 [ManamentPolicyExecutorWorker-4] INFO  au.edu.swin.ict.road.composite.OperationalManagerRole  - Operational Manager : add sync regulation rule @ SC
2018-04-01 19:10:28,104 [ManamentPolicyExecutorWorker-4] INFO  au.edu.swin.ict.road.common.DroolsRules  - Reading KB from SC_SYN_Diff.drl
2018-04-01 19:10:28,104 [ManamentPolicyExecutorWorker-4] INFO  org.kie.scanner.embedder.MavenEmbedderUtils  - Not in OSGi: using plexus based maven parser
2018-04-01 19:10:28,183 [ManamentPolicyExecutorWorker-4] INFO  org.drools.compiler.kie.builder.impl.KieRepositoryImpl  - KieModule was added: MemoryKieModule[releaseId=SC_SYN_Diff.drl:road-rep:1.0.0]
2018-04-01 19:10:28,188 [ManamentPolicyExecutorWorker-4] INFO  au.edu.swin.ict.road.common.OperationalMgtOpResult  - The sync regulation rule @SChas been added.
2018-04-01 19:10:28,188 [ManamentPolicyExecutorWorker-4] INFO  au.edu.swin.ict.road.composite.OperationalManagerRole  - Operational Manager : add routing regulation rule @ VC
2018-04-01 19:10:28,189 [ManamentPolicyExecutorWorker-4] INFO  au.edu.swin.ict.road.common.DroolsRules  - Reading KB from VC_Routing.drl
2018-04-01 19:10:28,189 [ManamentPolicyExecutorWorker-4] INFO  org.kie.scanner.embedder.MavenEmbedderUtils  - Not in OSGi: using plexus based maven parser
2018-04-01 19:10:28,270 [ManamentPolicyExecutorWorker-4] INFO  org.drools.compiler.kie.builder.impl.KieRepositoryImpl  - KieModule was added: MemoryKieModule[releaseId=VC_Routing.drl:road-rep:1.0.0]
2018-04-01 19:10:28,272 [ManamentPolicyExecutorWorker-4] INFO  au.edu.swin.ict.road.common.OperationalMgtOpResult  - The routing regulation rule @VChas been added.
2018-04-01 19:10:28,273 [ManamentPolicyExecutorWorker-4] INFO  au.edu.swin.ict.road.composite.OperationalManagerRole  - Operational Manager : update routing rule : analyzeResponse,payGCResponse
2018-04-01 19:10:28,273 [ManamentPolicyExecutorWorker-4] INFO  au.edu.swin.ict.road.common.DroolsRules  - Reading KB from SC_Routing_Diff_Replace.drl
2018-04-01 19:10:28,273 [ManamentPolicyExecutorWorker-4] INFO  org.kie.scanner.embedder.MavenEmbedderUtils  - Not in OSGi: using plexus based maven parser
2018-04-01 19:10:28,338 [ManamentPolicyExecutorWorker-4] INFO  org.drools.compiler.kie.builder.impl.KieRepositoryImpl  - KieModule was added: MemoryKieModule[releaseId=SC_Routing_Diff_Replace.drl:road-rep:1.0.0]
2018-04-01 19:10:28,344 [ManamentPolicyExecutorWorker-4] INFO  au.edu.swin.ict.road.common.OperationalMgtOpResult  - The routing regulation ruleanalyzeResponse,payGCResponsehas been updated.
2018-04-01 19:10:28,344 [ManamentPolicyExecutorWorker-4] INFO  au.edu.swin.ict.road.composite.OperationalManagerRole  - Operational Manager : add routing regulation rule @ SC
2018-04-01 19:10:28,344 [ManamentPolicyExecutorWorker-4] INFO  au.edu.swin.ict.road.common.DroolsRules  - Reading KB from SC_Routing_Diff.drl
2018-04-01 19:10:28,344 [ManamentPolicyExecutorWorker-4] INFO  org.kie.scanner.embedder.MavenEmbedderUtils  - Not in OSGi: using plexus based maven parser
2018-04-01 19:10:28,408 [ManamentPolicyExecutorWorker-4] INFO  org.drools.compiler.kie.builder.impl.KieRepositoryImpl  - KieModule was added: MemoryKieModule[releaseId=SC_Routing_Diff.drl:road-rep:1.0.0]
2018-04-01 19:10:28,412 [ManamentPolicyExecutorWorker-4] INFO  au.edu.swin.ict.road.common.OperationalMgtOpResult  - The routing regulation rule @SChas been added.
2018-04-01 19:10:28,412 [ManamentPolicyExecutorWorker-4] INFO  au.edu.swin.ict.road.composite.OperationalManagerRole  - Operational Manager : add passthrough regulation rule @ SC-VC
2018-04-01 19:10:28,412 [ManamentPolicyExecutorWorker-4] INFO  au.edu.swin.ict.road.common.DroolsRules  - Reading KB from SC-VC.drl
2018-04-01 19:10:28,412 [ManamentPolicyExecutorWorker-4] INFO  org.kie.scanner.embedder.MavenEmbedderUtils  - Not in OSGi: using plexus based maven parser
2018-04-01 19:10:28,534 [ManamentPolicyExecutorWorker-4] INFO  org.drools.compiler.kie.builder.impl.KieRepositoryImpl  - KieModule was added: MemoryKieModule[releaseId=SC-VC.drl:road-rep:1.0.0]
2018-04-01 19:10:28,541 [ManamentPolicyExecutorWorker-4] INFO  au.edu.swin.ict.road.common.OperationalMgtOpResult  - The passthrough regulation rule @SC-VChas been added.
2018-04-01 19:10:28,541 [ManamentPolicyExecutorWorker-4] INFO  au.edu.swin.ict.road.composite.OperationalManagerRole  - Operational Manager : update  global rule : terminateV1
2018-04-01 19:10:28,541 [ManamentPolicyExecutorWorker-4] INFO  au.edu.swin.ict.road.common.DroolsRules  - Reading KB from roadside_global_diff_replace.drl
2018-04-01 19:10:28,541 [ManamentPolicyExecutorWorker-4] INFO  org.kie.scanner.embedder.MavenEmbedderUtils  - Not in OSGi: using plexus based maven parser
2018-04-01 19:10:28,631 [ManamentPolicyExecutorWorker-4] INFO  org.drools.compiler.kie.builder.impl.KieRepositoryImpl  - KieModule was added: MemoryKieModule[releaseId=roadside_global_diff_replace.drl:road-rep:1.0.0]
2018-04-01 19:10:28,636 [ManamentPolicyExecutorWorker-4] INFO  au.edu.swin.ict.road.common.OperationalMgtOpResult  - The global regulation ruleterminateV1has been updated.
2018-04-01 19:10:28,636 [ManamentPolicyExecutorWorker-4] INFO  au.edu.swin.ict.road.composite.OperationalManagerRole  - Operational Manager : add regulation unit : RentingVehicle
2018-04-01 19:10:28,636 [ManamentPolicyExecutorWorker-4] INFO  au.edu.swin.ict.road.common.OperationalMgtOpResult  - The regulation unit RentingVehiclehas been added.
2018-04-01 19:10:28,636 [ManamentPolicyExecutorWorker-4] INFO  au.edu.swin.ict.road.composite.OperationalManagerRole  - Operational Manager : add  sync rules to the regulation unit : RentingVehicle
2018-04-01 19:10:28,637 [ManamentPolicyExecutorWorker-4] INFO  au.edu.swin.ict.road.common.OperationalMgtOpResult  - The sync rules to the regulation unit RentingVehiclehave been added.
2018-04-01 19:10:28,637 [ManamentPolicyExecutorWorker-4] INFO  au.edu.swin.ict.road.composite.OperationalManagerRole  - Operational Manager : add routing rules to the regulation unit : RentingVehicle
2018-04-01 19:10:28,637 [ManamentPolicyExecutorWorker-4] INFO  au.edu.swin.ict.road.common.OperationalMgtOpResult  - The routing rules to the regulation unit RentingVehiclehave been added.
2018-04-01 19:10:28,637 [ManamentPolicyExecutorWorker-4] INFO  au.edu.swin.ict.road.composite.OperationalManagerRole  - Operational Manager : add passthrough rules to the regulation unit : RentingVehicle
2018-04-01 19:10:28,637 [ManamentPolicyExecutorWorker-4] INFO  au.edu.swin.ict.road.common.OperationalMgtOpResult  - The passthrough rules to the regulation unit RentingVehiclehave been added.
2018-04-01 19:10:28,637 [ManamentPolicyExecutorWorker-4] INFO  au.edu.swin.ict.road.composite.OperationalManagerRole  - Operational Manager : add regulation units RentingVehicle to the process : HappyToursP1
2018-04-01 19:10:28,637 [ManamentPolicyExecutorWorker-4] INFO  au.edu.swin.ict.road.composite.Composite  - Deploying regulation policy of the process HappyToursP1 of the VSN : HappyTours as []
2018-04-01 19:10:28,637 [ManamentPolicyExecutorWorker-4] INFO  au.edu.swin.ict.road.composite.Composite  - Deploying regulation policy of the process HappyToursP1 of the VSN : HappyTours as [RentingVehicle]
2018-04-01 19:10:28,637 [ManamentPolicyExecutorWorker-4] INFO  au.edu.swin.ict.road.common.OperationalMgtOpResult  - The regulation units to the process HappyToursP1have been added.
2018-04-01 19:10:28,637 [ManamentPolicyExecutorWorker-4] INFO  au.edu.swin.ict.road.composite.OperationalManagerRole  - Operational Manager : remove regulation unit : RentingVehicle
2018-04-01 19:10:28,637 [ManamentPolicyExecutorWorker-4] INFO  au.edu.swin.ict.road.common.OperationalMgtOpResult  - The regulation unit RentingVehiclehas been removed.
2018-04-01 19:10:28,637 [ManamentPolicyExecutorWorker-4] INFO  au.edu.swin.ict.road.composite.OperationalManagerRole  - Operational Manager : update regulation units RentingVehicle of the process : HappyToursP1 property : state value : active
2018-04-01 19:10:28,637 [ManamentPolicyExecutorWorker-4] INFO  au.edu.swin.ict.road.common.OperationalMgtOpResult  - The regulation unit of the process HappyToursP1have been updated. property : state value : active
2018-04-01 19:10:28,641 [ManamentPolicyExecutorWorker-5] INFO  au.edu.swin.ict.road.composite.OrganiserRole  - Organiser: updateRole, roleId: VC
2018-04-01 19:10:28,641 [ManamentPolicyExecutorWorker-5] INFO  au.edu.swin.ict.road.common.OrganiserMgtOpResult  - Property stateof RoleVC was successfully updated with value active
2018-04-01 19:10:28,642 [ManamentPolicyExecutorWorker-5] INFO  au.edu.swin.ict.road.composite.OrganiserRole  - Organiser: update contract , contractId: SC-VC
2018-04-01 19:10:28,642 [ManamentPolicyExecutorWorker-5] INFO  au.edu.swin.ict.road.common.OrganiserMgtOpResult  - Update property state of BehaviorUnitRentingVehicle is done
2018-04-01 19:10:28,642 [ManamentPolicyExecutorWorker-5] INFO  MGT  - 1522602628642
2018-04-01 19:11:57,280 [Timer-2] INFO  au.swin.ict.research.cs3.road.road4ws.core.deployer.MgtPolicyDeployer  - [ROAD4WS] Deploying management policies from the file : /home/indika/speevol/apache-tomcat-9.0.6_sdsn/webapps/axis2/WEB-INF/road_mgt/ms9mgtremove.xml
2018-04-01 19:11:57,281 [Timer-2] INFO  au.swin.ict.research.cs3.road.road4ws.core.deployer.MgtPolicyDeployer  - Loading VSNs conf from /home/indika/speevol/apache-tomcat-9.0.6_sdsn/webapps/axis2/WEB-INF/road_mgt/ms9mgtremove.xml
2018-04-01 19:11:57,284 [Thread-15] INFO  au.edu.swin.ict.road.composite.OrganiserRole  - Got a management policy to admit 
es9_org_remove.drl
2018-04-01 19:11:57,287 [Thread-15] INFO  au.edu.swin.ict.road.common.DroolsRules  - Reading KB from es9_org_remove.drl
2018-04-01 19:11:57,288 [Thread-15] INFO  org.kie.scanner.embedder.MavenEmbedderUtils  - Not in OSGi: using plexus based maven parser
2018-04-01 19:11:57,288 [Thread-16] INFO  au.edu.swin.ict.road.composite.OperationalManagerRole  - Got a management policyto admit 
es9_opr_remove.drl
2018-04-01 19:11:57,296 [Thread-16] INFO  au.edu.swin.ict.road.common.DroolsRules  - Reading KB from es9_opr_remove.drl
2018-04-01 19:11:57,296 [Thread-16] INFO  org.kie.scanner.embedder.MavenEmbedderUtils  - Not in OSGi: using plexus based maven parser
2018-04-01 19:11:57,866 [Thread-15] INFO  org.drools.compiler.kie.builder.impl.KieRepositoryImpl  - KieModule was added: MemoryKieModule[releaseId=es9_org_remove.drl:road-rep:1.0.0]
2018-04-01 19:11:57,882 [Thread-16] INFO  org.drools.compiler.kie.builder.impl.KieRepositoryImpl  - KieModule was added: MemoryKieModule[releaseId=es9_opr_remove.drl:road-rep:1.0.0]
2018-04-01 19:11:57,886 [Thread-15] INFO  au.edu.swin.ict.road.common.OrganiserMgtOpResult  - Management policy applied in .599048958nanoseconds
2018-04-01 19:11:57,886 [Thread-16] INFO  au.edu.swin.ict.road.common.OrganiserMgtOpResult  - Management policy applied in .590146534nanoseconds
2018-04-01 19:11:57,913 [ManamentPolicyExecutorWorker-8] INFO  MGT  - 1522602717913
2018-04-01 19:11:57,913 [ManamentPolicyExecutorWorker-8] INFO  au.edu.swin.ict.road.composite.OperationalManagerRole  - Operational Manager : update regulation units RentingVehicle of the process : HappyToursP1 property : state value : passive
2018-04-01 19:11:57,933 [ManamentPolicyExecutorWorker-8] INFO  au.edu.swin.ict.road.common.OperationalMgtOpResult  - The regulation unit of the process HappyToursP1have been updated. property : state value : passive
2018-04-01 19:11:57,945 [ManamentPolicyExecutorWorker-8] INFO  au.edu.swin.ict.road.composite.OperationalManagerRole  - Operational Manager : remove regulation unit : RentingVehicle
2018-04-01 19:11:57,945 [ManamentPolicyExecutorWorker-8] INFO  au.edu.swin.ict.road.common.OperationalMgtOpResult  - The regulation unit RentingVehiclehas been removed.
2018-04-01 19:11:57,945 [ManamentPolicyExecutorWorker-8] INFO  au.edu.swin.ict.road.composite.OperationalManagerRole  - Operational Manager : remove regulation units RentingVehicle from the process : HappyToursP1
2018-04-01 19:11:57,945 [ManamentPolicyExecutorWorker-8] INFO  au.edu.swin.ict.road.common.OperationalMgtOpResult  - The regulation units from the process HappyToursP1have been removed.
2018-04-01 19:11:57,945 [ManamentPolicyExecutorWorker-8] INFO  au.edu.swin.ict.road.composite.OperationalManagerRole  - Operational Manager : remove  sync rules from the regulation unit : RentingVehicle
2018-04-01 19:11:57,945 [ManamentPolicyExecutorWorker-8] INFO  au.edu.swin.ict.road.common.OperationalMgtOpResult  - The sync rules to the regulation unit RentingVehiclehave been added.
2018-04-01 19:11:57,945 [ManamentPolicyExecutorWorker-8] INFO  au.edu.swin.ict.road.composite.OperationalManagerRole  - Operational Manager : remove routing rules from the regulation unit : RentingVehicle
2018-04-01 19:11:57,945 [ManamentPolicyExecutorWorker-8] INFO  au.edu.swin.ict.road.common.OperationalMgtOpResult  - The routing rules to the regulation unit RentingVehiclehave been added.
2018-04-01 19:11:57,945 [ManamentPolicyExecutorWorker-8] INFO  au.edu.swin.ict.road.composite.OperationalManagerRole  - Operational Manager : remove passthrough rules from the regulation unit : RentingVehicle
2018-04-01 19:11:57,945 [ManamentPolicyExecutorWorker-8] INFO  au.edu.swin.ict.road.common.OperationalMgtOpResult  - The passthrough rules to the regulation unit RentingVehiclehave been added.
2018-04-01 19:11:57,945 [ManamentPolicyExecutorWorker-8] INFO  au.edu.swin.ict.road.composite.OperationalManagerRole  - Operational Manager : remove regulation unit : RentingVehicle
2018-04-01 19:11:57,945 [ManamentPolicyExecutorWorker-8] INFO  au.edu.swin.ict.road.common.OperationalMgtOpResult  - The regulation unit RentingVehiclehas been removed.
2018-04-01 19:11:57,945 [ManamentPolicyExecutorWorker-8] INFO  au.edu.swin.ict.road.composite.OperationalManagerRole  - Operational Manager : remove sync regulation rule : rentVehicle,endVehicleRent
2018-04-01 19:11:57,970 [ManamentPolicyExecutorWorker-8] INFO  au.edu.swin.ict.road.common.OperationalMgtOpResult  - The sync regulation rulerentVehicle,endVehicleRenthas been removed.
2018-04-01 19:11:57,970 [ManamentPolicyExecutorWorker-8] INFO  au.edu.swin.ict.road.composite.OperationalManagerRole  - Operational Manager : remove sync regulation rule : payVC
2018-04-01 19:11:57,970 [ManamentPolicyExecutorWorker-8] INFO  au.edu.swin.ict.road.common.OperationalMgtOpResult  - The sync regulation rulepayVChas been removed.
2018-04-01 19:11:57,970 [ManamentPolicyExecutorWorker-8] INFO  au.edu.swin.ict.road.composite.OperationalManagerRole  - Operational Manager : remove routing regulation rule : rentVehicleResponse,endVehicleRentResponse
2018-04-01 19:11:57,971 [ManamentPolicyExecutorWorker-8] INFO  au.edu.swin.ict.road.common.OperationalMgtOpResult  - The routing regulation rulerentVehicleResponse,endVehicleRentResponsehas been removed.
2018-04-01 19:11:57,971 [ManamentPolicyExecutorWorker-8] INFO  au.edu.swin.ict.road.composite.OperationalManagerRole  - Operational Manager : update routing rule : analyzeResponse,payGCResponse
2018-04-01 19:11:57,971 [ManamentPolicyExecutorWorker-8] INFO  au.edu.swin.ict.road.common.DroolsRules  - Reading KB from SC_Routing_Diff_Replace_V2.drl
2018-04-01 19:11:57,972 [ManamentPolicyExecutorWorker-8] INFO  org.kie.scanner.embedder.MavenEmbedderUtils  - Not in OSGi: using plexus based maven parser
2018-04-01 19:11:58,102 [ManamentPolicyExecutorWorker-8] INFO  org.drools.compiler.kie.builder.impl.KieRepositoryImpl  - KieModule was added: MemoryKieModule[releaseId=SC_Routing_Diff_Replace_V2.drl:road-rep:1.0.0]
2018-04-01 19:11:58,110 [ManamentPolicyExecutorWorker-8] INFO  au.edu.swin.ict.road.common.OperationalMgtOpResult  - The routing regulation ruleanalyzeResponse,payGCResponsehas been updated.
2018-04-01 19:11:58,110 [ManamentPolicyExecutorWorker-8] INFO  au.edu.swin.ict.road.composite.OperationalManagerRole  - Operational Manager : remove routing regulation rule : payVCResponse
2018-04-01 19:11:58,110 [ManamentPolicyExecutorWorker-8] INFO  au.edu.swin.ict.road.common.OperationalMgtOpResult  - The routing regulation rulepayVCResponsehas been removed.
2018-04-01 19:11:58,110 [ManamentPolicyExecutorWorker-8] INFO  au.edu.swin.ict.road.composite.OperationalManagerRole  - Operational Manager : remove passthrough regulation rule : rentVehicle,rentVehicleResponse,endVehicleRent,endVehicleRentResponse,payVehicleRent,payVehicleRentResponse
2018-04-01 19:11:58,112 [ManamentPolicyExecutorWorker-8] INFO  au.edu.swin.ict.road.common.OperationalMgtOpResult  - The passthrough regulation rulerentVehicle,rentVehicleResponse,endVehicleRent,endVehicleRentResponse,payVehicleRent,payVehicleRentResponsehas been removed.
2018-04-01 19:11:58,112 [ManamentPolicyExecutorWorker-8] INFO  au.edu.swin.ict.road.composite.OperationalManagerRole  - Operational Manager : update  global rule : terminateV1
2018-04-01 19:11:58,112 [ManamentPolicyExecutorWorker-8] INFO  au.edu.swin.ict.road.common.DroolsRules  - Reading KB from roadside_global_diff_replace_V2.drl
2018-04-01 19:11:58,112 [ManamentPolicyExecutorWorker-8] INFO  org.kie.scanner.embedder.MavenEmbedderUtils  - Not in OSGi: using plexus based maven parser
2018-04-01 19:11:58,199 [ManamentPolicyExecutorWorker-8] INFO  org.drools.compiler.kie.builder.impl.KieRepositoryImpl  - KieModule was added: MemoryKieModule[releaseId=roadside_global_diff_replace_V2.drl:road-rep:1.0.0]
2018-04-01 19:11:58,203 [ManamentPolicyExecutorWorker-8] INFO  au.edu.swin.ict.road.common.OperationalMgtOpResult  - The global regulation ruleterminateV1has been updated.
2018-04-01 19:11:58,208 [ManamentPolicyExecutorWorker-16] INFO  au.edu.swin.ict.road.composite.OrganiserRole  - Organiser: updateRole, roleId: VC
2018-04-01 19:11:58,209 [ManamentPolicyExecutorWorker-16] INFO  au.edu.swin.ict.road.common.OrganiserMgtOpResult  - Property stateof RoleVC was successfully updated with value passive
2018-04-01 19:11:58,210 [ManamentPolicyExecutorWorker-16] INFO  au.edu.swin.ict.road.composite.OrganiserRole  - Organiser: update contract , contractId: SC-VC
2018-04-01 19:11:58,210 [ManamentPolicyExecutorWorker-16] INFO  au.edu.swin.ict.road.common.OrganiserMgtOpResult  - Update property state of BehaviorUnitRentingVehicle is done
2018-04-01 19:11:58,210 [ManamentPolicyExecutorWorker-16] INFO  au.edu.swin.ict.road.composite.OrganiserRole  - Organiser: remove a behavior unit RentingVehicle from the configuration design of the process : HappyToursP1
2018-04-01 19:11:58,210 [ManamentPolicyExecutorWorker-16] INFO  au.edu.swin.ict.road.common.OrganiserMgtOpResult  - Configuration design for the process  HappyToursP1 hss been updated by removing the behavior unit : RentingVehicle
2018-04-01 19:11:58,210 [ManamentPolicyExecutorWorker-16] INFO  au.edu.swin.ict.road.common.OrganiserMgtOpResult  -  Task removed from VC.RentVehicle behavior RentingVehicle
2018-04-01 19:11:58,210 [ManamentPolicyExecutorWorker-16] INFO  au.edu.swin.ict.road.common.OrganiserMgtOpResult  -  Task removed from VC.EndVehicleRent behavior RentingVehicle
2018-04-01 19:11:58,210 [ManamentPolicyExecutorWorker-16] INFO  au.edu.swin.ict.road.common.OrganiserMgtOpResult  -  Task removed from SC.PayVC behavior RentingVehicle
2018-04-01 19:11:58,210 [ManamentPolicyExecutorWorker-16] INFO  au.edu.swin.ict.road.common.OrganiserMgtOpResult  -  Behavior removed RentingVehicle
2018-04-01 19:11:58,210 [ManamentPolicyExecutorWorker-16] INFO  au.edu.swin.ict.road.composite.OrganiserRole  - Organiser: removeTerm, termId: rentVehicle
2018-04-01 19:11:58,210 [ManamentPolicyExecutorWorker-16] INFO  au.swin.ict.research.cs3.road.road4ws.core.deployer.ROADDeployer  - Service removed from Axis2
2018-04-01 19:11:58,211 [ManamentPolicyExecutorWorker-16] INFO  au.swin.ict.research.cs3.road.road4ws.core.deployer.ROADDeployer  - Service removed from Axis2
2018-04-01 19:11:58,211 [ManamentPolicyExecutorWorker-16] INFO  au.edu.swin.ict.road.composite.Composite  - The term with the id 'rentVehicle' has been removed from the contract with the id 'SC-VC'.
2018-04-01 19:11:58,212 [ManamentPolicyExecutorWorker-16] INFO  au.edu.swin.ict.road.common.OrganiserMgtOpResult  - Term rentVehicle was successfully removed
2018-04-01 19:11:58,212 [ManamentPolicyExecutorWorker-16] INFO  au.edu.swin.ict.road.composite.OrganiserRole  - Organiser: removeTerm, termId: endVehicleRent
2018-04-01 19:11:58,212 [ManamentPolicyExecutorWorker-16] INFO  au.swin.ict.research.cs3.road.road4ws.core.deployer.ROADDeployer  - Service removed from Axis2
2018-04-01 19:11:58,212 [ManamentPolicyExecutorWorker-16] INFO  au.swin.ict.research.cs3.road.road4ws.core.deployer.ROADDeployer  - Service removed from Axis2
2018-04-01 19:11:58,212 [ManamentPolicyExecutorWorker-16] INFO  au.edu.swin.ict.road.composite.Composite  - The term with the id 'endVehicleRent' has been removed from the contract with the id 'SC-VC'.
2018-04-01 19:11:58,213 [ManamentPolicyExecutorWorker-16] INFO  au.edu.swin.ict.road.common.OrganiserMgtOpResult  - Term endVehicleRent was successfully removed
2018-04-01 19:11:58,213 [ManamentPolicyExecutorWorker-16] INFO  au.edu.swin.ict.road.composite.OrganiserRole  - Organiser: removeTerm, termId: payVehicleRent
2018-04-01 19:11:58,213 [ManamentPolicyExecutorWorker-16] INFO  au.swin.ict.research.cs3.road.road4ws.core.deployer.ROADDeployer  - Service removed from Axis2
2018-04-01 19:11:58,213 [ManamentPolicyExecutorWorker-16] INFO  au.swin.ict.research.cs3.road.road4ws.core.deployer.ROADDeployer  - Service removed from Axis2
2018-04-01 19:11:58,213 [ManamentPolicyExecutorWorker-16] INFO  au.edu.swin.ict.road.composite.Composite  - The term with the id 'payVehicleRent' has been removed from the contract with the id 'SC-VC'.
2018-04-01 19:11:58,213 [ManamentPolicyExecutorWorker-16] INFO  au.edu.swin.ict.road.common.OrganiserMgtOpResult  - Term payVehicleRent was successfully removed
2018-04-01 19:11:58,214 [ManamentPolicyExecutorWorker-16] INFO  au.edu.swin.ict.road.composite.OrganiserRole  - Organiser: removeContract, contractId: SC-VC
2018-04-01 19:11:58,214 [ManamentPolicyExecutorWorker-16] INFO  au.swin.ict.research.cs3.road.road4ws.core.deployer.ROADDeployer  - Service removed from Axis2
2018-04-01 19:11:58,214 [ManamentPolicyExecutorWorker-16] INFO  au.swin.ict.research.cs3.road.road4ws.core.deployer.ROADDeployer  - Service removed from Axis2
2018-04-01 19:11:58,214 [ManamentPolicyExecutorWorker-16] INFO  au.edu.swin.ict.road.composite.Composite  - Contract with the id 'SC-VC' has been removed from the composite
2018-04-01 19:11:58,214 [ManamentPolicyExecutorWorker-16] INFO  au.edu.swin.ict.road.composite.Composite  - Contract with the id 'SC-VC' was not removed as it could not be found
2018-04-01 19:11:58,214 [ManamentPolicyExecutorWorker-16] INFO  au.edu.swin.ict.road.common.OrganiserMgtOpResult  - Contract with the id 'SC-VC' has been removed from thcomposite
2018-04-01 19:11:58,214 [ManamentPolicyExecutorWorker-16] INFO  au.edu.swin.ict.road.common.OrganiserMgtOpResult  -  Task removed from RentVehicle role VC
2018-04-01 19:11:58,215 [ManamentPolicyExecutorWorker-16] INFO  au.edu.swin.ict.road.common.OrganiserMgtOpResult  -  Task removed from EndVehicleRent role VC
2018-04-01 19:11:58,215 [ManamentPolicyExecutorWorker-16] INFO  au.edu.swin.ict.road.composite.OrganiserRole  - Organiser: remove, roleId: VC
2018-04-01 19:11:58,215 [ManamentPolicyExecutorWorker-16] INFO  au.edu.swin.ict.road.composite.Composite  - Role with id 'VC' has been removed from this composite.
2018-04-01 19:11:58,215 [ManamentPolicyExecutorWorker-16] INFO  au.swin.ict.research.cs3.road.road4ws.core.deployer.ROADDeployer  - Service removed from Axis2
2018-04-01 19:11:58,215 [ManamentPolicyExecutorWorker-16] INFO  au.edu.swin.ict.road.common.OrganiserMgtOpResult  - RoleVC has been sucessfully removed
2018-04-01 19:11:58,215 [ManamentPolicyExecutorWorker-16] INFO  au.edu.swin.ict.road.common.OrganiserMgtOpResult  -  Task removed from PayVC role SC
2018-04-01 19:11:58,215 [ManamentPolicyExecutorWorker-16] INFO  au.edu.swin.ict.road.common.OrganiserMgtOpResult  - Updated the task : PayGC of the role :SC
2018-04-01 19:11:58,215 [ManamentPolicyExecutorWorker-16] INFO  au.edu.swin.ict.road.common.OrganiserMgtOpResult  - Updated the task : Analyze of the role :SC
2018-04-01 19:11:58,215 [ManamentPolicyExecutorWorker-16] INFO  au.edu.swin.ict.road.common.OrganiserMgtOpResult  -  Task updated from SC.Analyze behavior CaseHandling
2018-04-01 19:11:58,215 [ManamentPolicyExecutorWorker-16] INFO  au.edu.swin.ict.road.common.OrganiserMgtOpResult  -  Task updated from SC.PayGC behavior RepairingByMacRepair
2018-04-01 19:11:58,215 [ManamentPolicyExecutorWorker-16] INFO  MGT  - 1522602718215
